#
# A fatal error has been detected by the Java Runtime Environment:
#
#  EXCEPTION_IN_PAGE_ERROR (0xc0000006) at pc=0x6180c0d7, pid=5944, tid=5168
#
# JRE version: 7.0-b147
# Java VM: Java HotSpot(TM) Client VM (21.0-b17 mixed mode, sharing windows-x86 )
# Problematic frame:
# V  [jvm.dll+0x1c0d7]
#
# Failed to write core dump. Minidumps are not enabled by default on client versions of Windows
#
# If you would like to submit a bug report, please visit:
#   http://bugreport.sun.com/bugreport/crash.jsp
#

---------------  T H R E A D  ---------------

Current thread (0x0463fc00):  JavaThread "http-8080-2" daemon [_thread_in_vm, id=5168, stack(0x050f0000,0x05140000)]

siginfo: ExceptionCode=0xc0000006

Error accessing class data sharing archive. Mapped file inaccessible during execution,  possible disk/network problem.

Registers:
EAX=0x398c4f90, EBX=0x0463fc00, ECX=0x046a5f18, EDX=0x4cd67e21
ESP=0x0513de74, EBP=0x0513de78, ESI=0x38d328c0, EDI=0x00bf38d8
EIP=0x6180c0d7, EFLAGS=0x00010246

Top of Stack: (sp=0x0513de74)
0x0513de74:   046a5f18 0513de98 6181a30e 00000307
0x0513de84:   4cd67e21 046a5f18 0463fc00 0463fc00
0x0513de94:   046a5f18 0513df2c 6181a3bd 0513df24
0x0513dea4:   046a5f18 00000000 0463fc00 4cd67e21
0x0513deb4:   0463fc00 046a5f18 0000000c 0000000c
0x0513dec4:   00c00540 046a5f18 0513dee0 619191e8
0x0513ded4:   0000000c 0000000c 00c00540 0513def4
0x0513dee4:   6184acbe 0000000c 4cd67e21 00c00540 

Instructions: (pc=0x6180c0d7)
0x6180c0b7:   4d 08 8d 04 88 8b 00 56 85 c0 74 27 8b 4d 10 8b
0x6180c0c7:   55 0c 8d a4 24 00 00 00 00 39 10 75 0e 8b 70 08
0x6180c0d7:   39 4e 14 75 06 83 78 10 00 74 0f 8b 40 04 83 e0
0x6180c0e7:   fe 75 e6 33 c0 5e 5d c2 0c 00 8b c6 5e 5d c2 0c 


Register to memory mapping:

EAX=0x398c4f90 is an unknown value
EBX=0x0463fc00 is a thread
ECX=0x046a5f18 is an unknown value
EDX=0x4cd67e21 is an unknown value
ESP=0x0513de74 is pointing into the stack for thread: 0x0463fc00
EBP=0x0513de78 is pointing into the stack for thread: 0x0463fc00
ESI=
[error occurred during error reporting (printing register info), id 0xc0000006]

Stack: [0x050f0000,0x05140000],  sp=0x0513de74,  free space=311k
Native frames: (J=compiled Java code, j=interpreted, Vv=VM code, C=native code)
V  [jvm.dll+0x1c0d7]
V  [jvm.dll+0x2a30e]
V  [jvm.dll+0x2a3bd]
V  [jvm.dll+0x2b818]
V  [jvm.dll+0x2bedb]
V  [jvm.dll+0x2bf06]
V  [jvm.dll+0xd31d6]
C  [java.dll+0x184f]  Java_java_lang_ClassLoader_findBootstrapClass+0x68
j  java.lang.ClassLoader.findBootstrapClass(Ljava/lang/String;)Ljava/lang/Class;+0
J  java.lang.ClassLoader.loadClass(Ljava/lang/String;Z)Ljava/lang/Class;
J  java.lang.ClassLoader.loadClass(Ljava/lang/String;Z)Ljava/lang/Class;
V  [jvm.dll+0x122c7e]
V  [jvm.dll+0x1c9c0e]
V  [jvm.dll+0x122e73]
V  [jvm.dll+0x122f4f]
V  [jvm.dll+0x2a6b5]
V  [jvm.dll+0x2b818]
V  [jvm.dll+0x2bedb]
V  [jvm.dll+0x2bf2a]
V  [jvm.dll+0xc9175]
V  [jvm.dll+0xcb92b]
C  [verify.dll+0x15cd]
C  [verify.dll+0x1d53]
C  [verify.dll+0x2c67]
C  0x0513e8d0

Java frames: (J=compiled Java code, j=interpreted, Vv=VM code)
j  java.lang.ClassLoader.findBootstrapClass(Ljava/lang/String;)Ljava/lang/Class;+0
J  java.lang.ClassLoader.loadClass(Ljava/lang/String;Z)Ljava/lang/Class;
J  java.lang.ClassLoader.loadClass(Ljava/lang/String;Z)Ljava/lang/Class;
j  sun.misc.Launcher$AppClassLoader.loadClass(Ljava/lang/String;Z)Ljava/lang/Class;+36
J  java.lang.ClassLoader.loadClass(Ljava/lang/String;Z)Ljava/lang/Class;
J  java.lang.ClassLoader.loadClass(Ljava/lang/String;)Ljava/lang/Class;
v  ~StubRoutines::call_stub
j  org.apache.jasper.compiler.Compiler.compile(ZZ)V+8
j  org.apache.jasper.compiler.Compiler.compile(Z)V+3
j  org.apache.jasper.compiler.Compiler.compile()V+2
j  org.apache.jasper.JspCompilationContext.compile()V+50
j  org.apache.jasper.servlet.JspServletWrapper.service(Ljavax/servlet/http/HttpServletRequest;Ljavax/servlet/http/HttpServletResponse;Z)V+118
j  org.apache.jasper.servlet.JspServlet.serviceJspFile(Ljavax/servlet/http/HttpServletRequest;Ljavax/servlet/http/HttpServletResponse;Ljava/lang/String;Ljava/lang/Throwable;Z)V+126
j  org.apache.jasper.servlet.JspServlet.service(Ljavax/servlet/http/HttpServletRequest;Ljavax/servlet/http/HttpServletResponse;)V+347
j  javax.servlet.http.HttpServlet.service(Ljavax/servlet/ServletRequest;Ljavax/servlet/ServletResponse;)V+30
j  org.apache.catalina.core.ApplicationFilterChain.internalDoFilter(Ljavax/servlet/ServletRequest;Ljavax/servlet/ServletResponse;)V+376
j  org.apache.catalina.core.ApplicationFilterChain.doFilter(Ljavax/servlet/ServletRequest;Ljavax/servlet/ServletResponse;)V+101
j  org.apache.catalina.core.StandardWrapperValve.invoke(Lorg/apache/catalina/connector/Request;Lorg/apache/catalina/connector/Response;)V+804
j  org.apache.catalina.core.StandardContextValve.invoke(Lorg/apache/catalina/connector/Request;Lorg/apache/catalina/connector/Response;)V+365
j  org.apache.catalina.core.StandardHostValve.invoke(Lorg/apache/catalina/connector/Request;Lorg/apache/catalina/connector/Response;)V+64
j  org.apache.catalina.valves.ErrorReportValve.invoke(Lorg/apache/catalina/connector/Request;Lorg/apache/catalina/connector/Response;)V+6
j  org.apache.catalina.core.StandardEngineValve.invoke(Lorg/apache/catalina/connector/Request;Lorg/apache/catalina/connector/Response;)V+42
j  org.apache.catalina.connector.CoyoteAdapter.service(Lorg/apache/coyote/Request;Lorg/apache/coyote/Response;)V+158
j  org.apache.coyote.http11.Http11Processor.process(Ljava/net/Socket;)V+468
j  org.apache.coyote.http11.Http11Protocol$Http11ConnectionHandler.process(Ljava/net/Socket;)Z+82
j  org.apache.tomcat.util.net.JIoEndpoint$Worker.run()V+41
j  java.lang.Thread.run()V+11
v  ~StubRoutines::call_stub

---------------  P R O C E S S  ---------------

Java Threads: ( => current thread )
=>0x0463fc00 JavaThread "http-8080-2" daemon [_thread_in_vm, id=5168, stack(0x050f0000,0x05140000)]
  0x04649400 JavaThread "http-8080-1" daemon [_thread_in_native, id=5492, stack(0x04f60000,0x04fb0000)]
  0x04653c00 JavaThread "TP-Monitor" daemon [_thread_blocked, id=2828, stack(0x04bd0000,0x04c20000)]
  0x04658800 JavaThread "TP-Processor4" daemon [_thread_in_native, id=5792, stack(0x04c50000,0x04ca0000)]
  0x04653400 JavaThread "TP-Processor3" daemon [_thread_blocked, id=4140, stack(0x03d00000,0x03d50000)]
  0x04652800 JavaThread "TP-Processor2" daemon [_thread_blocked, id=4092, stack(0x04950000,0x049a0000)]
  0x04652000 JavaThread "TP-Processor1" daemon [_thread_blocked, id=5324, stack(0x04b30000,0x04b80000)]
  0x0462e400 JavaThread "http-8080-Acceptor-0" daemon [_thread_in_native, id=5896, stack(0x04aa0000,0x04af0000)]
  0x0462d800 JavaThread "ContainerBackgroundProcessor[StandardEngine[Catalina]]" daemon [_thread_blocked, id=1940, stack(0x049d0000,0x04a20000)]
  0x0457ec00 JavaThread "GC Daemon" daemon [_thread_blocked, id=3216, stack(0x04410000,0x04460000)]
  0x00ca8000 JavaThread "Service Thread" daemon [_thread_blocked, id=2948, stack(0x03bc0000,0x03c10000)]
  0x00ca3800 JavaThread "C1 CompilerThread0" daemon [_thread_blocked, id=4536, stack(0x01a70000,0x01ac0000)]
  0x00ca2c00 JavaThread "Attach Listener" daemon [_thread_blocked, id=4464, stack(0x03e00000,0x03e50000)]
  0x00c98000 JavaThread "Signal Dispatcher" daemon [_thread_blocked, id=4440, stack(0x03c60000,0x03cb0000)]
  0x00c8e800 JavaThread "Finalizer" daemon [_thread_blocked, id=6140, stack(0x01b40000,0x01b90000)]
  0x00c8c800 JavaThread "Reference Handler" daemon [_thread_blocked, id=3652, stack(0x03cb0000,0x03d00000)]
  0x01bbbc00 JavaThread "main" [_thread_in_native, id=3588, stack(0x00770000,0x007c0000)]

Other Threads:
  0x00c89000 VMThread [stack: 0x01ad0000,0x01b20000] [id=480]
  0x00cb2c00 WatcherThread [stack: 0x03db0000,0x03e00000] [id=4512]

VM state:not at safepoint (normal execution)

VM Mutex/Monitor currently owned by a thread: None

Heap
 def new generation   total 4992K, used 4807K [0x24070000, 0x245d0000, 0x295c0000)
  eden space 4480K,  95% used [0x24070000, 0x244a1c28, 0x244d0000)
  from space 512K, 100% used [0x244d0000, 0x24550000, 0x24550000)
  to   space 512K,   0% used [0x24550000, 0x24550000, 0x245d0000)
 tenured generation   total 10944K, used 5658K [0x295c0000, 0x2a070000, 0x34070000)
   the space 10944K,  51% used [0x295c0000, 0x29b46a90, 0x29b46c00, 0x2a070000)
 compacting perm gen  total 12288K, used 5247K [0x34070000, 0x34c70000, 0x38070000)
   the space 12288K,  42% used [0x34070000, 0x3458ffd0, 0x34590000, 0x34c70000)
    ro space 10240K,  42% used [0x38070000, 0x384ac660, 0x384ac800, 0x38a70000)
    rw space 12288K,  53% used [0x38a70000, 0x390e8180, 0x390e8200, 0x39670000)

Code Cache  [0x01bc0000, 0x01d40000, 0x03bc0000)
 total_blobs=738 nmethods=572 adapters=98 free_code_cache=31259Kb largest_free_block=31986688

Dynamic libraries:
0x00d90000 - 0x00dbe000 	J:\Foundation Studies & Learner Support\old course files\SFL CG 3792 11-12 - Current File\Resources\tomcat stuff\jre7\bin\java.exe
0x77a20000 - 0x77b5c000 	C:\Windows\SYSTEM32\ntdll.dll
0x76c40000 - 0x76d14000 	C:\Windows\system32\kernel32.dll
0x75c40000 - 0x75c8a000 	C:\Windows\system32\KERNELBASE.dll
0x10000000 - 0x10063000 	C:\Windows\SYSTEM32\SYSFER.DLL
0x76370000 - 0x76410000 	C:\Windows\system32\ADVAPI32.dll
0x76a40000 - 0x76aec000 	C:\Windows\system32\msvcrt.dll
0x76970000 - 0x76989000 	C:\Windows\SYSTEM32\sechost.dll
0x77970000 - 0x77a11000 	C:\Windows\system32\RPCRT4.dll
0x75fa0000 - 0x76069000 	C:\Windows\system32\USER32.dll
0x76af0000 - 0x76b3e000 	C:\Windows\system32\GDI32.dll
0x77ba0000 - 0x77baa000 	C:\Windows\system32\LPK.dll
0x76b40000 - 0x76bdd000 	C:\Windows\system32\USP10.dll
0x72e90000 - 0x7302e000 	C:\Windows\WinSxS\x86_microsoft.windows.common-controls_6595b64144ccf1df_6.0.7601.17514_none_41e6975e2bd6f2b2\COMCTL32.dll
0x76be0000 - 0x76c37000 	C:\Windows\system32\SHLWAPI.dll
0x77bb0000 - 0x77bcf000 	C:\Windows\system32\IMM32.DLL
0x75ed0000 - 0x75f9c000 	C:\Windows\system32\MSCTF.dll
0x67080000 - 0x6713e000 	J:\Foundation Studies & Learner Support\old course files\SFL CG 3792 11-12 - Current File\Resources\tomcat stuff\jre7\bin\msvcr100.dll
0x617f0000 - 0x61b11000 	J:\Foundation Studies & Learner Support\old course files\SFL CG 3792 11-12 - Current File\Resources\tomcat stuff\jre7\bin\client\jvm.dll
0x72090000 - 0x72097000 	C:\Windows\system32\WSOCK32.dll
0x76820000 - 0x76855000 	C:\Windows\system32\WS2_32.dll
0x77b60000 - 0x77b66000 	C:\Windows\system32\NSI.dll
0x724e0000 - 0x72512000 	C:\Windows\system32\WINMM.dll
0x764a0000 - 0x764a5000 	C:\Windows\system32\PSAPI.DLL
0x6c020000 - 0x6c02c000 	J:\Foundation Studies & Learner Support\old course files\SFL CG 3792 11-12 - Current File\Resources\tomcat stuff\jre7\bin\verify.dll
0x6b6c0000 - 0x6b6e0000 	J:\Foundation Studies & Learner Support\old course files\SFL CG 3792 11-12 - Current File\Resources\tomcat stuff\jre7\bin\java.dll
0x6a1b0000 - 0x6a1c3000 	J:\Foundation Studies & Learner Support\old course files\SFL CG 3792 11-12 - Current File\Resources\tomcat stuff\jre7\bin\zip.dll
0x6a190000 - 0x6a1a4000 	J:\Foundation Studies & Learner Support\old course files\SFL CG 3792 11-12 - Current File\Resources\tomcat stuff\jre7\bin\net.dll
0x75620000 - 0x7565c000 	C:\Windows\system32\mswsock.dll
0x75610000 - 0x75616000 	C:\Windows\System32\wship6.dll
0x6bc80000 - 0x6bc8f000 	J:\Foundation Studies & Learner Support\old course files\SFL CG 3792 11-12 - Current File\Resources\tomcat stuff\jre7\bin\nio.dll
0x6b5b0000 - 0x6b5ba000 	J:\Foundation Studies & Learner Support\old course files\SFL CG 3792 11-12 - Current File\Resources\tomcat stuff\jre7\bin\management.dll
0x73380000 - 0x73385000 	C:\Windows\System32\wshtcpip.dll
0x754c0000 - 0x75504000 	C:\Windows\system32\DNSAPI.dll
0x70690000 - 0x706b7000 	C:\Program Files\Common Files\Microsoft Shared\Windows Live\WLIDNSP.DLL
0x720b0000 - 0x720cc000 	C:\Windows\system32\IPHLPAPI.DLL
0x720a0000 - 0x720a7000 	C:\Windows\system32\WINNSI.DLL
0x70680000 - 0x70686000 	C:\Windows\system32\rasadhlp.dll
0x71ce0000 - 0x71d18000 	C:\Windows\System32\fwpuclnt.dll

VM Arguments:
jvm_args: -Djava.util.logging.config.file=J:\Foundation Studies & Learner Support\old course files\SFL CG 3792 11-12 - Current File\Resources\tomcat stuff\apache-tomcat-6.0.28\conf\logging.properties -Djava.util.logging.manager=org.apache.juli.ClassLoaderLogManager -Djava.endorsed.dirs=J:\Foundation Studies & Learner Support\old course files\SFL CG 3792 11-12 - Current File\Resources\tomcat stuff\apache-tomcat-6.0.28\endorsed -Dcatalina.base=J:\Foundation Studies & Learner Support\old course files\SFL CG 3792 11-12 - Current File\Resources\tomcat stuff\apache-tomcat-6.0.28 -Dcatalina.home=J:\Foundation Studies & Learner Support\old course files\SFL CG 3792 11-12 - Current File\Resources\tomcat stuff\apache-tomcat-6.0.28 -Djava.io.tmpdir=J:\Foundation Studies & Learner Support\old course files\SFL CG 3792 11-12 - Current File\Resources\tomcat stuff\apache-tomcat-6.0.28\temp 
java_command: org.apache.catalina.startup.Bootstrap start
Launcher Type: SUN_STANDARD

Environment Variables:
JAVA_HOME=C:\Program Files\Java\jdk1.7.0\
JRE_HOME=\Foundation Studies & Learner Support\old course files\SFL CG 3792 11-12 - Current File\Resources\tomcat stuff\jre7
CLASSPATH=J:\Foundation Studies & Learner Support\old course files\SFL CG 3792 11-12 - Current File\Resources\tomcat stuff\apache-tomcat-6.0.28\bin\bootstrap.jar
PATH=C:\Program Files\Java\jdk1.7.0\bin;C:\Program Files\Java\jdk1.7.0\bin
USERNAME=107312
OS=Windows_NT
PROCESSOR_IDENTIFIER=x86 Family 6 Model 15 Stepping 13, GenuineIntel



---------------  S Y S T E M  ---------------

OS: Windows 7 Build 7601 Service Pack 1

CPU:total 2 (2 cores per cpu, 1 threads per core) family 6 model 15 stepping 13, cmov, cx8, fxsr, mmx, sse, sse2, sse3, ssse3

Memory: 4k page, physical 2052724k(1011492k free), swap 4105448k(2779464k free)

vm_info: Java HotSpot(TM) Client VM (21.0-b17) for windows-x86 JRE (1.7.0-b147), built on Jun 27 2011 02:25:52 by "java_re" with unknown MS VC++:1600

time: Thu Jun 06 14:01:57 2013
elapsed time: 85 seconds

