Jul 13, 2012 2:07:22 PM org.apache.catalina.core.AprLifecycleListener init
INFO: The APR based Apache Tomcat Native library which allows optimal performance in production environments was not found on the java.library.path: C:\Program Files\Java\jdk1.7.0\bin;C:\Windows\Sun\Java\bin;C:\Windows\system32;C:\Windows;C:\Program Files\Java\jdk1.7.0;C:\Program Files\Java\jdk1.7.0\bin;C:\Program Files\OpenOffice.org 3\Basis\program\officebean.jar;C:\Program Files\Java\jdk1.7.0\bin;C:\Program Files\OpenOffice.org 3\URE\bin\;C:\Program Files\OpenOffice.org 3\URE\java\*.jar;.
Jul 13, 2012 2:07:23 PM org.apache.coyote.http11.Http11Protocol init
INFO: Initializing Coyote HTTP/1.1 on http-80
Jul 13, 2012 2:07:23 PM org.apache.catalina.startup.Catalina load
INFO: Initialization processed in 417 ms
Jul 13, 2012 2:07:23 PM org.apache.catalina.core.StandardService start
INFO: Starting service Catalina
Jul 13, 2012 2:07:23 PM org.apache.catalina.core.StandardEngine start
INFO: Starting Servlet Engine: Apache Tomcat/6.0.28
Jul 13, 2012 2:07:23 PM org.apache.catalina.startup.HostConfig deployDescriptor
INFO: Deploying configuration descriptor host-manager.xml
Jul 13, 2012 2:07:23 PM org.apache.catalina.startup.HostConfig deployDescriptor
INFO: Deploying configuration descriptor manager.xml
Jul 13, 2012 2:07:23 PM org.apache.catalina.startup.HostConfig deployDirectory
INFO: Deploying web application directory docs
Jul 13, 2012 2:07:23 PM org.apache.catalina.startup.HostConfig deployDirectory
INFO: Deploying web application directory examples
Jul 13, 2012 2:07:24 PM org.apache.catalina.startup.HostConfig deployDirectory
INFO: Deploying web application directory ROOT
Jul 13, 2012 2:07:24 PM org.apache.coyote.http11.Http11Protocol start
INFO: Starting Coyote HTTP/1.1 on http-80
Jul 13, 2012 2:07:24 PM org.apache.jk.common.ChannelSocket init
INFO: JK: ajp13 listening on /0.0.0.0:8009
Jul 13, 2012 2:07:24 PM org.apache.jk.server.JkMain start
INFO: Jk running ID=0 time=0/31  config=null
Jul 13, 2012 2:07:24 PM org.apache.catalina.startup.Catalina start
INFO: Server startup in 1342 ms
Jul 13, 2012 2:24:56 PM org.apache.catalina.core.StandardContext reload
INFO: Reloading this Context has started
Jul 13, 2012 2:28:18 PM org.apache.catalina.startup.HostConfig checkResources
INFO: Reloading context []
Jul 13, 2012 2:29:58 PM org.apache.catalina.startup.HostConfig checkResources
INFO: Reloading context []
Jul 13, 2012 2:30:48 PM org.apache.catalina.startup.HostConfig checkResources
INFO: Reloading context []
Jul 13, 2012 2:34:08 PM org.apache.catalina.core.StandardContext reload
INFO: Reloading this Context has started
Jul 13, 2012 2:34:29 PM org.apache.catalina.loader.WebappClassLoader modified
SEVERE:     Resource '/WEB-INF/classes/SecondServlet.class' is missing
Jul 13, 2012 2:34:29 PM org.apache.catalina.core.StandardContext reload
INFO: Reloading this Context has started
Jul 13, 2012 2:35:29 PM org.apache.catalina.startup.HostConfig checkResources
INFO: Reloading context []
Jul 13, 2012 2:36:52 PM org.apache.catalina.core.AprLifecycleListener init
INFO: The APR based Apache Tomcat Native library which allows optimal performance in production environments was not found on the java.library.path: C:\Program Files\Java\jdk1.7.0\bin;C:\Windows\Sun\Java\bin;C:\Windows\system32;C:\Windows;C:\Program Files\Java\jdk1.7.0;C:\Program Files\Java\jdk1.7.0\bin;C:\Program Files\OpenOffice.org 3\Basis\program\officebean.jar;C:\Program Files\Java\jdk1.7.0\bin;C:\Program Files\OpenOffice.org 3\URE\bin\;C:\Program Files\OpenOffice.org 3\URE\java\*.jar;.
Jul 13, 2012 2:36:52 PM org.apache.coyote.http11.Http11Protocol init
INFO: Initializing Coyote HTTP/1.1 on http-80
Jul 13, 2012 2:36:52 PM org.apache.catalina.startup.Catalina load
INFO: Initialization processed in 481 ms
Jul 13, 2012 2:36:52 PM org.apache.catalina.core.StandardService start
INFO: Starting service Catalina
Jul 13, 2012 2:36:52 PM org.apache.catalina.core.StandardEngine start
INFO: Starting Servlet Engine: Apache Tomcat/6.0.28
Jul 13, 2012 2:36:52 PM org.apache.catalina.startup.HostConfig deployDescriptor
INFO: Deploying configuration descriptor host-manager.xml
Jul 13, 2012 2:36:53 PM org.apache.catalina.startup.HostConfig deployDescriptor
INFO: Deploying configuration descriptor manager.xml
Jul 13, 2012 2:36:53 PM org.apache.catalina.startup.HostConfig deployDirectory
INFO: Deploying web application directory docs
Jul 13, 2012 2:36:53 PM org.apache.catalina.startup.HostConfig deployDirectory
INFO: Deploying web application directory examples
Jul 13, 2012 2:36:53 PM org.apache.catalina.startup.HostConfig deployDirectory
INFO: Deploying web application directory ROOT
Jul 13, 2012 2:36:53 PM org.apache.coyote.http11.Http11Protocol start
INFO: Starting Coyote HTTP/1.1 on http-80
Jul 13, 2012 2:36:53 PM org.apache.jk.common.ChannelSocket init
INFO: JK: ajp13 listening on /0.0.0.0:8009
Jul 13, 2012 2:36:53 PM org.apache.jk.server.JkMain start
INFO: Jk running ID=0 time=0/31  config=null
Jul 13, 2012 2:36:53 PM org.apache.catalina.startup.Catalina start
INFO: Server startup in 823 ms
