May 14, 2012 11:07:48 AM org.apache.catalina.core.AprLifecycleListener init
INFO: The APR based Apache Tomcat Native library which allows optimal performance in production environments was not found on the java.library.path: C:\Program Files\Java\jdk1.7.0\bin;C:\Windows\Sun\Java\bin;C:\Windows\system32;C:\Windows;C:\Program Files\Java\jdk1.7.0;C:\Program Files\Java\jdk1.7.0\bin;C:\Program Files\Java\jdk1.7.0\bin;C:\Program Files\Java\jdk1.7.0\bin\;;C:\Program Files\Java\jdk1.7.0\bin;;.
May 14, 2012 11:07:48 AM org.apache.coyote.http11.Http11Protocol init
INFO: Initializing Coyote HTTP/1.1 on http-80
May 14, 2012 11:07:48 AM org.apache.catalina.startup.Catalina load
INFO: Initialization processed in 389 ms
May 14, 2012 11:07:48 AM org.apache.catalina.core.StandardService start
INFO: Starting service Catalina
May 14, 2012 11:07:48 AM org.apache.catalina.core.StandardEngine start
INFO: Starting Servlet Engine: Apache Tomcat/6.0.28
May 14, 2012 11:07:48 AM org.apache.catalina.startup.HostConfig deployDescriptor
INFO: Deploying configuration descriptor host-manager.xml
May 14, 2012 11:07:48 AM org.apache.catalina.startup.HostConfig deployDescriptor
INFO: Deploying configuration descriptor manager.xml
May 14, 2012 11:07:48 AM org.apache.catalina.startup.HostConfig deployDirectory
INFO: Deploying web application directory docs
May 14, 2012 11:07:48 AM org.apache.catalina.startup.HostConfig deployDirectory
INFO: Deploying web application directory examples
May 14, 2012 11:07:49 AM org.apache.catalina.startup.HostConfig deployDirectory
INFO: Deploying web application directory ROOT
May 14, 2012 11:07:49 AM org.apache.coyote.http11.Http11Protocol start
INFO: Starting Coyote HTTP/1.1 on http-80
May 14, 2012 11:07:49 AM org.apache.jk.common.ChannelSocket init
INFO: JK: ajp13 listening on /0.0.0.0:8009
May 14, 2012 11:07:49 AM org.apache.jk.server.JkMain start
INFO: Jk running ID=0 time=0/31  config=null
May 14, 2012 11:07:49 AM org.apache.catalina.startup.Catalina start
INFO: Server startup in 1156 ms
May 14, 2012 11:18:04 AM org.apache.catalina.core.AprLifecycleListener init
INFO: The APR based Apache Tomcat Native library which allows optimal performance in production environments was not found on the java.library.path: C:\Program Files\Java\jdk1.7.0\bin;C:\Windows\Sun\Java\bin;C:\Windows\system32;C:\Windows;C:\Program Files\Java\jdk1.7.0;C:\Program Files\Java\jdk1.7.0;C:\Program Files\Java\jdk1.7.0\bin;C:\Program Files\Java\jdk1.7.0\bin;C:\Program Files\Java\jdk1.7.0\bin\;;C:\Program Files\Java\jdk1.7.0\bin;;.
May 14, 2012 11:18:04 AM org.apache.coyote.http11.Http11Protocol init
INFO: Initializing Coyote HTTP/1.1 on http-80
May 14, 2012 11:18:04 AM org.apache.catalina.startup.Catalina load
INFO: Initialization processed in 369 ms
May 14, 2012 11:18:04 AM org.apache.catalina.core.StandardService start
INFO: Starting service Catalina
May 14, 2012 11:18:04 AM org.apache.catalina.core.StandardEngine start
INFO: Starting Servlet Engine: Apache Tomcat/6.0.28
May 14, 2012 11:18:04 AM org.apache.catalina.startup.HostConfig deployDescriptor
INFO: Deploying configuration descriptor host-manager.xml
May 14, 2012 11:18:04 AM org.apache.catalina.startup.HostConfig deployDescriptor
INFO: Deploying configuration descriptor manager.xml
May 14, 2012 11:18:04 AM org.apache.catalina.startup.HostConfig deployDirectory
INFO: Deploying web application directory docs
May 14, 2012 11:18:04 AM org.apache.catalina.startup.HostConfig deployDirectory
INFO: Deploying web application directory examples
May 14, 2012 11:18:04 AM org.apache.catalina.startup.HostConfig deployDirectory
INFO: Deploying web application directory ROOT
May 14, 2012 11:18:04 AM org.apache.coyote.http11.Http11Protocol start
INFO: Starting Coyote HTTP/1.1 on http-80
May 14, 2012 11:18:04 AM org.apache.jk.common.ChannelSocket init
INFO: JK: ajp13 listening on /0.0.0.0:8009
May 14, 2012 11:18:04 AM org.apache.jk.server.JkMain start
INFO: Jk running ID=0 time=0/31  config=null
May 14, 2012 11:18:04 AM org.apache.catalina.startup.Catalina start
INFO: Server startup in 581 ms
May 14, 2012 12:15:18 PM org.apache.catalina.core.AprLifecycleListener init
INFO: The APR based Apache Tomcat Native library which allows optimal performance in production environments was not found on the java.library.path: C:\Program Files\Java\jdk1.7.0\bin;C:\Windows\Sun\Java\bin;C:\Windows\system32;C:\Windows;C:\Program Files\Java\jdk1.7.0;C:\Program Files\Java\jdk1.7.0\bin;C:\Program Files\Java\jdk1.7.0\bin;C:\Program Files\Java\jdk1.7.0\bin\;;C:\Program Files\Java\jdk1.7.0\bin;;.
May 14, 2012 12:15:18 PM org.apache.coyote.http11.Http11Protocol init
INFO: Initializing Coyote HTTP/1.1 on http-80
May 14, 2012 12:15:18 PM org.apache.catalina.startup.Catalina load
INFO: Initialization processed in 395 ms
May 14, 2012 12:15:18 PM org.apache.catalina.core.StandardService start
INFO: Starting service Catalina
May 14, 2012 12:15:18 PM org.apache.catalina.core.StandardEngine start
INFO: Starting Servlet Engine: Apache Tomcat/6.0.28
May 14, 2012 12:15:18 PM org.apache.catalina.startup.HostConfig deployDescriptor
INFO: Deploying configuration descriptor host-manager.xml
May 14, 2012 12:15:18 PM org.apache.catalina.startup.HostConfig deployDescriptor
INFO: Deploying configuration descriptor manager.xml
May 14, 2012 12:15:18 PM org.apache.catalina.startup.HostConfig deployDirectory
INFO: Deploying web application directory docs
May 14, 2012 12:15:18 PM org.apache.catalina.startup.HostConfig deployDirectory
INFO: Deploying web application directory examples
May 14, 2012 12:15:18 PM org.apache.catalina.startup.HostConfig deployDirectory
INFO: Deploying web application directory ROOT
May 14, 2012 12:15:18 PM org.apache.coyote.http11.Http11Protocol start
INFO: Starting Coyote HTTP/1.1 on http-80
May 14, 2012 12:15:18 PM org.apache.jk.common.ChannelSocket init
INFO: JK: ajp13 listening on /0.0.0.0:8009
May 14, 2012 12:15:18 PM org.apache.jk.server.JkMain start
INFO: Jk running ID=0 time=0/31  config=null
May 14, 2012 12:15:18 PM org.apache.catalina.startup.Catalina start
INFO: Server startup in 561 ms
May 14, 2012 12:56:58 PM org.apache.catalina.startup.Catalina stopServer
SEVERE: Catalina.stop: 
java.net.ConnectException: Connection refused: connect
	at java.net.DualStackPlainSocketImpl.connect0(Native Method)
	at java.net.DualStackPlainSocketImpl.socketConnect(DualStackPlainSocketImpl.java:69)
	at java.net.AbstractPlainSocketImpl.doConnect(AbstractPlainSocketImpl.java:337)
	at java.net.AbstractPlainSocketImpl.connectToAddress(AbstractPlainSocketImpl.java:198)
	at java.net.AbstractPlainSocketImpl.connect(AbstractPlainSocketImpl.java:180)
	at java.net.PlainSocketImpl.connect(PlainSocketImpl.java:157)
	at java.net.SocksSocketImpl.connect(SocksSocketImpl.java:391)
	at java.net.Socket.connect(Socket.java:579)
	at java.net.Socket.connect(Socket.java:528)
	at java.net.Socket.<init>(Socket.java:425)
	at java.net.Socket.<init>(Socket.java:208)
	at org.apache.catalina.startup.Catalina.stopServer(Catalina.java:408)
	at sun.reflect.NativeMethodAccessorImpl.invoke0(Native Method)
	at sun.reflect.NativeMethodAccessorImpl.invoke(NativeMethodAccessorImpl.java:57)
	at sun.reflect.DelegatingMethodAccessorImpl.invoke(DelegatingMethodAccessorImpl.java:43)
	at java.lang.reflect.Method.invoke(Method.java:601)
	at org.apache.catalina.startup.Bootstrap.stopServer(Bootstrap.java:338)
	at org.apache.catalina.startup.Bootstrap.main(Bootstrap.java:416)

May 14, 2012 4:42:21 PM org.apache.catalina.core.AprLifecycleListener init
INFO: The APR based Apache Tomcat Native library which allows optimal performance in production environments was not found on the java.library.path: C:\Program Files\Java\jdk1.7.0\bin;C:\Windows\Sun\Java\bin;C:\Windows\system32;C:\Windows;C:\Program Files\Java\jdk1.7.0;C:\Program Files\Java\jdk1.7.0\bin;C:\Program Files\Java\jdk1.7.0\bin;;.
May 14, 2012 4:42:21 PM org.apache.coyote.http11.Http11Protocol init
INFO: Initializing Coyote HTTP/1.1 on http-80
May 14, 2012 4:42:21 PM org.apache.catalina.startup.Catalina load
INFO: Initialization processed in 427 ms
May 14, 2012 4:42:21 PM org.apache.catalina.core.StandardService start
INFO: Starting service Catalina
May 14, 2012 4:42:21 PM org.apache.catalina.core.StandardEngine start
INFO: Starting Servlet Engine: Apache Tomcat/6.0.28
May 14, 2012 4:42:21 PM org.apache.catalina.startup.HostConfig deployDescriptor
INFO: Deploying configuration descriptor host-manager.xml
May 14, 2012 4:42:21 PM org.apache.catalina.startup.HostConfig deployDescriptor
INFO: Deploying configuration descriptor manager.xml
May 14, 2012 4:42:21 PM org.apache.catalina.startup.HostConfig deployDirectory
INFO: Deploying web application directory docs
May 14, 2012 4:42:21 PM org.apache.catalina.startup.HostConfig deployDirectory
INFO: Deploying web application directory examples
May 14, 2012 4:42:22 PM org.apache.catalina.startup.HostConfig deployDirectory
INFO: Deploying web application directory ROOT
May 14, 2012 4:42:22 PM org.apache.coyote.http11.Http11Protocol start
INFO: Starting Coyote HTTP/1.1 on http-80
May 14, 2012 4:42:22 PM org.apache.jk.common.ChannelSocket init
INFO: JK: ajp13 listening on /0.0.0.0:8009
May 14, 2012 4:42:22 PM org.apache.jk.server.JkMain start
INFO: Jk running ID=0 time=0/31  config=null
May 14, 2012 4:42:22 PM org.apache.catalina.startup.Catalina start
INFO: Server startup in 1183 ms
