Aug 29, 2012 12:56:12 PM org.apache.catalina.core.AprLifecycleListener init
INFO: The APR based Apache Tomcat Native library which allows optimal performance in production environments was not found on the java.library.path: C:\Program Files\Java\jdk1.7.0\bin;C:\Windows\Sun\Java\bin;C:\Windows\system32;C:\Windows;C:\Program Files\Java\jdk1.7.0;C:\Program Files\Java\jdk1.7.0\bin;C:\Program Files\Java\jdk1.7.0\bin;.
Aug 29, 2012 12:56:13 PM org.apache.coyote.http11.Http11Protocol init
INFO: Initializing Coyote HTTP/1.1 on http-80
Aug 29, 2012 12:56:13 PM org.apache.catalina.startup.Catalina load
INFO: Initialization processed in 1036 ms
Aug 29, 2012 12:56:13 PM org.apache.catalina.core.StandardService start
INFO: Starting service Catalina
Aug 29, 2012 12:56:13 PM org.apache.catalina.core.StandardEngine start
INFO: Starting Servlet Engine: Apache Tomcat/6.0.28
Aug 29, 2012 12:56:13 PM org.apache.catalina.startup.HostConfig deployDescriptor
INFO: Deploying configuration descriptor host-manager.xml
Aug 29, 2012 12:56:14 PM org.apache.catalina.startup.HostConfig deployDescriptor
INFO: Deploying configuration descriptor manager.xml
Aug 29, 2012 12:56:14 PM org.apache.catalina.startup.HostConfig deployDirectory
INFO: Deploying web application directory docs
Aug 29, 2012 12:56:14 PM org.apache.catalina.startup.HostConfig deployDirectory
INFO: Deploying web application directory examples
Aug 29, 2012 12:56:15 PM org.apache.catalina.startup.HostConfig deployDirectory
INFO: Deploying web application directory ROOT
Aug 29, 2012 12:56:15 PM org.apache.coyote.http11.Http11Protocol start
INFO: Starting Coyote HTTP/1.1 on http-80
Aug 29, 2012 12:56:15 PM org.apache.jk.common.ChannelSocket init
INFO: JK: ajp13 listening on /0.0.0.0:8009
Aug 29, 2012 12:56:15 PM org.apache.jk.server.JkMain start
INFO: Jk running ID=0 time=0/90  config=null
Aug 29, 2012 12:56:15 PM org.apache.catalina.startup.Catalina start
INFO: Server startup in 2272 ms
Aug 29, 2012 1:05:37 PM org.apache.catalina.startup.HostConfig checkResources
INFO: Reloading context []
Aug 29, 2012 1:05:37 PM org.apache.catalina.startup.HostConfig checkResources
INFO: Reloading context [/manager]
Aug 29, 2012 1:05:37 PM org.apache.catalina.startup.HostConfig checkResources
INFO: Reloading context [/docs]
Aug 29, 2012 1:05:37 PM org.apache.catalina.startup.HostConfig checkResources
INFO: Reloading context [/examples]
Aug 29, 2012 1:05:37 PM org.apache.catalina.startup.HostConfig checkResources
INFO: Reloading context [/host-manager]
Aug 29, 2012 1:05:57 PM org.apache.catalina.startup.HostConfig checkResources
INFO: Reloading context []
Aug 29, 2012 1:05:57 PM org.apache.catalina.startup.HostConfig checkResources
INFO: Reloading context [/manager]
Aug 29, 2012 1:05:57 PM org.apache.catalina.startup.HostConfig checkResources
INFO: Reloading context [/docs]
Aug 29, 2012 1:05:57 PM org.apache.catalina.startup.HostConfig checkResources
INFO: Reloading context [/examples]
Aug 29, 2012 1:05:58 PM org.apache.catalina.startup.HostConfig checkResources
INFO: Reloading context [/host-manager]
Aug 29, 2012 1:43:43 PM org.apache.catalina.core.AprLifecycleListener init
INFO: The APR based Apache Tomcat Native library which allows optimal performance in production environments was not found on the java.library.path: C:\Program Files\Java\jdk1.7.0\bin;C:\Windows\Sun\Java\bin;C:\Windows\system32;C:\Windows;C:\Program Files\Java\jdk1.7.0\;C:\Program Files\Java\jdk1.7.0\bin\;C:\Program Files\Java\jdk1.7.0\bin;C:\Program Files\Java\jdk1.7.0\bin;.
Aug 29, 2012 1:43:44 PM org.apache.coyote.http11.Http11Protocol init
INFO: Initializing Coyote HTTP/1.1 on http-80
Aug 29, 2012 1:43:44 PM org.apache.catalina.startup.Catalina load
INFO: Initialization processed in 392 ms
Aug 29, 2012 1:43:44 PM org.apache.catalina.core.StandardService start
INFO: Starting service Catalina
Aug 29, 2012 1:43:44 PM org.apache.catalina.core.StandardEngine start
INFO: Starting Servlet Engine: Apache Tomcat/6.0.28
Aug 29, 2012 1:43:44 PM org.apache.catalina.startup.HostConfig deployDescriptor
INFO: Deploying configuration descriptor host-manager.xml
Aug 29, 2012 1:43:44 PM org.apache.catalina.startup.HostConfig deployDescriptor
INFO: Deploying configuration descriptor manager.xml
Aug 29, 2012 1:43:44 PM org.apache.catalina.startup.HostConfig deployDirectory
INFO: Deploying web application directory docs
Aug 29, 2012 1:43:44 PM org.apache.catalina.startup.HostConfig deployDirectory
INFO: Deploying web application directory examples
Aug 29, 2012 1:43:44 PM org.apache.catalina.startup.HostConfig deployDirectory
INFO: Deploying web application directory ROOT
Aug 29, 2012 1:43:44 PM org.apache.coyote.http11.Http11Protocol start
INFO: Starting Coyote HTTP/1.1 on http-80
Aug 29, 2012 1:43:44 PM org.apache.jk.common.ChannelSocket init
INFO: JK: ajp13 listening on /0.0.0.0:8009
Aug 29, 2012 1:43:44 PM org.apache.jk.server.JkMain start
INFO: Jk running ID=0 time=0/31  config=null
Aug 29, 2012 1:43:44 PM org.apache.catalina.startup.Catalina start
INFO: Server startup in 596 ms
Aug 29, 2012 2:37:07 PM org.apache.catalina.core.AprLifecycleListener init
INFO: The APR based Apache Tomcat Native library which allows optimal performance in production environments was not found on the java.library.path: C:\Program Files\Java\jdk1.7.0\bin;C:\Windows\Sun\Java\bin;C:\Windows\system32;C:\Windows;C:\Program Files\Java\jdk1.7.0\;C:\Program Files\Java\jdk1.7.0\bin;C:\Program Files\Java\jdk1.7.0\bin;.
Aug 29, 2012 2:37:07 PM org.apache.coyote.http11.Http11Protocol init
INFO: Initializing Coyote HTTP/1.1 on http-80
Aug 29, 2012 2:37:07 PM org.apache.catalina.startup.Catalina load
INFO: Initialization processed in 383 ms
Aug 29, 2012 2:37:07 PM org.apache.catalina.core.StandardService start
INFO: Starting service Catalina
Aug 29, 2012 2:37:07 PM org.apache.catalina.core.StandardEngine start
INFO: Starting Servlet Engine: Apache Tomcat/6.0.28
Aug 29, 2012 2:37:07 PM org.apache.catalina.startup.HostConfig deployDescriptor
INFO: Deploying configuration descriptor host-manager.xml
Aug 29, 2012 2:37:08 PM org.apache.catalina.startup.HostConfig deployDescriptor
INFO: Deploying configuration descriptor manager.xml
Aug 29, 2012 2:37:08 PM org.apache.catalina.startup.HostConfig deployDirectory
INFO: Deploying web application directory docs
Aug 29, 2012 2:37:08 PM org.apache.catalina.startup.HostConfig deployDirectory
INFO: Deploying web application directory examples
Aug 29, 2012 2:37:08 PM org.apache.catalina.startup.HostConfig deployDirectory
INFO: Deploying web application directory ROOT
Aug 29, 2012 2:37:08 PM org.apache.coyote.http11.Http11Protocol start
INFO: Starting Coyote HTTP/1.1 on http-80
Aug 29, 2012 2:37:08 PM org.apache.jk.common.ChannelSocket init
INFO: JK: ajp13 listening on /0.0.0.0:8009
Aug 29, 2012 2:37:08 PM org.apache.jk.server.JkMain start
INFO: Jk running ID=0 time=0/31  config=null
Aug 29, 2012 2:37:08 PM org.apache.catalina.startup.Catalina start
INFO: Server startup in 570 ms
Aug 29, 2012 2:40:50 PM org.apache.catalina.core.AprLifecycleListener init
INFO: The APR based Apache Tomcat Native library which allows optimal performance in production environments was not found on the java.library.path: C:\Program Files\Java\jdk1.7.0\bin;C:\Windows\Sun\Java\bin;C:\Windows\system32;C:\Windows;C:\Program Files\Java\jdk1.7.0;C:\Program Files\Java\jdk1.7.0\bin;C:\Program Files\Java\jdk1.7.0\bin;.
Aug 29, 2012 2:40:50 PM org.apache.coyote.http11.Http11Protocol init
INFO: Initializing Coyote HTTP/1.1 on http-80
Aug 29, 2012 2:40:50 PM org.apache.catalina.startup.Catalina load
INFO: Initialization processed in 395 ms
Aug 29, 2012 2:40:50 PM org.apache.catalina.core.StandardService start
INFO: Starting service Catalina
Aug 29, 2012 2:40:50 PM org.apache.catalina.core.StandardEngine start
INFO: Starting Servlet Engine: Apache Tomcat/6.0.28
Aug 29, 2012 2:40:50 PM org.apache.catalina.startup.HostConfig deployDescriptor
INFO: Deploying configuration descriptor host-manager.xml
Aug 29, 2012 2:40:50 PM org.apache.catalina.startup.HostConfig deployDescriptor
INFO: Deploying configuration descriptor manager.xml
Aug 29, 2012 2:40:50 PM org.apache.catalina.startup.HostConfig deployDirectory
INFO: Deploying web application directory docs
Aug 29, 2012 2:40:50 PM org.apache.catalina.startup.HostConfig deployDirectory
INFO: Deploying web application directory examples
Aug 29, 2012 2:40:51 PM org.apache.catalina.startup.HostConfig deployDirectory
INFO: Deploying web application directory ROOT
Aug 29, 2012 2:40:51 PM org.apache.coyote.http11.Http11Protocol start
INFO: Starting Coyote HTTP/1.1 on http-80
Aug 29, 2012 2:40:51 PM org.apache.jk.common.ChannelSocket init
INFO: JK: ajp13 listening on /0.0.0.0:8009
Aug 29, 2012 2:40:51 PM org.apache.jk.server.JkMain start
INFO: Jk running ID=0 time=0/31  config=null
Aug 29, 2012 2:40:51 PM org.apache.catalina.startup.Catalina start
INFO: Server startup in 591 ms
Aug 29, 2012 2:43:35 PM org.apache.catalina.core.AprLifecycleListener init
INFO: The APR based Apache Tomcat Native library which allows optimal performance in production environments was not found on the java.library.path: C:\Program Files\Java\jdk1.7.0\bin;C:\Windows\Sun\Java\bin;C:\Windows\system32;C:\Windows;C:\Program Files\Java\jdk1.7.0;C:\Program Files\Java\jdk1.7.0\bin;C:\Program Files\Java\jdk1.7.0\bin;C:\Program Files\Java\jdk1.7.0\;C:\Program Files\Java\jdk1.7.0\bin;.
Aug 29, 2012 2:43:35 PM org.apache.coyote.http11.Http11Protocol init
INFO: Initializing Coyote HTTP/1.1 on http-80
Aug 29, 2012 2:43:35 PM org.apache.catalina.startup.Catalina load
INFO: Initialization processed in 461 ms
Aug 29, 2012 2:43:35 PM org.apache.catalina.core.StandardService start
INFO: Starting service Catalina
Aug 29, 2012 2:43:35 PM org.apache.catalina.core.StandardEngine start
INFO: Starting Servlet Engine: Apache Tomcat/6.0.28
Aug 29, 2012 2:43:35 PM org.apache.catalina.startup.HostConfig deployDescriptor
INFO: Deploying configuration descriptor host-manager.xml
Aug 29, 2012 2:43:35 PM org.apache.catalina.startup.HostConfig deployDescriptor
INFO: Deploying configuration descriptor manager.xml
Aug 29, 2012 2:43:36 PM org.apache.catalina.startup.HostConfig deployDirectory
INFO: Deploying web application directory docs
Aug 29, 2012 2:43:36 PM org.apache.catalina.startup.HostConfig deployDirectory
INFO: Deploying web application directory examples
Aug 29, 2012 2:43:36 PM org.apache.catalina.startup.HostConfig deployDirectory
INFO: Deploying web application directory ROOT
Aug 29, 2012 2:43:36 PM org.apache.coyote.http11.Http11Protocol start
INFO: Starting Coyote HTTP/1.1 on http-80
Aug 29, 2012 2:43:36 PM org.apache.jk.common.ChannelSocket init
INFO: JK: ajp13 listening on /0.0.0.0:8009
Aug 29, 2012 2:43:36 PM org.apache.jk.server.JkMain start
INFO: Jk running ID=0 time=0/32  config=null
Aug 29, 2012 2:43:36 PM org.apache.catalina.startup.Catalina start
INFO: Server startup in 572 ms
Aug 29, 2012 4:28:51 PM org.apache.catalina.core.AprLifecycleListener init
INFO: The APR based Apache Tomcat Native library which allows optimal performance in production environments was not found on the java.library.path: C:\Program Files\Java\jdk1.7.0\bin;C:\Windows\Sun\Java\bin;C:\Windows\system32;C:\Windows;C:\Program Files\Java\jdk1.7.0;C:\Program Files\Java\jdk1.7.0\bin;C:\Program Files\Java\jdk1.7.0\bin;.
Aug 29, 2012 4:28:52 PM org.apache.coyote.http11.Http11Protocol init
INFO: Initializing Coyote HTTP/1.1 on http-80
Aug 29, 2012 4:28:52 PM org.apache.catalina.startup.Catalina load
INFO: Initialization processed in 410 ms
Aug 29, 2012 4:28:52 PM org.apache.catalina.core.StandardService start
INFO: Starting service Catalina
Aug 29, 2012 4:28:52 PM org.apache.catalina.core.StandardEngine start
INFO: Starting Servlet Engine: Apache Tomcat/6.0.28
Aug 29, 2012 4:28:52 PM org.apache.catalina.startup.HostConfig deployDescriptor
INFO: Deploying configuration descriptor host-manager.xml
Aug 29, 2012 4:28:52 PM org.apache.catalina.startup.HostConfig deployDescriptor
INFO: Deploying configuration descriptor manager.xml
Aug 29, 2012 4:28:52 PM org.apache.catalina.startup.HostConfig deployDirectory
INFO: Deploying web application directory docs
Aug 29, 2012 4:28:52 PM org.apache.catalina.startup.HostConfig deployDirectory
INFO: Deploying web application directory examples
Aug 29, 2012 4:28:52 PM org.apache.catalina.startup.HostConfig deployDirectory
INFO: Deploying web application directory ROOT
Aug 29, 2012 4:28:52 PM org.apache.coyote.http11.Http11Protocol start
INFO: Starting Coyote HTTP/1.1 on http-80
Aug 29, 2012 4:28:52 PM org.apache.jk.common.ChannelSocket init
INFO: JK: ajp13 listening on /0.0.0.0:8009
Aug 29, 2012 4:28:52 PM org.apache.jk.server.JkMain start
INFO: Jk running ID=0 time=0/30  config=null
Aug 29, 2012 4:28:52 PM org.apache.catalina.startup.Catalina start
INFO: Server startup in 612 ms
