Jun 30, 2015 3:59:27 PM org.apache.catalina.core.AprLifecycleListener init
INFO: The APR based Apache Tomcat Native library which allows optimal performance in production environments was not found on the java.library.path: J:\FSLS\12-13\old course files\SFL CG 3792 11-12 - Current File\Resources\Tomcat_Web_Server\bin\jdk1.7.0\jre\bin;C:\Windows\Sun\Java\bin;C:\Windows\system32;C:\Windows;C:\Program Files\Java\jdk\bin;.
Jun 30, 2015 3:59:31 PM org.apache.coyote.http11.Http11Protocol init
INFO: Initializing Coyote HTTP/1.1 on http-8080
Jun 30, 2015 3:59:31 PM org.apache.catalina.startup.Catalina load
INFO: Initialization processed in 6071 ms
Jun 30, 2015 3:59:31 PM org.apache.catalina.core.StandardService start
INFO: Starting service Catalina
Jun 30, 2015 3:59:31 PM org.apache.catalina.core.StandardEngine start
INFO: Starting Servlet Engine: Apache Tomcat/6.0.28
Jun 30, 2015 3:59:31 PM org.apache.catalina.startup.HostConfig deployDescriptor
INFO: Deploying configuration descriptor host-manager.xml
Jun 30, 2015 3:59:34 PM org.apache.catalina.startup.HostConfig deployDescriptor
INFO: Deploying configuration descriptor manager.xml
Jun 30, 2015 3:59:34 PM org.apache.catalina.startup.HostConfig deployDirectory
INFO: Deploying web application directory docs
Jun 30, 2015 3:59:35 PM org.apache.catalina.startup.HostConfig deployDirectory
INFO: Deploying web application directory examples
Jun 30, 2015 3:59:36 PM org.apache.catalina.startup.HostConfig deployDirectory
INFO: Deploying web application directory ROOT
Jun 30, 2015 3:59:36 PM org.apache.coyote.http11.Http11Protocol start
INFO: Starting Coyote HTTP/1.1 on http-8080
Jun 30, 2015 3:59:36 PM org.apache.jk.common.ChannelSocket init
INFO: JK: ajp13 listening on /0.0.0.0:8009
Jun 30, 2015 3:59:37 PM org.apache.jk.server.JkMain start
INFO: Jk running ID=0 time=0/234  config=null
Jun 30, 2015 3:59:37 PM org.apache.catalina.startup.Catalina start
INFO: Server startup in 5845 ms
