Jun 24, 2015 11:20:34 AM org.apache.catalina.core.AprLifecycleListener init
INFO: The APR based Apache Tomcat Native library which allows optimal performance in production environments was not found on the java.library.path: J:\FSLS\12-13\old course files\SFL CG 3792 11-12 - Current File\Resources\Tomcat_Web_Server\bin\jdk1.7.0\jre\bin;C:\Windows\Sun\Java\bin;C:\Windows\system32;C:\Windows;C:\Oracle\product\11.2.0\client_1\bin;C:\Windows\system32;C:\Windows;C:\Windows\System32\Wbem;C:\Windows\System32\WindowsPowerShell\v1.0\;c:\Program Files\Microsoft SQL Server\100\Tools\Binn\;c:\Program Files\Microsoft SQL Server\100\DTS\Binn\;.
Jun 24, 2015 11:20:36 AM org.apache.coyote.http11.Http11Protocol init
INFO: Initializing Coyote HTTP/1.1 on http-8080
Jun 24, 2015 11:20:36 AM org.apache.catalina.startup.Catalina load
INFO: Initialization processed in 4498 ms
Jun 24, 2015 11:20:36 AM org.apache.catalina.core.StandardService start
INFO: Starting service Catalina
Jun 24, 2015 11:20:36 AM org.apache.catalina.core.StandardEngine start
INFO: Starting Servlet Engine: Apache Tomcat/6.0.28
Jun 24, 2015 11:20:36 AM org.apache.catalina.startup.HostConfig deployDescriptor
INFO: Deploying configuration descriptor host-manager.xml
Jun 24, 2015 11:20:39 AM org.apache.catalina.startup.HostConfig deployDescriptor
INFO: Deploying configuration descriptor manager.xml
Jun 24, 2015 11:20:40 AM org.apache.catalina.startup.HostConfig deployDirectory
INFO: Deploying web application directory docs
Jun 24, 2015 11:20:40 AM org.apache.catalina.startup.HostConfig deployDirectory
INFO: Deploying web application directory examples
Jun 24, 2015 11:20:44 AM org.apache.catalina.startup.HostConfig deployDirectory
INFO: Deploying web application directory ROOT
Jun 24, 2015 11:20:45 AM org.apache.coyote.http11.Http11Protocol start
INFO: Starting Coyote HTTP/1.1 on http-8080
Jun 24, 2015 11:20:45 AM org.apache.jk.common.ChannelSocket init
INFO: JK: ajp13 listening on /0.0.0.0:8009
Jun 24, 2015 11:20:45 AM org.apache.jk.server.JkMain start
INFO: Jk running ID=0 time=0/235  config=null
Jun 24, 2015 11:20:45 AM org.apache.catalina.startup.Catalina start
INFO: Server startup in 9628 ms
Jun 24, 2015 11:47:01 AM org.apache.coyote.http11.Http11Protocol pause
INFO: Pausing Coyote HTTP/1.1 on http-8080
Jun 24, 2015 11:47:02 AM org.apache.catalina.core.StandardService stop
INFO: Stopping service Catalina
Jun 24, 2015 11:47:03 AM org.apache.coyote.http11.Http11Protocol destroy
INFO: Stopping Coyote HTTP/1.1 on http-8080
Jun 24, 2015 11:59:02 AM org.apache.catalina.core.AprLifecycleListener init
INFO: The APR based Apache Tomcat Native library which allows optimal performance in production environments was not found on the java.library.path: J:\FSLS\12-13\old course files\SFL CG 3792 11-12 - Current File\Resources\Tomcat_Web_Server\bin\jdk1.7.0\jre\bin;C:\Windows\Sun\Java\bin;C:\Windows\system32;C:\Windows;C:\Oracle\product\11.2.0\client_1\bin;C:\Windows\system32;C:\Windows;C:\Windows\System32\Wbem;C:\Windows\System32\WindowsPowerShell\v1.0\;c:\Program Files\Microsoft SQL Server\100\Tools\Binn\;c:\Program Files\Microsoft SQL Server\100\DTS\Binn\;.
Jun 24, 2015 11:59:03 AM org.apache.coyote.http11.Http11Protocol init
INFO: Initializing Coyote HTTP/1.1 on http-8080
Jun 24, 2015 11:59:03 AM org.apache.catalina.startup.Catalina load
INFO: Initialization processed in 4238 ms
Jun 24, 2015 11:59:04 AM org.apache.catalina.core.StandardService start
INFO: Starting service Catalina
Jun 24, 2015 11:59:04 AM org.apache.catalina.core.StandardEngine start
INFO: Starting Servlet Engine: Apache Tomcat/6.0.28
Jun 24, 2015 11:59:04 AM org.apache.catalina.startup.HostConfig deployDescriptor
INFO: Deploying configuration descriptor host-manager.xml
Jun 24, 2015 11:59:06 AM org.apache.catalina.startup.HostConfig deployDescriptor
INFO: Deploying configuration descriptor manager.xml
Jun 24, 2015 11:59:07 AM org.apache.catalina.startup.HostConfig deployDirectory
INFO: Deploying web application directory docs
Jun 24, 2015 11:59:08 AM org.apache.catalina.startup.HostConfig deployDirectory
INFO: Deploying web application directory examples
Jun 24, 2015 11:59:09 AM org.apache.catalina.startup.HostConfig deployDirectory
INFO: Deploying web application directory ROOT
Jun 24, 2015 11:59:10 AM org.apache.coyote.http11.Http11Protocol start
INFO: Starting Coyote HTTP/1.1 on http-8080
Jun 24, 2015 11:59:11 AM org.apache.jk.common.ChannelSocket init
INFO: JK: ajp13 listening on /0.0.0.0:8009
Jun 24, 2015 11:59:11 AM org.apache.jk.server.JkMain start
INFO: Jk running ID=0 time=0/256  config=null
Jun 24, 2015 11:59:11 AM org.apache.catalina.startup.Catalina start
INFO: Server startup in 7383 ms
