Jun 18, 2012 11:44:11 AM org.apache.catalina.core.AprLifecycleListener init
INFO: The APR based Apache Tomcat Native library which allows optimal performance in production environments was not found on the java.library.path: C:\Program Files\Java\jdk1.7.0\bin;C:\Windows\Sun\Java\bin;C:\Windows\system32;C:\Windows;C:\Program Files\Java\jdk1.7.0;C:\Program Files\Java\jdk1.7.0\bin;C:\Program Files\OpenOffice.org 3\Basis\program\officebean.jar;C:\Program Files\Java\jdk1.7.0\bin;C:\Program Files\OpenOffice.org 3\URE\bin\;C:\Program Files\OpenOffice.org 3\URE\java\*.jar;.
Jun 18, 2012 11:44:12 AM org.apache.coyote.http11.Http11Protocol init
INFO: Initializing Coyote HTTP/1.1 on http-80
Jun 18, 2012 11:44:12 AM org.apache.catalina.startup.Catalina load
INFO: Initialization processed in 1172 ms
Jun 18, 2012 11:44:12 AM org.apache.catalina.core.StandardService start
INFO: Starting service Catalina
Jun 18, 2012 11:44:12 AM org.apache.catalina.core.StandardEngine start
INFO: Starting Servlet Engine: Apache Tomcat/6.0.28
Jun 18, 2012 11:44:12 AM org.apache.catalina.startup.HostConfig deployDescriptor
INFO: Deploying configuration descriptor host-manager.xml
Jun 18, 2012 11:44:12 AM org.apache.catalina.startup.HostConfig deployDescriptor
INFO: Deploying configuration descriptor manager.xml
Jun 18, 2012 11:44:12 AM org.apache.catalina.startup.HostConfig deployDirectory
INFO: Deploying web application directory docs
Jun 18, 2012 11:44:13 AM org.apache.catalina.startup.HostConfig deployDirectory
INFO: Deploying web application directory examples
Jun 18, 2012 11:44:13 AM org.apache.catalina.startup.HostConfig deployDirectory
INFO: Deploying web application directory ROOT
Jun 18, 2012 11:44:13 AM org.apache.coyote.http11.Http11Protocol start
INFO: Starting Coyote HTTP/1.1 on http-80
Jun 18, 2012 11:44:13 AM org.apache.jk.common.ChannelSocket init
INFO: JK: ajp13 listening on /0.0.0.0:8009
Jun 18, 2012 11:44:13 AM org.apache.jk.server.JkMain start
INFO: Jk running ID=0 time=0/62  config=null
Jun 18, 2012 11:44:13 AM org.apache.catalina.startup.Catalina start
INFO: Server startup in 1577 ms
Jun 18, 2012 11:47:44 AM org.apache.catalina.core.StandardContext reload
INFO: Reloading this Context has started
Jun 18, 2012 12:13:03 PM org.apache.catalina.core.AprLifecycleListener init
INFO: The APR based Apache Tomcat Native library which allows optimal performance in production environments was not found on the java.library.path: C:\Program Files\Java\jdk1.7.0\bin;C:\Windows\Sun\Java\bin;C:\Windows\system32;C:\Windows;C:\Program Files\Java\jdk1.7.0;C:\Program Files\Java\jdk1.7.0\bin;C:\Program Files\OpenOffice.org 3\Basis\program\officebean.jar;C:\Program Files\Java\jdk1.7.0\bin;C:\Program Files\OpenOffice.org 3\URE\bin\;C:\Program Files\OpenOffice.org 3\URE\java\*.jar;.
Jun 18, 2012 12:13:03 PM org.apache.coyote.http11.Http11Protocol init
INFO: Initializing Coyote HTTP/1.1 on http-80
Jun 18, 2012 12:13:03 PM org.apache.catalina.startup.Catalina load
INFO: Initialization processed in 384 ms
Jun 18, 2012 12:13:03 PM org.apache.catalina.core.StandardService start
INFO: Starting service Catalina
Jun 18, 2012 12:13:03 PM org.apache.catalina.core.StandardEngine start
INFO: Starting Servlet Engine: Apache Tomcat/6.0.28
Jun 18, 2012 12:13:03 PM org.apache.catalina.startup.HostConfig deployDescriptor
INFO: Deploying configuration descriptor host-manager.xml
Jun 18, 2012 12:13:04 PM org.apache.catalina.startup.HostConfig deployDescriptor
INFO: Deploying configuration descriptor manager.xml
Jun 18, 2012 12:13:04 PM org.apache.catalina.startup.HostConfig deployDirectory
INFO: Deploying web application directory docs
Jun 18, 2012 12:13:04 PM org.apache.catalina.startup.HostConfig deployDirectory
INFO: Deploying web application directory examples
Jun 18, 2012 12:13:04 PM org.apache.catalina.startup.HostConfig deployDirectory
INFO: Deploying web application directory ROOT
Jun 18, 2012 12:13:04 PM org.apache.coyote.http11.Http11Protocol start
INFO: Starting Coyote HTTP/1.1 on http-80
Jun 18, 2012 12:13:04 PM org.apache.jk.common.ChannelSocket init
INFO: JK: ajp13 listening on /0.0.0.0:8009
Jun 18, 2012 12:13:04 PM org.apache.jk.server.JkMain start
INFO: Jk running ID=0 time=0/31  config=null
Jun 18, 2012 12:13:04 PM org.apache.catalina.startup.Catalina start
INFO: Server startup in 578 ms
