May 15, 2013 12:20:01 PM org.apache.catalina.core.AprLifecycleListener init
INFO: The APR based Apache Tomcat Native library which allows optimal performance in production environments was not found on the java.library.path: J:\Foundation Studies & Learner Support\old course files\SFL CG 3792 11-12 - Current File\Resources\tomcat stuff\jre7\bin;C:\Windows\Sun\Java\bin;C:\Windows\system32;C:\Windows;C:\Program Files\Java\jdk1.7.0\bin;C:\Program Files\Java\jdk1.7.0\bin;.
May 15, 2013 12:20:02 PM org.apache.coyote.http11.Http11Protocol init
INFO: Initializing Coyote HTTP/1.1 on http-8080
May 15, 2013 12:20:02 PM org.apache.catalina.startup.Catalina load
INFO: Initialization processed in 2466 ms
May 15, 2013 12:20:02 PM org.apache.catalina.core.StandardService start
INFO: Starting service Catalina
May 15, 2013 12:20:02 PM org.apache.catalina.core.StandardEngine start
INFO: Starting Servlet Engine: Apache Tomcat/6.0.28
May 15, 2013 12:20:02 PM org.apache.catalina.startup.HostConfig deployDescriptor
INFO: Deploying configuration descriptor host-manager.xml
May 15, 2013 12:20:04 PM org.apache.catalina.startup.HostConfig deployDescriptor
INFO: Deploying configuration descriptor manager.xml
May 15, 2013 12:20:04 PM org.apache.catalina.startup.HostConfig deployDirectory
INFO: Deploying web application directory docs
May 15, 2013 12:20:04 PM org.apache.catalina.startup.HostConfig deployDirectory
INFO: Deploying web application directory examples
May 15, 2013 12:20:05 PM org.apache.catalina.startup.HostConfig deployDirectory
INFO: Deploying web application directory ROOT
May 15, 2013 12:20:05 PM org.apache.coyote.http11.Http11Protocol start
INFO: Starting Coyote HTTP/1.1 on http-8080
May 15, 2013 12:20:05 PM org.apache.jk.common.ChannelSocket init
INFO: JK: ajp13 listening on /0.0.0.0:8009
May 15, 2013 12:20:05 PM org.apache.jk.server.JkMain start
INFO: Jk running ID=0 time=0/67  config=null
May 15, 2013 12:20:05 PM org.apache.catalina.startup.Catalina start
INFO: Server startup in 2929 ms
