Apr 30, 2014 10:06:52 AM org.apache.catalina.core.AprLifecycleListener init
INFO: The APR based Apache Tomcat Native library which allows optimal performance in production environments was not found on the java.library.path: J:\FSLS\12-13\old course files\SFL CG 3792 11-12 - Current File\Resources\Tomcat_Web_Server\bin\jdk1.7.0\jre\bin;C:\Windows\Sun\Java\bin;C:\Windows\system32;C:\Windows;C:\Windows\system32;C:\Windows;C:\Windows\System32\Wbem;C:\Windows\System32\WindowsPowerShell\v1.0\;C:\Program Files (x86)\Novell\ZENworks\bin;.
Apr 30, 2014 10:06:54 AM org.apache.coyote.http11.Http11Protocol init
INFO: Initializing Coyote HTTP/1.1 on http-8080
Apr 30, 2014 10:06:54 AM org.apache.catalina.startup.Catalina load
INFO: Initialization processed in 5367 ms
Apr 30, 2014 10:06:55 AM org.apache.catalina.core.StandardService start
INFO: Starting service Catalina
Apr 30, 2014 10:06:55 AM org.apache.catalina.core.StandardEngine start
INFO: Starting Servlet Engine: Apache Tomcat/6.0.28
Apr 30, 2014 10:06:55 AM org.apache.catalina.startup.HostConfig deployDescriptor
INFO: Deploying configuration descriptor host-manager.xml
Apr 30, 2014 10:06:58 AM org.apache.catalina.startup.HostConfig deployDescriptor
INFO: Deploying configuration descriptor manager.xml
Apr 30, 2014 10:06:59 AM org.apache.catalina.startup.HostConfig deployDirectory
INFO: Deploying web application directory docs
Apr 30, 2014 10:07:00 AM org.apache.catalina.startup.HostConfig deployDirectory
INFO: Deploying web application directory examples
Apr 30, 2014 10:07:17 AM org.apache.catalina.startup.HostConfig deployDirectory
INFO: Deploying web application directory ROOT
Apr 30, 2014 10:07:20 AM org.apache.coyote.http11.Http11Protocol start
INFO: Starting Coyote HTTP/1.1 on http-8080
Apr 30, 2014 10:07:21 AM org.apache.jk.common.ChannelSocket init
INFO: JK: ajp13 listening on /0.0.0.0:8009
Apr 30, 2014 10:07:21 AM org.apache.jk.server.JkMain start
INFO: Jk running ID=0 time=0/418  config=null
Apr 30, 2014 10:07:21 AM org.apache.catalina.startup.Catalina start
INFO: Server startup in 27378 ms
