Apr 18, 2013 9:16:16 AM org.apache.catalina.core.AprLifecycleListener init
INFO: The APR based Apache Tomcat Native library which allows optimal performance in production environments was not found on the java.library.path: J:\Foundation Studies & Learner Support\old course files\SFL CG 3792 11-12 - Current File\Resources\tomcat stuff\jre7\bin;C:\Windows\Sun\Java\bin;C:\Windows\system32;C:\Windows;C:\oracle\product\11.2.0\client_1\bin;C:\Oracle;C:\Windows\system32;C:\Windows;C:\Windows\System32\Wbem;C:\Windows\System32\WindowsPowerShell\v1.0\;.
Apr 18, 2013 9:16:17 AM org.apache.coyote.http11.Http11Protocol init
INFO: Initializing Coyote HTTP/1.1 on http-8080
Apr 18, 2013 9:16:17 AM org.apache.catalina.startup.Catalina load
INFO: Initialization processed in 3364 ms
Apr 18, 2013 9:16:17 AM org.apache.catalina.core.StandardService start
INFO: Starting service Catalina
Apr 18, 2013 9:16:17 AM org.apache.catalina.core.StandardEngine start
INFO: Starting Servlet Engine: Apache Tomcat/6.0.28
Apr 18, 2013 9:16:18 AM org.apache.catalina.startup.HostConfig deployDescriptor
INFO: Deploying configuration descriptor host-manager.xml
Apr 18, 2013 9:16:21 AM org.apache.catalina.startup.HostConfig deployDescriptor
INFO: Deploying configuration descriptor manager.xml
Apr 18, 2013 9:16:23 AM org.apache.catalina.startup.HostConfig deployDirectory
INFO: Deploying web application directory docs
Apr 18, 2013 9:16:24 AM org.apache.catalina.startup.HostConfig deployDirectory
INFO: Deploying web application directory examples
Apr 18, 2013 9:16:30 AM org.apache.catalina.startup.HostConfig deployDirectory
INFO: Deploying web application directory ROOT
Apr 18, 2013 9:16:33 AM org.apache.coyote.http11.Http11Protocol start
INFO: Starting Coyote HTTP/1.1 on http-8080
Apr 18, 2013 9:16:33 AM org.apache.jk.common.ChannelSocket init
INFO: JK: ajp13 listening on /0.0.0.0:8009
Apr 18, 2013 9:16:33 AM org.apache.jk.server.JkMain start
INFO: Jk running ID=0 time=0/156  config=null
Apr 18, 2013 9:16:33 AM org.apache.catalina.startup.Catalina start
INFO: Server startup in 16144 ms
Apr 18, 2013 12:26:11 PM org.apache.catalina.core.AprLifecycleListener init
INFO: The APR based Apache Tomcat Native library which allows optimal performance in production environments was not found on the java.library.path: J:\Foundation Studies & Learner Support\old course files\SFL CG 3792 11-12 - Current File\Resources\tomcat stuff\jre7\bin;C:\Windows\Sun\Java\bin;C:\Windows\system32;C:\Windows;C:\Program Files\Java\jdk1.7.0\bin;C:\Program Files\Java\jdk1.7.0\bin;.
Apr 18, 2013 12:26:12 PM org.apache.coyote.http11.Http11Protocol init
INFO: Initializing Coyote HTTP/1.1 on http-8080
Apr 18, 2013 12:26:12 PM org.apache.catalina.startup.Catalina load
INFO: Initialization processed in 2695 ms
Apr 18, 2013 12:26:13 PM org.apache.catalina.core.StandardService start
INFO: Starting service Catalina
Apr 18, 2013 12:26:13 PM org.apache.catalina.core.StandardEngine start
INFO: Starting Servlet Engine: Apache Tomcat/6.0.28
Apr 18, 2013 12:26:13 PM org.apache.catalina.startup.HostConfig deployDescriptor
INFO: Deploying configuration descriptor host-manager.xml
Apr 18, 2013 12:26:14 PM org.apache.catalina.startup.HostConfig deployDescriptor
INFO: Deploying configuration descriptor manager.xml
Apr 18, 2013 12:26:14 PM org.apache.catalina.startup.HostConfig deployDirectory
INFO: Deploying web application directory docs
Apr 18, 2013 12:26:14 PM org.apache.catalina.startup.HostConfig deployDirectory
INFO: Deploying web application directory examples
Apr 18, 2013 12:26:15 PM org.apache.catalina.startup.HostConfig deployDirectory
INFO: Deploying web application directory ROOT
Apr 18, 2013 12:26:16 PM org.apache.coyote.http11.Http11Protocol start
INFO: Starting Coyote HTTP/1.1 on http-8080
Apr 18, 2013 12:26:16 PM org.apache.jk.common.ChannelSocket init
INFO: JK: ajp13 listening on /0.0.0.0:8009
Apr 18, 2013 12:26:16 PM org.apache.jk.server.JkMain start
INFO: Jk running ID=0 time=0/90  config=null
Apr 18, 2013 12:26:16 PM org.apache.catalina.startup.Catalina start
INFO: Server startup in 3298 ms
