Feb 23, 2016 9:47:10 AM org.apache.catalina.core.AprLifecycleListener init
INFO: The APR based Apache Tomcat Native library which allows optimal performance in production environments was not found on the java.library.path: F:\John's programming\Tomcat_Web_Server\bin\jdk1.7.0\jre\bin;C:\Windows\Sun\Java\bin;C:\Windows\system32;C:\Windows;C:\Program Files\Java\jdk7\bin;C:\Program Files\Calibre2\;C:\Program Files\QuickTime\QTSystem\;C:\Program Files\Skype\Phone\;.
Feb 23, 2016 9:47:11 AM org.apache.coyote.http11.Http11Protocol init
INFO: Initializing Coyote HTTP/1.1 on http-8080
Feb 23, 2016 9:47:11 AM org.apache.catalina.startup.Catalina load
INFO: Initialization processed in 1617 ms
Feb 23, 2016 9:47:11 AM org.apache.catalina.core.StandardService start
INFO: Starting service Catalina
Feb 23, 2016 9:47:11 AM org.apache.catalina.core.StandardEngine start
INFO: Starting Servlet Engine: Apache Tomcat/6.0.28
Feb 23, 2016 9:47:11 AM org.apache.catalina.startup.HostConfig deployDescriptor
INFO: Deploying configuration descriptor host-manager.xml
Feb 23, 2016 9:47:12 AM org.apache.catalina.startup.HostConfig deployDescriptor
INFO: Deploying configuration descriptor manager.xml
Feb 23, 2016 9:47:12 AM org.apache.catalina.startup.HostConfig deployDirectory
INFO: Deploying web application directory docs
Feb 23, 2016 9:47:12 AM org.apache.catalina.startup.HostConfig deployDirectory
INFO: Deploying web application directory examples
Feb 23, 2016 9:47:12 AM org.apache.catalina.startup.HostConfig deployDirectory
INFO: Deploying web application directory ROOT
Feb 23, 2016 9:47:13 AM org.apache.coyote.http11.Http11Protocol start
INFO: Starting Coyote HTTP/1.1 on http-8080
Feb 23, 2016 9:47:13 AM org.apache.jk.common.ChannelSocket init
INFO: JK: ajp13 listening on /0.0.0.0:8009
Feb 23, 2016 9:47:13 AM org.apache.jk.server.JkMain start
INFO: Jk running ID=0 time=0/40  config=null
Feb 23, 2016 9:47:13 AM org.apache.catalina.startup.Catalina start
INFO: Server startup in 1750 ms
Feb 23, 2016 9:56:24 AM org.apache.catalina.core.StandardContext reload
INFO: Reloading this Context has started
