Jun 11, 2014 4:46:41 PM org.apache.catalina.core.AprLifecycleListener init
INFO: The APR based Apache Tomcat Native library which allows optimal performance in production environments was not found on the java.library.path: J:\FSLS\12-13\old course files\SFL CG 3792 11-12 - Current File\Resources\Tomcat_Web_Server\bin\jdk1.7.0\jre\bin;C:\Windows\Sun\Java\bin;C:\Windows\system32;C:\Windows;C:\Oracle\product\11.2.0\client_1\bin;C:\Windows\system32;C:\Windows;C:\Windows\System32\Wbem;C:\Windows\System32\WindowsPowerShell\v1.0\;c:\Program Files\Microsoft SQL Server\100\Tools\Binn\;c:\Program Files\Microsoft SQL Server\100\DTS\Binn\;.
Jun 11, 2014 4:46:43 PM org.apache.coyote.http11.Http11Protocol init
INFO: Initializing Coyote HTTP/1.1 on http-8080
Jun 11, 2014 4:46:43 PM org.apache.catalina.startup.Catalina load
INFO: Initialization processed in 4244 ms
Jun 11, 2014 4:46:43 PM org.apache.catalina.core.StandardService start
INFO: Starting service Catalina
Jun 11, 2014 4:46:43 PM org.apache.catalina.core.StandardEngine start
INFO: Starting Servlet Engine: Apache Tomcat/6.0.28
Jun 11, 2014 4:46:43 PM org.apache.catalina.startup.HostConfig deployDescriptor
INFO: Deploying configuration descriptor host-manager.xml
Jun 11, 2014 4:46:46 PM org.apache.catalina.startup.HostConfig deployDescriptor
INFO: Deploying configuration descriptor manager.xml
Jun 11, 2014 4:46:46 PM org.apache.catalina.startup.HostConfig deployDirectory
INFO: Deploying web application directory docs
Jun 11, 2014 4:46:47 PM org.apache.catalina.startup.HostConfig deployDirectory
INFO: Deploying web application directory examples
Jun 11, 2014 4:46:48 PM org.apache.catalina.startup.HostConfig deployDirectory
INFO: Deploying web application directory ROOT
Jun 11, 2014 4:46:49 PM org.apache.coyote.http11.Http11Protocol start
INFO: Starting Coyote HTTP/1.1 on http-8080
Jun 11, 2014 4:46:49 PM org.apache.jk.common.ChannelSocket init
INFO: JK: ajp13 listening on /0.0.0.0:8009
Jun 11, 2014 4:46:50 PM org.apache.jk.server.JkMain start
INFO: Jk running ID=0 time=0/283  config=null
Jun 11, 2014 4:46:50 PM org.apache.catalina.startup.Catalina start
INFO: Server startup in 7074 ms
