Aug 19, 2013 10:58:57 AM org.apache.catalina.core.AprLifecycleListener init
INFO: The APR based Apache Tomcat Native library which allows optimal performance in production environments was not found on the java.library.path: J:\Foundation Studies & Learner Support\old course files\SFL CG 3792 11-12 - Current File\Resources\Tomcat_Web_Server\jdk1.7.0\jre\bin;C:\Windows\Sun\Java\bin;C:\Windows\system32;C:\Windows;C:\Program Files\Java\jdk1.7.0\bin;C:\Program Files\Java\jdk1.7.0\bin;.
Aug 19, 2013 10:58:58 AM org.apache.coyote.http11.Http11Protocol init
INFO: Initializing Coyote HTTP/1.1 on http-8080
Aug 19, 2013 10:58:58 AM org.apache.catalina.startup.Catalina load
INFO: Initialization processed in 4355 ms
Aug 19, 2013 10:58:59 AM org.apache.catalina.core.StandardService start
INFO: Starting service Catalina
Aug 19, 2013 10:58:59 AM org.apache.catalina.core.StandardEngine start
INFO: Starting Servlet Engine: Apache Tomcat/6.0.28
Aug 19, 2013 10:58:59 AM org.apache.catalina.startup.HostConfig deployDescriptor
INFO: Deploying configuration descriptor host-manager.xml
Aug 19, 2013 10:59:01 AM org.apache.catalina.startup.HostConfig deployDescriptor
INFO: Deploying configuration descriptor manager.xml
Aug 19, 2013 10:59:02 AM org.apache.catalina.startup.HostConfig deployDirectory
INFO: Deploying web application directory docs
Aug 19, 2013 10:59:02 AM org.apache.catalina.startup.HostConfig deployDirectory
INFO: Deploying web application directory examples
Aug 19, 2013 10:59:03 AM org.apache.catalina.startup.HostConfig deployDirectory
INFO: Deploying web application directory ROOT
Aug 19, 2013 10:59:03 AM org.apache.coyote.http11.Http11Protocol start
INFO: Starting Coyote HTTP/1.1 on http-8080
Aug 19, 2013 10:59:03 AM org.apache.jk.common.ChannelSocket init
INFO: JK: ajp13 listening on /0.0.0.0:8009
Aug 19, 2013 10:59:04 AM org.apache.jk.server.JkMain start
INFO: Jk running ID=0 time=0/214  config=null
Aug 19, 2013 10:59:04 AM org.apache.catalina.startup.Catalina start
INFO: Server startup in 5300 ms
