May 13, 2013 4:11:18 PM org.apache.catalina.core.AprLifecycleListener init
INFO: The APR based Apache Tomcat Native library which allows optimal performance in production environments was not found on the java.library.path: J:\Foundation Studies & Learner Support\old course files\SFL CG 3792 11-12 - Current File\Resources\tomcat stuff\jre7\bin;C:\Windows\Sun\Java\bin;C:\Windows\system32;C:\Windows;C:\Oracle\product\11.2.0\client_1\bin;C:\Windows\system32;C:\Windows;C:\Windows\System32\Wbem;C:\Windows\System32\WindowsPowerShell\v1.0\;c:\Program Files\Microsoft SQL Server\100\Tools\Binn\;c:\Program Files\Microsoft SQL Server\100\DTS\Binn\;.
May 13, 2013 4:11:19 PM org.apache.coyote.http11.Http11Protocol init
INFO: Initializing Coyote HTTP/1.1 on http-8080
May 13, 2013 4:11:19 PM org.apache.catalina.startup.Catalina load
INFO: Initialization processed in 2530 ms
May 13, 2013 4:11:20 PM org.apache.catalina.core.StandardService start
INFO: Starting service Catalina
May 13, 2013 4:11:20 PM org.apache.catalina.core.StandardEngine start
INFO: Starting Servlet Engine: Apache Tomcat/6.0.28
May 13, 2013 4:11:20 PM org.apache.catalina.startup.HostConfig deployDescriptor
INFO: Deploying configuration descriptor host-manager.xml
May 13, 2013 4:11:22 PM org.apache.catalina.startup.HostConfig deployDescriptor
INFO: Deploying configuration descriptor manager.xml
May 13, 2013 4:11:23 PM org.apache.catalina.startup.HostConfig deployDirectory
INFO: Deploying web application directory docs
May 13, 2013 4:11:24 PM org.apache.catalina.startup.HostConfig deployDirectory
INFO: Deploying web application directory examples
May 13, 2013 4:11:34 PM org.apache.catalina.startup.HostConfig deployDirectory
INFO: Deploying web application directory ROOT
May 13, 2013 4:11:37 PM org.apache.coyote.http11.Http11Protocol start
INFO: Starting Coyote HTTP/1.1 on http-8080
May 13, 2013 4:11:37 PM org.apache.jk.common.ChannelSocket init
INFO: JK: ajp13 listening on /0.0.0.0:8009
May 13, 2013 4:11:37 PM org.apache.jk.server.JkMain start
INFO: Jk running ID=0 time=0/109  config=null
May 13, 2013 4:11:37 PM org.apache.catalina.startup.Catalina start
INFO: Server startup in 18086 ms
