Jun 05, 2013 9:54:02 AM org.apache.catalina.core.AprLifecycleListener init
INFO: The APR based Apache Tomcat Native library which allows optimal performance in production environments was not found on the java.library.path: J:\Foundation Studies & Learner Support\old course files\SFL CG 3792 11-12 - Current File\Resources\tomcat stuff\jre7\bin;C:\Windows\Sun\Java\bin;C:\Windows\system32;C:\Windows;C:\Program Files\Java\jdk1.7.0\bin;C:\Program Files\Java\jdk1.7.0\bin;.
Jun 05, 2013 9:54:03 AM org.apache.coyote.http11.Http11Protocol init
INFO: Initializing Coyote HTTP/1.1 on http-8080
Jun 05, 2013 9:54:03 AM org.apache.catalina.startup.Catalina load
INFO: Initialization processed in 2433 ms
Jun 05, 2013 9:54:03 AM org.apache.catalina.core.StandardService start
INFO: Starting service Catalina
Jun 05, 2013 9:54:03 AM org.apache.catalina.core.StandardEngine start
INFO: Starting Servlet Engine: Apache Tomcat/6.0.28
Jun 05, 2013 9:54:03 AM org.apache.catalina.startup.HostConfig deployDescriptor
INFO: Deploying configuration descriptor host-manager.xml
Jun 05, 2013 9:54:04 AM org.apache.catalina.startup.HostConfig deployDescriptor
INFO: Deploying configuration descriptor manager.xml
Jun 05, 2013 9:54:05 AM org.apache.catalina.startup.HostConfig deployDirectory
INFO: Deploying web application directory docs
Jun 05, 2013 9:54:05 AM org.apache.catalina.startup.HostConfig deployDirectory
INFO: Deploying web application directory examples
Jun 05, 2013 9:54:06 AM org.apache.catalina.startup.HostConfig deployDirectory
INFO: Deploying web application directory ROOT
Jun 05, 2013 9:54:06 AM org.apache.coyote.http11.Http11Protocol start
INFO: Starting Coyote HTTP/1.1 on http-8080
Jun 05, 2013 9:54:06 AM org.apache.jk.common.ChannelSocket init
INFO: JK: ajp13 listening on /0.0.0.0:8009
Jun 05, 2013 9:54:06 AM org.apache.jk.server.JkMain start
INFO: Jk running ID=0 time=0/94  config=null
Jun 05, 2013 9:54:06 AM org.apache.catalina.startup.Catalina start
INFO: Server startup in 3289 ms
Jun 05, 2013 12:01:49 PM org.apache.catalina.core.AprLifecycleListener init
INFO: The APR based Apache Tomcat Native library which allows optimal performance in production environments was not found on the java.library.path: J:\Foundation Studies & Learner Support\old course files\SFL CG 3792 11-12 - Current File\Resources\tomcat stuff\jre7\bin;C:\Windows\Sun\Java\bin;C:\Windows\system32;C:\Windows;C:\Program Files\Java\jdk1.7.0\bin;C:\Program Files\Java\jdk1.7.0\bin;.
Jun 05, 2013 12:01:50 PM org.apache.coyote.http11.Http11Protocol init
INFO: Initializing Coyote HTTP/1.1 on http-8080
Jun 05, 2013 12:01:50 PM org.apache.catalina.startup.Catalina load
INFO: Initialization processed in 2494 ms
Jun 05, 2013 12:01:51 PM org.apache.catalina.core.StandardService start
INFO: Starting service Catalina
Jun 05, 2013 12:01:51 PM org.apache.catalina.core.StandardEngine start
INFO: Starting Servlet Engine: Apache Tomcat/6.0.28
Jun 05, 2013 12:01:51 PM org.apache.catalina.startup.HostConfig deployDescriptor
INFO: Deploying configuration descriptor host-manager.xml
Jun 05, 2013 12:01:52 PM org.apache.catalina.startup.HostConfig deployDescriptor
INFO: Deploying configuration descriptor manager.xml
Jun 05, 2013 12:01:52 PM org.apache.catalina.startup.HostConfig deployDirectory
INFO: Deploying web application directory docs
Jun 05, 2013 12:01:52 PM org.apache.catalina.startup.HostConfig deployDirectory
INFO: Deploying web application directory examples
Jun 05, 2013 12:01:53 PM org.apache.catalina.startup.HostConfig deployDirectory
INFO: Deploying web application directory ROOT
Jun 05, 2013 12:01:53 PM org.apache.coyote.http11.Http11Protocol start
INFO: Starting Coyote HTTP/1.1 on http-8080
Jun 05, 2013 12:01:53 PM org.apache.jk.common.ChannelSocket init
INFO: JK: ajp13 listening on /0.0.0.0:8009
Jun 05, 2013 12:01:53 PM org.apache.jk.server.JkMain start
INFO: Jk running ID=0 time=0/78  config=null
Jun 05, 2013 12:01:53 PM org.apache.catalina.startup.Catalina start
INFO: Server startup in 2861 ms
Jun 05, 2013 12:05:17 PM org.apache.catalina.core.AprLifecycleListener init
INFO: The APR based Apache Tomcat Native library which allows optimal performance in production environments was not found on the java.library.path: J:\Foundation Studies & Learner Support\old course files\SFL CG 3792 11-12 - Current File\Resources\tomcat stuff\jre7\bin;C:\Windows\Sun\Java\bin;C:\Windows\system32;C:\Windows;C:\Program Files\Java\jdk1.7.0\bin;C:\Program Files\Java\jdk1.7.0\bin;.
Jun 05, 2013 12:05:18 PM org.apache.coyote.http11.Http11Protocol init
INFO: Initializing Coyote HTTP/1.1 on http-8080
Jun 05, 2013 12:05:18 PM org.apache.catalina.startup.Catalina load
INFO: Initialization processed in 1696 ms
Jun 05, 2013 12:05:18 PM org.apache.catalina.core.StandardService start
INFO: Starting service Catalina
Jun 05, 2013 12:05:18 PM org.apache.catalina.core.StandardEngine start
INFO: Starting Servlet Engine: Apache Tomcat/6.0.28
Jun 05, 2013 12:05:18 PM org.apache.catalina.startup.HostConfig deployDescriptor
INFO: Deploying configuration descriptor host-manager.xml
Jun 05, 2013 12:05:19 PM org.apache.catalina.startup.HostConfig deployDescriptor
INFO: Deploying configuration descriptor manager.xml
Jun 05, 2013 12:05:19 PM org.apache.catalina.startup.HostConfig deployDirectory
INFO: Deploying web application directory docs
Jun 05, 2013 12:05:19 PM org.apache.catalina.startup.HostConfig deployDirectory
INFO: Deploying web application directory examples
Jun 05, 2013 12:05:20 PM org.apache.catalina.startup.HostConfig deployDirectory
INFO: Deploying web application directory ROOT
Jun 05, 2013 12:05:20 PM org.apache.coyote.http11.Http11Protocol start
INFO: Starting Coyote HTTP/1.1 on http-8080
Jun 05, 2013 12:05:20 PM org.apache.jk.common.ChannelSocket init
INFO: JK: ajp13 listening on /0.0.0.0:8009
Jun 05, 2013 12:05:20 PM org.apache.jk.server.JkMain start
INFO: Jk running ID=0 time=0/78  config=null
Jun 05, 2013 12:05:20 PM org.apache.catalina.startup.Catalina start
INFO: Server startup in 2064 ms
Jun 05, 2013 12:11:34 PM org.apache.catalina.core.AprLifecycleListener init
INFO: The APR based Apache Tomcat Native library which allows optimal performance in production environments was not found on the java.library.path: J:\Foundation Studies & Learner Support\old course files\SFL CG 3792 11-12 - Current File\Resources\tomcat stuff\jre7\bin;C:\Windows\Sun\Java\bin;C:\Windows\system32;C:\Windows;C:\Program Files\Java\jdk1.7.0\bin;C:\Program Files\Java\jdk1.7.0\bin;.
Jun 05, 2013 12:11:34 PM org.apache.coyote.http11.Http11Protocol init
INFO: Initializing Coyote HTTP/1.1 on http-8080
Jun 05, 2013 12:11:34 PM org.apache.catalina.startup.Catalina load
INFO: Initialization processed in 1522 ms
Jun 05, 2013 12:11:35 PM org.apache.catalina.core.StandardService start
INFO: Starting service Catalina
Jun 05, 2013 12:11:35 PM org.apache.catalina.core.StandardEngine start
INFO: Starting Servlet Engine: Apache Tomcat/6.0.28
Jun 05, 2013 12:11:35 PM org.apache.catalina.startup.HostConfig deployDescriptor
INFO: Deploying configuration descriptor host-manager.xml
Jun 05, 2013 12:11:36 PM org.apache.catalina.startup.HostConfig deployDescriptor
INFO: Deploying configuration descriptor manager.xml
Jun 05, 2013 12:11:36 PM org.apache.catalina.startup.HostConfig deployDirectory
INFO: Deploying web application directory docs
Jun 05, 2013 12:11:36 PM org.apache.catalina.startup.HostConfig deployDirectory
INFO: Deploying web application directory examples
Jun 05, 2013 12:11:36 PM org.apache.catalina.startup.HostConfig deployDirectory
INFO: Deploying web application directory ROOT
Jun 05, 2013 12:11:36 PM org.apache.coyote.http11.Http11Protocol start
INFO: Starting Coyote HTTP/1.1 on http-8080
Jun 05, 2013 12:11:37 PM org.apache.jk.common.ChannelSocket init
INFO: JK: ajp13 listening on /0.0.0.0:8009
Jun 05, 2013 12:11:37 PM org.apache.jk.server.JkMain start
INFO: Jk running ID=0 time=0/78  config=null
Jun 05, 2013 12:11:37 PM org.apache.catalina.startup.Catalina start
INFO: Server startup in 2060 ms
Jun 05, 2013 1:55:27 PM org.apache.catalina.core.AprLifecycleListener init
INFO: The APR based Apache Tomcat Native library which allows optimal performance in production environments was not found on the java.library.path: J:\Foundation Studies & Learner Support\old course files\SFL CG 3792 11-12 - Current File\Resources\tomcat stuff\jre7\bin;C:\Windows\Sun\Java\bin;C:\Windows\system32;C:\Windows;C:\Program Files\Java\jdk1.7.0\bin;C:\Program Files\Java\jdk1.7.0\bin;.
Jun 05, 2013 1:55:28 PM org.apache.coyote.http11.Http11Protocol init
INFO: Initializing Coyote HTTP/1.1 on http-8080
Jun 05, 2013 1:55:28 PM org.apache.catalina.startup.Catalina load
INFO: Initialization processed in 2491 ms
Jun 05, 2013 1:55:28 PM org.apache.catalina.core.StandardService start
INFO: Starting service Catalina
Jun 05, 2013 1:55:28 PM org.apache.catalina.core.StandardEngine start
INFO: Starting Servlet Engine: Apache Tomcat/6.0.28
Jun 05, 2013 1:55:28 PM org.apache.catalina.startup.HostConfig deployDescriptor
INFO: Deploying configuration descriptor host-manager.xml
Jun 05, 2013 1:55:29 PM org.apache.catalina.startup.HostConfig deployDescriptor
INFO: Deploying configuration descriptor manager.xml
Jun 05, 2013 1:55:29 PM org.apache.catalina.startup.HostConfig deployDirectory
INFO: Deploying web application directory docs
Jun 05, 2013 1:55:29 PM org.apache.catalina.startup.HostConfig deployDirectory
INFO: Deploying web application directory examples
Jun 05, 2013 1:55:30 PM org.apache.catalina.startup.HostConfig deployDirectory
INFO: Deploying web application directory ROOT
Jun 05, 2013 1:55:30 PM org.apache.coyote.http11.Http11Protocol start
INFO: Starting Coyote HTTP/1.1 on http-8080
Jun 05, 2013 1:55:31 PM org.apache.jk.common.ChannelSocket init
INFO: JK: ajp13 listening on /0.0.0.0:8009
Jun 05, 2013 1:55:31 PM org.apache.jk.server.JkMain start
INFO: Jk running ID=0 time=0/109  config=null
Jun 05, 2013 1:55:31 PM org.apache.catalina.startup.Catalina start
INFO: Server startup in 2932 ms
Jun 05, 2013 2:29:55 PM org.apache.catalina.core.AprLifecycleListener init
INFO: The APR based Apache Tomcat Native library which allows optimal performance in production environments was not found on the java.library.path: J:\Foundation Studies & Learner Support\old course files\SFL CG 3792 11-12 - Current File\Resources\tomcat stuff\jre7\bin;C:\Windows\Sun\Java\bin;C:\Windows\system32;C:\Windows;C:\Program Files\Java\jdk1.7.0\bin;C:\Program Files\Java\jdk1.7.0\bin;.
Jun 05, 2013 2:29:56 PM org.apache.coyote.http11.Http11Protocol init
INFO: Initializing Coyote HTTP/1.1 on http-8080
Jun 05, 2013 2:29:56 PM org.apache.catalina.startup.Catalina load
INFO: Initialization processed in 1612 ms
Jun 05, 2013 2:29:56 PM org.apache.catalina.core.StandardService start
INFO: Starting service Catalina
Jun 05, 2013 2:29:56 PM org.apache.catalina.core.StandardEngine start
INFO: Starting Servlet Engine: Apache Tomcat/6.0.28
Jun 05, 2013 2:29:56 PM org.apache.catalina.startup.HostConfig deployDescriptor
INFO: Deploying configuration descriptor host-manager.xml
Jun 05, 2013 2:29:57 PM org.apache.catalina.startup.HostConfig deployDescriptor
INFO: Deploying configuration descriptor manager.xml
Jun 05, 2013 2:29:57 PM org.apache.catalina.startup.HostConfig deployDirectory
INFO: Deploying web application directory docs
Jun 05, 2013 2:29:57 PM org.apache.catalina.startup.HostConfig deployDirectory
INFO: Deploying web application directory examples
Jun 05, 2013 2:29:58 PM org.apache.catalina.startup.HostConfig deployDirectory
INFO: Deploying web application directory ROOT
Jun 05, 2013 2:29:58 PM org.apache.coyote.http11.Http11Protocol start
INFO: Starting Coyote HTTP/1.1 on http-8080
Jun 05, 2013 2:29:58 PM org.apache.jk.common.ChannelSocket init
INFO: JK: ajp13 listening on /0.0.0.0:8009
Jun 05, 2013 2:29:58 PM org.apache.jk.server.JkMain start
INFO: Jk running ID=0 time=0/67  config=null
Jun 05, 2013 2:29:58 PM org.apache.catalina.startup.Catalina start
INFO: Server startup in 2316 ms
Jun 05, 2013 3:49:48 PM org.apache.catalina.core.AprLifecycleListener init
INFO: The APR based Apache Tomcat Native library which allows optimal performance in production environments was not found on the java.library.path: J:\Foundation Studies & Learner Support\old course files\SFL CG 3792 11-12 - Current File\Resources\tomcat stuff\jre7\bin;C:\Windows\Sun\Java\bin;C:\Windows\system32;C:\Windows;C:\Program Files\Java\jdk1.7.0\bin;C:\Program Files\Java\jdk1.7.0\bin;.
Jun 05, 2013 3:49:49 PM org.apache.coyote.http11.Http11Protocol init
INFO: Initializing Coyote HTTP/1.1 on http-8080
Jun 05, 2013 3:49:49 PM org.apache.catalina.startup.Catalina load
INFO: Initialization processed in 2328 ms
Jun 05, 2013 3:49:49 PM org.apache.catalina.core.StandardService start
INFO: Starting service Catalina
Jun 05, 2013 3:49:49 PM org.apache.catalina.core.StandardEngine start
INFO: Starting Servlet Engine: Apache Tomcat/6.0.28
Jun 05, 2013 3:49:49 PM org.apache.catalina.startup.HostConfig deployDescriptor
INFO: Deploying configuration descriptor host-manager.xml
Jun 05, 2013 3:49:50 PM org.apache.catalina.startup.HostConfig deployDescriptor
INFO: Deploying configuration descriptor manager.xml
Jun 05, 2013 3:49:50 PM org.apache.catalina.startup.HostConfig deployDirectory
INFO: Deploying web application directory docs
Jun 05, 2013 3:49:51 PM org.apache.catalina.startup.HostConfig deployDirectory
INFO: Deploying web application directory examples
Jun 05, 2013 3:49:51 PM org.apache.catalina.startup.HostConfig deployDirectory
INFO: Deploying web application directory ROOT
Jun 05, 2013 3:49:52 PM org.apache.coyote.http11.Http11Protocol start
INFO: Starting Coyote HTTP/1.1 on http-8080
Jun 05, 2013 3:49:52 PM org.apache.jk.common.ChannelSocket init
INFO: JK: ajp13 listening on /0.0.0.0:8009
Jun 05, 2013 3:49:52 PM org.apache.jk.server.JkMain start
INFO: Jk running ID=0 time=0/93  config=null
Jun 05, 2013 3:49:52 PM org.apache.catalina.startup.Catalina start
INFO: Server startup in 3272 ms
Jun 05, 2013 4:36:20 PM org.apache.catalina.core.AprLifecycleListener init
INFO: The APR based Apache Tomcat Native library which allows optimal performance in production environments was not found on the java.library.path: J:\Foundation Studies & Learner Support\old course files\SFL CG 3792 11-12 - Current File\Resources\tomcat stuff\jre7\bin;C:\Windows\Sun\Java\bin;C:\Windows\system32;C:\Windows;C:\Program Files\Common Files\Microsoft Shared\Windows Live;C:\Oracle\product\11.2.0\client_1\bin;C:\Windows\system32;C:\Windows;C:\Windows\System32\Wbem;C:\Windows\System32\WindowsPowerShell\v1.0\;c:\Program Files\Microsoft SQL Server\100\Tools\Binn\;c:\Program Files\Microsoft SQL Server\100\DTS\Binn\;C:\Program Files\QuickTime\QTSystem\;C:\Program Files\Windows Live\Shared;C:\Program Files\Novell\ZENworks\bin;.
Jun 05, 2013 4:36:21 PM org.apache.coyote.http11.Http11Protocol init
INFO: Initializing Coyote HTTP/1.1 on http-8080
Jun 05, 2013 4:36:21 PM org.apache.catalina.startup.Catalina load
INFO: Initialization processed in 1448 ms
Jun 05, 2013 4:36:21 PM org.apache.catalina.core.StandardService start
INFO: Starting service Catalina
Jun 05, 2013 4:36:21 PM org.apache.catalina.core.StandardEngine start
INFO: Starting Servlet Engine: Apache Tomcat/6.0.28
Jun 05, 2013 4:36:21 PM org.apache.catalina.startup.HostConfig deployDescriptor
INFO: Deploying configuration descriptor host-manager.xml
Jun 05, 2013 4:36:22 PM org.apache.catalina.startup.HostConfig deployDescriptor
INFO: Deploying configuration descriptor manager.xml
Jun 05, 2013 4:36:22 PM org.apache.catalina.startup.HostConfig deployDirectory
INFO: Deploying web application directory docs
Jun 05, 2013 4:36:22 PM org.apache.catalina.startup.HostConfig deployDirectory
INFO: Deploying web application directory examples
Jun 05, 2013 4:36:23 PM org.apache.catalina.startup.HostConfig deployDirectory
INFO: Deploying web application directory ROOT
Jun 05, 2013 4:36:23 PM org.apache.coyote.http11.Http11Protocol start
INFO: Starting Coyote HTTP/1.1 on http-8080
Jun 05, 2013 4:36:23 PM org.apache.jk.common.ChannelSocket init
INFO: JK: ajp13 listening on /0.0.0.0:8009
Jun 05, 2013 4:36:23 PM org.apache.jk.server.JkMain start
INFO: Jk running ID=0 time=1/53  config=null
Jun 05, 2013 4:36:23 PM org.apache.catalina.startup.Catalina start
INFO: Server startup in 1836 ms
