May 17, 2012 4:44:02 PM org.apache.catalina.core.AprLifecycleListener init
INFO: The APR based Apache Tomcat Native library which allows optimal performance in production environments was not found on the java.library.path: C:\Program Files\Java\jdk1.7.0\bin;C:\Windows\Sun\Java\bin;C:\Windows\system32;C:\Windows;C:\Program Files\Java\jdk1.7.0;C:\Program Files\Java\jdk1.7.0\bin;C:\Program Files\Java\jdk1.7.0\bin;;.
May 17, 2012 4:44:02 PM org.apache.coyote.http11.Http11Protocol init
SEVERE: Error initializing endpoint
java.net.BindException: Address already in use: JVM_Bind <null>:80
	at org.apache.tomcat.util.net.JIoEndpoint.init(JIoEndpoint.java:549)
	at org.apache.coyote.http11.Http11Protocol.init(Http11Protocol.java:176)
	at org.apache.catalina.connector.Connector.initialize(Connector.java:1014)
	at org.apache.catalina.core.StandardService.initialize(StandardService.java:680)
	at org.apache.catalina.core.StandardServer.initialize(StandardServer.java:795)
	at org.apache.catalina.startup.Catalina.load(Catalina.java:524)
	at org.apache.catalina.startup.Catalina.load(Catalina.java:548)
	at sun.reflect.NativeMethodAccessorImpl.invoke0(Native Method)
	at sun.reflect.NativeMethodAccessorImpl.invoke(NativeMethodAccessorImpl.java:57)
	at sun.reflect.DelegatingMethodAccessorImpl.invoke(DelegatingMethodAccessorImpl.java:43)
	at java.lang.reflect.Method.invoke(Method.java:601)
	at org.apache.catalina.startup.Bootstrap.load(Bootstrap.java:261)
	at org.apache.catalina.startup.Bootstrap.main(Bootstrap.java:413)
Caused by: java.net.BindException: Address already in use: JVM_Bind
	at java.net.DualStackPlainSocketImpl.bind0(Native Method)
	at java.net.DualStackPlainSocketImpl.socketBind(DualStackPlainSocketImpl.java:96)
	at java.net.AbstractPlainSocketImpl.bind(AbstractPlainSocketImpl.java:374)
	at java.net.PlainSocketImpl.bind(PlainSocketImpl.java:175)
	at java.net.ServerSocket.bind(ServerSocket.java:376)
	at java.net.ServerSocket.<init>(ServerSocket.java:237)
	at java.net.ServerSocket.<init>(ServerSocket.java:181)
	at org.apache.tomcat.util.net.DefaultServerSocketFactory.createSocket(DefaultServerSocketFactory.java:50)
	at org.apache.tomcat.util.net.JIoEndpoint.init(JIoEndpoint.java:538)
	... 12 more

May 17, 2012 4:44:02 PM org.apache.catalina.startup.Catalina load
SEVERE: Catalina.start
LifecycleException:  Protocol handler initialization failed: java.net.BindException: Address already in use: JVM_Bind <null>:80
	at org.apache.catalina.connector.Connector.initialize(Connector.java:1016)
	at org.apache.catalina.core.StandardService.initialize(StandardService.java:680)
	at org.apache.catalina.core.StandardServer.initialize(StandardServer.java:795)
	at org.apache.catalina.startup.Catalina.load(Catalina.java:524)
	at org.apache.catalina.startup.Catalina.load(Catalina.java:548)
	at sun.reflect.NativeMethodAccessorImpl.invoke0(Native Method)
	at sun.reflect.NativeMethodAccessorImpl.invoke(NativeMethodAccessorImpl.java:57)
	at sun.reflect.DelegatingMethodAccessorImpl.invoke(DelegatingMethodAccessorImpl.java:43)
	at java.lang.reflect.Method.invoke(Method.java:601)
	at org.apache.catalina.startup.Bootstrap.load(Bootstrap.java:261)
	at org.apache.catalina.startup.Bootstrap.main(Bootstrap.java:413)

May 17, 2012 4:44:02 PM org.apache.catalina.startup.Catalina load
INFO: Initialization processed in 503 ms
May 17, 2012 4:44:02 PM org.apache.catalina.core.StandardService start
INFO: Starting service Catalina
May 17, 2012 4:44:02 PM org.apache.catalina.core.StandardEngine start
INFO: Starting Servlet Engine: Apache Tomcat/6.0.28
May 17, 2012 4:44:02 PM org.apache.catalina.startup.HostConfig deployDescriptor
INFO: Deploying configuration descriptor host-manager.xml
May 17, 2012 4:44:02 PM org.apache.catalina.startup.HostConfig deployDescriptor
INFO: Deploying configuration descriptor manager.xml
May 17, 2012 4:44:02 PM org.apache.catalina.startup.HostConfig deployDirectory
INFO: Deploying web application directory docs
May 17, 2012 4:44:02 PM org.apache.catalina.startup.HostConfig deployDirectory
INFO: Deploying web application directory examples
May 17, 2012 4:44:03 PM org.apache.catalina.startup.HostConfig deployDirectory
INFO: Deploying web application directory ROOT
May 17, 2012 4:44:03 PM org.apache.coyote.http11.Http11Protocol start
SEVERE: Error starting endpoint
java.net.BindException: Address already in use: JVM_Bind <null>:80
	at org.apache.tomcat.util.net.JIoEndpoint.init(JIoEndpoint.java:549)
	at org.apache.tomcat.util.net.JIoEndpoint.start(JIoEndpoint.java:565)
	at org.apache.coyote.http11.Http11Protocol.start(Http11Protocol.java:203)
	at org.apache.catalina.connector.Connector.start(Connector.java:1087)
	at org.apache.catalina.core.StandardService.start(StandardService.java:534)
	at org.apache.catalina.core.StandardServer.start(StandardServer.java:710)
	at org.apache.catalina.startup.Catalina.start(Catalina.java:581)
	at sun.reflect.NativeMethodAccessorImpl.invoke0(Native Method)
	at sun.reflect.NativeMethodAccessorImpl.invoke(NativeMethodAccessorImpl.java:57)
	at sun.reflect.DelegatingMethodAccessorImpl.invoke(DelegatingMethodAccessorImpl.java:43)
	at java.lang.reflect.Method.invoke(Method.java:601)
	at org.apache.catalina.startup.Bootstrap.start(Bootstrap.java:289)
	at org.apache.catalina.startup.Bootstrap.main(Bootstrap.java:414)
Caused by: java.net.BindException: Address already in use: JVM_Bind
	at java.net.DualStackPlainSocketImpl.bind0(Native Method)
	at java.net.DualStackPlainSocketImpl.socketBind(DualStackPlainSocketImpl.java:96)
	at java.net.AbstractPlainSocketImpl.bind(AbstractPlainSocketImpl.java:374)
	at java.net.PlainSocketImpl.bind(PlainSocketImpl.java:175)
	at java.net.ServerSocket.bind(ServerSocket.java:376)
	at java.net.ServerSocket.<init>(ServerSocket.java:237)
	at java.net.ServerSocket.<init>(ServerSocket.java:181)
	at org.apache.tomcat.util.net.DefaultServerSocketFactory.createSocket(DefaultServerSocketFactory.java:50)
	at org.apache.tomcat.util.net.JIoEndpoint.init(JIoEndpoint.java:538)
	... 12 more

May 17, 2012 4:44:03 PM org.apache.catalina.startup.Catalina start
SEVERE: Catalina.start: 
LifecycleException:  service.getName(): "Catalina";  Protocol handler start failed: java.net.BindException: Address already in use: JVM_Bind <null>:80
	at org.apache.catalina.connector.Connector.start(Connector.java:1094)
	at org.apache.catalina.core.StandardService.start(StandardService.java:534)
	at org.apache.catalina.core.StandardServer.start(StandardServer.java:710)
	at org.apache.catalina.startup.Catalina.start(Catalina.java:581)
	at sun.reflect.NativeMethodAccessorImpl.invoke0(Native Method)
	at sun.reflect.NativeMethodAccessorImpl.invoke(NativeMethodAccessorImpl.java:57)
	at sun.reflect.DelegatingMethodAccessorImpl.invoke(DelegatingMethodAccessorImpl.java:43)
	at java.lang.reflect.Method.invoke(Method.java:601)
	at org.apache.catalina.startup.Bootstrap.start(Bootstrap.java:289)
	at org.apache.catalina.startup.Bootstrap.main(Bootstrap.java:414)

May 17, 2012 4:44:03 PM org.apache.catalina.startup.Catalina start
INFO: Server startup in 743 ms
May 17, 2012 4:44:03 PM org.apache.catalina.core.StandardServer await
SEVERE: StandardServer.await: create[8005]: 
java.net.BindException: Address already in use: JVM_Bind
	at java.net.DualStackPlainSocketImpl.bind0(Native Method)
	at java.net.DualStackPlainSocketImpl.socketBind(DualStackPlainSocketImpl.java:96)
	at java.net.AbstractPlainSocketImpl.bind(AbstractPlainSocketImpl.java:374)
	at java.net.PlainSocketImpl.bind(PlainSocketImpl.java:175)
	at java.net.ServerSocket.bind(ServerSocket.java:376)
	at java.net.ServerSocket.<init>(ServerSocket.java:237)
	at org.apache.catalina.core.StandardServer.await(StandardServer.java:373)
	at org.apache.catalina.startup.Catalina.await(Catalina.java:662)
	at org.apache.catalina.startup.Catalina.start(Catalina.java:614)
	at sun.reflect.NativeMethodAccessorImpl.invoke0(Native Method)
	at sun.reflect.NativeMethodAccessorImpl.invoke(NativeMethodAccessorImpl.java:57)
	at sun.reflect.DelegatingMethodAccessorImpl.invoke(DelegatingMethodAccessorImpl.java:43)
	at java.lang.reflect.Method.invoke(Method.java:601)
	at org.apache.catalina.startup.Bootstrap.start(Bootstrap.java:289)
	at org.apache.catalina.startup.Bootstrap.main(Bootstrap.java:414)

May 17, 2012 4:44:03 PM org.apache.coyote.http11.Http11Protocol pause
INFO: Pausing Coyote HTTP/1.1 on http-80
May 17, 2012 4:44:04 PM org.apache.catalina.core.StandardService stop
INFO: Stopping service Catalina
May 17, 2012 4:44:04 PM org.apache.catalina.connector.MapperListener destroy
WARNING: Error unregistering MBeanServerDelegate
java.lang.NullPointerException
	at org.apache.catalina.connector.MapperListener.destroy(MapperListener.java:176)
	at org.apache.catalina.connector.Connector.stop(Connector.java:1135)
	at org.apache.catalina.core.StandardService.stop(StandardService.java:596)
	at org.apache.catalina.core.StandardServer.stop(StandardServer.java:744)
	at org.apache.catalina.startup.Catalina.stop(Catalina.java:648)
	at org.apache.catalina.startup.Catalina$CatalinaShutdownHook.run(Catalina.java:692)

May 17, 2012 4:44:04 PM org.apache.coyote.http11.Http11Protocol destroy
INFO: Stopping Coyote HTTP/1.1 on http-80
May 17, 2012 4:44:04 PM org.apache.catalina.connector.Connector stop
SEVERE: Coyote connector has not been started
May 17, 2012 4:44:20 PM org.apache.catalina.core.AprLifecycleListener init
INFO: The APR based Apache Tomcat Native library which allows optimal performance in production environments was not found on the java.library.path: C:\Program Files\Java\jdk1.7.0\bin;C:\Windows\Sun\Java\bin;C:\Windows\system32;C:\Windows;C:\Program Files\Java\jdk1.7.0;C:\Program Files\Java\jdk1.7.0\bin;C:\Program Files\Java\jdk1.7.0\bin;;.
May 17, 2012 4:44:20 PM org.apache.coyote.http11.Http11Protocol init
SEVERE: Error initializing endpoint
java.net.BindException: Address already in use: JVM_Bind <null>:80
	at org.apache.tomcat.util.net.JIoEndpoint.init(JIoEndpoint.java:549)
	at org.apache.coyote.http11.Http11Protocol.init(Http11Protocol.java:176)
	at org.apache.catalina.connector.Connector.initialize(Connector.java:1014)
	at org.apache.catalina.core.StandardService.initialize(StandardService.java:680)
	at org.apache.catalina.core.StandardServer.initialize(StandardServer.java:795)
	at org.apache.catalina.startup.Catalina.load(Catalina.java:524)
	at org.apache.catalina.startup.Catalina.load(Catalina.java:548)
	at sun.reflect.NativeMethodAccessorImpl.invoke0(Native Method)
	at sun.reflect.NativeMethodAccessorImpl.invoke(NativeMethodAccessorImpl.java:57)
	at sun.reflect.DelegatingMethodAccessorImpl.invoke(DelegatingMethodAccessorImpl.java:43)
	at java.lang.reflect.Method.invoke(Method.java:601)
	at org.apache.catalina.startup.Bootstrap.load(Bootstrap.java:261)
	at org.apache.catalina.startup.Bootstrap.main(Bootstrap.java:413)
Caused by: java.net.BindException: Address already in use: JVM_Bind
	at java.net.DualStackPlainSocketImpl.bind0(Native Method)
	at java.net.DualStackPlainSocketImpl.socketBind(DualStackPlainSocketImpl.java:96)
	at java.net.AbstractPlainSocketImpl.bind(AbstractPlainSocketImpl.java:374)
	at java.net.PlainSocketImpl.bind(PlainSocketImpl.java:175)
	at java.net.ServerSocket.bind(ServerSocket.java:376)
	at java.net.ServerSocket.<init>(ServerSocket.java:237)
	at java.net.ServerSocket.<init>(ServerSocket.java:181)
	at org.apache.tomcat.util.net.DefaultServerSocketFactory.createSocket(DefaultServerSocketFactory.java:50)
	at org.apache.tomcat.util.net.JIoEndpoint.init(JIoEndpoint.java:538)
	... 12 more

May 17, 2012 4:44:20 PM org.apache.catalina.startup.Catalina load
SEVERE: Catalina.start
LifecycleException:  Protocol handler initialization failed: java.net.BindException: Address already in use: JVM_Bind <null>:80
	at org.apache.catalina.connector.Connector.initialize(Connector.java:1016)
	at org.apache.catalina.core.StandardService.initialize(StandardService.java:680)
	at org.apache.catalina.core.StandardServer.initialize(StandardServer.java:795)
	at org.apache.catalina.startup.Catalina.load(Catalina.java:524)
	at org.apache.catalina.startup.Catalina.load(Catalina.java:548)
	at sun.reflect.NativeMethodAccessorImpl.invoke0(Native Method)
	at sun.reflect.NativeMethodAccessorImpl.invoke(NativeMethodAccessorImpl.java:57)
	at sun.reflect.DelegatingMethodAccessorImpl.invoke(DelegatingMethodAccessorImpl.java:43)
	at java.lang.reflect.Method.invoke(Method.java:601)
	at org.apache.catalina.startup.Bootstrap.load(Bootstrap.java:261)
	at org.apache.catalina.startup.Bootstrap.main(Bootstrap.java:413)

May 17, 2012 4:44:20 PM org.apache.catalina.startup.Catalina load
INFO: Initialization processed in 465 ms
May 17, 2012 4:44:20 PM org.apache.catalina.core.StandardService start
INFO: Starting service Catalina
May 17, 2012 4:44:20 PM org.apache.catalina.core.StandardEngine start
INFO: Starting Servlet Engine: Apache Tomcat/6.0.28
May 17, 2012 4:44:20 PM org.apache.catalina.startup.HostConfig deployDescriptor
INFO: Deploying configuration descriptor host-manager.xml
May 17, 2012 4:44:20 PM org.apache.catalina.startup.HostConfig deployDescriptor
INFO: Deploying configuration descriptor manager.xml
May 17, 2012 4:44:20 PM org.apache.catalina.startup.HostConfig deployDirectory
INFO: Deploying web application directory docs
May 17, 2012 4:44:20 PM org.apache.catalina.startup.HostConfig deployDirectory
INFO: Deploying web application directory examples
May 17, 2012 4:44:21 PM org.apache.catalina.startup.HostConfig deployDirectory
INFO: Deploying web application directory ROOT
May 17, 2012 4:44:21 PM org.apache.coyote.http11.Http11Protocol start
SEVERE: Error starting endpoint
java.net.BindException: Address already in use: JVM_Bind <null>:80
	at org.apache.tomcat.util.net.JIoEndpoint.init(JIoEndpoint.java:549)
	at org.apache.tomcat.util.net.JIoEndpoint.start(JIoEndpoint.java:565)
	at org.apache.coyote.http11.Http11Protocol.start(Http11Protocol.java:203)
	at org.apache.catalina.connector.Connector.start(Connector.java:1087)
	at org.apache.catalina.core.StandardService.start(StandardService.java:534)
	at org.apache.catalina.core.StandardServer.start(StandardServer.java:710)
	at org.apache.catalina.startup.Catalina.start(Catalina.java:581)
	at sun.reflect.NativeMethodAccessorImpl.invoke0(Native Method)
	at sun.reflect.NativeMethodAccessorImpl.invoke(NativeMethodAccessorImpl.java:57)
	at sun.reflect.DelegatingMethodAccessorImpl.invoke(DelegatingMethodAccessorImpl.java:43)
	at java.lang.reflect.Method.invoke(Method.java:601)
	at org.apache.catalina.startup.Bootstrap.start(Bootstrap.java:289)
	at org.apache.catalina.startup.Bootstrap.main(Bootstrap.java:414)
Caused by: java.net.BindException: Address already in use: JVM_Bind
	at java.net.DualStackPlainSocketImpl.bind0(Native Method)
	at java.net.DualStackPlainSocketImpl.socketBind(DualStackPlainSocketImpl.java:96)
	at java.net.AbstractPlainSocketImpl.bind(AbstractPlainSocketImpl.java:374)
	at java.net.PlainSocketImpl.bind(PlainSocketImpl.java:175)
	at java.net.ServerSocket.bind(ServerSocket.java:376)
	at java.net.ServerSocket.<init>(ServerSocket.java:237)
	at java.net.ServerSocket.<init>(ServerSocket.java:181)
	at org.apache.tomcat.util.net.DefaultServerSocketFactory.createSocket(DefaultServerSocketFactory.java:50)
	at org.apache.tomcat.util.net.JIoEndpoint.init(JIoEndpoint.java:538)
	... 12 more

May 17, 2012 4:44:21 PM org.apache.catalina.startup.Catalina start
SEVERE: Catalina.start: 
LifecycleException:  service.getName(): "Catalina";  Protocol handler start failed: java.net.BindException: Address already in use: JVM_Bind <null>:80
	at org.apache.catalina.connector.Connector.start(Connector.java:1094)
	at org.apache.catalina.core.StandardService.start(StandardService.java:534)
	at org.apache.catalina.core.StandardServer.start(StandardServer.java:710)
	at org.apache.catalina.startup.Catalina.start(Catalina.java:581)
	at sun.reflect.NativeMethodAccessorImpl.invoke0(Native Method)
	at sun.reflect.NativeMethodAccessorImpl.invoke(NativeMethodAccessorImpl.java:57)
	at sun.reflect.DelegatingMethodAccessorImpl.invoke(DelegatingMethodAccessorImpl.java:43)
	at java.lang.reflect.Method.invoke(Method.java:601)
	at org.apache.catalina.startup.Bootstrap.start(Bootstrap.java:289)
	at org.apache.catalina.startup.Bootstrap.main(Bootstrap.java:414)

May 17, 2012 4:44:21 PM org.apache.catalina.startup.Catalina start
INFO: Server startup in 683 ms
May 17, 2012 4:44:21 PM org.apache.catalina.core.StandardServer await
SEVERE: StandardServer.await: create[8005]: 
java.net.BindException: Address already in use: JVM_Bind
	at java.net.DualStackPlainSocketImpl.bind0(Native Method)
	at java.net.DualStackPlainSocketImpl.socketBind(DualStackPlainSocketImpl.java:96)
	at java.net.AbstractPlainSocketImpl.bind(AbstractPlainSocketImpl.java:374)
	at java.net.PlainSocketImpl.bind(PlainSocketImpl.java:175)
	at java.net.ServerSocket.bind(ServerSocket.java:376)
	at java.net.ServerSocket.<init>(ServerSocket.java:237)
	at org.apache.catalina.core.StandardServer.await(StandardServer.java:373)
	at org.apache.catalina.startup.Catalina.await(Catalina.java:662)
	at org.apache.catalina.startup.Catalina.start(Catalina.java:614)
	at sun.reflect.NativeMethodAccessorImpl.invoke0(Native Method)
	at sun.reflect.NativeMethodAccessorImpl.invoke(NativeMethodAccessorImpl.java:57)
	at sun.reflect.DelegatingMethodAccessorImpl.invoke(DelegatingMethodAccessorImpl.java:43)
	at java.lang.reflect.Method.invoke(Method.java:601)
	at org.apache.catalina.startup.Bootstrap.start(Bootstrap.java:289)
	at org.apache.catalina.startup.Bootstrap.main(Bootstrap.java:414)

May 17, 2012 4:44:21 PM org.apache.coyote.http11.Http11Protocol pause
INFO: Pausing Coyote HTTP/1.1 on http-80
May 17, 2012 4:44:22 PM org.apache.catalina.core.StandardService stop
INFO: Stopping service Catalina
May 17, 2012 4:44:22 PM org.apache.catalina.connector.MapperListener destroy
WARNING: Error unregistering MBeanServerDelegate
java.lang.NullPointerException
	at org.apache.catalina.connector.MapperListener.destroy(MapperListener.java:176)
	at org.apache.catalina.connector.Connector.stop(Connector.java:1135)
	at org.apache.catalina.core.StandardService.stop(StandardService.java:596)
	at org.apache.catalina.core.StandardServer.stop(StandardServer.java:744)
	at org.apache.catalina.startup.Catalina.stop(Catalina.java:648)
	at org.apache.catalina.startup.Catalina$CatalinaShutdownHook.run(Catalina.java:692)

May 17, 2012 4:44:22 PM org.apache.coyote.http11.Http11Protocol destroy
INFO: Stopping Coyote HTTP/1.1 on http-80
May 17, 2012 4:44:22 PM org.apache.catalina.connector.Connector stop
SEVERE: Coyote connector has not been started
May 17, 2012 4:44:38 PM org.apache.catalina.core.AprLifecycleListener init
INFO: The APR based Apache Tomcat Native library which allows optimal performance in production environments was not found on the java.library.path: C:\Program Files\Java\jdk1.7.0\bin;C:\Windows\Sun\Java\bin;C:\Windows\system32;C:\Windows;C:\Program Files\Java\jdk1.7.0;C:\Program Files\Java\jdk1.7.0\bin;C:\Program Files\Java\jdk1.7.0\bin;;.
May 17, 2012 4:44:39 PM org.apache.coyote.http11.Http11Protocol init
INFO: Initializing Coyote HTTP/1.1 on http-80
May 17, 2012 4:44:39 PM org.apache.catalina.startup.Catalina load
INFO: Initialization processed in 491 ms
May 17, 2012 4:44:39 PM org.apache.catalina.core.StandardService start
INFO: Starting service Catalina
May 17, 2012 4:44:39 PM org.apache.catalina.core.StandardEngine start
INFO: Starting Servlet Engine: Apache Tomcat/6.0.28
May 17, 2012 4:44:39 PM org.apache.catalina.startup.HostConfig deployDescriptor
INFO: Deploying configuration descriptor host-manager.xml
May 17, 2012 4:44:39 PM org.apache.catalina.startup.HostConfig deployDescriptor
INFO: Deploying configuration descriptor manager.xml
May 17, 2012 4:44:39 PM org.apache.catalina.startup.HostConfig deployDirectory
INFO: Deploying web application directory docs
May 17, 2012 4:44:39 PM org.apache.catalina.startup.HostConfig deployDirectory
INFO: Deploying web application directory examples
May 17, 2012 4:44:39 PM org.apache.catalina.startup.HostConfig deployDirectory
INFO: Deploying web application directory ROOT
May 17, 2012 4:44:39 PM org.apache.coyote.http11.Http11Protocol start
INFO: Starting Coyote HTTP/1.1 on http-80
May 17, 2012 4:44:39 PM org.apache.jk.common.ChannelSocket init
INFO: JK: ajp13 listening on /0.0.0.0:8009
May 17, 2012 4:44:39 PM org.apache.jk.server.JkMain start
INFO: Jk running ID=0 time=1/33  config=null
May 17, 2012 4:44:39 PM org.apache.catalina.startup.Catalina start
INFO: Server startup in 736 ms
