Feb 22, 2016 10:19:29 AM org.apache.catalina.core.AprLifecycleListener init
INFO: The APR based Apache Tomcat Native library which allows optimal performance in production environments was not found on the java.library.path: F:\John's programming\Tomcat_Web_Server\bin\jdk1.7.0\jre\bin;C:\Windows\Sun\Java\bin;C:\Windows\system32;C:\Windows;C:\Program Files\Java\jdk7\bin;C:\Program Files\Calibre2\;C:\Program Files\QuickTime\QTSystem\;C:\Program Files\Skype\Phone\;.
Feb 22, 2016 10:19:30 AM org.apache.coyote.http11.Http11Protocol init
INFO: Initializing Coyote HTTP/1.1 on http-8080
Feb 22, 2016 10:19:30 AM org.apache.catalina.startup.Catalina load
INFO: Initialization processed in 1866 ms
Feb 22, 2016 10:19:30 AM org.apache.catalina.core.StandardService start
INFO: Starting service Catalina
Feb 22, 2016 10:19:30 AM org.apache.catalina.core.StandardEngine start
INFO: Starting Servlet Engine: Apache Tomcat/6.0.28
Feb 22, 2016 10:19:30 AM org.apache.catalina.startup.HostConfig deployDescriptor
INFO: Deploying configuration descriptor host-manager.xml
Feb 22, 2016 10:19:31 AM org.apache.catalina.startup.HostConfig deployDescriptor
INFO: Deploying configuration descriptor manager.xml
Feb 22, 2016 10:19:31 AM org.apache.catalina.startup.HostConfig deployDirectory
INFO: Deploying web application directory docs
Feb 22, 2016 10:19:31 AM org.apache.catalina.startup.HostConfig deployDirectory
INFO: Deploying web application directory examples
Feb 22, 2016 10:19:32 AM org.apache.catalina.startup.HostConfig deployDirectory
INFO: Deploying web application directory ROOT
Feb 22, 2016 10:19:32 AM org.apache.coyote.http11.Http11Protocol start
INFO: Starting Coyote HTTP/1.1 on http-8080
Feb 22, 2016 10:19:32 AM org.apache.jk.common.ChannelSocket init
INFO: JK: ajp13 listening on /0.0.0.0:8009
Feb 22, 2016 10:19:32 AM org.apache.jk.server.JkMain start
INFO: Jk running ID=0 time=0/51  config=null
Feb 22, 2016 10:19:32 AM org.apache.catalina.startup.Catalina start
INFO: Server startup in 1880 ms
Feb 22, 2016 10:48:09 AM org.apache.catalina.core.AprLifecycleListener init
INFO: The APR based Apache Tomcat Native library which allows optimal performance in production environments was not found on the java.library.path: F:\John's programming\Tomcat_Web_Server\bin\jdk1.7.0\jre\bin;C:\Windows\Sun\Java\bin;C:\Windows\system32;C:\Windows;C:\Program Files\Java\jdk7\bin;C:\Program Files\Calibre2\;C:\Program Files\QuickTime\QTSystem\;C:\Program Files\Skype\Phone\;.
Feb 22, 2016 10:48:10 AM org.apache.coyote.http11.Http11Protocol init
INFO: Initializing Coyote HTTP/1.1 on http-8080
Feb 22, 2016 10:48:10 AM org.apache.catalina.startup.Catalina load
INFO: Initialization processed in 1607 ms
Feb 22, 2016 10:48:10 AM org.apache.catalina.core.StandardService start
INFO: Starting service Catalina
Feb 22, 2016 10:48:10 AM org.apache.catalina.core.StandardEngine start
INFO: Starting Servlet Engine: Apache Tomcat/6.0.28
Feb 22, 2016 10:48:10 AM org.apache.catalina.startup.HostConfig deployDescriptor
INFO: Deploying configuration descriptor host-manager.xml
Feb 22, 2016 10:48:11 AM org.apache.catalina.startup.HostConfig deployDescriptor
INFO: Deploying configuration descriptor manager.xml
Feb 22, 2016 10:48:11 AM org.apache.catalina.startup.HostConfig deployDirectory
INFO: Deploying web application directory docs
Feb 22, 2016 10:48:11 AM org.apache.catalina.startup.HostConfig deployDirectory
INFO: Deploying web application directory examples
Feb 22, 2016 10:48:11 AM org.apache.catalina.startup.HostConfig deployDirectory
INFO: Deploying web application directory ROOT
Feb 22, 2016 10:48:11 AM org.apache.coyote.http11.Http11Protocol start
INFO: Starting Coyote HTTP/1.1 on http-8080
Feb 22, 2016 10:48:12 AM org.apache.jk.common.ChannelSocket init
INFO: JK: ajp13 listening on /0.0.0.0:8009
Feb 22, 2016 10:48:12 AM org.apache.jk.server.JkMain start
INFO: Jk running ID=0 time=0/57  config=null
Feb 22, 2016 10:48:12 AM org.apache.catalina.startup.Catalina start
INFO: Server startup in 1506 ms
Feb 22, 2016 11:00:02 AM org.apache.catalina.startup.HostConfig checkResources
INFO: Reloading context []
Feb 22, 2016 11:00:02 AM org.apache.tomcat.util.digester.Digester fatalError
SEVERE: Parse Fatal Error at line 39 column 7: The element type "servlet-class" must be terminated by the matching end-tag "</servlet-class>".
org.xml.sax.SAXParseException; systemId: jndi:/localhost/WEB-INF/web.xml; lineNumber: 39; columnNumber: 7; The element type "servlet-class" must be terminated by the matching end-tag "</servlet-class>".
	at com.sun.org.apache.xerces.internal.util.ErrorHandlerWrapper.createSAXParseException(ErrorHandlerWrapper.java:198)
	at com.sun.org.apache.xerces.internal.util.ErrorHandlerWrapper.fatalError(ErrorHandlerWrapper.java:177)
	at com.sun.org.apache.xerces.internal.impl.XMLErrorReporter.reportError(XMLErrorReporter.java:441)
	at com.sun.org.apache.xerces.internal.impl.XMLErrorReporter.reportError(XMLErrorReporter.java:368)
	at com.sun.org.apache.xerces.internal.impl.XMLScanner.reportFatalError(XMLScanner.java:1375)
	at com.sun.org.apache.xerces.internal.impl.XMLDocumentFragmentScannerImpl.scanEndElement(XMLDocumentFragmentScannerImpl.java:1708)
	at com.sun.org.apache.xerces.internal.impl.XMLDocumentFragmentScannerImpl$FragmentContentDriver.next(XMLDocumentFragmentScannerImpl.java:2898)
	at com.sun.org.apache.xerces.internal.impl.XMLDocumentScannerImpl.next(XMLDocumentScannerImpl.java:607)
	at com.sun.org.apache.xerces.internal.impl.XMLDocumentFragmentScannerImpl.scanDocument(XMLDocumentFragmentScannerImpl.java:488)
	at com.sun.org.apache.xerces.internal.parsers.XML11Configuration.parse(XML11Configuration.java:835)
	at com.sun.org.apache.xerces.internal.parsers.XML11Configuration.parse(XML11Configuration.java:764)
	at com.sun.org.apache.xerces.internal.parsers.XMLParser.parse(XMLParser.java:123)
	at com.sun.org.apache.xerces.internal.parsers.AbstractSAXParser.parse(AbstractSAXParser.java:1210)
	at com.sun.org.apache.xerces.internal.jaxp.SAXParserImpl$JAXPSAXParser.parse(SAXParserImpl.java:568)
	at org.apache.tomcat.util.digester.Digester.parse(Digester.java:1642)
	at org.apache.catalina.startup.ContextConfig.applicationWebConfig(ContextConfig.java:365)
	at org.apache.catalina.startup.ContextConfig.start(ContextConfig.java:1072)
	at org.apache.catalina.startup.ContextConfig.lifecycleEvent(ContextConfig.java:261)
	at org.apache.catalina.util.LifecycleSupport.fireLifecycleEvent(LifecycleSupport.java:119)
	at org.apache.catalina.core.StandardContext.start(StandardContext.java:4540)
	at org.apache.catalina.startup.HostConfig.checkResources(HostConfig.java:1244)
	at org.apache.catalina.startup.HostConfig.check(HostConfig.java:1342)
	at org.apache.catalina.startup.HostConfig.lifecycleEvent(HostConfig.java:303)
	at org.apache.catalina.util.LifecycleSupport.fireLifecycleEvent(LifecycleSupport.java:119)
	at org.apache.catalina.core.ContainerBase.backgroundProcess(ContainerBase.java:1337)
	at org.apache.catalina.core.ContainerBase$ContainerBackgroundProcessor.processChildren(ContainerBase.java:1601)
	at org.apache.catalina.core.ContainerBase$ContainerBackgroundProcessor.processChildren(ContainerBase.java:1610)
	at org.apache.catalina.core.ContainerBase$ContainerBackgroundProcessor.run(ContainerBase.java:1590)
	at java.lang.Thread.run(Thread.java:722)

Feb 22, 2016 11:00:02 AM org.apache.catalina.startup.ContextConfig applicationWebConfig
SEVERE: Parse error in application web.xml file at jndi:/localhost/WEB-INF/web.xml
org.xml.sax.SAXParseException; systemId: jndi:/localhost/WEB-INF/web.xml; lineNumber: 39; columnNumber: 7; The element type "servlet-class" must be terminated by the matching end-tag "</servlet-class>".
	at com.sun.org.apache.xerces.internal.parsers.AbstractSAXParser.parse(AbstractSAXParser.java:1236)
	at com.sun.org.apache.xerces.internal.jaxp.SAXParserImpl$JAXPSAXParser.parse(SAXParserImpl.java:568)
	at org.apache.tomcat.util.digester.Digester.parse(Digester.java:1642)
	at org.apache.catalina.startup.ContextConfig.applicationWebConfig(ContextConfig.java:365)
	at org.apache.catalina.startup.ContextConfig.start(ContextConfig.java:1072)
	at org.apache.catalina.startup.ContextConfig.lifecycleEvent(ContextConfig.java:261)
	at org.apache.catalina.util.LifecycleSupport.fireLifecycleEvent(LifecycleSupport.java:119)
	at org.apache.catalina.core.StandardContext.start(StandardContext.java:4540)
	at org.apache.catalina.startup.HostConfig.checkResources(HostConfig.java:1244)
	at org.apache.catalina.startup.HostConfig.check(HostConfig.java:1342)
	at org.apache.catalina.startup.HostConfig.lifecycleEvent(HostConfig.java:303)
	at org.apache.catalina.util.LifecycleSupport.fireLifecycleEvent(LifecycleSupport.java:119)
	at org.apache.catalina.core.ContainerBase.backgroundProcess(ContainerBase.java:1337)
	at org.apache.catalina.core.ContainerBase$ContainerBackgroundProcessor.processChildren(ContainerBase.java:1601)
	at org.apache.catalina.core.ContainerBase$ContainerBackgroundProcessor.processChildren(ContainerBase.java:1610)
	at org.apache.catalina.core.ContainerBase$ContainerBackgroundProcessor.run(ContainerBase.java:1590)
	at java.lang.Thread.run(Thread.java:722)

Feb 22, 2016 11:00:02 AM org.apache.catalina.startup.ContextConfig applicationWebConfig
SEVERE: Occurred at line 39 column 7
Feb 22, 2016 11:00:02 AM org.apache.catalina.startup.ContextConfig start
SEVERE: Marking this application unavailable due to previous error(s)
Feb 22, 2016 11:00:02 AM org.apache.catalina.core.StandardContext start
SEVERE: Error getConfigured
Feb 22, 2016 11:00:02 AM org.apache.catalina.core.StandardContext start
SEVERE: Context [] startup failed due to previous errors
Feb 22, 2016 11:02:03 AM org.apache.catalina.startup.HostConfig checkResources
INFO: Reloading context []
Feb 22, 2016 11:02:03 AM org.apache.catalina.core.StandardContext stop
INFO: Container org.apache.catalina.core.ContainerBase.[Catalina].[localhost].[/] has not been started
Feb 22, 2016 11:02:03 AM org.apache.tomcat.util.digester.Digester fatalError
SEVERE: Parse Fatal Error at line 39 column 7: The element type "servlet-class" must be terminated by the matching end-tag "</servlet-class>".
org.xml.sax.SAXParseException; systemId: jndi:/localhost/WEB-INF/web.xml; lineNumber: 39; columnNumber: 7; The element type "servlet-class" must be terminated by the matching end-tag "</servlet-class>".
	at com.sun.org.apache.xerces.internal.util.ErrorHandlerWrapper.createSAXParseException(ErrorHandlerWrapper.java:198)
	at com.sun.org.apache.xerces.internal.util.ErrorHandlerWrapper.fatalError(ErrorHandlerWrapper.java:177)
	at com.sun.org.apache.xerces.internal.impl.XMLErrorReporter.reportError(XMLErrorReporter.java:441)
	at com.sun.org.apache.xerces.internal.impl.XMLErrorReporter.reportError(XMLErrorReporter.java:368)
	at com.sun.org.apache.xerces.internal.impl.XMLScanner.reportFatalError(XMLScanner.java:1375)
	at com.sun.org.apache.xerces.internal.impl.XMLDocumentFragmentScannerImpl.scanEndElement(XMLDocumentFragmentScannerImpl.java:1708)
	at com.sun.org.apache.xerces.internal.impl.XMLDocumentFragmentScannerImpl$FragmentContentDriver.next(XMLDocumentFragmentScannerImpl.java:2898)
	at com.sun.org.apache.xerces.internal.impl.XMLDocumentScannerImpl.next(XMLDocumentScannerImpl.java:607)
	at com.sun.org.apache.xerces.internal.impl.XMLDocumentFragmentScannerImpl.scanDocument(XMLDocumentFragmentScannerImpl.java:488)
	at com.sun.org.apache.xerces.internal.parsers.XML11Configuration.parse(XML11Configuration.java:835)
	at com.sun.org.apache.xerces.internal.parsers.XML11Configuration.parse(XML11Configuration.java:764)
	at com.sun.org.apache.xerces.internal.parsers.XMLParser.parse(XMLParser.java:123)
	at com.sun.org.apache.xerces.internal.parsers.AbstractSAXParser.parse(AbstractSAXParser.java:1210)
	at com.sun.org.apache.xerces.internal.jaxp.SAXParserImpl$JAXPSAXParser.parse(SAXParserImpl.java:568)
	at org.apache.tomcat.util.digester.Digester.parse(Digester.java:1642)
	at org.apache.catalina.startup.ContextConfig.applicationWebConfig(ContextConfig.java:365)
	at org.apache.catalina.startup.ContextConfig.start(ContextConfig.java:1072)
	at org.apache.catalina.startup.ContextConfig.lifecycleEvent(ContextConfig.java:261)
	at org.apache.catalina.util.LifecycleSupport.fireLifecycleEvent(LifecycleSupport.java:119)
	at org.apache.catalina.core.StandardContext.start(StandardContext.java:4540)
	at org.apache.catalina.startup.HostConfig.checkResources(HostConfig.java:1244)
	at org.apache.catalina.startup.HostConfig.check(HostConfig.java:1342)
	at org.apache.catalina.startup.HostConfig.lifecycleEvent(HostConfig.java:303)
	at org.apache.catalina.util.LifecycleSupport.fireLifecycleEvent(LifecycleSupport.java:119)
	at org.apache.catalina.core.ContainerBase.backgroundProcess(ContainerBase.java:1337)
	at org.apache.catalina.core.ContainerBase$ContainerBackgroundProcessor.processChildren(ContainerBase.java:1601)
	at org.apache.catalina.core.ContainerBase$ContainerBackgroundProcessor.processChildren(ContainerBase.java:1610)
	at org.apache.catalina.core.ContainerBase$ContainerBackgroundProcessor.run(ContainerBase.java:1590)
	at java.lang.Thread.run(Thread.java:722)

Feb 22, 2016 11:02:03 AM org.apache.catalina.startup.ContextConfig applicationWebConfig
SEVERE: Parse error in application web.xml file at jndi:/localhost/WEB-INF/web.xml
org.xml.sax.SAXParseException; systemId: jndi:/localhost/WEB-INF/web.xml; lineNumber: 39; columnNumber: 7; The element type "servlet-class" must be terminated by the matching end-tag "</servlet-class>".
	at com.sun.org.apache.xerces.internal.parsers.AbstractSAXParser.parse(AbstractSAXParser.java:1236)
	at com.sun.org.apache.xerces.internal.jaxp.SAXParserImpl$JAXPSAXParser.parse(SAXParserImpl.java:568)
	at org.apache.tomcat.util.digester.Digester.parse(Digester.java:1642)
	at org.apache.catalina.startup.ContextConfig.applicationWebConfig(ContextConfig.java:365)
	at org.apache.catalina.startup.ContextConfig.start(ContextConfig.java:1072)
	at org.apache.catalina.startup.ContextConfig.lifecycleEvent(ContextConfig.java:261)
	at org.apache.catalina.util.LifecycleSupport.fireLifecycleEvent(LifecycleSupport.java:119)
	at org.apache.catalina.core.StandardContext.start(StandardContext.java:4540)
	at org.apache.catalina.startup.HostConfig.checkResources(HostConfig.java:1244)
	at org.apache.catalina.startup.HostConfig.check(HostConfig.java:1342)
	at org.apache.catalina.startup.HostConfig.lifecycleEvent(HostConfig.java:303)
	at org.apache.catalina.util.LifecycleSupport.fireLifecycleEvent(LifecycleSupport.java:119)
	at org.apache.catalina.core.ContainerBase.backgroundProcess(ContainerBase.java:1337)
	at org.apache.catalina.core.ContainerBase$ContainerBackgroundProcessor.processChildren(ContainerBase.java:1601)
	at org.apache.catalina.core.ContainerBase$ContainerBackgroundProcessor.processChildren(ContainerBase.java:1610)
	at org.apache.catalina.core.ContainerBase$ContainerBackgroundProcessor.run(ContainerBase.java:1590)
	at java.lang.Thread.run(Thread.java:722)

Feb 22, 2016 11:02:03 AM org.apache.catalina.startup.ContextConfig applicationWebConfig
SEVERE: Occurred at line 39 column 7
Feb 22, 2016 11:02:03 AM org.apache.catalina.startup.ContextConfig start
SEVERE: Marking this application unavailable due to previous error(s)
Feb 22, 2016 11:02:03 AM org.apache.catalina.core.StandardContext start
SEVERE: Error getConfigured
Feb 22, 2016 11:02:03 AM org.apache.catalina.core.StandardContext start
SEVERE: Context [] startup failed due to previous errors
Feb 22, 2016 11:02:16 AM org.apache.catalina.core.AprLifecycleListener init
INFO: The APR based Apache Tomcat Native library which allows optimal performance in production environments was not found on the java.library.path: F:\John's programming\Tomcat_Web_Server\bin\jdk1.7.0\jre\bin;C:\Windows\Sun\Java\bin;C:\Windows\system32;C:\Windows;C:\Program Files\Java\jdk7\bin;C:\Program Files\Calibre2\;C:\Program Files\QuickTime\QTSystem\;C:\Program Files\Skype\Phone\;.
Feb 22, 2016 11:02:16 AM org.apache.coyote.http11.Http11Protocol init
INFO: Initializing Coyote HTTP/1.1 on http-8080
Feb 22, 2016 11:02:16 AM org.apache.catalina.startup.Catalina load
INFO: Initialization processed in 436 ms
Feb 22, 2016 11:02:16 AM org.apache.catalina.core.StandardService start
INFO: Starting service Catalina
Feb 22, 2016 11:02:16 AM org.apache.catalina.core.StandardEngine start
INFO: Starting Servlet Engine: Apache Tomcat/6.0.28
Feb 22, 2016 11:02:16 AM org.apache.catalina.startup.HostConfig deployDescriptor
INFO: Deploying configuration descriptor host-manager.xml
Feb 22, 2016 11:02:17 AM org.apache.catalina.startup.HostConfig deployDescriptor
INFO: Deploying configuration descriptor manager.xml
Feb 22, 2016 11:02:17 AM org.apache.catalina.startup.HostConfig deployDirectory
INFO: Deploying web application directory docs
Feb 22, 2016 11:02:17 AM org.apache.catalina.startup.HostConfig deployDirectory
INFO: Deploying web application directory examples
Feb 22, 2016 11:02:17 AM org.apache.catalina.startup.HostConfig deployDirectory
INFO: Deploying web application directory ROOT
Feb 22, 2016 11:02:17 AM org.apache.tomcat.util.digester.Digester fatalError
SEVERE: Parse Fatal Error at line 39 column 7: The element type "servlet-class" must be terminated by the matching end-tag "</servlet-class>".
org.xml.sax.SAXParseException; systemId: jndi:/localhost/WEB-INF/web.xml; lineNumber: 39; columnNumber: 7; The element type "servlet-class" must be terminated by the matching end-tag "</servlet-class>".
	at com.sun.org.apache.xerces.internal.util.ErrorHandlerWrapper.createSAXParseException(ErrorHandlerWrapper.java:198)
	at com.sun.org.apache.xerces.internal.util.ErrorHandlerWrapper.fatalError(ErrorHandlerWrapper.java:177)
	at com.sun.org.apache.xerces.internal.impl.XMLErrorReporter.reportError(XMLErrorReporter.java:441)
	at com.sun.org.apache.xerces.internal.impl.XMLErrorReporter.reportError(XMLErrorReporter.java:368)
	at com.sun.org.apache.xerces.internal.impl.XMLScanner.reportFatalError(XMLScanner.java:1375)
	at com.sun.org.apache.xerces.internal.impl.XMLDocumentFragmentScannerImpl.scanEndElement(XMLDocumentFragmentScannerImpl.java:1708)
	at com.sun.org.apache.xerces.internal.impl.XMLDocumentFragmentScannerImpl$FragmentContentDriver.next(XMLDocumentFragmentScannerImpl.java:2898)
	at com.sun.org.apache.xerces.internal.impl.XMLDocumentScannerImpl.next(XMLDocumentScannerImpl.java:607)
	at com.sun.org.apache.xerces.internal.impl.XMLDocumentFragmentScannerImpl.scanDocument(XMLDocumentFragmentScannerImpl.java:488)
	at com.sun.org.apache.xerces.internal.parsers.XML11Configuration.parse(XML11Configuration.java:835)
	at com.sun.org.apache.xerces.internal.parsers.XML11Configuration.parse(XML11Configuration.java:764)
	at com.sun.org.apache.xerces.internal.parsers.XMLParser.parse(XMLParser.java:123)
	at com.sun.org.apache.xerces.internal.parsers.AbstractSAXParser.parse(AbstractSAXParser.java:1210)
	at com.sun.org.apache.xerces.internal.jaxp.SAXParserImpl$JAXPSAXParser.parse(SAXParserImpl.java:568)
	at org.apache.tomcat.util.digester.Digester.parse(Digester.java:1642)
	at org.apache.catalina.startup.ContextConfig.applicationWebConfig(ContextConfig.java:365)
	at org.apache.catalina.startup.ContextConfig.start(ContextConfig.java:1072)
	at org.apache.catalina.startup.ContextConfig.lifecycleEvent(ContextConfig.java:261)
	at org.apache.catalina.util.LifecycleSupport.fireLifecycleEvent(LifecycleSupport.java:119)
	at org.apache.catalina.core.StandardContext.start(StandardContext.java:4540)
	at org.apache.catalina.core.ContainerBase.addChildInternal(ContainerBase.java:791)
	at org.apache.catalina.core.ContainerBase.addChild(ContainerBase.java:771)
	at org.apache.catalina.core.StandardHost.addChild(StandardHost.java:546)
	at org.apache.catalina.startup.HostConfig.deployDirectory(HostConfig.java:1041)
	at org.apache.catalina.startup.HostConfig.deployDirectories(HostConfig.java:964)
	at org.apache.catalina.startup.HostConfig.deployApps(HostConfig.java:502)
	at org.apache.catalina.startup.HostConfig.start(HostConfig.java:1277)
	at org.apache.catalina.startup.HostConfig.lifecycleEvent(HostConfig.java:321)
	at org.apache.catalina.util.LifecycleSupport.fireLifecycleEvent(LifecycleSupport.java:119)
	at org.apache.catalina.core.ContainerBase.start(ContainerBase.java:1053)
	at org.apache.catalina.core.StandardHost.start(StandardHost.java:785)
	at org.apache.catalina.core.ContainerBase.start(ContainerBase.java:1045)
	at org.apache.catalina.core.StandardEngine.start(StandardEngine.java:445)
	at org.apache.catalina.core.StandardService.start(StandardService.java:519)
	at org.apache.catalina.core.StandardServer.start(StandardServer.java:710)
	at org.apache.catalina.startup.Catalina.start(Catalina.java:581)
	at sun.reflect.NativeMethodAccessorImpl.invoke0(Native Method)
	at sun.reflect.NativeMethodAccessorImpl.invoke(NativeMethodAccessorImpl.java:57)
	at sun.reflect.DelegatingMethodAccessorImpl.invoke(DelegatingMethodAccessorImpl.java:43)
	at java.lang.reflect.Method.invoke(Method.java:601)
	at org.apache.catalina.startup.Bootstrap.start(Bootstrap.java:289)
	at org.apache.catalina.startup.Bootstrap.main(Bootstrap.java:414)

Feb 22, 2016 11:02:17 AM org.apache.catalina.startup.ContextConfig applicationWebConfig
SEVERE: Parse error in application web.xml file at jndi:/localhost/WEB-INF/web.xml
org.xml.sax.SAXParseException; systemId: jndi:/localhost/WEB-INF/web.xml; lineNumber: 39; columnNumber: 7; The element type "servlet-class" must be terminated by the matching end-tag "</servlet-class>".
	at com.sun.org.apache.xerces.internal.parsers.AbstractSAXParser.parse(AbstractSAXParser.java:1236)
	at com.sun.org.apache.xerces.internal.jaxp.SAXParserImpl$JAXPSAXParser.parse(SAXParserImpl.java:568)
	at org.apache.tomcat.util.digester.Digester.parse(Digester.java:1642)
	at org.apache.catalina.startup.ContextConfig.applicationWebConfig(ContextConfig.java:365)
	at org.apache.catalina.startup.ContextConfig.start(ContextConfig.java:1072)
	at org.apache.catalina.startup.ContextConfig.lifecycleEvent(ContextConfig.java:261)
	at org.apache.catalina.util.LifecycleSupport.fireLifecycleEvent(LifecycleSupport.java:119)
	at org.apache.catalina.core.StandardContext.start(StandardContext.java:4540)
	at org.apache.catalina.core.ContainerBase.addChildInternal(ContainerBase.java:791)
	at org.apache.catalina.core.ContainerBase.addChild(ContainerBase.java:771)
	at org.apache.catalina.core.StandardHost.addChild(StandardHost.java:546)
	at org.apache.catalina.startup.HostConfig.deployDirectory(HostConfig.java:1041)
	at org.apache.catalina.startup.HostConfig.deployDirectories(HostConfig.java:964)
	at org.apache.catalina.startup.HostConfig.deployApps(HostConfig.java:502)
	at org.apache.catalina.startup.HostConfig.start(HostConfig.java:1277)
	at org.apache.catalina.startup.HostConfig.lifecycleEvent(HostConfig.java:321)
	at org.apache.catalina.util.LifecycleSupport.fireLifecycleEvent(LifecycleSupport.java:119)
	at org.apache.catalina.core.ContainerBase.start(ContainerBase.java:1053)
	at org.apache.catalina.core.StandardHost.start(StandardHost.java:785)
	at org.apache.catalina.core.ContainerBase.start(ContainerBase.java:1045)
	at org.apache.catalina.core.StandardEngine.start(StandardEngine.java:445)
	at org.apache.catalina.core.StandardService.start(StandardService.java:519)
	at org.apache.catalina.core.StandardServer.start(StandardServer.java:710)
	at org.apache.catalina.startup.Catalina.start(Catalina.java:581)
	at sun.reflect.NativeMethodAccessorImpl.invoke0(Native Method)
	at sun.reflect.NativeMethodAccessorImpl.invoke(NativeMethodAccessorImpl.java:57)
	at sun.reflect.DelegatingMethodAccessorImpl.invoke(DelegatingMethodAccessorImpl.java:43)
	at java.lang.reflect.Method.invoke(Method.java:601)
	at org.apache.catalina.startup.Bootstrap.start(Bootstrap.java:289)
	at org.apache.catalina.startup.Bootstrap.main(Bootstrap.java:414)

Feb 22, 2016 11:02:17 AM org.apache.catalina.startup.ContextConfig applicationWebConfig
SEVERE: Occurred at line 39 column 7
Feb 22, 2016 11:02:17 AM org.apache.catalina.startup.ContextConfig start
SEVERE: Marking this application unavailable due to previous error(s)
Feb 22, 2016 11:02:17 AM org.apache.catalina.core.StandardContext start
SEVERE: Error getConfigured
Feb 22, 2016 11:02:17 AM org.apache.catalina.core.StandardContext start
SEVERE: Context [] startup failed due to previous errors
Feb 22, 2016 11:02:17 AM org.apache.coyote.http11.Http11Protocol start
INFO: Starting Coyote HTTP/1.1 on http-8080
Feb 22, 2016 11:02:17 AM org.apache.jk.common.ChannelSocket init
INFO: JK: ajp13 listening on /0.0.0.0:8009
Feb 22, 2016 11:02:17 AM org.apache.jk.server.JkMain start
INFO: Jk running ID=0 time=0/30  config=null
Feb 22, 2016 11:02:17 AM org.apache.catalina.startup.Catalina start
INFO: Server startup in 843 ms
Feb 22, 2016 11:05:32 AM org.apache.catalina.core.AprLifecycleListener init
INFO: The APR based Apache Tomcat Native library which allows optimal performance in production environments was not found on the java.library.path: F:\John's programming\Tomcat_Web_Server\bin\jdk1.7.0\jre\bin;C:\Windows\Sun\Java\bin;C:\Windows\system32;C:\Windows;C:\Program Files\Java\jdk7\bin;C:\Program Files\Calibre2\;C:\Program Files\QuickTime\QTSystem\;C:\Program Files\Skype\Phone\;.
Feb 22, 2016 11:05:33 AM org.apache.coyote.http11.Http11Protocol init
INFO: Initializing Coyote HTTP/1.1 on http-8080
Feb 22, 2016 11:05:33 AM org.apache.catalina.startup.Catalina load
INFO: Initialization processed in 422 ms
Feb 22, 2016 11:05:33 AM org.apache.catalina.core.StandardService start
INFO: Starting service Catalina
Feb 22, 2016 11:05:33 AM org.apache.catalina.core.StandardEngine start
INFO: Starting Servlet Engine: Apache Tomcat/6.0.28
Feb 22, 2016 11:05:33 AM org.apache.catalina.startup.HostConfig deployDescriptor
INFO: Deploying configuration descriptor host-manager.xml
Feb 22, 2016 11:05:33 AM org.apache.catalina.startup.HostConfig deployDescriptor
INFO: Deploying configuration descriptor manager.xml
Feb 22, 2016 11:05:33 AM org.apache.catalina.startup.HostConfig deployDirectory
INFO: Deploying web application directory docs
Feb 22, 2016 11:05:33 AM org.apache.catalina.startup.HostConfig deployDirectory
INFO: Deploying web application directory examples
Feb 22, 2016 11:05:33 AM org.apache.catalina.startup.HostConfig deployDirectory
INFO: Deploying web application directory ROOT
Feb 22, 2016 11:05:33 AM org.apache.tomcat.util.digester.Digester fatalError
SEVERE: Parse Fatal Error at line 39 column 7: The element type "servlet-class" must be terminated by the matching end-tag "</servlet-class>".
org.xml.sax.SAXParseException; systemId: jndi:/localhost/WEB-INF/web.xml; lineNumber: 39; columnNumber: 7; The element type "servlet-class" must be terminated by the matching end-tag "</servlet-class>".
	at com.sun.org.apache.xerces.internal.util.ErrorHandlerWrapper.createSAXParseException(ErrorHandlerWrapper.java:198)
	at com.sun.org.apache.xerces.internal.util.ErrorHandlerWrapper.fatalError(ErrorHandlerWrapper.java:177)
	at com.sun.org.apache.xerces.internal.impl.XMLErrorReporter.reportError(XMLErrorReporter.java:441)
	at com.sun.org.apache.xerces.internal.impl.XMLErrorReporter.reportError(XMLErrorReporter.java:368)
	at com.sun.org.apache.xerces.internal.impl.XMLScanner.reportFatalError(XMLScanner.java:1375)
	at com.sun.org.apache.xerces.internal.impl.XMLDocumentFragmentScannerImpl.scanEndElement(XMLDocumentFragmentScannerImpl.java:1708)
	at com.sun.org.apache.xerces.internal.impl.XMLDocumentFragmentScannerImpl$FragmentContentDriver.next(XMLDocumentFragmentScannerImpl.java:2898)
	at com.sun.org.apache.xerces.internal.impl.XMLDocumentScannerImpl.next(XMLDocumentScannerImpl.java:607)
	at com.sun.org.apache.xerces.internal.impl.XMLDocumentFragmentScannerImpl.scanDocument(XMLDocumentFragmentScannerImpl.java:488)
	at com.sun.org.apache.xerces.internal.parsers.XML11Configuration.parse(XML11Configuration.java:835)
	at com.sun.org.apache.xerces.internal.parsers.XML11Configuration.parse(XML11Configuration.java:764)
	at com.sun.org.apache.xerces.internal.parsers.XMLParser.parse(XMLParser.java:123)
	at com.sun.org.apache.xerces.internal.parsers.AbstractSAXParser.parse(AbstractSAXParser.java:1210)
	at com.sun.org.apache.xerces.internal.jaxp.SAXParserImpl$JAXPSAXParser.parse(SAXParserImpl.java:568)
	at org.apache.tomcat.util.digester.Digester.parse(Digester.java:1642)
	at org.apache.catalina.startup.ContextConfig.applicationWebConfig(ContextConfig.java:365)
	at org.apache.catalina.startup.ContextConfig.start(ContextConfig.java:1072)
	at org.apache.catalina.startup.ContextConfig.lifecycleEvent(ContextConfig.java:261)
	at org.apache.catalina.util.LifecycleSupport.fireLifecycleEvent(LifecycleSupport.java:119)
	at org.apache.catalina.core.StandardContext.start(StandardContext.java:4540)
	at org.apache.catalina.core.ContainerBase.addChildInternal(ContainerBase.java:791)
	at org.apache.catalina.core.ContainerBase.addChild(ContainerBase.java:771)
	at org.apache.catalina.core.StandardHost.addChild(StandardHost.java:546)
	at org.apache.catalina.startup.HostConfig.deployDirectory(HostConfig.java:1041)
	at org.apache.catalina.startup.HostConfig.deployDirectories(HostConfig.java:964)
	at org.apache.catalina.startup.HostConfig.deployApps(HostConfig.java:502)
	at org.apache.catalina.startup.HostConfig.start(HostConfig.java:1277)
	at org.apache.catalina.startup.HostConfig.lifecycleEvent(HostConfig.java:321)
	at org.apache.catalina.util.LifecycleSupport.fireLifecycleEvent(LifecycleSupport.java:119)
	at org.apache.catalina.core.ContainerBase.start(ContainerBase.java:1053)
	at org.apache.catalina.core.StandardHost.start(StandardHost.java:785)
	at org.apache.catalina.core.ContainerBase.start(ContainerBase.java:1045)
	at org.apache.catalina.core.StandardEngine.start(StandardEngine.java:445)
	at org.apache.catalina.core.StandardService.start(StandardService.java:519)
	at org.apache.catalina.core.StandardServer.start(StandardServer.java:710)
	at org.apache.catalina.startup.Catalina.start(Catalina.java:581)
	at sun.reflect.NativeMethodAccessorImpl.invoke0(Native Method)
	at sun.reflect.NativeMethodAccessorImpl.invoke(NativeMethodAccessorImpl.java:57)
	at sun.reflect.DelegatingMethodAccessorImpl.invoke(DelegatingMethodAccessorImpl.java:43)
	at java.lang.reflect.Method.invoke(Method.java:601)
	at org.apache.catalina.startup.Bootstrap.start(Bootstrap.java:289)
	at org.apache.catalina.startup.Bootstrap.main(Bootstrap.java:414)

Feb 22, 2016 11:05:33 AM org.apache.catalina.startup.ContextConfig applicationWebConfig
SEVERE: Parse error in application web.xml file at jndi:/localhost/WEB-INF/web.xml
org.xml.sax.SAXParseException; systemId: jndi:/localhost/WEB-INF/web.xml; lineNumber: 39; columnNumber: 7; The element type "servlet-class" must be terminated by the matching end-tag "</servlet-class>".
	at com.sun.org.apache.xerces.internal.parsers.AbstractSAXParser.parse(AbstractSAXParser.java:1236)
	at com.sun.org.apache.xerces.internal.jaxp.SAXParserImpl$JAXPSAXParser.parse(SAXParserImpl.java:568)
	at org.apache.tomcat.util.digester.Digester.parse(Digester.java:1642)
	at org.apache.catalina.startup.ContextConfig.applicationWebConfig(ContextConfig.java:365)
	at org.apache.catalina.startup.ContextConfig.start(ContextConfig.java:1072)
	at org.apache.catalina.startup.ContextConfig.lifecycleEvent(ContextConfig.java:261)
	at org.apache.catalina.util.LifecycleSupport.fireLifecycleEvent(LifecycleSupport.java:119)
	at org.apache.catalina.core.StandardContext.start(StandardContext.java:4540)
	at org.apache.catalina.core.ContainerBase.addChildInternal(ContainerBase.java:791)
	at org.apache.catalina.core.ContainerBase.addChild(ContainerBase.java:771)
	at org.apache.catalina.core.StandardHost.addChild(StandardHost.java:546)
	at org.apache.catalina.startup.HostConfig.deployDirectory(HostConfig.java:1041)
	at org.apache.catalina.startup.HostConfig.deployDirectories(HostConfig.java:964)
	at org.apache.catalina.startup.HostConfig.deployApps(HostConfig.java:502)
	at org.apache.catalina.startup.HostConfig.start(HostConfig.java:1277)
	at org.apache.catalina.startup.HostConfig.lifecycleEvent(HostConfig.java:321)
	at org.apache.catalina.util.LifecycleSupport.fireLifecycleEvent(LifecycleSupport.java:119)
	at org.apache.catalina.core.ContainerBase.start(ContainerBase.java:1053)
	at org.apache.catalina.core.StandardHost.start(StandardHost.java:785)
	at org.apache.catalina.core.ContainerBase.start(ContainerBase.java:1045)
	at org.apache.catalina.core.StandardEngine.start(StandardEngine.java:445)
	at org.apache.catalina.core.StandardService.start(StandardService.java:519)
	at org.apache.catalina.core.StandardServer.start(StandardServer.java:710)
	at org.apache.catalina.startup.Catalina.start(Catalina.java:581)
	at sun.reflect.NativeMethodAccessorImpl.invoke0(Native Method)
	at sun.reflect.NativeMethodAccessorImpl.invoke(NativeMethodAccessorImpl.java:57)
	at sun.reflect.DelegatingMethodAccessorImpl.invoke(DelegatingMethodAccessorImpl.java:43)
	at java.lang.reflect.Method.invoke(Method.java:601)
	at org.apache.catalina.startup.Bootstrap.start(Bootstrap.java:289)
	at org.apache.catalina.startup.Bootstrap.main(Bootstrap.java:414)

Feb 22, 2016 11:05:33 AM org.apache.catalina.startup.ContextConfig applicationWebConfig
SEVERE: Occurred at line 39 column 7
Feb 22, 2016 11:05:33 AM org.apache.catalina.startup.ContextConfig start
SEVERE: Marking this application unavailable due to previous error(s)
Feb 22, 2016 11:05:33 AM org.apache.catalina.core.StandardContext start
SEVERE: Error getConfigured
Feb 22, 2016 11:05:33 AM org.apache.catalina.core.StandardContext start
SEVERE: Context [] startup failed due to previous errors
Feb 22, 2016 11:05:33 AM org.apache.coyote.http11.Http11Protocol start
INFO: Starting Coyote HTTP/1.1 on http-8080
Feb 22, 2016 11:05:33 AM org.apache.jk.common.ChannelSocket init
INFO: JK: ajp13 listening on /0.0.0.0:8009
Feb 22, 2016 11:05:33 AM org.apache.jk.server.JkMain start
INFO: Jk running ID=0 time=0/30  config=null
Feb 22, 2016 11:05:33 AM org.apache.catalina.startup.Catalina start
INFO: Server startup in 795 ms
Feb 22, 2016 11:06:17 AM org.apache.catalina.core.AprLifecycleListener init
INFO: The APR based Apache Tomcat Native library which allows optimal performance in production environments was not found on the java.library.path: F:\John's programming\Tomcat_Web_Server\bin\jdk1.7.0\jre\bin;C:\Windows\Sun\Java\bin;C:\Windows\system32;C:\Windows;C:\Program Files\Java\jdk7\bin;C:\Program Files\Calibre2\;C:\Program Files\QuickTime\QTSystem\;C:\Program Files\Skype\Phone\;.
Feb 22, 2016 11:06:17 AM org.apache.coyote.http11.Http11Protocol init
INFO: Initializing Coyote HTTP/1.1 on http-8080
Feb 22, 2016 11:06:17 AM org.apache.catalina.startup.Catalina load
INFO: Initialization processed in 417 ms
Feb 22, 2016 11:06:17 AM org.apache.catalina.core.StandardService start
INFO: Starting service Catalina
Feb 22, 2016 11:06:17 AM org.apache.catalina.core.StandardEngine start
INFO: Starting Servlet Engine: Apache Tomcat/6.0.28
Feb 22, 2016 11:06:17 AM org.apache.catalina.startup.HostConfig deployDescriptor
INFO: Deploying configuration descriptor host-manager.xml
Feb 22, 2016 11:06:17 AM org.apache.catalina.startup.HostConfig deployDescriptor
INFO: Deploying configuration descriptor manager.xml
Feb 22, 2016 11:06:17 AM org.apache.catalina.startup.HostConfig deployDirectory
INFO: Deploying web application directory docs
Feb 22, 2016 11:06:17 AM org.apache.catalina.startup.HostConfig deployDirectory
INFO: Deploying web application directory examples
Feb 22, 2016 11:06:18 AM org.apache.catalina.startup.HostConfig deployDirectory
INFO: Deploying web application directory ROOT
Feb 22, 2016 11:06:18 AM org.apache.tomcat.util.digester.Digester fatalError
SEVERE: Parse Fatal Error at line 38 column 3: The element type "servlet" must be terminated by the matching end-tag "</servlet>".
org.xml.sax.SAXParseException; systemId: jndi:/localhost/WEB-INF/web.xml; lineNumber: 38; columnNumber: 3; The element type "servlet" must be terminated by the matching end-tag "</servlet>".
	at com.sun.org.apache.xerces.internal.util.ErrorHandlerWrapper.createSAXParseException(ErrorHandlerWrapper.java:198)
	at com.sun.org.apache.xerces.internal.util.ErrorHandlerWrapper.fatalError(ErrorHandlerWrapper.java:177)
	at com.sun.org.apache.xerces.internal.impl.XMLErrorReporter.reportError(XMLErrorReporter.java:441)
	at com.sun.org.apache.xerces.internal.impl.XMLErrorReporter.reportError(XMLErrorReporter.java:368)
	at com.sun.org.apache.xerces.internal.impl.XMLScanner.reportFatalError(XMLScanner.java:1375)
	at com.sun.org.apache.xerces.internal.impl.XMLDocumentFragmentScannerImpl.scanEndElement(XMLDocumentFragmentScannerImpl.java:1708)
	at com.sun.org.apache.xerces.internal.impl.XMLDocumentFragmentScannerImpl$FragmentContentDriver.next(XMLDocumentFragmentScannerImpl.java:2898)
	at com.sun.org.apache.xerces.internal.impl.XMLDocumentScannerImpl.next(XMLDocumentScannerImpl.java:607)
	at com.sun.org.apache.xerces.internal.impl.XMLDocumentFragmentScannerImpl.scanDocument(XMLDocumentFragmentScannerImpl.java:488)
	at com.sun.org.apache.xerces.internal.parsers.XML11Configuration.parse(XML11Configuration.java:835)
	at com.sun.org.apache.xerces.internal.parsers.XML11Configuration.parse(XML11Configuration.java:764)
	at com.sun.org.apache.xerces.internal.parsers.XMLParser.parse(XMLParser.java:123)
	at com.sun.org.apache.xerces.internal.parsers.AbstractSAXParser.parse(AbstractSAXParser.java:1210)
	at com.sun.org.apache.xerces.internal.jaxp.SAXParserImpl$JAXPSAXParser.parse(SAXParserImpl.java:568)
	at org.apache.tomcat.util.digester.Digester.parse(Digester.java:1642)
	at org.apache.catalina.startup.ContextConfig.applicationWebConfig(ContextConfig.java:365)
	at org.apache.catalina.startup.ContextConfig.start(ContextConfig.java:1072)
	at org.apache.catalina.startup.ContextConfig.lifecycleEvent(ContextConfig.java:261)
	at org.apache.catalina.util.LifecycleSupport.fireLifecycleEvent(LifecycleSupport.java:119)
	at org.apache.catalina.core.StandardContext.start(StandardContext.java:4540)
	at org.apache.catalina.core.ContainerBase.addChildInternal(ContainerBase.java:791)
	at org.apache.catalina.core.ContainerBase.addChild(ContainerBase.java:771)
	at org.apache.catalina.core.StandardHost.addChild(StandardHost.java:546)
	at org.apache.catalina.startup.HostConfig.deployDirectory(HostConfig.java:1041)
	at org.apache.catalina.startup.HostConfig.deployDirectories(HostConfig.java:964)
	at org.apache.catalina.startup.HostConfig.deployApps(HostConfig.java:502)
	at org.apache.catalina.startup.HostConfig.start(HostConfig.java:1277)
	at org.apache.catalina.startup.HostConfig.lifecycleEvent(HostConfig.java:321)
	at org.apache.catalina.util.LifecycleSupport.fireLifecycleEvent(LifecycleSupport.java:119)
	at org.apache.catalina.core.ContainerBase.start(ContainerBase.java:1053)
	at org.apache.catalina.core.StandardHost.start(StandardHost.java:785)
	at org.apache.catalina.core.ContainerBase.start(ContainerBase.java:1045)
	at org.apache.catalina.core.StandardEngine.start(StandardEngine.java:445)
	at org.apache.catalina.core.StandardService.start(StandardService.java:519)
	at org.apache.catalina.core.StandardServer.start(StandardServer.java:710)
	at org.apache.catalina.startup.Catalina.start(Catalina.java:581)
	at sun.reflect.NativeMethodAccessorImpl.invoke0(Native Method)
	at sun.reflect.NativeMethodAccessorImpl.invoke(NativeMethodAccessorImpl.java:57)
	at sun.reflect.DelegatingMethodAccessorImpl.invoke(DelegatingMethodAccessorImpl.java:43)
	at java.lang.reflect.Method.invoke(Method.java:601)
	at org.apache.catalina.startup.Bootstrap.start(Bootstrap.java:289)
	at org.apache.catalina.startup.Bootstrap.main(Bootstrap.java:414)

Feb 22, 2016 11:06:18 AM org.apache.catalina.startup.ContextConfig applicationWebConfig
SEVERE: Parse error in application web.xml file at jndi:/localhost/WEB-INF/web.xml
org.xml.sax.SAXParseException; systemId: jndi:/localhost/WEB-INF/web.xml; lineNumber: 38; columnNumber: 3; The element type "servlet" must be terminated by the matching end-tag "</servlet>".
	at com.sun.org.apache.xerces.internal.parsers.AbstractSAXParser.parse(AbstractSAXParser.java:1236)
	at com.sun.org.apache.xerces.internal.jaxp.SAXParserImpl$JAXPSAXParser.parse(SAXParserImpl.java:568)
	at org.apache.tomcat.util.digester.Digester.parse(Digester.java:1642)
	at org.apache.catalina.startup.ContextConfig.applicationWebConfig(ContextConfig.java:365)
	at org.apache.catalina.startup.ContextConfig.start(ContextConfig.java:1072)
	at org.apache.catalina.startup.ContextConfig.lifecycleEvent(ContextConfig.java:261)
	at org.apache.catalina.util.LifecycleSupport.fireLifecycleEvent(LifecycleSupport.java:119)
	at org.apache.catalina.core.StandardContext.start(StandardContext.java:4540)
	at org.apache.catalina.core.ContainerBase.addChildInternal(ContainerBase.java:791)
	at org.apache.catalina.core.ContainerBase.addChild(ContainerBase.java:771)
	at org.apache.catalina.core.StandardHost.addChild(StandardHost.java:546)
	at org.apache.catalina.startup.HostConfig.deployDirectory(HostConfig.java:1041)
	at org.apache.catalina.startup.HostConfig.deployDirectories(HostConfig.java:964)
	at org.apache.catalina.startup.HostConfig.deployApps(HostConfig.java:502)
	at org.apache.catalina.startup.HostConfig.start(HostConfig.java:1277)
	at org.apache.catalina.startup.HostConfig.lifecycleEvent(HostConfig.java:321)
	at org.apache.catalina.util.LifecycleSupport.fireLifecycleEvent(LifecycleSupport.java:119)
	at org.apache.catalina.core.ContainerBase.start(ContainerBase.java:1053)
	at org.apache.catalina.core.StandardHost.start(StandardHost.java:785)
	at org.apache.catalina.core.ContainerBase.start(ContainerBase.java:1045)
	at org.apache.catalina.core.StandardEngine.start(StandardEngine.java:445)
	at org.apache.catalina.core.StandardService.start(StandardService.java:519)
	at org.apache.catalina.core.StandardServer.start(StandardServer.java:710)
	at org.apache.catalina.startup.Catalina.start(Catalina.java:581)
	at sun.reflect.NativeMethodAccessorImpl.invoke0(Native Method)
	at sun.reflect.NativeMethodAccessorImpl.invoke(NativeMethodAccessorImpl.java:57)
	at sun.reflect.DelegatingMethodAccessorImpl.invoke(DelegatingMethodAccessorImpl.java:43)
	at java.lang.reflect.Method.invoke(Method.java:601)
	at org.apache.catalina.startup.Bootstrap.start(Bootstrap.java:289)
	at org.apache.catalina.startup.Bootstrap.main(Bootstrap.java:414)

Feb 22, 2016 11:06:18 AM org.apache.catalina.startup.ContextConfig applicationWebConfig
SEVERE: Occurred at line 38 column 3
Feb 22, 2016 11:06:18 AM org.apache.catalina.startup.ContextConfig start
SEVERE: Marking this application unavailable due to previous error(s)
Feb 22, 2016 11:06:18 AM org.apache.catalina.core.StandardContext start
SEVERE: Error getConfigured
Feb 22, 2016 11:06:18 AM org.apache.catalina.core.StandardContext start
SEVERE: Context [] startup failed due to previous errors
Feb 22, 2016 11:06:18 AM org.apache.coyote.http11.Http11Protocol start
INFO: Starting Coyote HTTP/1.1 on http-8080
Feb 22, 2016 11:06:18 AM org.apache.jk.common.ChannelSocket init
INFO: JK: ajp13 listening on /0.0.0.0:8009
Feb 22, 2016 11:06:18 AM org.apache.jk.server.JkMain start
INFO: Jk running ID=0 time=0/20  config=null
Feb 22, 2016 11:06:18 AM org.apache.catalina.startup.Catalina start
INFO: Server startup in 804 ms
Feb 22, 2016 11:06:48 AM org.apache.catalina.startup.HostConfig checkResources
INFO: Reloading context []
Feb 22, 2016 11:06:48 AM org.apache.catalina.core.StandardContext stop
INFO: Container org.apache.catalina.core.ContainerBase.[Catalina].[localhost].[/] has not been started
Feb 22, 2016 11:06:58 AM org.apache.catalina.core.AprLifecycleListener init
INFO: The APR based Apache Tomcat Native library which allows optimal performance in production environments was not found on the java.library.path: F:\John's programming\Tomcat_Web_Server\bin\jdk1.7.0\jre\bin;C:\Windows\Sun\Java\bin;C:\Windows\system32;C:\Windows;C:\Program Files\Java\jdk7\bin;C:\Program Files\Calibre2\;C:\Program Files\QuickTime\QTSystem\;C:\Program Files\Skype\Phone\;.
Feb 22, 2016 11:06:58 AM org.apache.coyote.http11.Http11Protocol init
INFO: Initializing Coyote HTTP/1.1 on http-8080
Feb 22, 2016 11:06:58 AM org.apache.catalina.startup.Catalina load
INFO: Initialization processed in 419 ms
Feb 22, 2016 11:06:58 AM org.apache.catalina.core.StandardService start
INFO: Starting service Catalina
Feb 22, 2016 11:06:58 AM org.apache.catalina.core.StandardEngine start
INFO: Starting Servlet Engine: Apache Tomcat/6.0.28
Feb 22, 2016 11:06:58 AM org.apache.catalina.startup.HostConfig deployDescriptor
INFO: Deploying configuration descriptor host-manager.xml
Feb 22, 2016 11:06:59 AM org.apache.catalina.startup.HostConfig deployDescriptor
INFO: Deploying configuration descriptor manager.xml
Feb 22, 2016 11:06:59 AM org.apache.catalina.startup.HostConfig deployDirectory
INFO: Deploying web application directory docs
Feb 22, 2016 11:06:59 AM org.apache.catalina.startup.HostConfig deployDirectory
INFO: Deploying web application directory examples
Feb 22, 2016 11:06:59 AM org.apache.catalina.startup.HostConfig deployDirectory
INFO: Deploying web application directory ROOT
Feb 22, 2016 11:06:59 AM org.apache.coyote.http11.Http11Protocol start
INFO: Starting Coyote HTTP/1.1 on http-8080
Feb 22, 2016 11:06:59 AM org.apache.jk.common.ChannelSocket init
INFO: JK: ajp13 listening on /0.0.0.0:8009
Feb 22, 2016 11:06:59 AM org.apache.jk.server.JkMain start
INFO: Jk running ID=0 time=0/30  config=null
Feb 22, 2016 11:06:59 AM org.apache.catalina.startup.Catalina start
INFO: Server startup in 714 ms
Feb 22, 2016 11:10:13 AM org.apache.catalina.core.AprLifecycleListener init
INFO: The APR based Apache Tomcat Native library which allows optimal performance in production environments was not found on the java.library.path: F:\John's programming\Tomcat_Web_Server\bin\jdk1.7.0\jre\bin;C:\Windows\Sun\Java\bin;C:\Windows\system32;C:\Windows;C:\Program Files\Java\jdk7\bin;C:\Program Files\Calibre2\;C:\Program Files\QuickTime\QTSystem\;C:\Program Files\Skype\Phone\;.
Feb 22, 2016 11:10:13 AM org.apache.coyote.http11.Http11Protocol init
INFO: Initializing Coyote HTTP/1.1 on http-8080
Feb 22, 2016 11:10:13 AM org.apache.catalina.startup.Catalina load
INFO: Initialization processed in 425 ms
Feb 22, 2016 11:10:13 AM org.apache.catalina.core.StandardService start
INFO: Starting service Catalina
Feb 22, 2016 11:10:13 AM org.apache.catalina.core.StandardEngine start
INFO: Starting Servlet Engine: Apache Tomcat/6.0.28
Feb 22, 2016 11:10:13 AM org.apache.catalina.startup.HostConfig deployDescriptor
INFO: Deploying configuration descriptor host-manager.xml
Feb 22, 2016 11:10:13 AM org.apache.catalina.startup.HostConfig deployDescriptor
INFO: Deploying configuration descriptor manager.xml
Feb 22, 2016 11:10:13 AM org.apache.catalina.startup.HostConfig deployDirectory
INFO: Deploying web application directory docs
Feb 22, 2016 11:10:13 AM org.apache.catalina.startup.HostConfig deployDirectory
INFO: Deploying web application directory examples
Feb 22, 2016 11:10:13 AM org.apache.catalina.startup.HostConfig deployDirectory
INFO: Deploying web application directory ROOT
Feb 22, 2016 11:10:14 AM org.apache.coyote.http11.Http11Protocol start
INFO: Starting Coyote HTTP/1.1 on http-8080
Feb 22, 2016 11:10:14 AM org.apache.jk.common.ChannelSocket init
INFO: JK: ajp13 listening on /0.0.0.0:8009
Feb 22, 2016 11:10:14 AM org.apache.jk.server.JkMain start
INFO: Jk running ID=0 time=0/30  config=null
Feb 22, 2016 11:10:14 AM org.apache.catalina.startup.Catalina start
INFO: Server startup in 722 ms
Feb 22, 2016 11:19:45 AM org.apache.catalina.core.AprLifecycleListener init
INFO: The APR based Apache Tomcat Native library which allows optimal performance in production environments was not found on the java.library.path: F:\John's programming\Tomcat_Web_Server\bin\jdk1.7.0\jre\bin;C:\Windows\Sun\Java\bin;C:\Windows\system32;C:\Windows;C:\Program Files\Java\jdk7\bin;C:\Program Files\Calibre2\;C:\Program Files\QuickTime\QTSystem\;C:\Program Files\Skype\Phone\;.
Feb 22, 2016 11:19:45 AM org.apache.coyote.http11.Http11Protocol init
INFO: Initializing Coyote HTTP/1.1 on http-8080
Feb 22, 2016 11:19:45 AM org.apache.catalina.startup.Catalina load
INFO: Initialization processed in 533 ms
Feb 22, 2016 11:19:45 AM org.apache.catalina.core.StandardService start
INFO: Starting service Catalina
Feb 22, 2016 11:19:45 AM org.apache.catalina.core.StandardEngine start
INFO: Starting Servlet Engine: Apache Tomcat/6.0.28
Feb 22, 2016 11:19:45 AM org.apache.catalina.startup.HostConfig deployDescriptor
INFO: Deploying configuration descriptor host-manager.xml
Feb 22, 2016 11:19:46 AM org.apache.catalina.startup.HostConfig deployDescriptor
INFO: Deploying configuration descriptor manager.xml
Feb 22, 2016 11:19:46 AM org.apache.catalina.startup.HostConfig deployDirectory
INFO: Deploying web application directory docs
Feb 22, 2016 11:19:46 AM org.apache.catalina.startup.HostConfig deployDirectory
INFO: Deploying web application directory examples
Feb 22, 2016 11:19:46 AM org.apache.catalina.startup.HostConfig deployDirectory
INFO: Deploying web application directory ROOT
Feb 22, 2016 11:19:46 AM org.apache.coyote.http11.Http11Protocol start
INFO: Starting Coyote HTTP/1.1 on http-8080
Feb 22, 2016 11:19:46 AM org.apache.jk.common.ChannelSocket init
INFO: JK: ajp13 listening on /0.0.0.0:8009
Feb 22, 2016 11:19:46 AM org.apache.jk.server.JkMain start
INFO: Jk running ID=0 time=0/50  config=null
Feb 22, 2016 11:19:46 AM org.apache.catalina.startup.Catalina start
INFO: Server startup in 936 ms
Feb 22, 2016 11:27:31 AM org.apache.catalina.core.AprLifecycleListener init
INFO: The APR based Apache Tomcat Native library which allows optimal performance in production environments was not found on the java.library.path: F:\John's programming\Tomcat_Web_Server\bin\jdk1.7.0\jre\bin;C:\Windows\Sun\Java\bin;C:\Windows\system32;C:\Windows;C:\Program Files\Java\jdk7\bin;C:\Program Files\Calibre2\;C:\Program Files\QuickTime\QTSystem\;C:\Program Files\Skype\Phone\;.
Feb 22, 2016 11:27:31 AM org.apache.coyote.http11.Http11Protocol init
INFO: Initializing Coyote HTTP/1.1 on http-8080
Feb 22, 2016 11:27:31 AM org.apache.catalina.startup.Catalina load
INFO: Initialization processed in 451 ms
Feb 22, 2016 11:27:31 AM org.apache.catalina.core.StandardService start
INFO: Starting service Catalina
Feb 22, 2016 11:27:31 AM org.apache.catalina.core.StandardEngine start
INFO: Starting Servlet Engine: Apache Tomcat/6.0.28
Feb 22, 2016 11:27:31 AM org.apache.catalina.startup.HostConfig deployDescriptor
INFO: Deploying configuration descriptor host-manager.xml
Feb 22, 2016 11:27:31 AM org.apache.catalina.startup.HostConfig deployDescriptor
INFO: Deploying configuration descriptor manager.xml
Feb 22, 2016 11:27:31 AM org.apache.catalina.startup.HostConfig deployDirectory
INFO: Deploying web application directory docs
Feb 22, 2016 11:27:31 AM org.apache.catalina.startup.HostConfig deployDirectory
INFO: Deploying web application directory examples
Feb 22, 2016 11:27:31 AM org.apache.catalina.startup.HostConfig deployDirectory
INFO: Deploying web application directory ROOT
Feb 22, 2016 11:27:32 AM org.apache.coyote.http11.Http11Protocol start
INFO: Starting Coyote HTTP/1.1 on http-8080
Feb 22, 2016 11:27:32 AM org.apache.jk.common.ChannelSocket init
INFO: JK: ajp13 listening on /0.0.0.0:8009
Feb 22, 2016 11:27:32 AM org.apache.jk.server.JkMain start
INFO: Jk running ID=0 time=0/29  config=null
Feb 22, 2016 11:27:32 AM org.apache.catalina.startup.Catalina start
INFO: Server startup in 770 ms
Feb 22, 2016 11:46:36 AM org.apache.catalina.core.AprLifecycleListener init
INFO: The APR based Apache Tomcat Native library which allows optimal performance in production environments was not found on the java.library.path: F:\John's programming\Tomcat_Web_Server\bin\jdk1.7.0\jre\bin;C:\Windows\Sun\Java\bin;C:\Windows\system32;C:\Windows;C:\Program Files\Java\jdk7\bin;C:\Program Files\Calibre2\;C:\Program Files\QuickTime\QTSystem\;C:\Program Files\Skype\Phone\;.
Feb 22, 2016 11:46:36 AM org.apache.coyote.http11.Http11Protocol init
INFO: Initializing Coyote HTTP/1.1 on http-8080
Feb 22, 2016 11:46:36 AM org.apache.catalina.startup.Catalina load
INFO: Initialization processed in 550 ms
Feb 22, 2016 11:46:37 AM org.apache.catalina.core.StandardService start
INFO: Starting service Catalina
Feb 22, 2016 11:46:37 AM org.apache.catalina.core.StandardEngine start
INFO: Starting Servlet Engine: Apache Tomcat/6.0.28
Feb 22, 2016 11:46:37 AM org.apache.catalina.startup.HostConfig deployDescriptor
INFO: Deploying configuration descriptor host-manager.xml
Feb 22, 2016 11:46:37 AM org.apache.catalina.startup.HostConfig deployDescriptor
INFO: Deploying configuration descriptor manager.xml
Feb 22, 2016 11:46:37 AM org.apache.catalina.startup.HostConfig deployDirectory
INFO: Deploying web application directory docs
Feb 22, 2016 11:46:37 AM org.apache.catalina.startup.HostConfig deployDirectory
INFO: Deploying web application directory examples
Feb 22, 2016 11:46:37 AM org.apache.catalina.startup.HostConfig deployDirectory
INFO: Deploying web application directory ROOT
Feb 22, 2016 11:46:37 AM org.apache.coyote.http11.Http11Protocol start
INFO: Starting Coyote HTTP/1.1 on http-8080
Feb 22, 2016 11:46:37 AM org.apache.jk.common.ChannelSocket init
INFO: JK: ajp13 listening on /0.0.0.0:8009
Feb 22, 2016 11:46:37 AM org.apache.jk.server.JkMain start
INFO: Jk running ID=0 time=0/30  config=null
Feb 22, 2016 11:46:37 AM org.apache.catalina.startup.Catalina start
INFO: Server startup in 935 ms
Feb 22, 2016 11:56:58 AM org.apache.catalina.core.AprLifecycleListener init
INFO: The APR based Apache Tomcat Native library which allows optimal performance in production environments was not found on the java.library.path: F:\John's programming\Tomcat_Web_Server\bin\jdk1.7.0\jre\bin;C:\Windows\Sun\Java\bin;C:\Windows\system32;C:\Windows;C:\Program Files\Java\jdk7\bin;C:\Program Files\Calibre2\;C:\Program Files\QuickTime\QTSystem\;C:\Program Files\Skype\Phone\;.
Feb 22, 2016 11:56:58 AM org.apache.coyote.http11.Http11Protocol init
INFO: Initializing Coyote HTTP/1.1 on http-8080
Feb 22, 2016 11:56:58 AM org.apache.catalina.startup.Catalina load
INFO: Initialization processed in 434 ms
Feb 22, 2016 11:56:58 AM org.apache.catalina.core.StandardService start
INFO: Starting service Catalina
Feb 22, 2016 11:56:58 AM org.apache.catalina.core.StandardEngine start
INFO: Starting Servlet Engine: Apache Tomcat/6.0.28
Feb 22, 2016 11:56:58 AM org.apache.catalina.startup.HostConfig deployDescriptor
INFO: Deploying configuration descriptor host-manager.xml
Feb 22, 2016 11:56:59 AM org.apache.catalina.startup.HostConfig deployDescriptor
INFO: Deploying configuration descriptor manager.xml
Feb 22, 2016 11:56:59 AM org.apache.catalina.startup.HostConfig deployDirectory
INFO: Deploying web application directory docs
Feb 22, 2016 11:56:59 AM org.apache.catalina.startup.HostConfig deployDirectory
INFO: Deploying web application directory examples
Feb 22, 2016 11:56:59 AM org.apache.catalina.startup.HostConfig deployDirectory
INFO: Deploying web application directory ROOT
Feb 22, 2016 11:56:59 AM org.apache.coyote.http11.Http11Protocol start
INFO: Starting Coyote HTTP/1.1 on http-8080
Feb 22, 2016 11:56:59 AM org.apache.jk.common.ChannelSocket init
INFO: JK: ajp13 listening on /0.0.0.0:8009
Feb 22, 2016 11:56:59 AM org.apache.jk.server.JkMain start
INFO: Jk running ID=0 time=0/30  config=null
Feb 22, 2016 11:56:59 AM org.apache.catalina.startup.Catalina start
INFO: Server startup in 732 ms
Feb 22, 2016 12:02:14 PM org.apache.catalina.core.AprLifecycleListener init
INFO: The APR based Apache Tomcat Native library which allows optimal performance in production environments was not found on the java.library.path: F:\John's programming\Tomcat_Web_Server\bin\jdk1.7.0\jre\bin;C:\Windows\Sun\Java\bin;C:\Windows\system32;C:\Windows;C:\Program Files\Java\jdk7\bin;C:\Program Files\Calibre2\;C:\Program Files\QuickTime\QTSystem\;C:\Program Files\Skype\Phone\;.
Feb 22, 2016 12:02:14 PM org.apache.coyote.http11.Http11Protocol init
INFO: Initializing Coyote HTTP/1.1 on http-8080
Feb 22, 2016 12:02:14 PM org.apache.catalina.startup.Catalina load
INFO: Initialization processed in 430 ms
Feb 22, 2016 12:02:14 PM org.apache.catalina.core.StandardService start
INFO: Starting service Catalina
Feb 22, 2016 12:02:14 PM org.apache.catalina.core.StandardEngine start
INFO: Starting Servlet Engine: Apache Tomcat/6.0.28
Feb 22, 2016 12:02:14 PM org.apache.catalina.startup.HostConfig deployDescriptor
INFO: Deploying configuration descriptor host-manager.xml
Feb 22, 2016 12:02:15 PM org.apache.catalina.startup.HostConfig deployDescriptor
INFO: Deploying configuration descriptor manager.xml
Feb 22, 2016 12:02:15 PM org.apache.catalina.startup.HostConfig deployDirectory
INFO: Deploying web application directory docs
Feb 22, 2016 12:02:15 PM org.apache.catalina.startup.HostConfig deployDirectory
INFO: Deploying web application directory examples
Feb 22, 2016 12:02:15 PM org.apache.catalina.startup.HostConfig deployDirectory
INFO: Deploying web application directory ROOT
Feb 22, 2016 12:02:15 PM org.apache.coyote.http11.Http11Protocol start
INFO: Starting Coyote HTTP/1.1 on http-8080
Feb 22, 2016 12:02:15 PM org.apache.jk.common.ChannelSocket init
INFO: JK: ajp13 listening on /0.0.0.0:8009
Feb 22, 2016 12:02:15 PM org.apache.jk.server.JkMain start
INFO: Jk running ID=0 time=0/20  config=null
Feb 22, 2016 12:02:15 PM org.apache.catalina.startup.Catalina start
INFO: Server startup in 745 ms
Feb 22, 2016 12:28:30 PM org.apache.catalina.core.AprLifecycleListener init
INFO: The APR based Apache Tomcat Native library which allows optimal performance in production environments was not found on the java.library.path: F:\John's programming\Tomcat_Web_Server\bin\jdk1.7.0\jre\bin;C:\Windows\Sun\Java\bin;C:\Windows\system32;C:\Windows;C:\ProgramData\Oracle\Java\javapath;C:\Windows\system32;C:\Program Files\QuickTime\QTSystem\;C:\Program Files\Java\jdk1.7.0_03\bin;C:/Program Files/Java/jre7;C:\Program Files\Skype\Phone\;C:\Program Files\Java\jre7;C:\Program Files\Java\jdk1.7.0_03\bin;.
Feb 22, 2016 12:28:31 PM org.apache.coyote.http11.Http11Protocol init
INFO: Initializing Coyote HTTP/1.1 on http-8080
Feb 22, 2016 12:28:31 PM org.apache.catalina.startup.Catalina load
INFO: Initialization processed in 1467 ms
Feb 22, 2016 12:28:31 PM org.apache.catalina.core.StandardService start
INFO: Starting service Catalina
Feb 22, 2016 12:28:31 PM org.apache.catalina.core.StandardEngine start
INFO: Starting Servlet Engine: Apache Tomcat/6.0.28
Feb 22, 2016 12:28:31 PM org.apache.catalina.startup.HostConfig deployDescriptor
INFO: Deploying configuration descriptor host-manager.xml
Feb 22, 2016 12:28:31 PM org.apache.catalina.startup.HostConfig deployDescriptor
INFO: Deploying configuration descriptor manager.xml
Feb 22, 2016 12:28:32 PM org.apache.catalina.startup.HostConfig deployDirectory
INFO: Deploying web application directory docs
Feb 22, 2016 12:28:32 PM org.apache.catalina.startup.HostConfig deployDirectory
INFO: Deploying web application directory examples
Feb 22, 2016 12:28:32 PM org.apache.catalina.startup.HostConfig deployDirectory
INFO: Deploying web application directory ROOT
Feb 22, 2016 12:28:32 PM org.apache.coyote.http11.Http11Protocol start
INFO: Starting Coyote HTTP/1.1 on http-8080
Feb 22, 2016 12:28:32 PM org.apache.jk.common.ChannelSocket init
INFO: JK: ajp13 listening on /0.0.0.0:8009
Feb 22, 2016 12:28:32 PM org.apache.jk.server.JkMain start
INFO: Jk running ID=0 time=0/78  config=null
Feb 22, 2016 12:28:32 PM org.apache.catalina.startup.Catalina start
INFO: Server startup in 1688 ms
Feb 22, 2016 12:48:22 PM org.apache.catalina.core.AprLifecycleListener init
INFO: The APR based Apache Tomcat Native library which allows optimal performance in production environments was not found on the java.library.path: F:\John's programming\Tomcat_Web_Server\bin\jdk1.7.0\jre\bin;C:\Windows\Sun\Java\bin;C:\Windows\system32;C:\Windows;C:\Program Files\Java\jdk7\bin;C:\Program Files\Calibre2\;C:\Program Files\QuickTime\QTSystem\;C:\Program Files\Skype\Phone\;.
Feb 22, 2016 12:48:23 PM org.apache.coyote.http11.Http11Protocol init
INFO: Initializing Coyote HTTP/1.1 on http-8080
Feb 22, 2016 12:48:23 PM org.apache.catalina.startup.Catalina load
INFO: Initialization processed in 1628 ms
Feb 22, 2016 12:48:23 PM org.apache.catalina.core.StandardService start
INFO: Starting service Catalina
Feb 22, 2016 12:48:23 PM org.apache.catalina.core.StandardEngine start
INFO: Starting Servlet Engine: Apache Tomcat/6.0.28
Feb 22, 2016 12:48:23 PM org.apache.catalina.startup.HostConfig deployDescriptor
INFO: Deploying configuration descriptor host-manager.xml
Feb 22, 2016 12:48:24 PM org.apache.catalina.startup.HostConfig deployDescriptor
INFO: Deploying configuration descriptor manager.xml
Feb 22, 2016 12:48:24 PM org.apache.catalina.startup.HostConfig deployDirectory
INFO: Deploying web application directory docs
Feb 22, 2016 12:48:24 PM org.apache.catalina.startup.HostConfig deployDirectory
INFO: Deploying web application directory examples
Feb 22, 2016 12:48:24 PM org.apache.catalina.startup.HostConfig deployDirectory
INFO: Deploying web application directory ROOT
Feb 22, 2016 12:48:24 PM org.apache.coyote.http11.Http11Protocol start
INFO: Starting Coyote HTTP/1.1 on http-8080
Feb 22, 2016 12:48:24 PM org.apache.jk.common.ChannelSocket init
INFO: JK: ajp13 listening on /0.0.0.0:8009
Feb 22, 2016 12:48:24 PM org.apache.jk.server.JkMain start
INFO: Jk running ID=0 time=0/40  config=null
Feb 22, 2016 12:48:24 PM org.apache.catalina.startup.Catalina start
INFO: Server startup in 1564 ms
Feb 22, 2016 1:04:44 PM org.apache.catalina.core.AprLifecycleListener init
INFO: The APR based Apache Tomcat Native library which allows optimal performance in production environments was not found on the java.library.path: F:\John's programming\Tomcat_Web_Server\bin\jdk1.7.0\jre\bin;C:\Windows\Sun\Java\bin;C:\Windows\system32;C:\Windows;C:\Program Files\Java\jdk7\bin;C:\Program Files\Calibre2\;C:\Program Files\QuickTime\QTSystem\;C:\Program Files\Skype\Phone\;.
Feb 22, 2016 1:04:44 PM org.apache.coyote.http11.Http11Protocol init
INFO: Initializing Coyote HTTP/1.1 on http-8080
Feb 22, 2016 1:04:44 PM org.apache.catalina.startup.Catalina load
INFO: Initialization processed in 431 ms
Feb 22, 2016 1:04:44 PM org.apache.catalina.core.StandardService start
INFO: Starting service Catalina
Feb 22, 2016 1:04:44 PM org.apache.catalina.core.StandardEngine start
INFO: Starting Servlet Engine: Apache Tomcat/6.0.28
Feb 22, 2016 1:04:44 PM org.apache.catalina.startup.HostConfig deployDescriptor
INFO: Deploying configuration descriptor host-manager.xml
Feb 22, 2016 1:04:45 PM org.apache.catalina.startup.HostConfig deployDescriptor
INFO: Deploying configuration descriptor manager.xml
Feb 22, 2016 1:04:45 PM org.apache.catalina.startup.HostConfig deployDirectory
INFO: Deploying web application directory docs
Feb 22, 2016 1:04:45 PM org.apache.catalina.startup.HostConfig deployDirectory
INFO: Deploying web application directory examples
Feb 22, 2016 1:04:45 PM org.apache.catalina.startup.HostConfig deployDirectory
INFO: Deploying web application directory ROOT
Feb 22, 2016 1:04:45 PM org.apache.coyote.http11.Http11Protocol start
INFO: Starting Coyote HTTP/1.1 on http-8080
Feb 22, 2016 1:04:45 PM org.apache.jk.common.ChannelSocket init
INFO: JK: ajp13 listening on /0.0.0.0:8009
Feb 22, 2016 1:04:45 PM org.apache.jk.server.JkMain start
INFO: Jk running ID=0 time=0/20  config=null
Feb 22, 2016 1:04:45 PM org.apache.catalina.startup.Catalina start
INFO: Server startup in 696 ms
Feb 22, 2016 1:36:45 PM org.apache.catalina.core.AprLifecycleListener init
INFO: The APR based Apache Tomcat Native library which allows optimal performance in production environments was not found on the java.library.path: F:\John's programming\Tomcat_Web_Server\bin\jdk1.7.0\jre\bin;C:\Windows\Sun\Java\bin;C:\Windows\system32;C:\Windows;C:\Program Files\Java\jdk7\bin;C:\Program Files\Calibre2\;C:\Program Files\QuickTime\QTSystem\;C:\Program Files\Skype\Phone\;.
Feb 22, 2016 1:36:45 PM org.apache.coyote.http11.Http11Protocol init
INFO: Initializing Coyote HTTP/1.1 on http-8080
Feb 22, 2016 1:36:45 PM org.apache.catalina.startup.Catalina load
INFO: Initialization processed in 445 ms
Feb 22, 2016 1:36:45 PM org.apache.catalina.core.StandardService start
INFO: Starting service Catalina
Feb 22, 2016 1:36:45 PM org.apache.catalina.core.StandardEngine start
INFO: Starting Servlet Engine: Apache Tomcat/6.0.28
Feb 22, 2016 1:36:45 PM org.apache.catalina.startup.HostConfig deployDescriptor
INFO: Deploying configuration descriptor host-manager.xml
Feb 22, 2016 1:36:46 PM org.apache.catalina.startup.HostConfig deployDescriptor
INFO: Deploying configuration descriptor manager.xml
Feb 22, 2016 1:36:46 PM org.apache.catalina.startup.HostConfig deployDirectory
INFO: Deploying web application directory docs
Feb 22, 2016 1:36:46 PM org.apache.catalina.startup.HostConfig deployDirectory
INFO: Deploying web application directory examples
Feb 22, 2016 1:36:46 PM org.apache.catalina.startup.HostConfig deployDirectory
INFO: Deploying web application directory ROOT
Feb 22, 2016 1:36:46 PM org.apache.coyote.http11.Http11Protocol start
INFO: Starting Coyote HTTP/1.1 on http-8080
Feb 22, 2016 1:36:46 PM org.apache.jk.common.ChannelSocket init
INFO: JK: ajp13 listening on /0.0.0.0:8009
Feb 22, 2016 1:36:46 PM org.apache.jk.server.JkMain start
INFO: Jk running ID=0 time=0/30  config=null
Feb 22, 2016 1:36:46 PM org.apache.catalina.startup.Catalina start
INFO: Server startup in 702 ms
