May 06, 2014 2:15:58 PM org.apache.catalina.core.AprLifecycleListener init
INFO: The APR based Apache Tomcat Native library which allows optimal performance in production environments was not found on the java.library.path: J:\FSLS\12-13\old course files\SFL CG 3792 11-12 - Current File\Resources\Tomcat_Web_Server\bin\jdk1.7.0\jre\bin;C:\Windows\Sun\Java\bin;C:\Windows\system32;C:\Windows;C:\Windows\system32;C:\Windows;C:\Windows\System32\Wbem;C:\Windows\System32\WindowsPowerShell\v1.0\;c:\Program Files (x86)\Microsoft SQL Server\100\Tools\Binn\;c:\Program Files\Microsoft SQL Server\100\Tools\Binn\;c:\Program Files\Microsoft SQL Server\100\DTS\Binn\;c:\Program Files (x86)\Microsoft SQL Server\100\DTS\Binn\;C:\Program Files (x86)\Microchip\MPLAB IDE\VDI;C:\Program Files (x86)\Novell\ZENworks\bin;.
May 06, 2014 2:16:00 PM org.apache.coyote.http11.Http11Protocol init
INFO: Initializing Coyote HTTP/1.1 on http-8080
May 06, 2014 2:16:00 PM org.apache.catalina.startup.Catalina load
INFO: Initialization processed in 5229 ms
May 06, 2014 2:16:01 PM org.apache.catalina.core.StandardService start
INFO: Starting service Catalina
May 06, 2014 2:16:01 PM org.apache.catalina.core.StandardEngine start
INFO: Starting Servlet Engine: Apache Tomcat/6.0.28
May 06, 2014 2:16:01 PM org.apache.catalina.startup.HostConfig deployDescriptor
INFO: Deploying configuration descriptor host-manager.xml
May 06, 2014 2:16:05 PM org.apache.catalina.startup.HostConfig deployDescriptor
INFO: Deploying configuration descriptor manager.xml
May 06, 2014 2:16:05 PM org.apache.catalina.startup.HostConfig deployDirectory
INFO: Deploying web application directory docs
May 06, 2014 2:16:06 PM org.apache.catalina.startup.HostConfig deployDirectory
INFO: Deploying web application directory examples
May 06, 2014 2:16:07 PM org.apache.catalina.startup.HostConfig deployDirectory
INFO: Deploying web application directory ROOT
May 06, 2014 2:16:08 PM org.apache.coyote.http11.Http11Protocol start
INFO: Starting Coyote HTTP/1.1 on http-8080
May 06, 2014 2:16:08 PM org.apache.jk.common.ChannelSocket init
INFO: JK: ajp13 listening on /0.0.0.0:8009
May 06, 2014 2:16:08 PM org.apache.jk.server.JkMain start
INFO: Jk running ID=0 time=0/285  config=null
May 06, 2014 2:16:08 PM org.apache.catalina.startup.Catalina start
INFO: Server startup in 8379 ms
