Mar 19, 2013 12:11:21 PM org.apache.catalina.core.AprLifecycleListener init
INFO: The APR based Apache Tomcat Native library which allows optimal performance in production environments was not found on the java.library.path: J:\Foundation Studies & Learner Support\old course files\SFL CG 3792 11-12 - Current File\Resources\tomcat stuff\jre7\bin;C:\Windows\Sun\Java\bin;C:\Windows\system32;C:\Windows;C:\Program Files\Java\jdk1.7.0\bin;C:\Program Files\Java\jdk1.7.0\bin;.
Mar 19, 2013 12:11:22 PM org.apache.coyote.http11.Http11Protocol init
INFO: Initializing Coyote HTTP/1.1 on http-80
Mar 19, 2013 12:11:22 PM org.apache.catalina.startup.Catalina load
INFO: Initialization processed in 3055 ms
Mar 19, 2013 12:11:23 PM org.apache.catalina.core.StandardService start
INFO: Starting service Catalina
Mar 19, 2013 12:11:23 PM org.apache.catalina.core.StandardEngine start
INFO: Starting Servlet Engine: Apache Tomcat/6.0.28
Mar 19, 2013 12:11:23 PM org.apache.catalina.startup.HostConfig deployDescriptor
INFO: Deploying configuration descriptor host-manager.xml
Mar 19, 2013 12:11:24 PM org.apache.catalina.startup.HostConfig deployDescriptor
INFO: Deploying configuration descriptor manager.xml
Mar 19, 2013 12:11:25 PM org.apache.catalina.startup.HostConfig deployDirectory
INFO: Deploying web application directory docs
Mar 19, 2013 12:11:25 PM org.apache.catalina.startup.HostConfig deployDirectory
INFO: Deploying web application directory examples
Mar 19, 2013 12:11:26 PM org.apache.catalina.startup.HostConfig deployDirectory
INFO: Deploying web application directory ROOT
Mar 19, 2013 12:11:26 PM org.apache.coyote.http11.Http11Protocol start
INFO: Starting Coyote HTTP/1.1 on http-80
Mar 19, 2013 12:11:26 PM org.apache.jk.common.ChannelSocket init
INFO: JK: ajp13 listening on /0.0.0.0:8009
Mar 19, 2013 12:11:26 PM org.apache.jk.server.JkMain start
INFO: Jk running ID=0 time=0/110  config=null
Mar 19, 2013 12:11:26 PM org.apache.catalina.startup.Catalina start
INFO: Server startup in 3748 ms
Mar 19, 2013 12:30:36 PM org.apache.catalina.core.AprLifecycleListener init
INFO: The APR based Apache Tomcat Native library which allows optimal performance in production environments was not found on the java.library.path: J:\Foundation Studies & Learner Support\old course files\SFL CG 3792 11-12 - Current File\Resources\tomcat stuff\jre7\bin;C:\Windows\Sun\Java\bin;C:\Windows\system32;C:\Windows;C:\Oracle\product\11.2.0\client_1\bin;C:\Windows\system32;C:\Windows;C:\Windows\System32\Wbem;C:\Windows\System32\WindowsPowerShell\v1.0\;c:\Program Files\Microsoft SQL Server\100\Tools\Binn\;c:\Program Files\Microsoft SQL Server\100\DTS\Binn\;.
Mar 19, 2013 12:30:37 PM org.apache.coyote.http11.Http11Protocol init
INFO: Initializing Coyote HTTP/1.1 on http-8080
Mar 19, 2013 12:30:37 PM org.apache.catalina.startup.Catalina load
INFO: Initialization processed in 3130 ms
Mar 19, 2013 12:30:38 PM org.apache.catalina.core.StandardService start
INFO: Starting service Catalina
Mar 19, 2013 12:30:38 PM org.apache.catalina.core.StandardEngine start
INFO: Starting Servlet Engine: Apache Tomcat/6.0.28
Mar 19, 2013 12:30:38 PM org.apache.catalina.startup.HostConfig deployDescriptor
INFO: Deploying configuration descriptor host-manager.xml
Mar 19, 2013 12:30:42 PM org.apache.catalina.startup.HostConfig deployDescriptor
INFO: Deploying configuration descriptor manager.xml
Mar 19, 2013 12:30:44 PM org.apache.catalina.startup.HostConfig deployDirectory
INFO: Deploying web application directory docs
Mar 19, 2013 12:30:46 PM org.apache.catalina.startup.HostConfig deployDirectory
INFO: Deploying web application directory examples
Mar 19, 2013 12:31:03 PM org.apache.catalina.startup.HostConfig deployDirectory
INFO: Deploying web application directory ROOT
Mar 19, 2013 12:31:08 PM org.apache.coyote.http11.Http11Protocol start
INFO: Starting Coyote HTTP/1.1 on http-8080
Mar 19, 2013 12:31:08 PM org.apache.jk.common.ChannelSocket init
INFO: JK: ajp13 listening on /0.0.0.0:8009
Mar 19, 2013 12:31:09 PM org.apache.jk.server.JkMain start
INFO: Jk running ID=0 time=0/227  config=null
Mar 19, 2013 12:31:09 PM org.apache.catalina.startup.Catalina start
INFO: Server startup in 27699 ms
Mar 19, 2013 12:55:40 PM org.apache.catalina.core.AprLifecycleListener init
INFO: The APR based Apache Tomcat Native library which allows optimal performance in production environments was not found on the java.library.path: J:\Foundation Studies & Learner Support\old course files\SFL CG 3792 11-12 - Current File\Resources\tomcat stuff\jre7\bin;C:\Windows\Sun\Java\bin;C:\Windows\system32;C:\Windows;C:\Oracle\product\11.2.0\client_1\bin;C:\Windows\system32;C:\Windows;C:\Windows\System32\Wbem;C:\Windows\System32\WindowsPowerShell\v1.0\;c:\Program Files\Microsoft SQL Server\100\Tools\Binn\;c:\Program Files\Microsoft SQL Server\100\DTS\Binn\;.
Mar 19, 2013 12:55:41 PM org.apache.coyote.http11.Http11Protocol init
INFO: Initializing Coyote HTTP/1.1 on http-8080
Mar 19, 2013 12:55:41 PM org.apache.catalina.startup.Catalina load
INFO: Initialization processed in 2036 ms
Mar 19, 2013 12:55:41 PM org.apache.catalina.core.StandardService start
INFO: Starting service Catalina
Mar 19, 2013 12:55:41 PM org.apache.catalina.core.StandardEngine start
INFO: Starting Servlet Engine: Apache Tomcat/6.0.28
Mar 19, 2013 12:55:41 PM org.apache.catalina.startup.HostConfig deployDescriptor
INFO: Deploying configuration descriptor host-manager.xml
Mar 19, 2013 12:55:44 PM org.apache.catalina.startup.HostConfig deployDescriptor
INFO: Deploying configuration descriptor manager.xml
Mar 19, 2013 12:55:47 PM org.apache.catalina.startup.HostConfig deployDirectory
INFO: Deploying web application directory docs
Mar 19, 2013 12:55:48 PM org.apache.catalina.startup.HostConfig deployDirectory
INFO: Deploying web application directory examples
Mar 19, 2013 12:56:03 PM org.apache.catalina.startup.HostConfig deployDirectory
INFO: Deploying web application directory ROOT
Mar 19, 2013 12:56:07 PM org.apache.coyote.http11.Http11Protocol start
INFO: Starting Coyote HTTP/1.1 on http-8080
Mar 19, 2013 12:56:07 PM org.apache.jk.common.ChannelSocket init
INFO: JK: ajp13 listening on /0.0.0.0:8009
Mar 19, 2013 12:56:07 PM org.apache.jk.server.JkMain start
INFO: Jk running ID=0 time=0/78  config=null
Mar 19, 2013 12:56:07 PM org.apache.catalina.startup.Catalina start
INFO: Server startup in 26372 ms
Mar 19, 2013 1:10:06 PM org.apache.catalina.core.AprLifecycleListener init
INFO: The APR based Apache Tomcat Native library which allows optimal performance in production environments was not found on the java.library.path: J:\Foundation Studies & Learner Support\old course files\SFL CG 3792 11-12 - Current File\Resources\tomcat stuff\jre7\bin;C:\Windows\Sun\Java\bin;C:\Windows\system32;C:\Windows;C:\Oracle\product\11.2.0\client_1\bin;C:\Windows\system32;C:\Windows;C:\Windows\System32\Wbem;C:\Windows\System32\WindowsPowerShell\v1.0\;c:\Program Files\Microsoft SQL Server\100\Tools\Binn\;c:\Program Files\Microsoft SQL Server\100\DTS\Binn\;.
Mar 19, 2013 1:10:07 PM org.apache.coyote.http11.Http11Protocol init
INFO: Initializing Coyote HTTP/1.1 on http-8080
Mar 19, 2013 1:10:07 PM org.apache.catalina.startup.Catalina load
INFO: Initialization processed in 2111 ms
Mar 19, 2013 1:10:07 PM org.apache.catalina.core.StandardService start
INFO: Starting service Catalina
Mar 19, 2013 1:10:07 PM org.apache.catalina.core.StandardEngine start
INFO: Starting Servlet Engine: Apache Tomcat/6.0.28
Mar 19, 2013 1:10:07 PM org.apache.catalina.startup.HostConfig deployDescriptor
INFO: Deploying configuration descriptor host-manager.xml
Mar 19, 2013 1:10:11 PM org.apache.catalina.startup.HostConfig deployDescriptor
INFO: Deploying configuration descriptor manager.xml
Mar 19, 2013 1:10:13 PM org.apache.catalina.startup.HostConfig deployDirectory
INFO: Deploying web application directory docs
Mar 19, 2013 1:10:14 PM org.apache.catalina.startup.HostConfig deployDirectory
INFO: Deploying web application directory examples
Mar 19, 2013 1:10:32 PM org.apache.catalina.startup.HostConfig deployDirectory
INFO: Deploying web application directory ROOT
Mar 19, 2013 1:10:36 PM org.apache.coyote.http11.Http11Protocol start
INFO: Starting Coyote HTTP/1.1 on http-8080
Mar 19, 2013 1:10:36 PM org.apache.jk.common.ChannelSocket init
INFO: JK: ajp13 listening on /0.0.0.0:8009
Mar 19, 2013 1:10:36 PM org.apache.jk.server.JkMain start
INFO: Jk running ID=0 time=0/101  config=null
Mar 19, 2013 1:10:36 PM org.apache.catalina.startup.Catalina start
INFO: Server startup in 28887 ms
Mar 19, 2013 1:41:37 PM org.apache.catalina.core.AprLifecycleListener init
INFO: The APR based Apache Tomcat Native library which allows optimal performance in production environments was not found on the java.library.path: J:\Foundation Studies & Learner Support\old course files\SFL CG 3792 11-12 - Current File\Resources\tomcat stuff\jre7\bin;C:\Windows\Sun\Java\bin;C:\Windows\system32;C:\Windows;C:\oracle\product\11.2.0\client_1\bin;C:\Oracle;C:\Windows\system32;C:\Windows;C:\Windows\System32\Wbem;C:\Windows\System32\WindowsPowerShell\v1.0\;.
Mar 19, 2013 1:41:39 PM org.apache.coyote.http11.Http11Protocol init
INFO: Initializing Coyote HTTP/1.1 on http-8080
Mar 19, 2013 1:41:39 PM org.apache.catalina.startup.Catalina load
INFO: Initialization processed in 2691 ms
Mar 19, 2013 1:41:39 PM org.apache.catalina.core.StandardService start
INFO: Starting service Catalina
Mar 19, 2013 1:41:39 PM org.apache.catalina.core.StandardEngine start
INFO: Starting Servlet Engine: Apache Tomcat/6.0.28
Mar 19, 2013 1:41:39 PM org.apache.catalina.startup.HostConfig deployDescriptor
INFO: Deploying configuration descriptor host-manager.xml
Mar 19, 2013 1:41:42 PM org.apache.catalina.startup.HostConfig deployDescriptor
INFO: Deploying configuration descriptor manager.xml
Mar 19, 2013 1:41:44 PM org.apache.catalina.startup.HostConfig deployDirectory
INFO: Deploying web application directory docs
Mar 19, 2013 1:41:44 PM org.apache.catalina.startup.HostConfig deployDirectory
INFO: Deploying web application directory examples
Mar 19, 2013 1:41:49 PM org.apache.catalina.startup.HostConfig deployDirectory
INFO: Deploying web application directory ROOT
Mar 19, 2013 1:41:52 PM org.apache.coyote.http11.Http11Protocol start
INFO: Starting Coyote HTTP/1.1 on http-8080
Mar 19, 2013 1:41:52 PM org.apache.jk.common.ChannelSocket init
INFO: JK: ajp13 listening on /0.0.0.0:8009
Mar 19, 2013 1:41:52 PM org.apache.jk.server.JkMain start
INFO: Jk running ID=0 time=0/156  config=null
Mar 19, 2013 1:41:52 PM org.apache.catalina.startup.Catalina start
INFO: Server startup in 13405 ms
Mar 19, 2013 4:53:25 PM org.apache.catalina.core.AprLifecycleListener init
INFO: The APR based Apache Tomcat Native library which allows optimal performance in production environments was not found on the java.library.path: J:\Foundation Studies & Learner Support\old course files\SFL CG 3792 11-12 - Current File\Resources\tomcat stuff\jre7\bin;C:\Windows\Sun\Java\bin;C:\Windows\system32;C:\Windows;C:\Program Files\Java\jdk1.7.0\bin;C:\Program Files\Java\jdk1.7.0\bin;.
Mar 19, 2013 4:53:26 PM org.apache.coyote.http11.Http11Protocol init
INFO: Initializing Coyote HTTP/1.1 on http-8080
Mar 19, 2013 4:53:26 PM org.apache.catalina.startup.Catalina load
INFO: Initialization processed in 2684 ms
Mar 19, 2013 4:53:26 PM org.apache.catalina.core.StandardService start
INFO: Starting service Catalina
Mar 19, 2013 4:53:26 PM org.apache.catalina.core.StandardEngine start
INFO: Starting Servlet Engine: Apache Tomcat/6.0.28
Mar 19, 2013 4:53:26 PM org.apache.catalina.startup.HostConfig deployDescriptor
INFO: Deploying configuration descriptor host-manager.xml
Mar 19, 2013 4:53:28 PM org.apache.catalina.startup.HostConfig deployDescriptor
INFO: Deploying configuration descriptor manager.xml
Mar 19, 2013 4:53:28 PM org.apache.catalina.startup.HostConfig deployDirectory
INFO: Deploying web application directory docs
Mar 19, 2013 4:53:28 PM org.apache.catalina.startup.HostConfig deployDirectory
INFO: Deploying web application directory examples
Mar 19, 2013 4:53:29 PM org.apache.catalina.startup.HostConfig deployDirectory
INFO: Deploying web application directory ROOT
Mar 19, 2013 4:53:29 PM org.apache.coyote.http11.Http11Protocol start
INFO: Starting Coyote HTTP/1.1 on http-8080
Mar 19, 2013 4:53:29 PM org.apache.jk.common.ChannelSocket init
INFO: JK: ajp13 listening on /0.0.0.0:8009
Mar 19, 2013 4:53:30 PM org.apache.jk.server.JkMain start
INFO: Jk running ID=0 time=0/109  config=null
Mar 19, 2013 4:53:30 PM org.apache.catalina.startup.Catalina start
INFO: Server startup in 3487 ms
Mar 19, 2013 5:02:54 PM org.apache.catalina.core.AprLifecycleListener init
INFO: The APR based Apache Tomcat Native library which allows optimal performance in production environments was not found on the java.library.path: J:\Foundation Studies & Learner Support\old course files\SFL CG 3792 11-12 - Current File\Resources\tomcat stuff\jre7\bin;C:\Windows\Sun\Java\bin;C:\Windows\system32;C:\Windows;C:\Program Files\Java\jdk1.7.0\bin;C:\Program Files\Java\jdk1.7.0\bin;.
Mar 19, 2013 5:02:55 PM org.apache.coyote.http11.Http11Protocol init
INFO: Initializing Coyote HTTP/1.1 on http-8080
Mar 19, 2013 5:02:55 PM org.apache.catalina.startup.Catalina load
INFO: Initialization processed in 1990 ms
Mar 19, 2013 5:02:55 PM org.apache.catalina.core.StandardService start
INFO: Starting service Catalina
Mar 19, 2013 5:02:55 PM org.apache.catalina.core.StandardEngine start
INFO: Starting Servlet Engine: Apache Tomcat/6.0.28
Mar 19, 2013 5:02:55 PM org.apache.catalina.startup.HostConfig deployDescriptor
INFO: Deploying configuration descriptor host-manager.xml
Mar 19, 2013 5:02:56 PM org.apache.catalina.startup.HostConfig deployDescriptor
INFO: Deploying configuration descriptor manager.xml
Mar 19, 2013 5:02:56 PM org.apache.catalina.startup.HostConfig deployDirectory
INFO: Deploying web application directory docs
Mar 19, 2013 5:02:56 PM org.apache.catalina.startup.HostConfig deployDirectory
INFO: Deploying web application directory examples
Mar 19, 2013 5:02:57 PM org.apache.catalina.startup.HostConfig deployDirectory
INFO: Deploying web application directory ROOT
Mar 19, 2013 5:02:57 PM org.apache.coyote.http11.Http11Protocol start
INFO: Starting Coyote HTTP/1.1 on http-8080
Mar 19, 2013 5:02:57 PM org.apache.jk.common.ChannelSocket init
INFO: JK: ajp13 listening on /0.0.0.0:8009
Mar 19, 2013 5:02:57 PM org.apache.jk.server.JkMain start
INFO: Jk running ID=0 time=0/63  config=null
Mar 19, 2013 5:02:57 PM org.apache.catalina.startup.Catalina start
INFO: Server startup in 2520 ms
Mar 19, 2013 5:07:20 PM org.apache.catalina.core.AprLifecycleListener init
INFO: The APR based Apache Tomcat Native library which allows optimal performance in production environments was not found on the java.library.path: J:\Foundation Studies & Learner Support\old course files\SFL CG 3792 11-12 - Current File\Resources\tomcat stuff\jre7\bin;C:\Windows\Sun\Java\bin;C:\Windows\system32;C:\Windows;C:\Program Files\Java\jdk1.7.0\bin;C:\Program Files\Java\jdk1.7.0\bin;.
Mar 19, 2013 5:07:21 PM org.apache.coyote.http11.Http11Protocol init
INFO: Initializing Coyote HTTP/1.1 on http-8080
Mar 19, 2013 5:07:21 PM org.apache.catalina.startup.Catalina load
INFO: Initialization processed in 1956 ms
Mar 19, 2013 5:07:21 PM org.apache.catalina.core.StandardService start
INFO: Starting service Catalina
Mar 19, 2013 5:07:21 PM org.apache.catalina.core.StandardEngine start
INFO: Starting Servlet Engine: Apache Tomcat/6.0.28
Mar 19, 2013 5:07:21 PM org.apache.catalina.startup.HostConfig deployDescriptor
INFO: Deploying configuration descriptor host-manager.xml
Mar 19, 2013 5:07:22 PM org.apache.catalina.startup.HostConfig deployDescriptor
INFO: Deploying configuration descriptor manager.xml
Mar 19, 2013 5:07:22 PM org.apache.catalina.startup.HostConfig deployDirectory
INFO: Deploying web application directory docs
Mar 19, 2013 5:07:22 PM org.apache.catalina.startup.HostConfig deployDirectory
INFO: Deploying web application directory examples
Mar 19, 2013 5:07:23 PM org.apache.catalina.startup.HostConfig deployDirectory
INFO: Deploying web application directory ROOT
Mar 19, 2013 5:07:23 PM org.apache.coyote.http11.Http11Protocol start
INFO: Starting Coyote HTTP/1.1 on http-8080
Mar 19, 2013 5:07:23 PM org.apache.jk.common.ChannelSocket init
INFO: JK: ajp13 listening on /0.0.0.0:8009
Mar 19, 2013 5:07:23 PM org.apache.jk.server.JkMain start
INFO: Jk running ID=0 time=0/62  config=null
Mar 19, 2013 5:07:23 PM org.apache.catalina.startup.Catalina start
INFO: Server startup in 2567 ms
