Aug 30, 2012 9:04:03 AM org.apache.catalina.core.AprLifecycleListener init
INFO: The APR based Apache Tomcat Native library which allows optimal performance in production environments was not found on the java.library.path: C:\Program Files\Java\jdk1.7.0\bin;C:\Windows\Sun\Java\bin;C:\Windows\system32;C:\Windows;C:\Program Files\Java\jdk1.7.0;C:\Program Files\Java\jdk1.7.0\bin;C:\Program Files\Java\jdk1.7.0\bin;.
Aug 30, 2012 9:04:03 AM org.apache.coyote.http11.Http11Protocol init
INFO: Initializing Coyote HTTP/1.1 on http-80
Aug 30, 2012 9:04:03 AM org.apache.catalina.startup.Catalina load
INFO: Initialization processed in 504 ms
Aug 30, 2012 9:04:03 AM org.apache.catalina.core.StandardService start
INFO: Starting service Catalina
Aug 30, 2012 9:04:03 AM org.apache.catalina.core.StandardEngine start
INFO: Starting Servlet Engine: Apache Tomcat/6.0.28
Aug 30, 2012 9:04:03 AM org.apache.catalina.startup.HostConfig deployDescriptor
INFO: Deploying configuration descriptor host-manager.xml
Aug 30, 2012 9:04:03 AM org.apache.catalina.startup.HostConfig deployDescriptor
INFO: Deploying configuration descriptor manager.xml
Aug 30, 2012 9:04:04 AM org.apache.catalina.startup.HostConfig deployDirectory
INFO: Deploying web application directory docs
Aug 30, 2012 9:04:04 AM org.apache.catalina.startup.HostConfig deployDirectory
INFO: Deploying web application directory examples
Aug 30, 2012 9:04:04 AM org.apache.catalina.startup.HostConfig deployDirectory
INFO: Deploying web application directory ROOT
Aug 30, 2012 9:04:04 AM org.apache.coyote.http11.Http11Protocol start
INFO: Starting Coyote HTTP/1.1 on http-80
Aug 30, 2012 9:04:04 AM org.apache.jk.common.ChannelSocket init
INFO: JK: ajp13 listening on /0.0.0.0:8009
Aug 30, 2012 9:04:04 AM org.apache.jk.server.JkMain start
INFO: Jk running ID=0 time=0/30  config=null
Aug 30, 2012 9:04:04 AM org.apache.catalina.startup.Catalina start
INFO: Server startup in 1525 ms
Aug 30, 2012 9:05:07 AM org.apache.coyote.http11.Http11Protocol pause
INFO: Pausing Coyote HTTP/1.1 on http-80
Aug 30, 2012 9:05:08 AM org.apache.catalina.core.StandardService stop
INFO: Stopping service Catalina
Aug 30, 2012 9:05:08 AM org.apache.coyote.http11.Http11Protocol destroy
INFO: Stopping Coyote HTTP/1.1 on http-80
Aug 30, 2012 11:15:02 AM org.apache.catalina.core.AprLifecycleListener init
INFO: The APR based Apache Tomcat Native library which allows optimal performance in production environments was not found on the java.library.path: C:\Program Files\Java\jdk1.7.0\bin;C:\Windows\Sun\Java\bin;C:\Windows\system32;C:\Windows;C:\Program Files\Java\jdk1.7.0;C:\Program Files\Java\jdk1.7.0\bin;C:\Program Files\Java\jdk1.7.0\bin;.
Aug 30, 2012 11:15:02 AM org.apache.coyote.http11.Http11Protocol init
INFO: Initializing Coyote HTTP/1.1 on http-80
Aug 30, 2012 11:15:02 AM org.apache.catalina.startup.Catalina load
INFO: Initialization processed in 388 ms
Aug 30, 2012 11:15:02 AM org.apache.catalina.core.StandardService start
INFO: Starting service Catalina
Aug 30, 2012 11:15:02 AM org.apache.catalina.core.StandardEngine start
INFO: Starting Servlet Engine: Apache Tomcat/6.0.28
Aug 30, 2012 11:15:02 AM org.apache.catalina.startup.HostConfig deployDescriptor
INFO: Deploying configuration descriptor host-manager.xml
Aug 30, 2012 11:15:02 AM org.apache.catalina.startup.HostConfig deployDescriptor
INFO: Deploying configuration descriptor manager.xml
Aug 30, 2012 11:15:02 AM org.apache.catalina.startup.HostConfig deployDirectory
INFO: Deploying web application directory docs
Aug 30, 2012 11:15:02 AM org.apache.catalina.startup.HostConfig deployDirectory
INFO: Deploying web application directory examples
Aug 30, 2012 11:15:03 AM org.apache.catalina.startup.HostConfig deployDirectory
INFO: Deploying web application directory ROOT
Aug 30, 2012 11:15:03 AM org.apache.coyote.http11.Http11Protocol start
INFO: Starting Coyote HTTP/1.1 on http-80
Aug 30, 2012 11:15:03 AM org.apache.jk.common.ChannelSocket init
INFO: JK: ajp13 listening on /0.0.0.0:8009
Aug 30, 2012 11:15:03 AM org.apache.jk.server.JkMain start
INFO: Jk running ID=0 time=0/30  config=null
Aug 30, 2012 11:15:03 AM org.apache.catalina.startup.Catalina start
INFO: Server startup in 709 ms
Aug 30, 2012 11:16:11 AM org.apache.coyote.http11.Http11Protocol pause
INFO: Pausing Coyote HTTP/1.1 on http-80
Aug 30, 2012 11:16:12 AM org.apache.catalina.core.StandardService stop
INFO: Stopping service Catalina
Aug 30, 2012 11:16:12 AM org.apache.coyote.http11.Http11Protocol destroy
INFO: Stopping Coyote HTTP/1.1 on http-80
