Mar 22, 2013 2:41:48 PM org.apache.catalina.core.AprLifecycleListener init
INFO: The APR based Apache Tomcat Native library which allows optimal performance in production environments was not found on the java.library.path: J:\Foundation Studies & Learner Support\old course files\SFL CG 3792 11-12 - Current File\Resources\tomcat stuff\jre7\bin;C:\Windows\Sun\Java\bin;C:\Windows\system32;C:\Windows;C:\Program Files\Java\jdk1.7.0\bin;C:\Program Files\Java\jdk1.7.0\bin;.
Mar 22, 2013 2:41:49 PM org.apache.coyote.http11.Http11Protocol init
INFO: Initializing Coyote HTTP/1.1 on http-8080
Mar 22, 2013 2:41:49 PM org.apache.catalina.startup.Catalina load
INFO: Initialization processed in 3448 ms
Mar 22, 2013 2:41:49 PM org.apache.catalina.core.StandardService start
INFO: Starting service Catalina
Mar 22, 2013 2:41:49 PM org.apache.catalina.core.StandardEngine start
INFO: Starting Servlet Engine: Apache Tomcat/6.0.28
Mar 22, 2013 2:41:49 PM org.apache.catalina.startup.HostConfig deployDescriptor
INFO: Deploying configuration descriptor host-manager.xml
Mar 22, 2013 2:41:51 PM org.apache.catalina.startup.HostConfig deployDescriptor
INFO: Deploying configuration descriptor manager.xml
Mar 22, 2013 2:41:51 PM org.apache.catalina.startup.HostConfig deployDirectory
INFO: Deploying web application directory docs
Mar 22, 2013 2:41:51 PM org.apache.catalina.startup.HostConfig deployDirectory
INFO: Deploying web application directory examples
Mar 22, 2013 2:41:52 PM org.apache.catalina.startup.HostConfig deployDirectory
INFO: Deploying web application directory ROOT
Mar 22, 2013 2:41:52 PM org.apache.coyote.http11.Http11Protocol start
INFO: Starting Coyote HTTP/1.1 on http-8080
Mar 22, 2013 2:41:53 PM org.apache.jk.common.ChannelSocket init
INFO: JK: ajp13 listening on /0.0.0.0:8009
Mar 22, 2013 2:41:53 PM org.apache.jk.server.JkMain start
INFO: Jk running ID=0 time=0/93  config=null
Mar 22, 2013 2:41:53 PM org.apache.catalina.startup.Catalina start
INFO: Server startup in 3604 ms
