May 28, 2012 8:36:37 AM org.apache.catalina.core.AprLifecycleListener init
INFO: The APR based Apache Tomcat Native library which allows optimal performance in production environments was not found on the java.library.path: C:\Program Files\Java\jdk1.7.0\bin;C:\Windows\Sun\Java\bin;C:\Windows\system32;C:\Windows;C:\Program Files\Java\jdk1.7.0;C:\Program Files\Java\jdk1.7.0\bin;;.
May 28, 2012 8:36:38 AM org.apache.coyote.http11.Http11Protocol init
INFO: Initializing Coyote HTTP/1.1 on http-80
May 28, 2012 8:36:38 AM org.apache.catalina.startup.Catalina load
INFO: Initialization processed in 709 ms
May 28, 2012 8:36:38 AM org.apache.catalina.core.StandardService start
INFO: Starting service Catalina
May 28, 2012 8:36:38 AM org.apache.catalina.core.StandardEngine start
INFO: Starting Servlet Engine: Apache Tomcat/6.0.28
May 28, 2012 8:36:38 AM org.apache.catalina.startup.HostConfig deployDescriptor
INFO: Deploying configuration descriptor host-manager.xml
May 28, 2012 8:36:38 AM org.apache.catalina.startup.HostConfig deployDescriptor
INFO: Deploying configuration descriptor manager.xml
May 28, 2012 8:36:38 AM org.apache.catalina.startup.HostConfig deployDirectory
INFO: Deploying web application directory docs
May 28, 2012 8:36:38 AM org.apache.catalina.startup.HostConfig deployDirectory
INFO: Deploying web application directory examples
May 28, 2012 8:36:39 AM org.apache.catalina.startup.HostConfig deployDirectory
INFO: Deploying web application directory ROOT
May 28, 2012 8:36:39 AM org.apache.coyote.http11.Http11Protocol start
INFO: Starting Coyote HTTP/1.1 on http-80
May 28, 2012 8:36:39 AM org.apache.jk.common.ChannelSocket init
INFO: JK: ajp13 listening on /0.0.0.0:8009
May 28, 2012 8:36:39 AM org.apache.jk.server.JkMain start
INFO: Jk running ID=0 time=0/93  config=null
May 28, 2012 8:36:39 AM org.apache.catalina.startup.Catalina start
INFO: Server startup in 1106 ms
May 28, 2012 2:28:29 PM org.apache.catalina.core.AprLifecycleListener init
INFO: The APR based Apache Tomcat Native library which allows optimal performance in production environments was not found on the java.library.path: C:\Program Files\Java\jdk1.7.0\bin;C:\Windows\Sun\Java\bin;C:\Windows\system32;C:\Windows;C:\Program Files\Java\jdk1.7.0;C:\Program Files\Java\jdk1.7.0\bin;C:\Program Files\Java\jdk1.7.0\bin;;.
May 28, 2012 2:28:29 PM org.apache.coyote.http11.Http11Protocol init
INFO: Initializing Coyote HTTP/1.1 on http-80
May 28, 2012 2:28:29 PM org.apache.catalina.startup.Catalina load
INFO: Initialization processed in 391 ms
May 28, 2012 2:28:29 PM org.apache.catalina.core.StandardService start
INFO: Starting service Catalina
May 28, 2012 2:28:29 PM org.apache.catalina.core.StandardEngine start
INFO: Starting Servlet Engine: Apache Tomcat/6.0.28
May 28, 2012 2:28:29 PM org.apache.catalina.startup.HostConfig deployDescriptor
INFO: Deploying configuration descriptor host-manager.xml
May 28, 2012 2:28:30 PM org.apache.catalina.startup.HostConfig deployDescriptor
INFO: Deploying configuration descriptor manager.xml
May 28, 2012 2:28:30 PM org.apache.catalina.startup.HostConfig deployDirectory
INFO: Deploying web application directory docs
May 28, 2012 2:28:30 PM org.apache.catalina.startup.HostConfig deployDirectory
INFO: Deploying web application directory examples
May 28, 2012 2:28:30 PM org.apache.catalina.startup.HostConfig deployDirectory
INFO: Deploying web application directory ROOT
May 28, 2012 2:28:30 PM org.apache.coyote.http11.Http11Protocol start
INFO: Starting Coyote HTTP/1.1 on http-80
May 28, 2012 2:28:30 PM org.apache.jk.common.ChannelSocket init
INFO: JK: ajp13 listening on /0.0.0.0:8009
May 28, 2012 2:28:30 PM org.apache.jk.server.JkMain start
INFO: Jk running ID=0 time=0/32  config=null
May 28, 2012 2:28:30 PM org.apache.catalina.startup.Catalina start
INFO: Server startup in 942 ms
