Jul 13, 2015 9:54:14 AM org.apache.catalina.core.ApplicationContext log
INFO: ContextListener: contextInitialized()
Jul 13, 2015 9:54:14 AM org.apache.catalina.core.ApplicationContext log
INFO: SessionListener: contextInitialized()
Jul 13, 2015 9:54:14 AM org.apache.catalina.core.ApplicationContext log
INFO: ContextListener: attributeAdded('org.apache.catalina.Registry', 'org.apache.tomcat.util.modeler.Registry@1e7a6ae')
Jul 13, 2015 9:54:14 AM org.apache.catalina.core.ApplicationContext log
INFO: ContextListener: attributeAdded('org.apache.catalina.MBeanServer', 'com.sun.jmx.mbeanserver.JmxMBeanServer@1978933')
Jul 13, 2015 3:19:27 PM org.apache.catalina.core.ApplicationContext log
INFO: ContextListener: contextInitialized()
Jul 13, 2015 3:19:27 PM org.apache.catalina.core.ApplicationContext log
INFO: SessionListener: contextInitialized()
Jul 13, 2015 3:19:27 PM org.apache.catalina.core.ApplicationContext log
INFO: ContextListener: attributeAdded('org.apache.catalina.Registry', 'org.apache.tomcat.util.modeler.Registry@10f4d89')
Jul 13, 2015 3:19:27 PM org.apache.catalina.core.ApplicationContext log
INFO: ContextListener: attributeAdded('org.apache.catalina.MBeanServer', 'com.sun.jmx.mbeanserver.JmxMBeanServer@1b0889a')
Jul 13, 2015 3:19:39 PM org.apache.catalina.core.StandardWrapperValve invoke
SEVERE: Servlet.service() for servlet jsp threw exception
org.apache.jasper.JasperException: /Resource_Lib/Xavier.jsp(1,1) The value for the useBean class attribute org.xavier.FileList is invalid.
	at org.apache.jasper.compiler.DefaultErrorHandler.jspError(DefaultErrorHandler.java:40)
	at org.apache.jasper.compiler.ErrorDispatcher.dispatch(ErrorDispatcher.java:407)
	at org.apache.jasper.compiler.ErrorDispatcher.jspError(ErrorDispatcher.java:148)
	at org.apache.jasper.compiler.Generator$GenerateVisitor.visit(Generator.java:1229)
	at org.apache.jasper.compiler.Node$UseBean.accept(Node.java:1178)
	at org.apache.jasper.compiler.Node$Nodes.visit(Node.java:2361)
	at org.apache.jasper.compiler.Node$Visitor.visitBody(Node.java:2411)
	at org.apache.jasper.compiler.Node$Visitor.visit(Node.java:2417)
	at org.apache.jasper.compiler.Node$Root.accept(Node.java:495)
	at org.apache.jasper.compiler.Node$Nodes.visit(Node.java:2361)
	at org.apache.jasper.compiler.Generator.generate(Generator.java:3440)
	at org.apache.jasper.compiler.Compiler.generateJava(Compiler.java:231)
	at org.apache.jasper.compiler.Compiler.compile(Compiler.java:347)
	at org.apache.jasper.compiler.Compiler.compile(Compiler.java:327)
	at org.apache.jasper.compiler.Compiler.compile(Compiler.java:314)
	at org.apache.jasper.JspCompilationContext.compile(JspCompilationContext.java:592)
	at org.apache.jasper.servlet.JspServletWrapper.service(JspServletWrapper.java:317)
	at org.apache.jasper.servlet.JspServlet.serviceJspFile(JspServlet.java:313)
	at org.apache.jasper.servlet.JspServlet.service(JspServlet.java:260)
	at javax.servlet.http.HttpServlet.service(HttpServlet.java:717)
	at org.apache.catalina.core.ApplicationFilterChain.internalDoFilter(ApplicationFilterChain.java:290)
	at org.apache.catalina.core.ApplicationFilterChain.doFilter(ApplicationFilterChain.java:206)
	at org.apache.catalina.core.StandardWrapperValve.invoke(StandardWrapperValve.java:233)
	at org.apache.catalina.core.StandardContextValve.invoke(StandardContextValve.java:191)
	at org.apache.catalina.core.StandardHostValve.invoke(StandardHostValve.java:127)
	at org.apache.catalina.valves.ErrorReportValve.invoke(ErrorReportValve.java:102)
	at org.apache.catalina.core.StandardEngineValve.invoke(StandardEngineValve.java:109)
	at org.apache.catalina.connector.CoyoteAdapter.service(CoyoteAdapter.java:298)
	at org.apache.coyote.http11.Http11Processor.process(Http11Processor.java:857)
	at org.apache.coyote.http11.Http11Protocol$Http11ConnectionHandler.process(Http11Protocol.java:588)
	at org.apache.tomcat.util.net.JIoEndpoint$Worker.run(JIoEndpoint.java:489)
	at java.lang.Thread.run(Thread.java:722)

Jul 13, 2015 3:26:04 PM org.apache.catalina.core.StandardWrapperValve invoke
SEVERE: Servlet.service() for servlet jsp threw exception
org.apache.jasper.JasperException: Unable to compile class for JSP: 

An error occurred at line: 12 in the jsp file: /Resource_Lib/Xavier.jsp
fList.listOfFiles cannot be resolved to a type
9: 
10: 
11: <%
12: 	for(int i = 0; i < fList.listOfFiles.size(); i++){%>
13: 	<a href = <% xavier.listOfFiles.get(i)%> ><%i%></a>
14: 	<br>
15: 	<%


An error occurred at line: 13 in the jsp file: /Resource_Lib/Xavier.jsp
The field FileList.listOfFiles is not visible
10: 
11: <%
12: 	for(int i = 0; i < fList.listOfFiles.size(); i++){%>
13: 	<a href = <% xavier.listOfFiles.get(i)%> ><%i%></a>
14: 	<br>
15: 	<%
16: 	}


An error occurred at line: 13 in the jsp file: /Resource_Lib/Xavier.jsp
Syntax error, insert ";" to complete Statement
10: 
11: <%
12: 	for(int i = 0; i < fList.listOfFiles.size(); i++){%>
13: 	<a href = <% xavier.listOfFiles.get(i)%> ><%i%></a>
14: 	<br>
15: 	<%
16: 	}


An error occurred at line: 13 in the jsp file: /Resource_Lib/Xavier.jsp
i cannot be resolved to a type
10: 
11: <%
12: 	for(int i = 0; i < fList.listOfFiles.size(); i++){%>
13: 	<a href = <% xavier.listOfFiles.get(i)%> ><%i%></a>
14: 	<br>
15: 	<%
16: 	}


An error occurred at line: 13 in the jsp file: /Resource_Lib/Xavier.jsp
Duplicate local variable out
10: 
11: <%
12: 	for(int i = 0; i < fList.listOfFiles.size(); i++){%>
13: 	<a href = <% xavier.listOfFiles.get(i)%> ><%i%></a>
14: 	<br>
15: 	<%
16: 	}


An error occurred at line: 13 in the jsp file: /Resource_Lib/Xavier.jsp
Syntax error on token ".", ; expected
10: 
11: <%
12: 	for(int i = 0; i < fList.listOfFiles.size(); i++){%>
13: 	<a href = <% xavier.listOfFiles.get(i)%> ><%i%></a>
14: 	<br>
15: 	<%
16: 	}


An error occurred at line: 13 in the jsp file: /Resource_Lib/Xavier.jsp
The method write(String) is undefined for the type Xavier_jsp
10: 
11: <%
12: 	for(int i = 0; i < fList.listOfFiles.size(); i++){%>
13: 	<a href = <% xavier.listOfFiles.get(i)%> ><%i%></a>
14: 	<br>
15: 	<%
16: 	}


Stacktrace:
	at org.apache.jasper.compiler.DefaultErrorHandler.javacError(DefaultErrorHandler.java:92)
	at org.apache.jasper.compiler.ErrorDispatcher.javacError(ErrorDispatcher.java:330)
	at org.apache.jasper.compiler.JDTCompiler.generateClass(JDTCompiler.java:439)
	at org.apache.jasper.compiler.Compiler.compile(Compiler.java:349)
	at org.apache.jasper.compiler.Compiler.compile(Compiler.java:327)
	at org.apache.jasper.compiler.Compiler.compile(Compiler.java:314)
	at org.apache.jasper.JspCompilationContext.compile(JspCompilationContext.java:592)
	at org.apache.jasper.servlet.JspServletWrapper.service(JspServletWrapper.java:317)
	at org.apache.jasper.servlet.JspServlet.serviceJspFile(JspServlet.java:313)
	at org.apache.jasper.servlet.JspServlet.service(JspServlet.java:260)
	at javax.servlet.http.HttpServlet.service(HttpServlet.java:717)
	at org.apache.catalina.core.ApplicationFilterChain.internalDoFilter(ApplicationFilterChain.java:290)
	at org.apache.catalina.core.ApplicationFilterChain.doFilter(ApplicationFilterChain.java:206)
	at org.apache.catalina.core.StandardWrapperValve.invoke(StandardWrapperValve.java:233)
	at org.apache.catalina.core.StandardContextValve.invoke(StandardContextValve.java:191)
	at org.apache.catalina.core.StandardHostValve.invoke(StandardHostValve.java:127)
	at org.apache.catalina.valves.ErrorReportValve.invoke(ErrorReportValve.java:102)
	at org.apache.catalina.core.StandardEngineValve.invoke(StandardEngineValve.java:109)
	at org.apache.catalina.connector.CoyoteAdapter.service(CoyoteAdapter.java:298)
	at org.apache.coyote.http11.Http11Processor.process(Http11Processor.java:857)
	at org.apache.coyote.http11.Http11Protocol$Http11ConnectionHandler.process(Http11Protocol.java:588)
	at org.apache.tomcat.util.net.JIoEndpoint$Worker.run(JIoEndpoint.java:489)
	at java.lang.Thread.run(Thread.java:722)

Jul 13, 2015 3:28:18 PM org.apache.catalina.core.StandardWrapperValve invoke
SEVERE: Servlet.service() for servlet jsp threw exception
org.apache.jasper.JasperException: Unable to compile class for JSP: 

An error occurred at line: 12 in the jsp file: /Resource_Lib/Xavier.jsp
fList.listOfFiles cannot be resolved to a type
9: 
10: 
11: <%
12: 	for(int i = 0; i < fList.listOfFiles.size(); i++){%>
13: 	<a href = <% xavier.listOfFiles.get(i)%> ><%i%></a>
14: 	<br>
15: 	<%


An error occurred at line: 13 in the jsp file: /Resource_Lib/Xavier.jsp
The field FileList.listOfFiles is not visible
10: 
11: <%
12: 	for(int i = 0; i < fList.listOfFiles.size(); i++){%>
13: 	<a href = <% xavier.listOfFiles.get(i)%> ><%i%></a>
14: 	<br>
15: 	<%
16: 	}


An error occurred at line: 13 in the jsp file: /Resource_Lib/Xavier.jsp
Syntax error, insert ";" to complete Statement
10: 
11: <%
12: 	for(int i = 0; i < fList.listOfFiles.size(); i++){%>
13: 	<a href = <% xavier.listOfFiles.get(i)%> ><%i%></a>
14: 	<br>
15: 	<%
16: 	}


An error occurred at line: 13 in the jsp file: /Resource_Lib/Xavier.jsp
i cannot be resolved to a type
10: 
11: <%
12: 	for(int i = 0; i < fList.listOfFiles.size(); i++){%>
13: 	<a href = <% xavier.listOfFiles.get(i)%> ><%i%></a>
14: 	<br>
15: 	<%
16: 	}


An error occurred at line: 13 in the jsp file: /Resource_Lib/Xavier.jsp
Duplicate local variable out
10: 
11: <%
12: 	for(int i = 0; i < fList.listOfFiles.size(); i++){%>
13: 	<a href = <% xavier.listOfFiles.get(i)%> ><%i%></a>
14: 	<br>
15: 	<%
16: 	}


An error occurred at line: 13 in the jsp file: /Resource_Lib/Xavier.jsp
Syntax error on token ".", ; expected
10: 
11: <%
12: 	for(int i = 0; i < fList.listOfFiles.size(); i++){%>
13: 	<a href = <% xavier.listOfFiles.get(i)%> ><%i%></a>
14: 	<br>
15: 	<%
16: 	}


An error occurred at line: 13 in the jsp file: /Resource_Lib/Xavier.jsp
The method write(String) is undefined for the type Xavier_jsp
10: 
11: <%
12: 	for(int i = 0; i < fList.listOfFiles.size(); i++){%>
13: 	<a href = <% xavier.listOfFiles.get(i)%> ><%i%></a>
14: 	<br>
15: 	<%
16: 	}


Stacktrace:
	at org.apache.jasper.compiler.DefaultErrorHandler.javacError(DefaultErrorHandler.java:92)
	at org.apache.jasper.compiler.ErrorDispatcher.javacError(ErrorDispatcher.java:330)
	at org.apache.jasper.compiler.JDTCompiler.generateClass(JDTCompiler.java:439)
	at org.apache.jasper.compiler.Compiler.compile(Compiler.java:349)
	at org.apache.jasper.compiler.Compiler.compile(Compiler.java:327)
	at org.apache.jasper.compiler.Compiler.compile(Compiler.java:314)
	at org.apache.jasper.JspCompilationContext.compile(JspCompilationContext.java:592)
	at org.apache.jasper.servlet.JspServletWrapper.service(JspServletWrapper.java:317)
	at org.apache.jasper.servlet.JspServlet.serviceJspFile(JspServlet.java:313)
	at org.apache.jasper.servlet.JspServlet.service(JspServlet.java:260)
	at javax.servlet.http.HttpServlet.service(HttpServlet.java:717)
	at org.apache.catalina.core.ApplicationFilterChain.internalDoFilter(ApplicationFilterChain.java:290)
	at org.apache.catalina.core.ApplicationFilterChain.doFilter(ApplicationFilterChain.java:206)
	at org.apache.catalina.core.StandardWrapperValve.invoke(StandardWrapperValve.java:233)
	at org.apache.catalina.core.StandardContextValve.invoke(StandardContextValve.java:191)
	at org.apache.catalina.core.StandardHostValve.invoke(StandardHostValve.java:127)
	at org.apache.catalina.valves.ErrorReportValve.invoke(ErrorReportValve.java:102)
	at org.apache.catalina.core.StandardEngineValve.invoke(StandardEngineValve.java:109)
	at org.apache.catalina.connector.CoyoteAdapter.service(CoyoteAdapter.java:298)
	at org.apache.coyote.http11.Http11Processor.process(Http11Processor.java:857)
	at org.apache.coyote.http11.Http11Protocol$Http11ConnectionHandler.process(Http11Protocol.java:588)
	at org.apache.tomcat.util.net.JIoEndpoint$Worker.run(JIoEndpoint.java:489)
	at java.lang.Thread.run(Thread.java:722)

Jul 13, 2015 3:29:21 PM org.apache.catalina.core.StandardWrapperValve invoke
SEVERE: Servlet.service() for servlet jsp threw exception
org.apache.jasper.JasperException: Unable to compile class for JSP: 

An error occurred at line: 12 in the jsp file: /Resource_Lib/Xavier.jsp
fList.listOfFiles cannot be resolved to a type
9: 
10: 
11: <%
12: 	for(int i = 0; i < fList.listOfFiles.size(); i++){%>
13: 	<a href = "<% xavier.listOfFiles.get(i)%>" ><%i%></a>
14: 	<br>
15: 	<%


An error occurred at line: 13 in the jsp file: /Resource_Lib/Xavier.jsp
The field FileList.listOfFiles is not visible
10: 
11: <%
12: 	for(int i = 0; i < fList.listOfFiles.size(); i++){%>
13: 	<a href = "<% xavier.listOfFiles.get(i)%>" ><%i%></a>
14: 	<br>
15: 	<%
16: 	}


An error occurred at line: 13 in the jsp file: /Resource_Lib/Xavier.jsp
Syntax error, insert ";" to complete Statement
10: 
11: <%
12: 	for(int i = 0; i < fList.listOfFiles.size(); i++){%>
13: 	<a href = "<% xavier.listOfFiles.get(i)%>" ><%i%></a>
14: 	<br>
15: 	<%
16: 	}


An error occurred at line: 13 in the jsp file: /Resource_Lib/Xavier.jsp
i cannot be resolved to a type
10: 
11: <%
12: 	for(int i = 0; i < fList.listOfFiles.size(); i++){%>
13: 	<a href = "<% xavier.listOfFiles.get(i)%>" ><%i%></a>
14: 	<br>
15: 	<%
16: 	}


An error occurred at line: 13 in the jsp file: /Resource_Lib/Xavier.jsp
Duplicate local variable out
10: 
11: <%
12: 	for(int i = 0; i < fList.listOfFiles.size(); i++){%>
13: 	<a href = "<% xavier.listOfFiles.get(i)%>" ><%i%></a>
14: 	<br>
15: 	<%
16: 	}


An error occurred at line: 13 in the jsp file: /Resource_Lib/Xavier.jsp
Syntax error on token ".", ; expected
10: 
11: <%
12: 	for(int i = 0; i < fList.listOfFiles.size(); i++){%>
13: 	<a href = "<% xavier.listOfFiles.get(i)%>" ><%i%></a>
14: 	<br>
15: 	<%
16: 	}


An error occurred at line: 13 in the jsp file: /Resource_Lib/Xavier.jsp
The method write(String) is undefined for the type Xavier_jsp
10: 
11: <%
12: 	for(int i = 0; i < fList.listOfFiles.size(); i++){%>
13: 	<a href = "<% xavier.listOfFiles.get(i)%>" ><%i%></a>
14: 	<br>
15: 	<%
16: 	}


Stacktrace:
	at org.apache.jasper.compiler.DefaultErrorHandler.javacError(DefaultErrorHandler.java:92)
	at org.apache.jasper.compiler.ErrorDispatcher.javacError(ErrorDispatcher.java:330)
	at org.apache.jasper.compiler.JDTCompiler.generateClass(JDTCompiler.java:439)
	at org.apache.jasper.compiler.Compiler.compile(Compiler.java:349)
	at org.apache.jasper.compiler.Compiler.compile(Compiler.java:327)
	at org.apache.jasper.compiler.Compiler.compile(Compiler.java:314)
	at org.apache.jasper.JspCompilationContext.compile(JspCompilationContext.java:592)
	at org.apache.jasper.servlet.JspServletWrapper.service(JspServletWrapper.java:317)
	at org.apache.jasper.servlet.JspServlet.serviceJspFile(JspServlet.java:313)
	at org.apache.jasper.servlet.JspServlet.service(JspServlet.java:260)
	at javax.servlet.http.HttpServlet.service(HttpServlet.java:717)
	at org.apache.catalina.core.ApplicationFilterChain.internalDoFilter(ApplicationFilterChain.java:290)
	at org.apache.catalina.core.ApplicationFilterChain.doFilter(ApplicationFilterChain.java:206)
	at org.apache.catalina.core.StandardWrapperValve.invoke(StandardWrapperValve.java:233)
	at org.apache.catalina.core.StandardContextValve.invoke(StandardContextValve.java:191)
	at org.apache.catalina.core.StandardHostValve.invoke(StandardHostValve.java:127)
	at org.apache.catalina.valves.ErrorReportValve.invoke(ErrorReportValve.java:102)
	at org.apache.catalina.core.StandardEngineValve.invoke(StandardEngineValve.java:109)
	at org.apache.catalina.connector.CoyoteAdapter.service(CoyoteAdapter.java:298)
	at org.apache.coyote.http11.Http11Processor.process(Http11Processor.java:857)
	at org.apache.coyote.http11.Http11Protocol$Http11ConnectionHandler.process(Http11Protocol.java:588)
	at org.apache.tomcat.util.net.JIoEndpoint$Worker.run(JIoEndpoint.java:489)
	at java.lang.Thread.run(Thread.java:722)

Jul 13, 2015 3:31:47 PM org.apache.catalina.core.StandardWrapperValve invoke
SEVERE: Servlet.service() for servlet jsp threw exception
org.apache.jasper.JasperException: Unable to compile class for JSP: 

An error occurred at line: 12 in the jsp file: /Resource_Lib/Xavier.jsp
fList.listOfFiles cannot be resolved to a type
9: 
10: 
11: <%
12: 	for(int i = 0; i < fList.listOfFiles.size(); i++){%>
13: 	<a href = "<% xavier.listOfFiles.get(i).getResPath()%>" ><%i%></a>
14: 	<br>
15: 	<%


An error occurred at line: 13 in the jsp file: /Resource_Lib/Xavier.jsp
The field FileList.listOfFiles is not visible
10: 
11: <%
12: 	for(int i = 0; i < fList.listOfFiles.size(); i++){%>
13: 	<a href = "<% xavier.listOfFiles.get(i).getResPath()%>" ><%i%></a>
14: 	<br>
15: 	<%
16: 	}


An error occurred at line: 13 in the jsp file: /Resource_Lib/Xavier.jsp
Syntax error, insert ";" to complete Statement
10: 
11: <%
12: 	for(int i = 0; i < fList.listOfFiles.size(); i++){%>
13: 	<a href = "<% xavier.listOfFiles.get(i).getResPath()%>" ><%i%></a>
14: 	<br>
15: 	<%
16: 	}


An error occurred at line: 13 in the jsp file: /Resource_Lib/Xavier.jsp
i cannot be resolved to a type
10: 
11: <%
12: 	for(int i = 0; i < fList.listOfFiles.size(); i++){%>
13: 	<a href = "<% xavier.listOfFiles.get(i).getResPath()%>" ><%i%></a>
14: 	<br>
15: 	<%
16: 	}


An error occurred at line: 13 in the jsp file: /Resource_Lib/Xavier.jsp
Duplicate local variable out
10: 
11: <%
12: 	for(int i = 0; i < fList.listOfFiles.size(); i++){%>
13: 	<a href = "<% xavier.listOfFiles.get(i).getResPath()%>" ><%i%></a>
14: 	<br>
15: 	<%
16: 	}


An error occurred at line: 13 in the jsp file: /Resource_Lib/Xavier.jsp
Syntax error on token ".", ; expected
10: 
11: <%
12: 	for(int i = 0; i < fList.listOfFiles.size(); i++){%>
13: 	<a href = "<% xavier.listOfFiles.get(i).getResPath()%>" ><%i%></a>
14: 	<br>
15: 	<%
16: 	}


An error occurred at line: 13 in the jsp file: /Resource_Lib/Xavier.jsp
The method write(String) is undefined for the type Xavier_jsp
10: 
11: <%
12: 	for(int i = 0; i < fList.listOfFiles.size(); i++){%>
13: 	<a href = "<% xavier.listOfFiles.get(i).getResPath()%>" ><%i%></a>
14: 	<br>
15: 	<%
16: 	}


Stacktrace:
	at org.apache.jasper.compiler.DefaultErrorHandler.javacError(DefaultErrorHandler.java:92)
	at org.apache.jasper.compiler.ErrorDispatcher.javacError(ErrorDispatcher.java:330)
	at org.apache.jasper.compiler.JDTCompiler.generateClass(JDTCompiler.java:439)
	at org.apache.jasper.compiler.Compiler.compile(Compiler.java:349)
	at org.apache.jasper.compiler.Compiler.compile(Compiler.java:327)
	at org.apache.jasper.compiler.Compiler.compile(Compiler.java:314)
	at org.apache.jasper.JspCompilationContext.compile(JspCompilationContext.java:592)
	at org.apache.jasper.servlet.JspServletWrapper.service(JspServletWrapper.java:317)
	at org.apache.jasper.servlet.JspServlet.serviceJspFile(JspServlet.java:313)
	at org.apache.jasper.servlet.JspServlet.service(JspServlet.java:260)
	at javax.servlet.http.HttpServlet.service(HttpServlet.java:717)
	at org.apache.catalina.core.ApplicationFilterChain.internalDoFilter(ApplicationFilterChain.java:290)
	at org.apache.catalina.core.ApplicationFilterChain.doFilter(ApplicationFilterChain.java:206)
	at org.apache.catalina.core.StandardWrapperValve.invoke(StandardWrapperValve.java:233)
	at org.apache.catalina.core.StandardContextValve.invoke(StandardContextValve.java:191)
	at org.apache.catalina.core.StandardHostValve.invoke(StandardHostValve.java:127)
	at org.apache.catalina.valves.ErrorReportValve.invoke(ErrorReportValve.java:102)
	at org.apache.catalina.core.StandardEngineValve.invoke(StandardEngineValve.java:109)
	at org.apache.catalina.connector.CoyoteAdapter.service(CoyoteAdapter.java:298)
	at org.apache.coyote.http11.Http11Processor.process(Http11Processor.java:857)
	at org.apache.coyote.http11.Http11Protocol$Http11ConnectionHandler.process(Http11Protocol.java:588)
	at org.apache.tomcat.util.net.JIoEndpoint$Worker.run(JIoEndpoint.java:489)
	at java.lang.Thread.run(Thread.java:722)

Jul 13, 2015 3:34:14 PM org.apache.catalina.core.StandardWrapperValve invoke
SEVERE: Servlet.service() for servlet jsp threw exception
org.apache.jasper.JasperException: Unable to compile class for JSP: 

An error occurred at line: 10 in the jsp file: /Resource_Lib/Xavier.jsp
FieList cannot be resolved to a type
7:   <body style="font-family:Arial;font-size:12pt;background-color:#FFFFCC" SCROLLLING = "YES">
8: 
9: 
10: <%	FieList fList = new FileList();
11: 	for(int i = 0; i < fList.listOfFiles.size(); i++){%>
12: 	<a href = "<% xavier.listOfFiles.get(i)%>" ><%i%></a>
13: 	<br>


An error occurred at line: 12 in the jsp file: /Resource_Lib/Xavier.jsp
xavier.listOfFiles cannot be resolved to a type
9: 
10: <%	FieList fList = new FileList();
11: 	for(int i = 0; i < fList.listOfFiles.size(); i++){%>
12: 	<a href = "<% xavier.listOfFiles.get(i)%>" ><%i%></a>
13: 	<br>
14: 	<%
15: 	}


An error occurred at line: 12 in the jsp file: /Resource_Lib/Xavier.jsp
Syntax error, insert ";" to complete Statement
9: 
10: <%	FieList fList = new FileList();
11: 	for(int i = 0; i < fList.listOfFiles.size(); i++){%>
12: 	<a href = "<% xavier.listOfFiles.get(i)%>" ><%i%></a>
13: 	<br>
14: 	<%
15: 	}


An error occurred at line: 12 in the jsp file: /Resource_Lib/Xavier.jsp
i cannot be resolved to a type
9: 
10: <%	FieList fList = new FileList();
11: 	for(int i = 0; i < fList.listOfFiles.size(); i++){%>
12: 	<a href = "<% xavier.listOfFiles.get(i)%>" ><%i%></a>
13: 	<br>
14: 	<%
15: 	}


An error occurred at line: 12 in the jsp file: /Resource_Lib/Xavier.jsp
Duplicate local variable out
9: 
10: <%	FieList fList = new FileList();
11: 	for(int i = 0; i < fList.listOfFiles.size(); i++){%>
12: 	<a href = "<% xavier.listOfFiles.get(i)%>" ><%i%></a>
13: 	<br>
14: 	<%
15: 	}


An error occurred at line: 12 in the jsp file: /Resource_Lib/Xavier.jsp
Syntax error on token ".", ; expected
9: 
10: <%	FieList fList = new FileList();
11: 	for(int i = 0; i < fList.listOfFiles.size(); i++){%>
12: 	<a href = "<% xavier.listOfFiles.get(i)%>" ><%i%></a>
13: 	<br>
14: 	<%
15: 	}


An error occurred at line: 12 in the jsp file: /Resource_Lib/Xavier.jsp
The method write(String) is undefined for the type Xavier_jsp
9: 
10: <%	FieList fList = new FileList();
11: 	for(int i = 0; i < fList.listOfFiles.size(); i++){%>
12: 	<a href = "<% xavier.listOfFiles.get(i)%>" ><%i%></a>
13: 	<br>
14: 	<%
15: 	}


Stacktrace:
	at org.apache.jasper.compiler.DefaultErrorHandler.javacError(DefaultErrorHandler.java:92)
	at org.apache.jasper.compiler.ErrorDispatcher.javacError(ErrorDispatcher.java:330)
	at org.apache.jasper.compiler.JDTCompiler.generateClass(JDTCompiler.java:439)
	at org.apache.jasper.compiler.Compiler.compile(Compiler.java:349)
	at org.apache.jasper.compiler.Compiler.compile(Compiler.java:327)
	at org.apache.jasper.compiler.Compiler.compile(Compiler.java:314)
	at org.apache.jasper.JspCompilationContext.compile(JspCompilationContext.java:592)
	at org.apache.jasper.servlet.JspServletWrapper.service(JspServletWrapper.java:317)
	at org.apache.jasper.servlet.JspServlet.serviceJspFile(JspServlet.java:313)
	at org.apache.jasper.servlet.JspServlet.service(JspServlet.java:260)
	at javax.servlet.http.HttpServlet.service(HttpServlet.java:717)
	at org.apache.catalina.core.ApplicationFilterChain.internalDoFilter(ApplicationFilterChain.java:290)
	at org.apache.catalina.core.ApplicationFilterChain.doFilter(ApplicationFilterChain.java:206)
	at org.apache.catalina.core.StandardWrapperValve.invoke(StandardWrapperValve.java:233)
	at org.apache.catalina.core.StandardContextValve.invoke(StandardContextValve.java:191)
	at org.apache.catalina.core.StandardHostValve.invoke(StandardHostValve.java:127)
	at org.apache.catalina.valves.ErrorReportValve.invoke(ErrorReportValve.java:102)
	at org.apache.catalina.core.StandardEngineValve.invoke(StandardEngineValve.java:109)
	at org.apache.catalina.connector.CoyoteAdapter.service(CoyoteAdapter.java:298)
	at org.apache.coyote.http11.Http11Processor.process(Http11Processor.java:857)
	at org.apache.coyote.http11.Http11Protocol$Http11ConnectionHandler.process(Http11Protocol.java:588)
	at org.apache.tomcat.util.net.JIoEndpoint$Worker.run(JIoEndpoint.java:489)
	at java.lang.Thread.run(Thread.java:722)

Jul 13, 2015 3:34:35 PM org.apache.catalina.core.StandardWrapperValve invoke
SEVERE: Servlet.service() for servlet jsp threw exception
org.apache.jasper.JasperException: Unable to compile class for JSP: 

An error occurred at line: 10 in the jsp file: /Resource_Lib/Xavier.jsp
FieList cannot be resolved to a type
7:   <body style="font-family:Arial;font-size:12pt;background-color:#FFFFCC" SCROLLLING = "YES">
8: 
9: 
10: <%	FieList fList = new FileList();
11: 	for(int i = 0; i < fList.listOfFiles.size(); i++){%>
12: 	<a href = "<% fList.listOfFiles.get(i)%>" ><%i%></a>
13: 	<br>


An error occurred at line: 12 in the jsp file: /Resource_Lib/Xavier.jsp
Syntax error, insert ";" to complete Statement
9: 
10: <%	FieList fList = new FileList();
11: 	for(int i = 0; i < fList.listOfFiles.size(); i++){%>
12: 	<a href = "<% fList.listOfFiles.get(i)%>" ><%i%></a>
13: 	<br>
14: 	<%
15: 	}


An error occurred at line: 12 in the jsp file: /Resource_Lib/Xavier.jsp
i cannot be resolved to a type
9: 
10: <%	FieList fList = new FileList();
11: 	for(int i = 0; i < fList.listOfFiles.size(); i++){%>
12: 	<a href = "<% fList.listOfFiles.get(i)%>" ><%i%></a>
13: 	<br>
14: 	<%
15: 	}


An error occurred at line: 12 in the jsp file: /Resource_Lib/Xavier.jsp
Duplicate local variable out
9: 
10: <%	FieList fList = new FileList();
11: 	for(int i = 0; i < fList.listOfFiles.size(); i++){%>
12: 	<a href = "<% fList.listOfFiles.get(i)%>" ><%i%></a>
13: 	<br>
14: 	<%
15: 	}


An error occurred at line: 12 in the jsp file: /Resource_Lib/Xavier.jsp
Syntax error on token ".", ; expected
9: 
10: <%	FieList fList = new FileList();
11: 	for(int i = 0; i < fList.listOfFiles.size(); i++){%>
12: 	<a href = "<% fList.listOfFiles.get(i)%>" ><%i%></a>
13: 	<br>
14: 	<%
15: 	}


An error occurred at line: 12 in the jsp file: /Resource_Lib/Xavier.jsp
The method write(String) is undefined for the type Xavier_jsp
9: 
10: <%	FieList fList = new FileList();
11: 	for(int i = 0; i < fList.listOfFiles.size(); i++){%>
12: 	<a href = "<% fList.listOfFiles.get(i)%>" ><%i%></a>
13: 	<br>
14: 	<%
15: 	}


Stacktrace:
	at org.apache.jasper.compiler.DefaultErrorHandler.javacError(DefaultErrorHandler.java:92)
	at org.apache.jasper.compiler.ErrorDispatcher.javacError(ErrorDispatcher.java:330)
	at org.apache.jasper.compiler.JDTCompiler.generateClass(JDTCompiler.java:439)
	at org.apache.jasper.compiler.Compiler.compile(Compiler.java:349)
	at org.apache.jasper.compiler.Compiler.compile(Compiler.java:327)
	at org.apache.jasper.compiler.Compiler.compile(Compiler.java:314)
	at org.apache.jasper.JspCompilationContext.compile(JspCompilationContext.java:592)
	at org.apache.jasper.servlet.JspServletWrapper.service(JspServletWrapper.java:317)
	at org.apache.jasper.servlet.JspServlet.serviceJspFile(JspServlet.java:313)
	at org.apache.jasper.servlet.JspServlet.service(JspServlet.java:260)
	at javax.servlet.http.HttpServlet.service(HttpServlet.java:717)
	at org.apache.catalina.core.ApplicationFilterChain.internalDoFilter(ApplicationFilterChain.java:290)
	at org.apache.catalina.core.ApplicationFilterChain.doFilter(ApplicationFilterChain.java:206)
	at org.apache.catalina.core.StandardWrapperValve.invoke(StandardWrapperValve.java:233)
	at org.apache.catalina.core.StandardContextValve.invoke(StandardContextValve.java:191)
	at org.apache.catalina.core.StandardHostValve.invoke(StandardHostValve.java:127)
	at org.apache.catalina.valves.ErrorReportValve.invoke(ErrorReportValve.java:102)
	at org.apache.catalina.core.StandardEngineValve.invoke(StandardEngineValve.java:109)
	at org.apache.catalina.connector.CoyoteAdapter.service(CoyoteAdapter.java:298)
	at org.apache.coyote.http11.Http11Processor.process(Http11Processor.java:857)
	at org.apache.coyote.http11.Http11Protocol$Http11ConnectionHandler.process(Http11Protocol.java:588)
	at org.apache.tomcat.util.net.JIoEndpoint$Worker.run(JIoEndpoint.java:489)
	at java.lang.Thread.run(Thread.java:722)

Jul 13, 2015 3:34:57 PM org.apache.catalina.core.StandardWrapperValve invoke
SEVERE: Servlet.service() for servlet jsp threw exception
org.apache.jasper.JasperException: Unable to compile class for JSP: 

An error occurred at line: 11 in the jsp file: /Resource_Lib/Xavier.jsp
The field FileList.listOfFiles is not visible
8: 
9: 
10: <%	FileList fList = new FileList();
11: 	for(int i = 0; i < fList.listOfFiles.size(); i++){%>
12: 	<a href = "<% fList.listOfFiles.get(i)%>" ><%i%></a>
13: 	<br>
14: 	<%


An error occurred at line: 12 in the jsp file: /Resource_Lib/Xavier.jsp
The field FileList.listOfFiles is not visible
9: 
10: <%	FileList fList = new FileList();
11: 	for(int i = 0; i < fList.listOfFiles.size(); i++){%>
12: 	<a href = "<% fList.listOfFiles.get(i)%>" ><%i%></a>
13: 	<br>
14: 	<%
15: 	}


An error occurred at line: 12 in the jsp file: /Resource_Lib/Xavier.jsp
Syntax error, insert ";" to complete Statement
9: 
10: <%	FileList fList = new FileList();
11: 	for(int i = 0; i < fList.listOfFiles.size(); i++){%>
12: 	<a href = "<% fList.listOfFiles.get(i)%>" ><%i%></a>
13: 	<br>
14: 	<%
15: 	}


An error occurred at line: 12 in the jsp file: /Resource_Lib/Xavier.jsp
i cannot be resolved to a type
9: 
10: <%	FileList fList = new FileList();
11: 	for(int i = 0; i < fList.listOfFiles.size(); i++){%>
12: 	<a href = "<% fList.listOfFiles.get(i)%>" ><%i%></a>
13: 	<br>
14: 	<%
15: 	}


An error occurred at line: 12 in the jsp file: /Resource_Lib/Xavier.jsp
Duplicate local variable out
9: 
10: <%	FileList fList = new FileList();
11: 	for(int i = 0; i < fList.listOfFiles.size(); i++){%>
12: 	<a href = "<% fList.listOfFiles.get(i)%>" ><%i%></a>
13: 	<br>
14: 	<%
15: 	}


An error occurred at line: 12 in the jsp file: /Resource_Lib/Xavier.jsp
Syntax error on token ".", ; expected
9: 
10: <%	FileList fList = new FileList();
11: 	for(int i = 0; i < fList.listOfFiles.size(); i++){%>
12: 	<a href = "<% fList.listOfFiles.get(i)%>" ><%i%></a>
13: 	<br>
14: 	<%
15: 	}


An error occurred at line: 12 in the jsp file: /Resource_Lib/Xavier.jsp
The method write(String) is undefined for the type Xavier_jsp
9: 
10: <%	FileList fList = new FileList();
11: 	for(int i = 0; i < fList.listOfFiles.size(); i++){%>
12: 	<a href = "<% fList.listOfFiles.get(i)%>" ><%i%></a>
13: 	<br>
14: 	<%
15: 	}


Stacktrace:
	at org.apache.jasper.compiler.DefaultErrorHandler.javacError(DefaultErrorHandler.java:92)
	at org.apache.jasper.compiler.ErrorDispatcher.javacError(ErrorDispatcher.java:330)
	at org.apache.jasper.compiler.JDTCompiler.generateClass(JDTCompiler.java:439)
	at org.apache.jasper.compiler.Compiler.compile(Compiler.java:349)
	at org.apache.jasper.compiler.Compiler.compile(Compiler.java:327)
	at org.apache.jasper.compiler.Compiler.compile(Compiler.java:314)
	at org.apache.jasper.JspCompilationContext.compile(JspCompilationContext.java:592)
	at org.apache.jasper.servlet.JspServletWrapper.service(JspServletWrapper.java:317)
	at org.apache.jasper.servlet.JspServlet.serviceJspFile(JspServlet.java:313)
	at org.apache.jasper.servlet.JspServlet.service(JspServlet.java:260)
	at javax.servlet.http.HttpServlet.service(HttpServlet.java:717)
	at org.apache.catalina.core.ApplicationFilterChain.internalDoFilter(ApplicationFilterChain.java:290)
	at org.apache.catalina.core.ApplicationFilterChain.doFilter(ApplicationFilterChain.java:206)
	at org.apache.catalina.core.StandardWrapperValve.invoke(StandardWrapperValve.java:233)
	at org.apache.catalina.core.StandardContextValve.invoke(StandardContextValve.java:191)
	at org.apache.catalina.core.StandardHostValve.invoke(StandardHostValve.java:127)
	at org.apache.catalina.valves.ErrorReportValve.invoke(ErrorReportValve.java:102)
	at org.apache.catalina.core.StandardEngineValve.invoke(StandardEngineValve.java:109)
	at org.apache.catalina.connector.CoyoteAdapter.service(CoyoteAdapter.java:298)
	at org.apache.coyote.http11.Http11Processor.process(Http11Processor.java:857)
	at org.apache.coyote.http11.Http11Protocol$Http11ConnectionHandler.process(Http11Protocol.java:588)
	at org.apache.tomcat.util.net.JIoEndpoint$Worker.run(JIoEndpoint.java:489)
	at java.lang.Thread.run(Thread.java:722)

Jul 13, 2015 3:37:01 PM org.apache.catalina.core.StandardWrapperValve invoke
SEVERE: Servlet.service() for servlet jsp threw exception
org.apache.jasper.JasperException: Unable to compile class for JSP: 

An error occurred at line: 12 in the jsp file: /Resource_Lib/Xavier.jsp
Syntax error, insert ";" to complete Statement
9: 
10: <%	FileList fList = new FileList();
11: 	for(int i = 0; i < fList.listOfFiles.size(); i++){%>
12: 	<a href = "<% fList.listOfFiles.get(i)%>" ><%i%></a>
13: 	<br>
14: 	<%
15: 	}


An error occurred at line: 12 in the jsp file: /Resource_Lib/Xavier.jsp
i cannot be resolved to a type
9: 
10: <%	FileList fList = new FileList();
11: 	for(int i = 0; i < fList.listOfFiles.size(); i++){%>
12: 	<a href = "<% fList.listOfFiles.get(i)%>" ><%i%></a>
13: 	<br>
14: 	<%
15: 	}


An error occurred at line: 12 in the jsp file: /Resource_Lib/Xavier.jsp
Duplicate local variable out
9: 
10: <%	FileList fList = new FileList();
11: 	for(int i = 0; i < fList.listOfFiles.size(); i++){%>
12: 	<a href = "<% fList.listOfFiles.get(i)%>" ><%i%></a>
13: 	<br>
14: 	<%
15: 	}


An error occurred at line: 12 in the jsp file: /Resource_Lib/Xavier.jsp
Syntax error on token ".", ; expected
9: 
10: <%	FileList fList = new FileList();
11: 	for(int i = 0; i < fList.listOfFiles.size(); i++){%>
12: 	<a href = "<% fList.listOfFiles.get(i)%>" ><%i%></a>
13: 	<br>
14: 	<%
15: 	}


An error occurred at line: 12 in the jsp file: /Resource_Lib/Xavier.jsp
The method write(String) is undefined for the type Xavier_jsp
9: 
10: <%	FileList fList = new FileList();
11: 	for(int i = 0; i < fList.listOfFiles.size(); i++){%>
12: 	<a href = "<% fList.listOfFiles.get(i)%>" ><%i%></a>
13: 	<br>
14: 	<%
15: 	}


Stacktrace:
	at org.apache.jasper.compiler.DefaultErrorHandler.javacError(DefaultErrorHandler.java:92)
	at org.apache.jasper.compiler.ErrorDispatcher.javacError(ErrorDispatcher.java:330)
	at org.apache.jasper.compiler.JDTCompiler.generateClass(JDTCompiler.java:439)
	at org.apache.jasper.compiler.Compiler.compile(Compiler.java:349)
	at org.apache.jasper.compiler.Compiler.compile(Compiler.java:327)
	at org.apache.jasper.compiler.Compiler.compile(Compiler.java:314)
	at org.apache.jasper.JspCompilationContext.compile(JspCompilationContext.java:592)
	at org.apache.jasper.servlet.JspServletWrapper.service(JspServletWrapper.java:317)
	at org.apache.jasper.servlet.JspServlet.serviceJspFile(JspServlet.java:313)
	at org.apache.jasper.servlet.JspServlet.service(JspServlet.java:260)
	at javax.servlet.http.HttpServlet.service(HttpServlet.java:717)
	at org.apache.catalina.core.ApplicationFilterChain.internalDoFilter(ApplicationFilterChain.java:290)
	at org.apache.catalina.core.ApplicationFilterChain.doFilter(ApplicationFilterChain.java:206)
	at org.apache.catalina.core.StandardWrapperValve.invoke(StandardWrapperValve.java:233)
	at org.apache.catalina.core.StandardContextValve.invoke(StandardContextValve.java:191)
	at org.apache.catalina.core.StandardHostValve.invoke(StandardHostValve.java:127)
	at org.apache.catalina.valves.ErrorReportValve.invoke(ErrorReportValve.java:102)
	at org.apache.catalina.core.StandardEngineValve.invoke(StandardEngineValve.java:109)
	at org.apache.catalina.connector.CoyoteAdapter.service(CoyoteAdapter.java:298)
	at org.apache.coyote.http11.Http11Processor.process(Http11Processor.java:857)
	at org.apache.coyote.http11.Http11Protocol$Http11ConnectionHandler.process(Http11Protocol.java:588)
	at org.apache.tomcat.util.net.JIoEndpoint$Worker.run(JIoEndpoint.java:489)
	at java.lang.Thread.run(Thread.java:722)

Jul 13, 2015 3:38:43 PM org.apache.catalina.core.StandardWrapperValve invoke
SEVERE: Servlet.service() for servlet jsp threw exception
org.apache.jasper.JasperException: Unable to compile class for JSP: 

An error occurred at line: 12 in the jsp file: /Resource_Lib/Xavier.jsp
Syntax error, insert ";" to complete Statement
9: 
10: <%	FileList fList = new FileList();
11: 	for(int i = 0; i < fList.listOfFiles.size(); i++){%>
12: 	<a href = "<% fList.listOfFiles.get(i);%>" >"<%Integer.toString(i)%>"</a>
13: 	<br>
14: 	<%
15: 	}


Stacktrace:
	at org.apache.jasper.compiler.DefaultErrorHandler.javacError(DefaultErrorHandler.java:92)
	at org.apache.jasper.compiler.ErrorDispatcher.javacError(ErrorDispatcher.java:330)
	at org.apache.jasper.compiler.JDTCompiler.generateClass(JDTCompiler.java:439)
	at org.apache.jasper.compiler.Compiler.compile(Compiler.java:349)
	at org.apache.jasper.compiler.Compiler.compile(Compiler.java:327)
	at org.apache.jasper.compiler.Compiler.compile(Compiler.java:314)
	at org.apache.jasper.JspCompilationContext.compile(JspCompilationContext.java:592)
	at org.apache.jasper.servlet.JspServletWrapper.service(JspServletWrapper.java:317)
	at org.apache.jasper.servlet.JspServlet.serviceJspFile(JspServlet.java:313)
	at org.apache.jasper.servlet.JspServlet.service(JspServlet.java:260)
	at javax.servlet.http.HttpServlet.service(HttpServlet.java:717)
	at org.apache.catalina.core.ApplicationFilterChain.internalDoFilter(ApplicationFilterChain.java:290)
	at org.apache.catalina.core.ApplicationFilterChain.doFilter(ApplicationFilterChain.java:206)
	at org.apache.catalina.core.StandardWrapperValve.invoke(StandardWrapperValve.java:233)
	at org.apache.catalina.core.StandardContextValve.invoke(StandardContextValve.java:191)
	at org.apache.catalina.core.StandardHostValve.invoke(StandardHostValve.java:127)
	at org.apache.catalina.valves.ErrorReportValve.invoke(ErrorReportValve.java:102)
	at org.apache.catalina.core.StandardEngineValve.invoke(StandardEngineValve.java:109)
	at org.apache.catalina.connector.CoyoteAdapter.service(CoyoteAdapter.java:298)
	at org.apache.coyote.http11.Http11Processor.process(Http11Processor.java:857)
	at org.apache.coyote.http11.Http11Protocol$Http11ConnectionHandler.process(Http11Protocol.java:588)
	at org.apache.tomcat.util.net.JIoEndpoint$Worker.run(JIoEndpoint.java:489)
	at java.lang.Thread.run(Thread.java:722)

Jul 13, 2015 3:41:31 PM org.apache.catalina.core.StandardWrapperValve invoke
SEVERE: Servlet.service() for servlet jsp threw exception
org.apache.jasper.JasperException: Unable to compile class for JSP: 

An error occurred at line: 12 in the jsp file: /Resource_Lib/Xavier.jsp
The method getResPath() is undefined for the type String
9: 
10: <%	FileList fList = new FileList();
11: 	for(int i = 0; i < fList.listOfFiles.size(); i++){%>
12: 	<a href = "<% fList.listOfFiles.get(i).getResPath();%>" >"<%Integer.toString(i);%>"</a>
13: 	<br>
14: 	<%
15: 	}


Stacktrace:
	at org.apache.jasper.compiler.DefaultErrorHandler.javacError(DefaultErrorHandler.java:92)
	at org.apache.jasper.compiler.ErrorDispatcher.javacError(ErrorDispatcher.java:330)
	at org.apache.jasper.compiler.JDTCompiler.generateClass(JDTCompiler.java:439)
	at org.apache.jasper.compiler.Compiler.compile(Compiler.java:349)
	at org.apache.jasper.compiler.Compiler.compile(Compiler.java:327)
	at org.apache.jasper.compiler.Compiler.compile(Compiler.java:314)
	at org.apache.jasper.JspCompilationContext.compile(JspCompilationContext.java:592)
	at org.apache.jasper.servlet.JspServletWrapper.service(JspServletWrapper.java:317)
	at org.apache.jasper.servlet.JspServlet.serviceJspFile(JspServlet.java:313)
	at org.apache.jasper.servlet.JspServlet.service(JspServlet.java:260)
	at javax.servlet.http.HttpServlet.service(HttpServlet.java:717)
	at org.apache.catalina.core.ApplicationFilterChain.internalDoFilter(ApplicationFilterChain.java:290)
	at org.apache.catalina.core.ApplicationFilterChain.doFilter(ApplicationFilterChain.java:206)
	at org.apache.catalina.core.StandardWrapperValve.invoke(StandardWrapperValve.java:233)
	at org.apache.catalina.core.StandardContextValve.invoke(StandardContextValve.java:191)
	at org.apache.catalina.core.StandardHostValve.invoke(StandardHostValve.java:127)
	at org.apache.catalina.valves.ErrorReportValve.invoke(ErrorReportValve.java:102)
	at org.apache.catalina.core.StandardEngineValve.invoke(StandardEngineValve.java:109)
	at org.apache.catalina.connector.CoyoteAdapter.service(CoyoteAdapter.java:298)
	at org.apache.coyote.http11.Http11Processor.process(Http11Processor.java:857)
	at org.apache.coyote.http11.Http11Protocol$Http11ConnectionHandler.process(Http11Protocol.java:588)
	at org.apache.tomcat.util.net.JIoEndpoint$Worker.run(JIoEndpoint.java:489)
	at java.lang.Thread.run(Thread.java:722)

Jul 13, 2015 3:43:26 PM org.apache.catalina.core.StandardWrapperValve invoke
SEVERE: Servlet.service() for servlet jsp threw exception
org.apache.jasper.JasperException: Unable to compile class for JSP: 

An error occurred at line: 12 in the jsp file: /Resource_Lib/Xavier.jsp
The method outprintln(String) is undefined for the type System
9: 
10: <%	FileList fList = new FileList();
11: 	for(int i = 0; i < fList.listOfFiles.size(); i++){
12: 		System.outprintln(fList.listOfFiles.get(i));%>
13: 	<a href = "<% fList.listOfFiles.get(i);%>" >File</a>
14: 	<br>
15: 	<%


Stacktrace:
	at org.apache.jasper.compiler.DefaultErrorHandler.javacError(DefaultErrorHandler.java:92)
	at org.apache.jasper.compiler.ErrorDispatcher.javacError(ErrorDispatcher.java:330)
	at org.apache.jasper.compiler.JDTCompiler.generateClass(JDTCompiler.java:439)
	at org.apache.jasper.compiler.Compiler.compile(Compiler.java:349)
	at org.apache.jasper.compiler.Compiler.compile(Compiler.java:327)
	at org.apache.jasper.compiler.Compiler.compile(Compiler.java:314)
	at org.apache.jasper.JspCompilationContext.compile(JspCompilationContext.java:592)
	at org.apache.jasper.servlet.JspServletWrapper.service(JspServletWrapper.java:317)
	at org.apache.jasper.servlet.JspServlet.serviceJspFile(JspServlet.java:313)
	at org.apache.jasper.servlet.JspServlet.service(JspServlet.java:260)
	at javax.servlet.http.HttpServlet.service(HttpServlet.java:717)
	at org.apache.catalina.core.ApplicationFilterChain.internalDoFilter(ApplicationFilterChain.java:290)
	at org.apache.catalina.core.ApplicationFilterChain.doFilter(ApplicationFilterChain.java:206)
	at org.apache.catalina.core.StandardWrapperValve.invoke(StandardWrapperValve.java:233)
	at org.apache.catalina.core.StandardContextValve.invoke(StandardContextValve.java:191)
	at org.apache.catalina.core.StandardHostValve.invoke(StandardHostValve.java:127)
	at org.apache.catalina.valves.ErrorReportValve.invoke(ErrorReportValve.java:102)
	at org.apache.catalina.core.StandardEngineValve.invoke(StandardEngineValve.java:109)
	at org.apache.catalina.connector.CoyoteAdapter.service(CoyoteAdapter.java:298)
	at org.apache.coyote.http11.Http11Processor.process(Http11Processor.java:857)
	at org.apache.coyote.http11.Http11Protocol$Http11ConnectionHandler.process(Http11Protocol.java:588)
	at org.apache.tomcat.util.net.JIoEndpoint$Worker.run(JIoEndpoint.java:489)
	at java.lang.Thread.run(Thread.java:722)

Jul 13, 2015 3:48:40 PM org.apache.catalina.core.StandardWrapperValve invoke
SEVERE: Servlet.service() for servlet jsp threw exception
org.apache.jasper.JasperException: Unable to compile class for JSP: 

An error occurred at line: 13 in the jsp file: /Resource_Lib/Xavier.jsp
Syntax error, insert ";" to complete Statement
10: <%	FileList fList = new FileList("File_List.xml");
11: 	for(int i = 0; i < fList.listOfFiles.size(); i++){
12: 		//System.out.println(fList.listOfFiles.get(i));%>
13: 	<a href = "<% fList.listOfFiles.get(0);%>" ><%fList.listOfFiles.get(i)%></a>
14: 	<br>
15: 	<%
16: 	}


Stacktrace:
	at org.apache.jasper.compiler.DefaultErrorHandler.javacError(DefaultErrorHandler.java:92)
	at org.apache.jasper.compiler.ErrorDispatcher.javacError(ErrorDispatcher.java:330)
	at org.apache.jasper.compiler.JDTCompiler.generateClass(JDTCompiler.java:439)
	at org.apache.jasper.compiler.Compiler.compile(Compiler.java:349)
	at org.apache.jasper.compiler.Compiler.compile(Compiler.java:327)
	at org.apache.jasper.compiler.Compiler.compile(Compiler.java:314)
	at org.apache.jasper.JspCompilationContext.compile(JspCompilationContext.java:592)
	at org.apache.jasper.servlet.JspServletWrapper.service(JspServletWrapper.java:317)
	at org.apache.jasper.servlet.JspServlet.serviceJspFile(JspServlet.java:313)
	at org.apache.jasper.servlet.JspServlet.service(JspServlet.java:260)
	at javax.servlet.http.HttpServlet.service(HttpServlet.java:717)
	at org.apache.catalina.core.ApplicationFilterChain.internalDoFilter(ApplicationFilterChain.java:290)
	at org.apache.catalina.core.ApplicationFilterChain.doFilter(ApplicationFilterChain.java:206)
	at org.apache.catalina.core.StandardWrapperValve.invoke(StandardWrapperValve.java:233)
	at org.apache.catalina.core.StandardContextValve.invoke(StandardContextValve.java:191)
	at org.apache.catalina.core.StandardHostValve.invoke(StandardHostValve.java:127)
	at org.apache.catalina.valves.ErrorReportValve.invoke(ErrorReportValve.java:102)
	at org.apache.catalina.core.StandardEngineValve.invoke(StandardEngineValve.java:109)
	at org.apache.catalina.connector.CoyoteAdapter.service(CoyoteAdapter.java:298)
	at org.apache.coyote.http11.Http11Processor.process(Http11Processor.java:857)
	at org.apache.coyote.http11.Http11Protocol$Http11ConnectionHandler.process(Http11Protocol.java:588)
	at org.apache.tomcat.util.net.JIoEndpoint$Worker.run(JIoEndpoint.java:489)
	at java.lang.Thread.run(Thread.java:722)

Jul 13, 2015 3:58:55 PM org.apache.catalina.core.StandardWrapperValve invoke
SEVERE: Servlet.service() for servlet jsp threw exception
org.apache.jasper.JasperException: Unable to compile class for JSP: 

An error occurred at line: 17 in the jsp file: /Resource_Lib/Xavier.jsp
s cannot be resolved to a type
14: 
15: 	%>
16: 	<a href = 
17: 	"<%s%>" 
18: 	>file</a>
19: 	<br>
20: 	<%


An error occurred at line: 17 in the jsp file: /Resource_Lib/Xavier.jsp
Duplicate local variable out
14: 
15: 	%>
16: 	<a href = 
17: 	"<%s%>" 
18: 	>file</a>
19: 	<br>
20: 	<%


An error occurred at line: 17 in the jsp file: /Resource_Lib/Xavier.jsp
Syntax error on token ".", ; expected
14: 
15: 	%>
16: 	<a href = 
17: 	"<%s%>" 
18: 	>file</a>
19: 	<br>
20: 	<%


An error occurred at line: 17 in the jsp file: /Resource_Lib/Xavier.jsp
The method write(String) is undefined for the type Xavier_jsp
14: 
15: 	%>
16: 	<a href = 
17: 	"<%s%>" 
18: 	>file</a>
19: 	<br>
20: 	<%


Stacktrace:
	at org.apache.jasper.compiler.DefaultErrorHandler.javacError(DefaultErrorHandler.java:92)
	at org.apache.jasper.compiler.ErrorDispatcher.javacError(ErrorDispatcher.java:330)
	at org.apache.jasper.compiler.JDTCompiler.generateClass(JDTCompiler.java:439)
	at org.apache.jasper.compiler.Compiler.compile(Compiler.java:349)
	at org.apache.jasper.compiler.Compiler.compile(Compiler.java:327)
	at org.apache.jasper.compiler.Compiler.compile(Compiler.java:314)
	at org.apache.jasper.JspCompilationContext.compile(JspCompilationContext.java:592)
	at org.apache.jasper.servlet.JspServletWrapper.service(JspServletWrapper.java:317)
	at org.apache.jasper.servlet.JspServlet.serviceJspFile(JspServlet.java:313)
	at org.apache.jasper.servlet.JspServlet.service(JspServlet.java:260)
	at javax.servlet.http.HttpServlet.service(HttpServlet.java:717)
	at org.apache.catalina.core.ApplicationFilterChain.internalDoFilter(ApplicationFilterChain.java:290)
	at org.apache.catalina.core.ApplicationFilterChain.doFilter(ApplicationFilterChain.java:206)
	at org.apache.catalina.core.StandardWrapperValve.invoke(StandardWrapperValve.java:233)
	at org.apache.catalina.core.StandardContextValve.invoke(StandardContextValve.java:191)
	at org.apache.catalina.core.StandardHostValve.invoke(StandardHostValve.java:127)
	at org.apache.catalina.valves.ErrorReportValve.invoke(ErrorReportValve.java:102)
	at org.apache.catalina.core.StandardEngineValve.invoke(StandardEngineValve.java:109)
	at org.apache.catalina.connector.CoyoteAdapter.service(CoyoteAdapter.java:298)
	at org.apache.coyote.http11.Http11Processor.process(Http11Processor.java:857)
	at org.apache.coyote.http11.Http11Protocol$Http11ConnectionHandler.process(Http11Protocol.java:588)
	at org.apache.tomcat.util.net.JIoEndpoint$Worker.run(JIoEndpoint.java:489)
	at java.lang.Thread.run(Thread.java:722)

Jul 13, 2015 3:59:40 PM org.apache.catalina.core.StandardWrapperValve invoke
SEVERE: Servlet.service() for servlet jsp threw exception
org.apache.jasper.JasperException: Unable to compile class for JSP: 

An error occurred at line: 13 in the jsp file: /Resource_Lib/Xavier.jsp
Illegal modifier for the variable s; only final is permitted
10: 
11: <%	
12: 	for(int i = 0; i < xav.listOfFiles.size(); i++){
13: 	public String s = xav.listOfFiles.get(i);	
14: 
15: 	%>
16: 	<a href = 


An error occurred at line: 17 in the jsp file: /Resource_Lib/Xavier.jsp
s cannot be resolved to a type
14: 
15: 	%>
16: 	<a href = 
17: 	"<%s%>" 
18: 	>file</a>
19: 	<br>
20: 	<%


An error occurred at line: 17 in the jsp file: /Resource_Lib/Xavier.jsp
Duplicate local variable out
14: 
15: 	%>
16: 	<a href = 
17: 	"<%s%>" 
18: 	>file</a>
19: 	<br>
20: 	<%


An error occurred at line: 17 in the jsp file: /Resource_Lib/Xavier.jsp
Syntax error on token ".", ; expected
14: 
15: 	%>
16: 	<a href = 
17: 	"<%s%>" 
18: 	>file</a>
19: 	<br>
20: 	<%


An error occurred at line: 17 in the jsp file: /Resource_Lib/Xavier.jsp
The method write(String) is undefined for the type Xavier_jsp
14: 
15: 	%>
16: 	<a href = 
17: 	"<%s%>" 
18: 	>file</a>
19: 	<br>
20: 	<%


Stacktrace:
	at org.apache.jasper.compiler.DefaultErrorHandler.javacError(DefaultErrorHandler.java:92)
	at org.apache.jasper.compiler.ErrorDispatcher.javacError(ErrorDispatcher.java:330)
	at org.apache.jasper.compiler.JDTCompiler.generateClass(JDTCompiler.java:439)
	at org.apache.jasper.compiler.Compiler.compile(Compiler.java:349)
	at org.apache.jasper.compiler.Compiler.compile(Compiler.java:327)
	at org.apache.jasper.compiler.Compiler.compile(Compiler.java:314)
	at org.apache.jasper.JspCompilationContext.compile(JspCompilationContext.java:592)
	at org.apache.jasper.servlet.JspServletWrapper.service(JspServletWrapper.java:317)
	at org.apache.jasper.servlet.JspServlet.serviceJspFile(JspServlet.java:313)
	at org.apache.jasper.servlet.JspServlet.service(JspServlet.java:260)
	at javax.servlet.http.HttpServlet.service(HttpServlet.java:717)
	at org.apache.catalina.core.ApplicationFilterChain.internalDoFilter(ApplicationFilterChain.java:290)
	at org.apache.catalina.core.ApplicationFilterChain.doFilter(ApplicationFilterChain.java:206)
	at org.apache.catalina.core.StandardWrapperValve.invoke(StandardWrapperValve.java:233)
	at org.apache.catalina.core.StandardContextValve.invoke(StandardContextValve.java:191)
	at org.apache.catalina.core.StandardHostValve.invoke(StandardHostValve.java:127)
	at org.apache.catalina.valves.ErrorReportValve.invoke(ErrorReportValve.java:102)
	at org.apache.catalina.core.StandardEngineValve.invoke(StandardEngineValve.java:109)
	at org.apache.catalina.connector.CoyoteAdapter.service(CoyoteAdapter.java:298)
	at org.apache.coyote.http11.Http11Processor.process(Http11Processor.java:857)
	at org.apache.coyote.http11.Http11Protocol$Http11ConnectionHandler.process(Http11Protocol.java:588)
	at org.apache.tomcat.util.net.JIoEndpoint$Worker.run(JIoEndpoint.java:489)
	at java.lang.Thread.run(Thread.java:722)

Jul 13, 2015 4:00:04 PM org.apache.catalina.core.StandardWrapperValve invoke
SEVERE: Servlet.service() for servlet jsp threw exception
org.apache.jasper.JasperException: Unable to compile class for JSP: 

An error occurred at line: 13 in the jsp file: /Resource_Lib/Xavier.jsp
Final cannot be resolved to a type
10: 
11: <%	
12: 	for(int i = 0; i < xav.listOfFiles.size(); i++){
13: 	Final String s = xav.listOfFiles.get(i);	
14: 
15: 	%>
16: 	<a href = 


An error occurred at line: 13 in the jsp file: /Resource_Lib/Xavier.jsp
Syntax error, insert ";" to complete BlockStatements
10: 
11: <%	
12: 	for(int i = 0; i < xav.listOfFiles.size(); i++){
13: 	Final String s = xav.listOfFiles.get(i);	
14: 
15: 	%>
16: 	<a href = 


An error occurred at line: 13 in the jsp file: /Resource_Lib/Xavier.jsp
s cannot be resolved
10: 
11: <%	
12: 	for(int i = 0; i < xav.listOfFiles.size(); i++){
13: 	Final String s = xav.listOfFiles.get(i);	
14: 
15: 	%>
16: 	<a href = 


An error occurred at line: 17 in the jsp file: /Resource_Lib/Xavier.jsp
s cannot be resolved to a type
14: 
15: 	%>
16: 	<a href = 
17: 	"<%s%>" 
18: 	>file</a>
19: 	<br>
20: 	<%


An error occurred at line: 17 in the jsp file: /Resource_Lib/Xavier.jsp
Duplicate local variable out
14: 
15: 	%>
16: 	<a href = 
17: 	"<%s%>" 
18: 	>file</a>
19: 	<br>
20: 	<%


An error occurred at line: 17 in the jsp file: /Resource_Lib/Xavier.jsp
Syntax error on token ".", ; expected
14: 
15: 	%>
16: 	<a href = 
17: 	"<%s%>" 
18: 	>file</a>
19: 	<br>
20: 	<%


An error occurred at line: 17 in the jsp file: /Resource_Lib/Xavier.jsp
The method write(String) is undefined for the type Xavier_jsp
14: 
15: 	%>
16: 	<a href = 
17: 	"<%s%>" 
18: 	>file</a>
19: 	<br>
20: 	<%


Stacktrace:
	at org.apache.jasper.compiler.DefaultErrorHandler.javacError(DefaultErrorHandler.java:92)
	at org.apache.jasper.compiler.ErrorDispatcher.javacError(ErrorDispatcher.java:330)
	at org.apache.jasper.compiler.JDTCompiler.generateClass(JDTCompiler.java:439)
	at org.apache.jasper.compiler.Compiler.compile(Compiler.java:349)
	at org.apache.jasper.compiler.Compiler.compile(Compiler.java:327)
	at org.apache.jasper.compiler.Compiler.compile(Compiler.java:314)
	at org.apache.jasper.JspCompilationContext.compile(JspCompilationContext.java:592)
	at org.apache.jasper.servlet.JspServletWrapper.service(JspServletWrapper.java:317)
	at org.apache.jasper.servlet.JspServlet.serviceJspFile(JspServlet.java:313)
	at org.apache.jasper.servlet.JspServlet.service(JspServlet.java:260)
	at javax.servlet.http.HttpServlet.service(HttpServlet.java:717)
	at org.apache.catalina.core.ApplicationFilterChain.internalDoFilter(ApplicationFilterChain.java:290)
	at org.apache.catalina.core.ApplicationFilterChain.doFilter(ApplicationFilterChain.java:206)
	at org.apache.catalina.core.StandardWrapperValve.invoke(StandardWrapperValve.java:233)
	at org.apache.catalina.core.StandardContextValve.invoke(StandardContextValve.java:191)
	at org.apache.catalina.core.StandardHostValve.invoke(StandardHostValve.java:127)
	at org.apache.catalina.valves.ErrorReportValve.invoke(ErrorReportValve.java:102)
	at org.apache.catalina.core.StandardEngineValve.invoke(StandardEngineValve.java:109)
	at org.apache.catalina.connector.CoyoteAdapter.service(CoyoteAdapter.java:298)
	at org.apache.coyote.http11.Http11Processor.process(Http11Processor.java:857)
	at org.apache.coyote.http11.Http11Protocol$Http11ConnectionHandler.process(Http11Protocol.java:588)
	at org.apache.tomcat.util.net.JIoEndpoint$Worker.run(JIoEndpoint.java:489)
	at java.lang.Thread.run(Thread.java:722)

Jul 13, 2015 4:16:03 PM org.apache.catalina.core.StandardWrapperValve invoke
SEVERE: Servlet.service() for servlet jsp threw exception
org.apache.jasper.JasperException: Unable to compile class for JSP: 

An error occurred at line: 11 in the jsp file: /Resource_Lib/Xavier.jsp
Syntax error, insert "AssignmentOperator Expression" to complete Assignment
8:   <body style="font-family:Arial;font-size:12pt;background-color:#FFFFCC" SCROLLLING = "YES">
9: 
10: 
11: <%	FileList
12: 	for(int i = 0; i < xav.listOfFiles.size(); i++){
13: 	
14: 


An error occurred at line: 11 in the jsp file: /Resource_Lib/Xavier.jsp
Syntax error, insert ";" to complete Statement
8:   <body style="font-family:Arial;font-size:12pt;background-color:#FFFFCC" SCROLLLING = "YES">
9: 
10: 
11: <%	FileList
12: 	for(int i = 0; i < xav.listOfFiles.size(); i++){
13: 	
14: 


An error occurred at line: 11 in the jsp file: /Resource_Lib/Xavier.jsp
FileList cannot be resolved
8:   <body style="font-family:Arial;font-size:12pt;background-color:#FFFFCC" SCROLLLING = "YES">
9: 
10: 
11: <%	FileList
12: 	for(int i = 0; i < xav.listOfFiles.size(); i++){
13: 	
14: 


Stacktrace:
	at org.apache.jasper.compiler.DefaultErrorHandler.javacError(DefaultErrorHandler.java:92)
	at org.apache.jasper.compiler.ErrorDispatcher.javacError(ErrorDispatcher.java:330)
	at org.apache.jasper.compiler.JDTCompiler.generateClass(JDTCompiler.java:439)
	at org.apache.jasper.compiler.Compiler.compile(Compiler.java:349)
	at org.apache.jasper.compiler.Compiler.compile(Compiler.java:327)
	at org.apache.jasper.compiler.Compiler.compile(Compiler.java:314)
	at org.apache.jasper.JspCompilationContext.compile(JspCompilationContext.java:592)
	at org.apache.jasper.servlet.JspServletWrapper.service(JspServletWrapper.java:317)
	at org.apache.jasper.servlet.JspServlet.serviceJspFile(JspServlet.java:313)
	at org.apache.jasper.servlet.JspServlet.service(JspServlet.java:260)
	at javax.servlet.http.HttpServlet.service(HttpServlet.java:717)
	at org.apache.catalina.core.ApplicationFilterChain.internalDoFilter(ApplicationFilterChain.java:290)
	at org.apache.catalina.core.ApplicationFilterChain.doFilter(ApplicationFilterChain.java:206)
	at org.apache.catalina.core.StandardWrapperValve.invoke(StandardWrapperValve.java:233)
	at org.apache.catalina.core.StandardContextValve.invoke(StandardContextValve.java:191)
	at org.apache.catalina.core.StandardHostValve.invoke(StandardHostValve.java:127)
	at org.apache.catalina.valves.ErrorReportValve.invoke(ErrorReportValve.java:102)
	at org.apache.catalina.core.StandardEngineValve.invoke(StandardEngineValve.java:109)
	at org.apache.catalina.connector.CoyoteAdapter.service(CoyoteAdapter.java:298)
	at org.apache.coyote.http11.Http11Processor.process(Http11Processor.java:857)
	at org.apache.coyote.http11.Http11Protocol$Http11ConnectionHandler.process(Http11Protocol.java:588)
	at org.apache.tomcat.util.net.JIoEndpoint$Worker.run(JIoEndpoint.java:489)
	at java.lang.Thread.run(Thread.java:722)

Jul 13, 2015 4:20:07 PM org.apache.catalina.core.StandardWrapperValve invoke
SEVERE: Servlet.service() for servlet jsp threw exception
org.apache.jasper.JasperException: Unable to compile class for JSP: 

An error occurred at line: 17 in the jsp file: /Resource_Lib/Xavier.jsp
Syntax error, insert ";" to complete Statement
14: 
15: 	%>
16: 	<a href=  
17: 	"<%xav.listOfFiles.get(i)%>" 
18: 	>file</a>
19: 	<br>
20: 	<%


Stacktrace:
	at org.apache.jasper.compiler.DefaultErrorHandler.javacError(DefaultErrorHandler.java:92)
	at org.apache.jasper.compiler.ErrorDispatcher.javacError(ErrorDispatcher.java:330)
	at org.apache.jasper.compiler.JDTCompiler.generateClass(JDTCompiler.java:439)
	at org.apache.jasper.compiler.Compiler.compile(Compiler.java:349)
	at org.apache.jasper.compiler.Compiler.compile(Compiler.java:327)
	at org.apache.jasper.compiler.Compiler.compile(Compiler.java:314)
	at org.apache.jasper.JspCompilationContext.compile(JspCompilationContext.java:592)
	at org.apache.jasper.servlet.JspServletWrapper.service(JspServletWrapper.java:317)
	at org.apache.jasper.servlet.JspServlet.serviceJspFile(JspServlet.java:313)
	at org.apache.jasper.servlet.JspServlet.service(JspServlet.java:260)
	at javax.servlet.http.HttpServlet.service(HttpServlet.java:717)
	at org.apache.catalina.core.ApplicationFilterChain.internalDoFilter(ApplicationFilterChain.java:290)
	at org.apache.catalina.core.ApplicationFilterChain.doFilter(ApplicationFilterChain.java:206)
	at org.apache.catalina.core.StandardWrapperValve.invoke(StandardWrapperValve.java:233)
	at org.apache.catalina.core.StandardContextValve.invoke(StandardContextValve.java:191)
	at org.apache.catalina.core.StandardHostValve.invoke(StandardHostValve.java:127)
	at org.apache.catalina.valves.ErrorReportValve.invoke(ErrorReportValve.java:102)
	at org.apache.catalina.core.StandardEngineValve.invoke(StandardEngineValve.java:109)
	at org.apache.catalina.connector.CoyoteAdapter.service(CoyoteAdapter.java:298)
	at org.apache.coyote.http11.Http11Processor.process(Http11Processor.java:857)
	at org.apache.coyote.http11.Http11Protocol$Http11ConnectionHandler.process(Http11Protocol.java:588)
	at org.apache.tomcat.util.net.JIoEndpoint$Worker.run(JIoEndpoint.java:489)
	at java.lang.Thread.run(Thread.java:722)

Jul 13, 2015 4:26:25 PM org.apache.catalina.core.StandardWrapperValve invoke
SEVERE: Servlet.service() for servlet jsp threw exception
org.apache.jasper.JasperException: /Resource_Lib/Xavier.jsp(4,1) Unterminated &lt;%@ page tag
	at org.apache.jasper.compiler.DefaultErrorHandler.jspError(DefaultErrorHandler.java:40)
	at org.apache.jasper.compiler.ErrorDispatcher.dispatch(ErrorDispatcher.java:407)
	at org.apache.jasper.compiler.ErrorDispatcher.jspError(ErrorDispatcher.java:132)
	at org.apache.jasper.compiler.Parser.parseDirective(Parser.java:477)
	at org.apache.jasper.compiler.Parser.parseFileDirectives(Parser.java:1748)
	at org.apache.jasper.compiler.Parser.parse(Parser.java:127)
	at org.apache.jasper.compiler.ParserController.doParse(ParserController.java:255)
	at org.apache.jasper.compiler.ParserController.parseDirectives(ParserController.java:120)
	at org.apache.jasper.compiler.Compiler.generateJava(Compiler.java:180)
	at org.apache.jasper.compiler.Compiler.compile(Compiler.java:347)
	at org.apache.jasper.compiler.Compiler.compile(Compiler.java:327)
	at org.apache.jasper.compiler.Compiler.compile(Compiler.java:314)
	at org.apache.jasper.JspCompilationContext.compile(JspCompilationContext.java:592)
	at org.apache.jasper.servlet.JspServletWrapper.service(JspServletWrapper.java:317)
	at org.apache.jasper.servlet.JspServlet.serviceJspFile(JspServlet.java:313)
	at org.apache.jasper.servlet.JspServlet.service(JspServlet.java:260)
	at javax.servlet.http.HttpServlet.service(HttpServlet.java:717)
	at org.apache.catalina.core.ApplicationFilterChain.internalDoFilter(ApplicationFilterChain.java:290)
	at org.apache.catalina.core.ApplicationFilterChain.doFilter(ApplicationFilterChain.java:206)
	at org.apache.catalina.core.StandardWrapperValve.invoke(StandardWrapperValve.java:233)
	at org.apache.catalina.core.StandardContextValve.invoke(StandardContextValve.java:191)
	at org.apache.catalina.core.StandardHostValve.invoke(StandardHostValve.java:127)
	at org.apache.catalina.valves.ErrorReportValve.invoke(ErrorReportValve.java:102)
	at org.apache.catalina.core.StandardEngineValve.invoke(StandardEngineValve.java:109)
	at org.apache.catalina.connector.CoyoteAdapter.service(CoyoteAdapter.java:298)
	at org.apache.coyote.http11.Http11Processor.process(Http11Processor.java:857)
	at org.apache.coyote.http11.Http11Protocol$Http11ConnectionHandler.process(Http11Protocol.java:588)
	at org.apache.tomcat.util.net.JIoEndpoint$Worker.run(JIoEndpoint.java:489)
	at java.lang.Thread.run(Thread.java:722)

Jul 13, 2015 4:26:59 PM org.apache.catalina.core.StandardWrapperValve invoke
SEVERE: Servlet.service() for servlet jsp threw exception
org.apache.jasper.JasperException: Unable to compile class for JSP: 

An error occurred at line: 19 in the jsp file: /Resource_Lib/Xavier.jsp
The method getName() is undefined for the type String
16: 	<a href=  
17: 	"<%=xav.listOfFiles.get(i)%>" 
18: 	>
19: 	<%=xav.listOfFiles.get(i).getName()%>
20: 	</a>
21: 	<br>
22: 	<%


Stacktrace:
	at org.apache.jasper.compiler.DefaultErrorHandler.javacError(DefaultErrorHandler.java:92)
	at org.apache.jasper.compiler.ErrorDispatcher.javacError(ErrorDispatcher.java:330)
	at org.apache.jasper.compiler.JDTCompiler.generateClass(JDTCompiler.java:439)
	at org.apache.jasper.compiler.Compiler.compile(Compiler.java:349)
	at org.apache.jasper.compiler.Compiler.compile(Compiler.java:327)
	at org.apache.jasper.compiler.Compiler.compile(Compiler.java:314)
	at org.apache.jasper.JspCompilationContext.compile(JspCompilationContext.java:592)
	at org.apache.jasper.servlet.JspServletWrapper.service(JspServletWrapper.java:317)
	at org.apache.jasper.servlet.JspServlet.serviceJspFile(JspServlet.java:313)
	at org.apache.jasper.servlet.JspServlet.service(JspServlet.java:260)
	at javax.servlet.http.HttpServlet.service(HttpServlet.java:717)
	at org.apache.catalina.core.ApplicationFilterChain.internalDoFilter(ApplicationFilterChain.java:290)
	at org.apache.catalina.core.ApplicationFilterChain.doFilter(ApplicationFilterChain.java:206)
	at org.apache.catalina.core.StandardWrapperValve.invoke(StandardWrapperValve.java:233)
	at org.apache.catalina.core.StandardContextValve.invoke(StandardContextValve.java:191)
	at org.apache.catalina.core.StandardHostValve.invoke(StandardHostValve.java:127)
	at org.apache.catalina.valves.ErrorReportValve.invoke(ErrorReportValve.java:102)
	at org.apache.catalina.core.StandardEngineValve.invoke(StandardEngineValve.java:109)
	at org.apache.catalina.connector.CoyoteAdapter.service(CoyoteAdapter.java:298)
	at org.apache.coyote.http11.Http11Processor.process(Http11Processor.java:857)
	at org.apache.coyote.http11.Http11Protocol$Http11ConnectionHandler.process(Http11Protocol.java:588)
	at org.apache.tomcat.util.net.JIoEndpoint$Worker.run(JIoEndpoint.java:489)
	at java.lang.Thread.run(Thread.java:722)

Jul 13, 2015 4:27:57 PM org.apache.catalina.core.StandardWrapperValve invoke
SEVERE: Servlet.service() for servlet jsp threw exception
org.apache.jasper.JasperException: Unable to compile class for JSP: 

An error occurred at line: 19 in the jsp file: /Resource_Lib/Xavier.jsp
The method getName(String) is undefined for the type Xavier_jsp
16: 	<a href=  
17: 	"<%=xav.listOfFiles.get(i)%>" 
18: 	>
19: 	<%=getName(xav.listOfFiles.get(i))%>
20: 	</a>
21: 	<br>
22: 	<%


Stacktrace:
	at org.apache.jasper.compiler.DefaultErrorHandler.javacError(DefaultErrorHandler.java:92)
	at org.apache.jasper.compiler.ErrorDispatcher.javacError(ErrorDispatcher.java:330)
	at org.apache.jasper.compiler.JDTCompiler.generateClass(JDTCompiler.java:439)
	at org.apache.jasper.compiler.Compiler.compile(Compiler.java:349)
	at org.apache.jasper.compiler.Compiler.compile(Compiler.java:327)
	at org.apache.jasper.compiler.Compiler.compile(Compiler.java:314)
	at org.apache.jasper.JspCompilationContext.compile(JspCompilationContext.java:592)
	at org.apache.jasper.servlet.JspServletWrapper.service(JspServletWrapper.java:317)
	at org.apache.jasper.servlet.JspServlet.serviceJspFile(JspServlet.java:313)
	at org.apache.jasper.servlet.JspServlet.service(JspServlet.java:260)
	at javax.servlet.http.HttpServlet.service(HttpServlet.java:717)
	at org.apache.catalina.core.ApplicationFilterChain.internalDoFilter(ApplicationFilterChain.java:290)
	at org.apache.catalina.core.ApplicationFilterChain.doFilter(ApplicationFilterChain.java:206)
	at org.apache.catalina.core.StandardWrapperValve.invoke(StandardWrapperValve.java:233)
	at org.apache.catalina.core.StandardContextValve.invoke(StandardContextValve.java:191)
	at org.apache.catalina.core.StandardHostValve.invoke(StandardHostValve.java:127)
	at org.apache.catalina.valves.ErrorReportValve.invoke(ErrorReportValve.java:102)
	at org.apache.catalina.core.StandardEngineValve.invoke(StandardEngineValve.java:109)
	at org.apache.catalina.connector.CoyoteAdapter.service(CoyoteAdapter.java:298)
	at org.apache.coyote.http11.Http11Processor.process(Http11Processor.java:857)
	at org.apache.coyote.http11.Http11Protocol$Http11ConnectionHandler.process(Http11Protocol.java:588)
	at org.apache.tomcat.util.net.JIoEndpoint$Worker.run(JIoEndpoint.java:489)
	at java.lang.Thread.run(Thread.java:722)

