May 20, 2013 9:18:27 AM org.apache.catalina.core.ApplicationContext log
INFO: ContextListener: contextInitialized()
May 20, 2013 9:18:27 AM org.apache.catalina.core.ApplicationContext log
INFO: SessionListener: contextInitialized()
May 20, 2013 9:18:27 AM org.apache.catalina.core.ApplicationContext log
INFO: ContextListener: attributeAdded('org.apache.catalina.Registry', 'org.apache.tomcat.util.modeler.Registry@9f0e68')
May 20, 2013 9:18:27 AM org.apache.catalina.core.ApplicationContext log
INFO: ContextListener: attributeAdded('org.apache.catalina.MBeanServer', 'com.sun.jmx.mbeanserver.JmxMBeanServer@1458dcb')
May 20, 2013 10:02:59 AM org.apache.catalina.core.ApplicationContext log
INFO: ContextListener: contextInitialized()
May 20, 2013 10:02:59 AM org.apache.catalina.core.ApplicationContext log
INFO: SessionListener: contextInitialized()
May 20, 2013 10:02:59 AM org.apache.catalina.core.ApplicationContext log
INFO: ContextListener: attributeAdded('org.apache.catalina.Registry', 'org.apache.tomcat.util.modeler.Registry@1d54d9a')
May 20, 2013 10:02:59 AM org.apache.catalina.core.ApplicationContext log
INFO: ContextListener: attributeAdded('org.apache.catalina.MBeanServer', 'com.sun.jmx.mbeanserver.JmxMBeanServer@1458dcb')
May 20, 2013 4:23:59 PM org.apache.catalina.core.ApplicationContext log
INFO: ContextListener: contextInitialized()
May 20, 2013 4:23:59 PM org.apache.catalina.core.ApplicationContext log
INFO: SessionListener: contextInitialized()
May 20, 2013 4:23:59 PM org.apache.catalina.core.ApplicationContext log
INFO: ContextListener: attributeAdded('org.apache.catalina.Registry', 'org.apache.tomcat.util.modeler.Registry@18ce651')
May 20, 2013 4:23:59 PM org.apache.catalina.core.ApplicationContext log
INFO: ContextListener: attributeAdded('org.apache.catalina.MBeanServer', 'com.sun.jmx.mbeanserver.JmxMBeanServer@76f2e8')
May 20, 2013 4:30:19 PM org.apache.catalina.core.ApplicationContext log
INFO: ContextListener: contextInitialized()
May 20, 2013 4:30:19 PM org.apache.catalina.core.ApplicationContext log
INFO: SessionListener: contextInitialized()
May 20, 2013 4:30:19 PM org.apache.catalina.core.ApplicationContext log
INFO: ContextListener: attributeAdded('org.apache.catalina.Registry', 'org.apache.tomcat.util.modeler.Registry@3f02bd')
May 20, 2013 4:30:19 PM org.apache.catalina.core.ApplicationContext log
INFO: ContextListener: attributeAdded('org.apache.catalina.MBeanServer', 'com.sun.jmx.mbeanserver.JmxMBeanServer@1603522')
May 20, 2013 4:42:00 PM org.apache.catalina.core.ApplicationContext log
INFO: ContextListener: contextInitialized()
May 20, 2013 4:42:00 PM org.apache.catalina.core.ApplicationContext log
INFO: SessionListener: contextInitialized()
May 20, 2013 4:42:00 PM org.apache.catalina.core.ApplicationContext log
INFO: ContextListener: attributeAdded('org.apache.catalina.Registry', 'org.apache.tomcat.util.modeler.Registry@19f9f8e')
May 20, 2013 4:42:00 PM org.apache.catalina.core.ApplicationContext log
INFO: ContextListener: attributeAdded('org.apache.catalina.MBeanServer', 'com.sun.jmx.mbeanserver.JmxMBeanServer@1603522')
May 20, 2013 4:46:22 PM org.apache.catalina.core.ApplicationContext log
INFO: ContextListener: contextInitialized()
May 20, 2013 4:46:22 PM org.apache.catalina.core.ApplicationContext log
INFO: SessionListener: contextInitialized()
May 20, 2013 4:46:22 PM org.apache.catalina.core.ApplicationContext log
INFO: ContextListener: attributeAdded('org.apache.catalina.Registry', 'org.apache.tomcat.util.modeler.Registry@a44130')
May 20, 2013 4:46:22 PM org.apache.catalina.core.ApplicationContext log
INFO: ContextListener: attributeAdded('org.apache.catalina.MBeanServer', 'com.sun.jmx.mbeanserver.JmxMBeanServer@1408a75')
