May 17, 2012 4:44:03 PM org.apache.catalina.core.ApplicationContext log
INFO: ContextListener: contextInitialized()
May 17, 2012 4:44:03 PM org.apache.catalina.core.ApplicationContext log
INFO: SessionListener: contextInitialized()
May 17, 2012 4:44:03 PM org.apache.catalina.core.ApplicationContext log
INFO: ContextListener: attributeAdded('org.apache.catalina.Registry', 'org.apache.tomcat.util.modeler.Registry@1f7d3b1')
May 17, 2012 4:44:03 PM org.apache.catalina.core.ApplicationContext log
INFO: ContextListener: attributeAdded('org.apache.catalina.MBeanServer', 'com.sun.jmx.mbeanserver.JmxMBeanServer@2a2cc')
May 17, 2012 4:44:04 PM org.apache.catalina.core.ApplicationContext log
INFO: SessionListener: contextDestroyed()
May 17, 2012 4:44:04 PM org.apache.catalina.core.ApplicationContext log
INFO: ContextListener: contextDestroyed()
May 17, 2012 4:44:21 PM org.apache.catalina.core.ApplicationContext log
INFO: ContextListener: contextInitialized()
May 17, 2012 4:44:21 PM org.apache.catalina.core.ApplicationContext log
INFO: SessionListener: contextInitialized()
May 17, 2012 4:44:21 PM org.apache.catalina.core.ApplicationContext log
INFO: ContextListener: attributeAdded('org.apache.catalina.Registry', 'org.apache.tomcat.util.modeler.Registry@334eca')
May 17, 2012 4:44:21 PM org.apache.catalina.core.ApplicationContext log
INFO: ContextListener: attributeAdded('org.apache.catalina.MBeanServer', 'com.sun.jmx.mbeanserver.JmxMBeanServer@18c458')
May 17, 2012 4:44:22 PM org.apache.catalina.core.ApplicationContext log
INFO: SessionListener: contextDestroyed()
May 17, 2012 4:44:22 PM org.apache.catalina.core.ApplicationContext log
INFO: ContextListener: contextDestroyed()
May 17, 2012 4:44:39 PM org.apache.catalina.core.ApplicationContext log
INFO: ContextListener: contextInitialized()
May 17, 2012 4:44:39 PM org.apache.catalina.core.ApplicationContext log
INFO: SessionListener: contextInitialized()
May 17, 2012 4:44:39 PM org.apache.catalina.core.ApplicationContext log
INFO: ContextListener: attributeAdded('org.apache.catalina.Registry', 'org.apache.tomcat.util.modeler.Registry@95949c')
May 17, 2012 4:44:39 PM org.apache.catalina.core.ApplicationContext log
INFO: ContextListener: attributeAdded('org.apache.catalina.MBeanServer', 'com.sun.jmx.mbeanserver.JmxMBeanServer@ab1b4')
