May 14, 2012 11:07:49 AM org.apache.catalina.core.ApplicationContext log
INFO: ContextListener: contextInitialized()
May 14, 2012 11:07:49 AM org.apache.catalina.core.ApplicationContext log
INFO: SessionListener: contextInitialized()
May 14, 2012 11:07:49 AM org.apache.catalina.core.ApplicationContext log
INFO: ContextListener: attributeAdded('org.apache.catalina.Registry', 'org.apache.tomcat.util.modeler.Registry@1bc9499')
May 14, 2012 11:07:49 AM org.apache.catalina.core.ApplicationContext log
INFO: ContextListener: attributeAdded('org.apache.catalina.MBeanServer', 'com.sun.jmx.mbeanserver.JmxMBeanServer@2a2cc')
May 14, 2012 11:18:04 AM org.apache.catalina.core.ApplicationContext log
INFO: ContextListener: contextInitialized()
May 14, 2012 11:18:04 AM org.apache.catalina.core.ApplicationContext log
INFO: SessionListener: contextInitialized()
May 14, 2012 11:18:04 AM org.apache.catalina.core.ApplicationContext log
INFO: ContextListener: attributeAdded('org.apache.catalina.Registry', 'org.apache.tomcat.util.modeler.Registry@7779d2')
May 14, 2012 11:18:04 AM org.apache.catalina.core.ApplicationContext log
INFO: ContextListener: attributeAdded('org.apache.catalina.MBeanServer', 'com.sun.jmx.mbeanserver.JmxMBeanServer@2a2cc')
May 14, 2012 12:15:18 PM org.apache.catalina.core.ApplicationContext log
INFO: ContextListener: contextInitialized()
May 14, 2012 12:15:18 PM org.apache.catalina.core.ApplicationContext log
INFO: SessionListener: contextInitialized()
May 14, 2012 12:15:18 PM org.apache.catalina.core.ApplicationContext log
INFO: ContextListener: attributeAdded('org.apache.catalina.Registry', 'org.apache.tomcat.util.modeler.Registry@7779d2')
May 14, 2012 12:15:18 PM org.apache.catalina.core.ApplicationContext log
INFO: ContextListener: attributeAdded('org.apache.catalina.MBeanServer', 'com.sun.jmx.mbeanserver.JmxMBeanServer@2a2cc')
May 14, 2012 12:15:37 PM org.apache.catalina.core.ApplicationContext log
INFO: Marking servlet org.apache.catalina.INVOKER.tutorials as unavailable
May 14, 2012 12:15:37 PM org.apache.catalina.core.ApplicationContext log
SEVERE: Error loading WebappClassLoader
  context: 
  delegate: false
  repositories:
    /WEB-INF/classes/
----------> Parent Classloader:
org.apache.catalina.loader.StandardClassLoader@514f7f
 tutorials
java.lang.ClassNotFoundException: tutorials
	at org.apache.catalina.loader.WebappClassLoader.loadClass(WebappClassLoader.java:1645)
	at org.apache.catalina.loader.WebappClassLoader.loadClass(WebappClassLoader.java:1491)
	at org.apache.catalina.core.StandardWrapper.loadServlet(StandardWrapper.java:1095)
	at org.apache.catalina.core.StandardWrapper.allocate(StandardWrapper.java:809)
	at org.apache.catalina.servlets.InvokerServlet.serveRequest(InvokerServlet.java:363)
	at org.apache.catalina.servlets.InvokerServlet.doGet(InvokerServlet.java:136)
	at javax.servlet.http.HttpServlet.service(HttpServlet.java:617)
	at javax.servlet.http.HttpServlet.service(HttpServlet.java:717)
	at org.apache.catalina.core.ApplicationFilterChain.internalDoFilter(ApplicationFilterChain.java:290)
	at org.apache.catalina.core.ApplicationFilterChain.doFilter(ApplicationFilterChain.java:206)
	at org.apache.catalina.core.StandardWrapperValve.invoke(StandardWrapperValve.java:233)
	at org.apache.catalina.core.StandardContextValve.invoke(StandardContextValve.java:191)
	at org.apache.catalina.core.StandardHostValve.invoke(StandardHostValve.java:127)
	at org.apache.catalina.valves.ErrorReportValve.invoke(ErrorReportValve.java:102)
	at org.apache.catalina.core.StandardEngineValve.invoke(StandardEngineValve.java:109)
	at org.apache.catalina.connector.CoyoteAdapter.service(CoyoteAdapter.java:298)
	at org.apache.coyote.http11.Http11Processor.process(Http11Processor.java:857)
	at org.apache.coyote.http11.Http11Protocol$Http11ConnectionHandler.process(Http11Protocol.java:588)
	at org.apache.tomcat.util.net.JIoEndpoint$Worker.run(JIoEndpoint.java:489)
	at java.lang.Thread.run(Thread.java:722)

May 14, 2012 12:15:37 PM org.apache.catalina.core.ApplicationContext log
SEVERE: invoker: Cannot allocate servlet instance for path /servlet/tutorials/HelloWorld
javax.servlet.ServletException: Wrapper cannot find servlet class tutorials or a class it depends on
	at org.apache.catalina.core.StandardWrapper.loadServlet(StandardWrapper.java:1103)
	at org.apache.catalina.core.StandardWrapper.allocate(StandardWrapper.java:809)
	at org.apache.catalina.servlets.InvokerServlet.serveRequest(InvokerServlet.java:363)
	at org.apache.catalina.servlets.InvokerServlet.doGet(InvokerServlet.java:136)
	at javax.servlet.http.HttpServlet.service(HttpServlet.java:617)
	at javax.servlet.http.HttpServlet.service(HttpServlet.java:717)
	at org.apache.catalina.core.ApplicationFilterChain.internalDoFilter(ApplicationFilterChain.java:290)
	at org.apache.catalina.core.ApplicationFilterChain.doFilter(ApplicationFilterChain.java:206)
	at org.apache.catalina.core.StandardWrapperValve.invoke(StandardWrapperValve.java:233)
	at org.apache.catalina.core.StandardContextValve.invoke(StandardContextValve.java:191)
	at org.apache.catalina.core.StandardHostValve.invoke(StandardHostValve.java:127)
	at org.apache.catalina.valves.ErrorReportValve.invoke(ErrorReportValve.java:102)
	at org.apache.catalina.core.StandardEngineValve.invoke(StandardEngineValve.java:109)
	at org.apache.catalina.connector.CoyoteAdapter.service(CoyoteAdapter.java:298)
	at org.apache.coyote.http11.Http11Processor.process(Http11Processor.java:857)
	at org.apache.coyote.http11.Http11Protocol$Http11ConnectionHandler.process(Http11Protocol.java:588)
	at org.apache.tomcat.util.net.JIoEndpoint$Worker.run(JIoEndpoint.java:489)
	at java.lang.Thread.run(Thread.java:722)
Caused by: java.lang.ClassNotFoundException: tutorials
	at org.apache.catalina.loader.WebappClassLoader.loadClass(WebappClassLoader.java:1645)
	at org.apache.catalina.loader.WebappClassLoader.loadClass(WebappClassLoader.java:1491)
	at org.apache.catalina.core.StandardWrapper.loadServlet(StandardWrapper.java:1095)
	... 17 more

May 14, 2012 12:16:14 PM org.apache.catalina.core.ApplicationContext log
INFO: Marking servlet org.apache.catalina.INVOKER.tutorials as unavailable
May 14, 2012 12:16:14 PM org.apache.catalina.core.ApplicationContext log
SEVERE: Error loading WebappClassLoader
  context: 
  delegate: false
  repositories:
    /WEB-INF/classes/
----------> Parent Classloader:
org.apache.catalina.loader.StandardClassLoader@514f7f
 tutorials
java.lang.ClassNotFoundException: tutorials
	at org.apache.catalina.loader.WebappClassLoader.loadClass(WebappClassLoader.java:1645)
	at org.apache.catalina.loader.WebappClassLoader.loadClass(WebappClassLoader.java:1491)
	at org.apache.catalina.core.StandardWrapper.loadServlet(StandardWrapper.java:1095)
	at org.apache.catalina.core.StandardWrapper.allocate(StandardWrapper.java:809)
	at org.apache.catalina.servlets.InvokerServlet.serveRequest(InvokerServlet.java:363)
	at org.apache.catalina.servlets.InvokerServlet.doGet(InvokerServlet.java:136)
	at javax.servlet.http.HttpServlet.service(HttpServlet.java:617)
	at javax.servlet.http.HttpServlet.service(HttpServlet.java:717)
	at org.apache.catalina.core.ApplicationFilterChain.internalDoFilter(ApplicationFilterChain.java:290)
	at org.apache.catalina.core.ApplicationFilterChain.doFilter(ApplicationFilterChain.java:206)
	at org.apache.catalina.core.StandardWrapperValve.invoke(StandardWrapperValve.java:233)
	at org.apache.catalina.core.StandardContextValve.invoke(StandardContextValve.java:191)
	at org.apache.catalina.core.StandardHostValve.invoke(StandardHostValve.java:127)
	at org.apache.catalina.valves.ErrorReportValve.invoke(ErrorReportValve.java:102)
	at org.apache.catalina.core.StandardEngineValve.invoke(StandardEngineValve.java:109)
	at org.apache.catalina.connector.CoyoteAdapter.service(CoyoteAdapter.java:298)
	at org.apache.coyote.http11.Http11Processor.process(Http11Processor.java:857)
	at org.apache.coyote.http11.Http11Protocol$Http11ConnectionHandler.process(Http11Protocol.java:588)
	at org.apache.tomcat.util.net.JIoEndpoint$Worker.run(JIoEndpoint.java:489)
	at java.lang.Thread.run(Thread.java:722)

May 14, 2012 12:16:14 PM org.apache.catalina.core.ApplicationContext log
SEVERE: invoker: Cannot allocate servlet instance for path /servlet/tutorials/HelloWorld
javax.servlet.ServletException: Wrapper cannot find servlet class tutorials or a class it depends on
	at org.apache.catalina.core.StandardWrapper.loadServlet(StandardWrapper.java:1103)
	at org.apache.catalina.core.StandardWrapper.allocate(StandardWrapper.java:809)
	at org.apache.catalina.servlets.InvokerServlet.serveRequest(InvokerServlet.java:363)
	at org.apache.catalina.servlets.InvokerServlet.doGet(InvokerServlet.java:136)
	at javax.servlet.http.HttpServlet.service(HttpServlet.java:617)
	at javax.servlet.http.HttpServlet.service(HttpServlet.java:717)
	at org.apache.catalina.core.ApplicationFilterChain.internalDoFilter(ApplicationFilterChain.java:290)
	at org.apache.catalina.core.ApplicationFilterChain.doFilter(ApplicationFilterChain.java:206)
	at org.apache.catalina.core.StandardWrapperValve.invoke(StandardWrapperValve.java:233)
	at org.apache.catalina.core.StandardContextValve.invoke(StandardContextValve.java:191)
	at org.apache.catalina.core.StandardHostValve.invoke(StandardHostValve.java:127)
	at org.apache.catalina.valves.ErrorReportValve.invoke(ErrorReportValve.java:102)
	at org.apache.catalina.core.StandardEngineValve.invoke(StandardEngineValve.java:109)
	at org.apache.catalina.connector.CoyoteAdapter.service(CoyoteAdapter.java:298)
	at org.apache.coyote.http11.Http11Processor.process(Http11Processor.java:857)
	at org.apache.coyote.http11.Http11Protocol$Http11ConnectionHandler.process(Http11Protocol.java:588)
	at org.apache.tomcat.util.net.JIoEndpoint$Worker.run(JIoEndpoint.java:489)
	at java.lang.Thread.run(Thread.java:722)
Caused by: java.lang.ClassNotFoundException: tutorials
	at org.apache.catalina.loader.WebappClassLoader.loadClass(WebappClassLoader.java:1645)
	at org.apache.catalina.loader.WebappClassLoader.loadClass(WebappClassLoader.java:1491)
	at org.apache.catalina.core.StandardWrapper.loadServlet(StandardWrapper.java:1095)
	... 17 more

May 14, 2012 4:42:22 PM org.apache.catalina.core.ApplicationContext log
INFO: ContextListener: contextInitialized()
May 14, 2012 4:42:22 PM org.apache.catalina.core.ApplicationContext log
INFO: SessionListener: contextInitialized()
May 14, 2012 4:42:22 PM org.apache.catalina.core.ApplicationContext log
INFO: ContextListener: attributeAdded('org.apache.catalina.Registry', 'org.apache.tomcat.util.modeler.Registry@7779d2')
May 14, 2012 4:42:22 PM org.apache.catalina.core.ApplicationContext log
INFO: ContextListener: attributeAdded('org.apache.catalina.MBeanServer', 'com.sun.jmx.mbeanserver.JmxMBeanServer@2a2cc')
