May 25, 2012 3:39:55 PM org.apache.catalina.core.ApplicationContext log
INFO: ContextListener: contextInitialized()
May 25, 2012 3:39:55 PM org.apache.catalina.core.ApplicationContext log
INFO: SessionListener: contextInitialized()
May 25, 2012 3:39:55 PM org.apache.catalina.core.ApplicationContext log
INFO: ContextListener: attributeAdded('org.apache.catalina.Registry', 'org.apache.tomcat.util.modeler.Registry@13896f2')
May 25, 2012 3:39:55 PM org.apache.catalina.core.ApplicationContext log
INFO: ContextListener: attributeAdded('org.apache.catalina.MBeanServer', 'com.sun.jmx.mbeanserver.JmxMBeanServer@10e18ba')
May 25, 2012 3:39:56 PM org.apache.catalina.core.ApplicationContext log
INFO: ContextListener: contextInitialized()
May 25, 2012 3:39:56 PM org.apache.catalina.core.ApplicationContext log
INFO: SessionListener: contextInitialized()
May 25, 2012 3:39:56 PM org.apache.catalina.core.ApplicationContext log
INFO: ContextListener: attributeAdded('org.apache.catalina.Registry', 'org.apache.tomcat.util.modeler.Registry@16b2b4c')
May 25, 2012 3:39:56 PM org.apache.catalina.core.ApplicationContext log
INFO: ContextListener: attributeAdded('org.apache.catalina.MBeanServer', 'com.sun.jmx.mbeanserver.JmxMBeanServer@ab1b4')
May 25, 2012 3:39:58 PM org.apache.catalina.core.ApplicationContext log
INFO: SessionListener: contextDestroyed()
May 25, 2012 3:39:58 PM org.apache.catalina.core.ApplicationContext log
INFO: ContextListener: contextDestroyed()
