Jul 13, 2012 2:07:24 PM org.apache.catalina.core.ApplicationContext log
INFO: ContextListener: contextInitialized()
Jul 13, 2012 2:07:24 PM org.apache.catalina.core.ApplicationContext log
INFO: SessionListener: contextInitialized()
Jul 13, 2012 2:07:24 PM org.apache.catalina.core.ApplicationContext log
INFO: ContextListener: attributeAdded('org.apache.catalina.Registry', 'org.apache.tomcat.util.modeler.Registry@1e3bb9e')
Jul 13, 2012 2:07:24 PM org.apache.catalina.core.ApplicationContext log
INFO: ContextListener: attributeAdded('org.apache.catalina.MBeanServer', 'com.sun.jmx.mbeanserver.JmxMBeanServer@2a2cc')
Jul 13, 2012 2:12:47 PM org.apache.catalina.core.StandardWrapperValve invoke
SEVERE: Servlet.service() for servlet jsp threw exception
org.apache.jasper.JasperException: Unable to compile class for JSP: 

An error occurred at line: 48 in the jsp file: /example.jsp
i cannot be resolved to a type
45:         <TD><%=nums[i]%></TD>
46: 	<TD><%=ps[i]%></TD>
47: 	<TD><INPUT TYPE=TEXT NAME=username SIZE=20></TD>
48: 	<TD><INPUT TYPE=SUBMIT value = "submit<%i%>" name = "submit"<%i%>>
49:         </TR>
50:         <%
51:     }


An error occurred at line: 48 in the jsp file: /example.jsp
Duplicate local variable out
45:         <TD><%=nums[i]%></TD>
46: 	<TD><%=ps[i]%></TD>
47: 	<TD><INPUT TYPE=TEXT NAME=username SIZE=20></TD>
48: 	<TD><INPUT TYPE=SUBMIT value = "submit<%i%>" name = "submit"<%i%>>
49:         </TR>
50:         <%
51:     }


An error occurred at line: 48 in the jsp file: /example.jsp
Syntax error on token ".", ; expected
45:         <TD><%=nums[i]%></TD>
46: 	<TD><%=ps[i]%></TD>
47: 	<TD><INPUT TYPE=TEXT NAME=username SIZE=20></TD>
48: 	<TD><INPUT TYPE=SUBMIT value = "submit<%i%>" name = "submit"<%i%>>
49:         </TR>
50:         <%
51:     }


An error occurred at line: 48 in the jsp file: /example.jsp
The method write(String) is undefined for the type example_jsp
45:         <TD><%=nums[i]%></TD>
46: 	<TD><%=ps[i]%></TD>
47: 	<TD><INPUT TYPE=TEXT NAME=username SIZE=20></TD>
48: 	<TD><INPUT TYPE=SUBMIT value = "submit<%i%>" name = "submit"<%i%>>
49:         </TR>
50:         <%
51:     }


An error occurred at line: 48 in the jsp file: /example.jsp
i cannot be resolved to a type
45:         <TD><%=nums[i]%></TD>
46: 	<TD><%=ps[i]%></TD>
47: 	<TD><INPUT TYPE=TEXT NAME=username SIZE=20></TD>
48: 	<TD><INPUT TYPE=SUBMIT value = "submit<%i%>" name = "submit"<%i%>>
49:         </TR>
50:         <%
51:     }


An error occurred at line: 48 in the jsp file: /example.jsp
Duplicate local variable out
45:         <TD><%=nums[i]%></TD>
46: 	<TD><%=ps[i]%></TD>
47: 	<TD><INPUT TYPE=TEXT NAME=username SIZE=20></TD>
48: 	<TD><INPUT TYPE=SUBMIT value = "submit<%i%>" name = "submit"<%i%>>
49:         </TR>
50:         <%
51:     }


An error occurred at line: 48 in the jsp file: /example.jsp
Syntax error on token ".", ; expected
45:         <TD><%=nums[i]%></TD>
46: 	<TD><%=ps[i]%></TD>
47: 	<TD><INPUT TYPE=TEXT NAME=username SIZE=20></TD>
48: 	<TD><INPUT TYPE=SUBMIT value = "submit<%i%>" name = "submit"<%i%>>
49:         </TR>
50:         <%
51:     }


An error occurred at line: 48 in the jsp file: /example.jsp
The method write(String) is undefined for the type example_jsp
45:         <TD><%=nums[i]%></TD>
46: 	<TD><%=ps[i]%></TD>
47: 	<TD><INPUT TYPE=TEXT NAME=username SIZE=20></TD>
48: 	<TD><INPUT TYPE=SUBMIT value = "submit<%i%>" name = "submit"<%i%>>
49:         </TR>
50:         <%
51:     }


Stacktrace:
	at org.apache.jasper.compiler.DefaultErrorHandler.javacError(DefaultErrorHandler.java:92)
	at org.apache.jasper.compiler.ErrorDispatcher.javacError(ErrorDispatcher.java:330)
	at org.apache.jasper.compiler.JDTCompiler.generateClass(JDTCompiler.java:439)
	at org.apache.jasper.compiler.Compiler.compile(Compiler.java:349)
	at org.apache.jasper.compiler.Compiler.compile(Compiler.java:327)
	at org.apache.jasper.compiler.Compiler.compile(Compiler.java:314)
	at org.apache.jasper.JspCompilationContext.compile(JspCompilationContext.java:592)
	at org.apache.jasper.servlet.JspServletWrapper.service(JspServletWrapper.java:317)
	at org.apache.jasper.servlet.JspServlet.serviceJspFile(JspServlet.java:313)
	at org.apache.jasper.servlet.JspServlet.service(JspServlet.java:260)
	at javax.servlet.http.HttpServlet.service(HttpServlet.java:717)
	at org.apache.catalina.core.ApplicationFilterChain.internalDoFilter(ApplicationFilterChain.java:290)
	at org.apache.catalina.core.ApplicationFilterChain.doFilter(ApplicationFilterChain.java:206)
	at org.apache.catalina.core.StandardWrapperValve.invoke(StandardWrapperValve.java:233)
	at org.apache.catalina.core.StandardContextValve.invoke(StandardContextValve.java:191)
	at org.apache.catalina.core.StandardHostValve.invoke(StandardHostValve.java:127)
	at org.apache.catalina.valves.ErrorReportValve.invoke(ErrorReportValve.java:102)
	at org.apache.catalina.core.StandardEngineValve.invoke(StandardEngineValve.java:109)
	at org.apache.catalina.connector.CoyoteAdapter.service(CoyoteAdapter.java:298)
	at org.apache.coyote.http11.Http11Processor.process(Http11Processor.java:857)
	at org.apache.coyote.http11.Http11Protocol$Http11ConnectionHandler.process(Http11Protocol.java:588)
	at org.apache.tomcat.util.net.JIoEndpoint$Worker.run(JIoEndpoint.java:489)
	at java.lang.Thread.run(Thread.java:722)

Jul 13, 2012 2:13:07 PM org.apache.catalina.core.StandardWrapperValve invoke
SEVERE: Servlet.service() for servlet jsp threw exception
org.apache.jasper.JasperException: Unable to compile class for JSP: 

An error occurred at line: 48 in the jsp file: /example.jsp
i cannot be resolved to a type
45:         <TD><%=nums[i]%></TD>
46: 	<TD><%=ps[i]%></TD>
47: 	<TD><INPUT TYPE=TEXT NAME=username SIZE=20></TD>
48: 	<TD><INPUT TYPE=SUBMIT value = "submit"<%i%> name = "submit"<%i%>>
49:         </TR>
50:         <%
51:     }


An error occurred at line: 48 in the jsp file: /example.jsp
Duplicate local variable out
45:         <TD><%=nums[i]%></TD>
46: 	<TD><%=ps[i]%></TD>
47: 	<TD><INPUT TYPE=TEXT NAME=username SIZE=20></TD>
48: 	<TD><INPUT TYPE=SUBMIT value = "submit"<%i%> name = "submit"<%i%>>
49:         </TR>
50:         <%
51:     }


An error occurred at line: 48 in the jsp file: /example.jsp
Syntax error on token ".", ; expected
45:         <TD><%=nums[i]%></TD>
46: 	<TD><%=ps[i]%></TD>
47: 	<TD><INPUT TYPE=TEXT NAME=username SIZE=20></TD>
48: 	<TD><INPUT TYPE=SUBMIT value = "submit"<%i%> name = "submit"<%i%>>
49:         </TR>
50:         <%
51:     }


An error occurred at line: 48 in the jsp file: /example.jsp
The method write(String) is undefined for the type example_jsp
45:         <TD><%=nums[i]%></TD>
46: 	<TD><%=ps[i]%></TD>
47: 	<TD><INPUT TYPE=TEXT NAME=username SIZE=20></TD>
48: 	<TD><INPUT TYPE=SUBMIT value = "submit"<%i%> name = "submit"<%i%>>
49:         </TR>
50:         <%
51:     }


An error occurred at line: 48 in the jsp file: /example.jsp
i cannot be resolved to a type
45:         <TD><%=nums[i]%></TD>
46: 	<TD><%=ps[i]%></TD>
47: 	<TD><INPUT TYPE=TEXT NAME=username SIZE=20></TD>
48: 	<TD><INPUT TYPE=SUBMIT value = "submit"<%i%> name = "submit"<%i%>>
49:         </TR>
50:         <%
51:     }


An error occurred at line: 48 in the jsp file: /example.jsp
Duplicate local variable out
45:         <TD><%=nums[i]%></TD>
46: 	<TD><%=ps[i]%></TD>
47: 	<TD><INPUT TYPE=TEXT NAME=username SIZE=20></TD>
48: 	<TD><INPUT TYPE=SUBMIT value = "submit"<%i%> name = "submit"<%i%>>
49:         </TR>
50:         <%
51:     }


An error occurred at line: 48 in the jsp file: /example.jsp
Syntax error on token ".", ; expected
45:         <TD><%=nums[i]%></TD>
46: 	<TD><%=ps[i]%></TD>
47: 	<TD><INPUT TYPE=TEXT NAME=username SIZE=20></TD>
48: 	<TD><INPUT TYPE=SUBMIT value = "submit"<%i%> name = "submit"<%i%>>
49:         </TR>
50:         <%
51:     }


An error occurred at line: 48 in the jsp file: /example.jsp
The method write(String) is undefined for the type example_jsp
45:         <TD><%=nums[i]%></TD>
46: 	<TD><%=ps[i]%></TD>
47: 	<TD><INPUT TYPE=TEXT NAME=username SIZE=20></TD>
48: 	<TD><INPUT TYPE=SUBMIT value = "submit"<%i%> name = "submit"<%i%>>
49:         </TR>
50:         <%
51:     }


Stacktrace:
	at org.apache.jasper.compiler.DefaultErrorHandler.javacError(DefaultErrorHandler.java:92)
	at org.apache.jasper.compiler.ErrorDispatcher.javacError(ErrorDispatcher.java:330)
	at org.apache.jasper.compiler.JDTCompiler.generateClass(JDTCompiler.java:439)
	at org.apache.jasper.compiler.Compiler.compile(Compiler.java:349)
	at org.apache.jasper.compiler.Compiler.compile(Compiler.java:327)
	at org.apache.jasper.compiler.Compiler.compile(Compiler.java:314)
	at org.apache.jasper.JspCompilationContext.compile(JspCompilationContext.java:592)
	at org.apache.jasper.servlet.JspServletWrapper.service(JspServletWrapper.java:317)
	at org.apache.jasper.servlet.JspServlet.serviceJspFile(JspServlet.java:313)
	at org.apache.jasper.servlet.JspServlet.service(JspServlet.java:260)
	at javax.servlet.http.HttpServlet.service(HttpServlet.java:717)
	at org.apache.catalina.core.ApplicationFilterChain.internalDoFilter(ApplicationFilterChain.java:290)
	at org.apache.catalina.core.ApplicationFilterChain.doFilter(ApplicationFilterChain.java:206)
	at org.apache.catalina.core.StandardWrapperValve.invoke(StandardWrapperValve.java:233)
	at org.apache.catalina.core.StandardContextValve.invoke(StandardContextValve.java:191)
	at org.apache.catalina.core.StandardHostValve.invoke(StandardHostValve.java:127)
	at org.apache.catalina.valves.ErrorReportValve.invoke(ErrorReportValve.java:102)
	at org.apache.catalina.core.StandardEngineValve.invoke(StandardEngineValve.java:109)
	at org.apache.catalina.connector.CoyoteAdapter.service(CoyoteAdapter.java:298)
	at org.apache.coyote.http11.Http11Processor.process(Http11Processor.java:857)
	at org.apache.coyote.http11.Http11Protocol$Http11ConnectionHandler.process(Http11Protocol.java:588)
	at org.apache.tomcat.util.net.JIoEndpoint$Worker.run(JIoEndpoint.java:489)
	at java.lang.Thread.run(Thread.java:722)

Jul 13, 2012 2:13:33 PM org.apache.catalina.core.StandardWrapperValve invoke
SEVERE: Servlet.service() for servlet jsp threw exception
org.apache.jasper.JasperException: Unable to compile class for JSP: 

An error occurred at line: 48 in the jsp file: /example.jsp
i cannot be resolved to a type
45:         <TD><%=nums[i]%></TD>
46: 	<TD><%=ps[i]%></TD>
47: 	<TD><INPUT TYPE=TEXT NAME=username SIZE=20></TD>
48: 	<TD><INPUT TYPE=SUBMIT value = <%i%> name = <%i%>>
49:         </TR>
50:         <%
51:     }


An error occurred at line: 48 in the jsp file: /example.jsp
Duplicate local variable out
45:         <TD><%=nums[i]%></TD>
46: 	<TD><%=ps[i]%></TD>
47: 	<TD><INPUT TYPE=TEXT NAME=username SIZE=20></TD>
48: 	<TD><INPUT TYPE=SUBMIT value = <%i%> name = <%i%>>
49:         </TR>
50:         <%
51:     }


An error occurred at line: 48 in the jsp file: /example.jsp
Syntax error on token ".", ; expected
45:         <TD><%=nums[i]%></TD>
46: 	<TD><%=ps[i]%></TD>
47: 	<TD><INPUT TYPE=TEXT NAME=username SIZE=20></TD>
48: 	<TD><INPUT TYPE=SUBMIT value = <%i%> name = <%i%>>
49:         </TR>
50:         <%
51:     }


An error occurred at line: 48 in the jsp file: /example.jsp
The method write(String) is undefined for the type example_jsp
45:         <TD><%=nums[i]%></TD>
46: 	<TD><%=ps[i]%></TD>
47: 	<TD><INPUT TYPE=TEXT NAME=username SIZE=20></TD>
48: 	<TD><INPUT TYPE=SUBMIT value = <%i%> name = <%i%>>
49:         </TR>
50:         <%
51:     }


An error occurred at line: 48 in the jsp file: /example.jsp
i cannot be resolved to a type
45:         <TD><%=nums[i]%></TD>
46: 	<TD><%=ps[i]%></TD>
47: 	<TD><INPUT TYPE=TEXT NAME=username SIZE=20></TD>
48: 	<TD><INPUT TYPE=SUBMIT value = <%i%> name = <%i%>>
49:         </TR>
50:         <%
51:     }


An error occurred at line: 48 in the jsp file: /example.jsp
Duplicate local variable out
45:         <TD><%=nums[i]%></TD>
46: 	<TD><%=ps[i]%></TD>
47: 	<TD><INPUT TYPE=TEXT NAME=username SIZE=20></TD>
48: 	<TD><INPUT TYPE=SUBMIT value = <%i%> name = <%i%>>
49:         </TR>
50:         <%
51:     }


An error occurred at line: 48 in the jsp file: /example.jsp
Syntax error on token ".", ; expected
45:         <TD><%=nums[i]%></TD>
46: 	<TD><%=ps[i]%></TD>
47: 	<TD><INPUT TYPE=TEXT NAME=username SIZE=20></TD>
48: 	<TD><INPUT TYPE=SUBMIT value = <%i%> name = <%i%>>
49:         </TR>
50:         <%
51:     }


An error occurred at line: 48 in the jsp file: /example.jsp
The method write(String) is undefined for the type example_jsp
45:         <TD><%=nums[i]%></TD>
46: 	<TD><%=ps[i]%></TD>
47: 	<TD><INPUT TYPE=TEXT NAME=username SIZE=20></TD>
48: 	<TD><INPUT TYPE=SUBMIT value = <%i%> name = <%i%>>
49:         </TR>
50:         <%
51:     }


Stacktrace:
	at org.apache.jasper.compiler.DefaultErrorHandler.javacError(DefaultErrorHandler.java:92)
	at org.apache.jasper.compiler.ErrorDispatcher.javacError(ErrorDispatcher.java:330)
	at org.apache.jasper.compiler.JDTCompiler.generateClass(JDTCompiler.java:439)
	at org.apache.jasper.compiler.Compiler.compile(Compiler.java:349)
	at org.apache.jasper.compiler.Compiler.compile(Compiler.java:327)
	at org.apache.jasper.compiler.Compiler.compile(Compiler.java:314)
	at org.apache.jasper.JspCompilationContext.compile(JspCompilationContext.java:592)
	at org.apache.jasper.servlet.JspServletWrapper.service(JspServletWrapper.java:317)
	at org.apache.jasper.servlet.JspServlet.serviceJspFile(JspServlet.java:313)
	at org.apache.jasper.servlet.JspServlet.service(JspServlet.java:260)
	at javax.servlet.http.HttpServlet.service(HttpServlet.java:717)
	at org.apache.catalina.core.ApplicationFilterChain.internalDoFilter(ApplicationFilterChain.java:290)
	at org.apache.catalina.core.ApplicationFilterChain.doFilter(ApplicationFilterChain.java:206)
	at org.apache.catalina.core.StandardWrapperValve.invoke(StandardWrapperValve.java:233)
	at org.apache.catalina.core.StandardContextValve.invoke(StandardContextValve.java:191)
	at org.apache.catalina.core.StandardHostValve.invoke(StandardHostValve.java:127)
	at org.apache.catalina.valves.ErrorReportValve.invoke(ErrorReportValve.java:102)
	at org.apache.catalina.core.StandardEngineValve.invoke(StandardEngineValve.java:109)
	at org.apache.catalina.connector.CoyoteAdapter.service(CoyoteAdapter.java:298)
	at org.apache.coyote.http11.Http11Processor.process(Http11Processor.java:857)
	at org.apache.coyote.http11.Http11Protocol$Http11ConnectionHandler.process(Http11Protocol.java:588)
	at org.apache.tomcat.util.net.JIoEndpoint$Worker.run(JIoEndpoint.java:489)
	at java.lang.Thread.run(Thread.java:722)

Jul 13, 2012 2:14:22 PM org.apache.catalina.core.StandardWrapperValve invoke
SEVERE: Servlet.service() for servlet jsp threw exception
org.apache.jasper.JasperException: Unable to compile class for JSP: 

An error occurred at line: 48 in the jsp file: /example.jsp
i cannot be resolved to a type
45:         <TD><%=nums[i]%></TD>
46: 	<TD><%=ps[i]%></TD>
47: 	<TD><INPUT TYPE=TEXT NAME=username SIZE=20></TD>
48: 	<TD><INPUT TYPE=SUBMIT value = <%i%> ></TD>
49:         </TR>
50:         <%
51:     }


An error occurred at line: 48 in the jsp file: /example.jsp
Duplicate local variable out
45:         <TD><%=nums[i]%></TD>
46: 	<TD><%=ps[i]%></TD>
47: 	<TD><INPUT TYPE=TEXT NAME=username SIZE=20></TD>
48: 	<TD><INPUT TYPE=SUBMIT value = <%i%> ></TD>
49:         </TR>
50:         <%
51:     }


An error occurred at line: 48 in the jsp file: /example.jsp
Syntax error on token ".", ; expected
45:         <TD><%=nums[i]%></TD>
46: 	<TD><%=ps[i]%></TD>
47: 	<TD><INPUT TYPE=TEXT NAME=username SIZE=20></TD>
48: 	<TD><INPUT TYPE=SUBMIT value = <%i%> ></TD>
49:         </TR>
50:         <%
51:     }


An error occurred at line: 48 in the jsp file: /example.jsp
The method write(String) is undefined for the type example_jsp
45:         <TD><%=nums[i]%></TD>
46: 	<TD><%=ps[i]%></TD>
47: 	<TD><INPUT TYPE=TEXT NAME=username SIZE=20></TD>
48: 	<TD><INPUT TYPE=SUBMIT value = <%i%> ></TD>
49:         </TR>
50:         <%
51:     }


Stacktrace:
	at org.apache.jasper.compiler.DefaultErrorHandler.javacError(DefaultErrorHandler.java:92)
	at org.apache.jasper.compiler.ErrorDispatcher.javacError(ErrorDispatcher.java:330)
	at org.apache.jasper.compiler.JDTCompiler.generateClass(JDTCompiler.java:439)
	at org.apache.jasper.compiler.Compiler.compile(Compiler.java:349)
	at org.apache.jasper.compiler.Compiler.compile(Compiler.java:327)
	at org.apache.jasper.compiler.Compiler.compile(Compiler.java:314)
	at org.apache.jasper.JspCompilationContext.compile(JspCompilationContext.java:592)
	at org.apache.jasper.servlet.JspServletWrapper.service(JspServletWrapper.java:317)
	at org.apache.jasper.servlet.JspServlet.serviceJspFile(JspServlet.java:313)
	at org.apache.jasper.servlet.JspServlet.service(JspServlet.java:260)
	at javax.servlet.http.HttpServlet.service(HttpServlet.java:717)
	at org.apache.catalina.core.ApplicationFilterChain.internalDoFilter(ApplicationFilterChain.java:290)
	at org.apache.catalina.core.ApplicationFilterChain.doFilter(ApplicationFilterChain.java:206)
	at org.apache.catalina.core.StandardWrapperValve.invoke(StandardWrapperValve.java:233)
	at org.apache.catalina.core.StandardContextValve.invoke(StandardContextValve.java:191)
	at org.apache.catalina.core.StandardHostValve.invoke(StandardHostValve.java:127)
	at org.apache.catalina.valves.ErrorReportValve.invoke(ErrorReportValve.java:102)
	at org.apache.catalina.core.StandardEngineValve.invoke(StandardEngineValve.java:109)
	at org.apache.catalina.connector.CoyoteAdapter.service(CoyoteAdapter.java:298)
	at org.apache.coyote.http11.Http11Processor.process(Http11Processor.java:857)
	at org.apache.coyote.http11.Http11Protocol$Http11ConnectionHandler.process(Http11Protocol.java:588)
	at org.apache.tomcat.util.net.JIoEndpoint$Worker.run(JIoEndpoint.java:489)
	at java.lang.Thread.run(Thread.java:722)

Jul 13, 2012 2:18:34 PM org.apache.catalina.core.ApplicationContext log
INFO: Marking servlet org.apache.catalina.INVOKER.Simple-servlet as unavailable
Jul 13, 2012 2:18:34 PM org.apache.catalina.core.ApplicationContext log
SEVERE: Error loading WebappClassLoader
  context: 
  delegate: false
  repositories:
    /WEB-INF/classes/
----------> Parent Classloader:
org.apache.catalina.loader.StandardClassLoader@514f7f
 Simple-servlet
java.lang.ClassNotFoundException: Simple-servlet
	at org.apache.catalina.loader.WebappClassLoader.loadClass(WebappClassLoader.java:1645)
	at org.apache.catalina.loader.WebappClassLoader.loadClass(WebappClassLoader.java:1491)
	at org.apache.catalina.core.StandardWrapper.loadServlet(StandardWrapper.java:1095)
	at org.apache.catalina.core.StandardWrapper.allocate(StandardWrapper.java:809)
	at org.apache.catalina.servlets.InvokerServlet.serveRequest(InvokerServlet.java:363)
	at org.apache.catalina.servlets.InvokerServlet.doGet(InvokerServlet.java:136)
	at javax.servlet.http.HttpServlet.service(HttpServlet.java:617)
	at javax.servlet.http.HttpServlet.service(HttpServlet.java:717)
	at org.apache.catalina.core.ApplicationFilterChain.internalDoFilter(ApplicationFilterChain.java:290)
	at org.apache.catalina.core.ApplicationFilterChain.doFilter(ApplicationFilterChain.java:206)
	at org.apache.catalina.core.StandardWrapperValve.invoke(StandardWrapperValve.java:233)
	at org.apache.catalina.core.StandardContextValve.invoke(StandardContextValve.java:191)
	at org.apache.catalina.core.StandardHostValve.invoke(StandardHostValve.java:127)
	at org.apache.catalina.valves.ErrorReportValve.invoke(ErrorReportValve.java:102)
	at org.apache.catalina.core.StandardEngineValve.invoke(StandardEngineValve.java:109)
	at org.apache.catalina.connector.CoyoteAdapter.service(CoyoteAdapter.java:298)
	at org.apache.coyote.http11.Http11Processor.process(Http11Processor.java:857)
	at org.apache.coyote.http11.Http11Protocol$Http11ConnectionHandler.process(Http11Protocol.java:588)
	at org.apache.tomcat.util.net.JIoEndpoint$Worker.run(JIoEndpoint.java:489)
	at java.lang.Thread.run(Thread.java:722)

Jul 13, 2012 2:18:34 PM org.apache.catalina.core.ApplicationContext log
SEVERE: invoker: Cannot allocate servlet instance for path /servlet/Simple-servlet
javax.servlet.ServletException: Wrapper cannot find servlet class Simple-servlet or a class it depends on
	at org.apache.catalina.core.StandardWrapper.loadServlet(StandardWrapper.java:1103)
	at org.apache.catalina.core.StandardWrapper.allocate(StandardWrapper.java:809)
	at org.apache.catalina.servlets.InvokerServlet.serveRequest(InvokerServlet.java:363)
	at org.apache.catalina.servlets.InvokerServlet.doGet(InvokerServlet.java:136)
	at javax.servlet.http.HttpServlet.service(HttpServlet.java:617)
	at javax.servlet.http.HttpServlet.service(HttpServlet.java:717)
	at org.apache.catalina.core.ApplicationFilterChain.internalDoFilter(ApplicationFilterChain.java:290)
	at org.apache.catalina.core.ApplicationFilterChain.doFilter(ApplicationFilterChain.java:206)
	at org.apache.catalina.core.StandardWrapperValve.invoke(StandardWrapperValve.java:233)
	at org.apache.catalina.core.StandardContextValve.invoke(StandardContextValve.java:191)
	at org.apache.catalina.core.StandardHostValve.invoke(StandardHostValve.java:127)
	at org.apache.catalina.valves.ErrorReportValve.invoke(ErrorReportValve.java:102)
	at org.apache.catalina.core.StandardEngineValve.invoke(StandardEngineValve.java:109)
	at org.apache.catalina.connector.CoyoteAdapter.service(CoyoteAdapter.java:298)
	at org.apache.coyote.http11.Http11Processor.process(Http11Processor.java:857)
	at org.apache.coyote.http11.Http11Protocol$Http11ConnectionHandler.process(Http11Protocol.java:588)
	at org.apache.tomcat.util.net.JIoEndpoint$Worker.run(JIoEndpoint.java:489)
	at java.lang.Thread.run(Thread.java:722)
Caused by: java.lang.ClassNotFoundException: Simple-servlet
	at org.apache.catalina.loader.WebappClassLoader.loadClass(WebappClassLoader.java:1645)
	at org.apache.catalina.loader.WebappClassLoader.loadClass(WebappClassLoader.java:1491)
	at org.apache.catalina.core.StandardWrapper.loadServlet(StandardWrapper.java:1095)
	... 17 more

Jul 13, 2012 2:25:27 PM org.apache.catalina.core.ApplicationContext log
INFO: Marking servlet org.apache.catalina.INVOKER.example.jsp as unavailable
Jul 13, 2012 2:25:27 PM org.apache.catalina.core.ApplicationContext log
SEVERE: Error loading WebappClassLoader
  context: 
  delegate: false
  repositories:
    /WEB-INF/classes/
----------> Parent Classloader:
org.apache.catalina.loader.StandardClassLoader@514f7f
 example.jsp
java.lang.ClassNotFoundException: example.jsp
	at org.apache.catalina.loader.WebappClassLoader.loadClass(WebappClassLoader.java:1645)
	at org.apache.catalina.loader.WebappClassLoader.loadClass(WebappClassLoader.java:1491)
	at org.apache.catalina.core.StandardWrapper.loadServlet(StandardWrapper.java:1095)
	at org.apache.catalina.core.StandardWrapper.allocate(StandardWrapper.java:809)
	at org.apache.catalina.servlets.InvokerServlet.serveRequest(InvokerServlet.java:363)
	at org.apache.catalina.servlets.InvokerServlet.doGet(InvokerServlet.java:136)
	at javax.servlet.http.HttpServlet.service(HttpServlet.java:617)
	at javax.servlet.http.HttpServlet.service(HttpServlet.java:717)
	at org.apache.catalina.core.ApplicationFilterChain.internalDoFilter(ApplicationFilterChain.java:290)
	at org.apache.catalina.core.ApplicationFilterChain.doFilter(ApplicationFilterChain.java:206)
	at org.apache.catalina.core.StandardWrapperValve.invoke(StandardWrapperValve.java:233)
	at org.apache.catalina.core.StandardContextValve.invoke(StandardContextValve.java:191)
	at org.apache.catalina.core.StandardHostValve.invoke(StandardHostValve.java:127)
	at org.apache.catalina.valves.ErrorReportValve.invoke(ErrorReportValve.java:102)
	at org.apache.catalina.core.StandardEngineValve.invoke(StandardEngineValve.java:109)
	at org.apache.catalina.connector.CoyoteAdapter.service(CoyoteAdapter.java:298)
	at org.apache.coyote.http11.Http11Processor.process(Http11Processor.java:857)
	at org.apache.coyote.http11.Http11Protocol$Http11ConnectionHandler.process(Http11Protocol.java:588)
	at org.apache.tomcat.util.net.JIoEndpoint$Worker.run(JIoEndpoint.java:489)
	at java.lang.Thread.run(Thread.java:722)

Jul 13, 2012 2:25:27 PM org.apache.catalina.core.ApplicationContext log
SEVERE: invoker: Cannot allocate servlet instance for path /servlet/example.jsp
javax.servlet.ServletException: Wrapper cannot find servlet class example.jsp or a class it depends on
	at org.apache.catalina.core.StandardWrapper.loadServlet(StandardWrapper.java:1103)
	at org.apache.catalina.core.StandardWrapper.allocate(StandardWrapper.java:809)
	at org.apache.catalina.servlets.InvokerServlet.serveRequest(InvokerServlet.java:363)
	at org.apache.catalina.servlets.InvokerServlet.doGet(InvokerServlet.java:136)
	at javax.servlet.http.HttpServlet.service(HttpServlet.java:617)
	at javax.servlet.http.HttpServlet.service(HttpServlet.java:717)
	at org.apache.catalina.core.ApplicationFilterChain.internalDoFilter(ApplicationFilterChain.java:290)
	at org.apache.catalina.core.ApplicationFilterChain.doFilter(ApplicationFilterChain.java:206)
	at org.apache.catalina.core.StandardWrapperValve.invoke(StandardWrapperValve.java:233)
	at org.apache.catalina.core.StandardContextValve.invoke(StandardContextValve.java:191)
	at org.apache.catalina.core.StandardHostValve.invoke(StandardHostValve.java:127)
	at org.apache.catalina.valves.ErrorReportValve.invoke(ErrorReportValve.java:102)
	at org.apache.catalina.core.StandardEngineValve.invoke(StandardEngineValve.java:109)
	at org.apache.catalina.connector.CoyoteAdapter.service(CoyoteAdapter.java:298)
	at org.apache.coyote.http11.Http11Processor.process(Http11Processor.java:857)
	at org.apache.coyote.http11.Http11Protocol$Http11ConnectionHandler.process(Http11Protocol.java:588)
	at org.apache.tomcat.util.net.JIoEndpoint$Worker.run(JIoEndpoint.java:489)
	at java.lang.Thread.run(Thread.java:722)
Caused by: java.lang.ClassNotFoundException: example.jsp
	at org.apache.catalina.loader.WebappClassLoader.loadClass(WebappClassLoader.java:1645)
	at org.apache.catalina.loader.WebappClassLoader.loadClass(WebappClassLoader.java:1491)
	at org.apache.catalina.core.StandardWrapper.loadServlet(StandardWrapper.java:1095)
	... 17 more

Jul 13, 2012 2:25:51 PM org.apache.catalina.core.ApplicationContext log
INFO: Marking servlet org.apache.catalina.INVOKER.example.jsp as unavailable
Jul 13, 2012 2:25:51 PM org.apache.catalina.core.ApplicationContext log
SEVERE: Error loading WebappClassLoader
  context: 
  delegate: false
  repositories:
    /WEB-INF/classes/
----------> Parent Classloader:
org.apache.catalina.loader.StandardClassLoader@514f7f
 example.jsp
java.lang.ClassNotFoundException: example.jsp
	at org.apache.catalina.loader.WebappClassLoader.loadClass(WebappClassLoader.java:1645)
	at org.apache.catalina.loader.WebappClassLoader.loadClass(WebappClassLoader.java:1491)
	at org.apache.catalina.core.StandardWrapper.loadServlet(StandardWrapper.java:1095)
	at org.apache.catalina.core.StandardWrapper.allocate(StandardWrapper.java:809)
	at org.apache.catalina.servlets.InvokerServlet.serveRequest(InvokerServlet.java:363)
	at org.apache.catalina.servlets.InvokerServlet.doGet(InvokerServlet.java:136)
	at javax.servlet.http.HttpServlet.service(HttpServlet.java:617)
	at javax.servlet.http.HttpServlet.service(HttpServlet.java:717)
	at org.apache.catalina.core.ApplicationFilterChain.internalDoFilter(ApplicationFilterChain.java:290)
	at org.apache.catalina.core.ApplicationFilterChain.doFilter(ApplicationFilterChain.java:206)
	at org.apache.catalina.core.StandardWrapperValve.invoke(StandardWrapperValve.java:233)
	at org.apache.catalina.core.StandardContextValve.invoke(StandardContextValve.java:191)
	at org.apache.catalina.core.StandardHostValve.invoke(StandardHostValve.java:127)
	at org.apache.catalina.valves.ErrorReportValve.invoke(ErrorReportValve.java:102)
	at org.apache.catalina.core.StandardEngineValve.invoke(StandardEngineValve.java:109)
	at org.apache.catalina.connector.CoyoteAdapter.service(CoyoteAdapter.java:298)
	at org.apache.coyote.http11.Http11Processor.process(Http11Processor.java:857)
	at org.apache.coyote.http11.Http11Protocol$Http11ConnectionHandler.process(Http11Protocol.java:588)
	at org.apache.tomcat.util.net.JIoEndpoint$Worker.run(JIoEndpoint.java:489)
	at java.lang.Thread.run(Thread.java:722)

Jul 13, 2012 2:25:51 PM org.apache.catalina.core.ApplicationContext log
SEVERE: invoker: Cannot allocate servlet instance for path /servlet/example.jsp
javax.servlet.ServletException: Wrapper cannot find servlet class example.jsp or a class it depends on
	at org.apache.catalina.core.StandardWrapper.loadServlet(StandardWrapper.java:1103)
	at org.apache.catalina.core.StandardWrapper.allocate(StandardWrapper.java:809)
	at org.apache.catalina.servlets.InvokerServlet.serveRequest(InvokerServlet.java:363)
	at org.apache.catalina.servlets.InvokerServlet.doGet(InvokerServlet.java:136)
	at javax.servlet.http.HttpServlet.service(HttpServlet.java:617)
	at javax.servlet.http.HttpServlet.service(HttpServlet.java:717)
	at org.apache.catalina.core.ApplicationFilterChain.internalDoFilter(ApplicationFilterChain.java:290)
	at org.apache.catalina.core.ApplicationFilterChain.doFilter(ApplicationFilterChain.java:206)
	at org.apache.catalina.core.StandardWrapperValve.invoke(StandardWrapperValve.java:233)
	at org.apache.catalina.core.StandardContextValve.invoke(StandardContextValve.java:191)
	at org.apache.catalina.core.StandardHostValve.invoke(StandardHostValve.java:127)
	at org.apache.catalina.valves.ErrorReportValve.invoke(ErrorReportValve.java:102)
	at org.apache.catalina.core.StandardEngineValve.invoke(StandardEngineValve.java:109)
	at org.apache.catalina.connector.CoyoteAdapter.service(CoyoteAdapter.java:298)
	at org.apache.coyote.http11.Http11Processor.process(Http11Processor.java:857)
	at org.apache.coyote.http11.Http11Protocol$Http11ConnectionHandler.process(Http11Protocol.java:588)
	at org.apache.tomcat.util.net.JIoEndpoint$Worker.run(JIoEndpoint.java:489)
	at java.lang.Thread.run(Thread.java:722)
Caused by: java.lang.ClassNotFoundException: example.jsp
	at org.apache.catalina.loader.WebappClassLoader.loadClass(WebappClassLoader.java:1645)
	at org.apache.catalina.loader.WebappClassLoader.loadClass(WebappClassLoader.java:1491)
	at org.apache.catalina.core.StandardWrapper.loadServlet(StandardWrapper.java:1095)
	... 17 more

Jul 13, 2012 2:28:27 PM org.apache.catalina.core.ApplicationContext log
INFO: Marking servlet org.apache.catalina.INVOKER.example.jsp as unavailable
Jul 13, 2012 2:28:27 PM org.apache.catalina.core.ApplicationContext log
SEVERE: Error loading WebappClassLoader
  context: 
  delegate: false
  repositories:
    /WEB-INF/classes/
----------> Parent Classloader:
org.apache.catalina.loader.StandardClassLoader@514f7f
 example.jsp
java.lang.ClassNotFoundException: example.jsp
	at org.apache.catalina.loader.WebappClassLoader.loadClass(WebappClassLoader.java:1645)
	at org.apache.catalina.loader.WebappClassLoader.loadClass(WebappClassLoader.java:1491)
	at org.apache.catalina.core.StandardWrapper.loadServlet(StandardWrapper.java:1095)
	at org.apache.catalina.core.StandardWrapper.allocate(StandardWrapper.java:809)
	at org.apache.catalina.servlets.InvokerServlet.serveRequest(InvokerServlet.java:363)
	at org.apache.catalina.servlets.InvokerServlet.doGet(InvokerServlet.java:136)
	at javax.servlet.http.HttpServlet.service(HttpServlet.java:617)
	at javax.servlet.http.HttpServlet.service(HttpServlet.java:717)
	at org.apache.catalina.core.ApplicationFilterChain.internalDoFilter(ApplicationFilterChain.java:290)
	at org.apache.catalina.core.ApplicationFilterChain.doFilter(ApplicationFilterChain.java:206)
	at org.apache.catalina.core.StandardWrapperValve.invoke(StandardWrapperValve.java:233)
	at org.apache.catalina.core.StandardContextValve.invoke(StandardContextValve.java:191)
	at org.apache.catalina.core.StandardHostValve.invoke(StandardHostValve.java:127)
	at org.apache.catalina.valves.ErrorReportValve.invoke(ErrorReportValve.java:102)
	at org.apache.catalina.core.StandardEngineValve.invoke(StandardEngineValve.java:109)
	at org.apache.catalina.connector.CoyoteAdapter.service(CoyoteAdapter.java:298)
	at org.apache.coyote.http11.Http11Processor.process(Http11Processor.java:857)
	at org.apache.coyote.http11.Http11Protocol$Http11ConnectionHandler.process(Http11Protocol.java:588)
	at org.apache.tomcat.util.net.JIoEndpoint$Worker.run(JIoEndpoint.java:489)
	at java.lang.Thread.run(Thread.java:722)

Jul 13, 2012 2:28:27 PM org.apache.catalina.core.ApplicationContext log
SEVERE: invoker: Cannot allocate servlet instance for path /servlet/example.jsp
javax.servlet.ServletException: Wrapper cannot find servlet class example.jsp or a class it depends on
	at org.apache.catalina.core.StandardWrapper.loadServlet(StandardWrapper.java:1103)
	at org.apache.catalina.core.StandardWrapper.allocate(StandardWrapper.java:809)
	at org.apache.catalina.servlets.InvokerServlet.serveRequest(InvokerServlet.java:363)
	at org.apache.catalina.servlets.InvokerServlet.doGet(InvokerServlet.java:136)
	at javax.servlet.http.HttpServlet.service(HttpServlet.java:617)
	at javax.servlet.http.HttpServlet.service(HttpServlet.java:717)
	at org.apache.catalina.core.ApplicationFilterChain.internalDoFilter(ApplicationFilterChain.java:290)
	at org.apache.catalina.core.ApplicationFilterChain.doFilter(ApplicationFilterChain.java:206)
	at org.apache.catalina.core.StandardWrapperValve.invoke(StandardWrapperValve.java:233)
	at org.apache.catalina.core.StandardContextValve.invoke(StandardContextValve.java:191)
	at org.apache.catalina.core.StandardHostValve.invoke(StandardHostValve.java:127)
	at org.apache.catalina.valves.ErrorReportValve.invoke(ErrorReportValve.java:102)
	at org.apache.catalina.core.StandardEngineValve.invoke(StandardEngineValve.java:109)
	at org.apache.catalina.connector.CoyoteAdapter.service(CoyoteAdapter.java:298)
	at org.apache.coyote.http11.Http11Processor.process(Http11Processor.java:857)
	at org.apache.coyote.http11.Http11Protocol$Http11ConnectionHandler.process(Http11Protocol.java:588)
	at org.apache.tomcat.util.net.JIoEndpoint$Worker.run(JIoEndpoint.java:489)
	at java.lang.Thread.run(Thread.java:722)
Caused by: java.lang.ClassNotFoundException: example.jsp
	at org.apache.catalina.loader.WebappClassLoader.loadClass(WebappClassLoader.java:1645)
	at org.apache.catalina.loader.WebappClassLoader.loadClass(WebappClassLoader.java:1491)
	at org.apache.catalina.core.StandardWrapper.loadServlet(StandardWrapper.java:1095)
	... 17 more

Jul 13, 2012 2:29:04 PM org.apache.catalina.core.ApplicationContext log
INFO: Marking servlet org.apache.catalina.INVOKER.example.jsp as unavailable
Jul 13, 2012 2:29:04 PM org.apache.catalina.core.ApplicationContext log
SEVERE: Error loading WebappClassLoader
  context: 
  delegate: false
  repositories:
    /WEB-INF/classes/
----------> Parent Classloader:
org.apache.catalina.loader.StandardClassLoader@514f7f
 example.jsp
java.lang.ClassNotFoundException: example.jsp
	at org.apache.catalina.loader.WebappClassLoader.loadClass(WebappClassLoader.java:1645)
	at org.apache.catalina.loader.WebappClassLoader.loadClass(WebappClassLoader.java:1491)
	at org.apache.catalina.core.StandardWrapper.loadServlet(StandardWrapper.java:1095)
	at org.apache.catalina.core.StandardWrapper.allocate(StandardWrapper.java:809)
	at org.apache.catalina.servlets.InvokerServlet.serveRequest(InvokerServlet.java:363)
	at org.apache.catalina.servlets.InvokerServlet.doGet(InvokerServlet.java:136)
	at javax.servlet.http.HttpServlet.service(HttpServlet.java:617)
	at javax.servlet.http.HttpServlet.service(HttpServlet.java:717)
	at org.apache.catalina.core.ApplicationFilterChain.internalDoFilter(ApplicationFilterChain.java:290)
	at org.apache.catalina.core.ApplicationFilterChain.doFilter(ApplicationFilterChain.java:206)
	at org.apache.catalina.core.StandardWrapperValve.invoke(StandardWrapperValve.java:233)
	at org.apache.catalina.core.StandardContextValve.invoke(StandardContextValve.java:191)
	at org.apache.catalina.core.StandardHostValve.invoke(StandardHostValve.java:127)
	at org.apache.catalina.valves.ErrorReportValve.invoke(ErrorReportValve.java:102)
	at org.apache.catalina.core.StandardEngineValve.invoke(StandardEngineValve.java:109)
	at org.apache.catalina.connector.CoyoteAdapter.service(CoyoteAdapter.java:298)
	at org.apache.coyote.http11.Http11Processor.process(Http11Processor.java:857)
	at org.apache.coyote.http11.Http11Protocol$Http11ConnectionHandler.process(Http11Protocol.java:588)
	at org.apache.tomcat.util.net.JIoEndpoint$Worker.run(JIoEndpoint.java:489)
	at java.lang.Thread.run(Thread.java:722)

Jul 13, 2012 2:29:04 PM org.apache.catalina.core.ApplicationContext log
SEVERE: invoker: Cannot allocate servlet instance for path /servlet/example.jsp
javax.servlet.ServletException: Wrapper cannot find servlet class example.jsp or a class it depends on
	at org.apache.catalina.core.StandardWrapper.loadServlet(StandardWrapper.java:1103)
	at org.apache.catalina.core.StandardWrapper.allocate(StandardWrapper.java:809)
	at org.apache.catalina.servlets.InvokerServlet.serveRequest(InvokerServlet.java:363)
	at org.apache.catalina.servlets.InvokerServlet.doGet(InvokerServlet.java:136)
	at javax.servlet.http.HttpServlet.service(HttpServlet.java:617)
	at javax.servlet.http.HttpServlet.service(HttpServlet.java:717)
	at org.apache.catalina.core.ApplicationFilterChain.internalDoFilter(ApplicationFilterChain.java:290)
	at org.apache.catalina.core.ApplicationFilterChain.doFilter(ApplicationFilterChain.java:206)
	at org.apache.catalina.core.StandardWrapperValve.invoke(StandardWrapperValve.java:233)
	at org.apache.catalina.core.StandardContextValve.invoke(StandardContextValve.java:191)
	at org.apache.catalina.core.StandardHostValve.invoke(StandardHostValve.java:127)
	at org.apache.catalina.valves.ErrorReportValve.invoke(ErrorReportValve.java:102)
	at org.apache.catalina.core.StandardEngineValve.invoke(StandardEngineValve.java:109)
	at org.apache.catalina.connector.CoyoteAdapter.service(CoyoteAdapter.java:298)
	at org.apache.coyote.http11.Http11Processor.process(Http11Processor.java:857)
	at org.apache.coyote.http11.Http11Protocol$Http11ConnectionHandler.process(Http11Protocol.java:588)
	at org.apache.tomcat.util.net.JIoEndpoint$Worker.run(JIoEndpoint.java:489)
	at java.lang.Thread.run(Thread.java:722)
Caused by: java.lang.ClassNotFoundException: example.jsp
	at org.apache.catalina.loader.WebappClassLoader.loadClass(WebappClassLoader.java:1645)
	at org.apache.catalina.loader.WebappClassLoader.loadClass(WebappClassLoader.java:1491)
	at org.apache.catalina.core.StandardWrapper.loadServlet(StandardWrapper.java:1095)
	... 17 more

Jul 13, 2012 2:36:53 PM org.apache.catalina.core.ApplicationContext log
INFO: ContextListener: contextInitialized()
Jul 13, 2012 2:36:53 PM org.apache.catalina.core.ApplicationContext log
INFO: SessionListener: contextInitialized()
Jul 13, 2012 2:36:53 PM org.apache.catalina.core.ApplicationContext log
INFO: ContextListener: attributeAdded('org.apache.catalina.Registry', 'org.apache.tomcat.util.modeler.Registry@1e3bb9e')
Jul 13, 2012 2:36:53 PM org.apache.catalina.core.ApplicationContext log
INFO: ContextListener: attributeAdded('org.apache.catalina.MBeanServer', 'com.sun.jmx.mbeanserver.JmxMBeanServer@2a2cc')
