Sep 06, 2012 1:33:08 PM org.apache.catalina.core.ApplicationContext log
INFO: ContextListener: contextInitialized()
Sep 06, 2012 1:33:08 PM org.apache.catalina.core.ApplicationContext log
INFO: SessionListener: contextInitialized()
Sep 06, 2012 1:33:08 PM org.apache.catalina.core.ApplicationContext log
INFO: ContextListener: attributeAdded('org.apache.catalina.Registry', 'org.apache.tomcat.util.modeler.Registry@1bc9499')
Sep 06, 2012 1:33:08 PM org.apache.catalina.core.ApplicationContext log
INFO: ContextListener: attributeAdded('org.apache.catalina.MBeanServer', 'com.sun.jmx.mbeanserver.JmxMBeanServer@18c458')
Sep 06, 2012 1:33:23 PM org.apache.catalina.core.StandardWrapperValve invoke
SEVERE: Servlet.service() for servlet jsp threw exception
org.apache.jasper.JasperException: /example.jsp(6,0) The value for the useBean class attribute user.UserData is invalid.
	at org.apache.jasper.compiler.DefaultErrorHandler.jspError(DefaultErrorHandler.java:40)
	at org.apache.jasper.compiler.ErrorDispatcher.dispatch(ErrorDispatcher.java:407)
	at org.apache.jasper.compiler.ErrorDispatcher.jspError(ErrorDispatcher.java:148)
	at org.apache.jasper.compiler.Generator$GenerateVisitor.visit(Generator.java:1229)
	at org.apache.jasper.compiler.Node$UseBean.accept(Node.java:1178)
	at org.apache.jasper.compiler.Node$Nodes.visit(Node.java:2361)
	at org.apache.jasper.compiler.Node$Visitor.visitBody(Node.java:2411)
	at org.apache.jasper.compiler.Node$Visitor.visit(Node.java:2417)
	at org.apache.jasper.compiler.Node$Root.accept(Node.java:495)
	at org.apache.jasper.compiler.Node$Nodes.visit(Node.java:2361)
	at org.apache.jasper.compiler.Generator.generate(Generator.java:3440)
	at org.apache.jasper.compiler.Compiler.generateJava(Compiler.java:231)
	at org.apache.jasper.compiler.Compiler.compile(Compiler.java:347)
	at org.apache.jasper.compiler.Compiler.compile(Compiler.java:327)
	at org.apache.jasper.compiler.Compiler.compile(Compiler.java:314)
	at org.apache.jasper.JspCompilationContext.compile(JspCompilationContext.java:592)
	at org.apache.jasper.servlet.JspServletWrapper.service(JspServletWrapper.java:317)
	at org.apache.jasper.servlet.JspServlet.serviceJspFile(JspServlet.java:313)
	at org.apache.jasper.servlet.JspServlet.service(JspServlet.java:260)
	at javax.servlet.http.HttpServlet.service(HttpServlet.java:717)
	at org.apache.catalina.core.ApplicationFilterChain.internalDoFilter(ApplicationFilterChain.java:290)
	at org.apache.catalina.core.ApplicationFilterChain.doFilter(ApplicationFilterChain.java:206)
	at org.apache.catalina.core.StandardWrapperValve.invoke(StandardWrapperValve.java:233)
	at org.apache.catalina.core.StandardContextValve.invoke(StandardContextValve.java:191)
	at org.apache.catalina.core.StandardHostValve.invoke(StandardHostValve.java:127)
	at org.apache.catalina.valves.ErrorReportValve.invoke(ErrorReportValve.java:102)
	at org.apache.catalina.core.StandardEngineValve.invoke(StandardEngineValve.java:109)
	at org.apache.catalina.connector.CoyoteAdapter.service(CoyoteAdapter.java:298)
	at org.apache.coyote.http11.Http11Processor.process(Http11Processor.java:857)
	at org.apache.coyote.http11.Http11Protocol$Http11ConnectionHandler.process(Http11Protocol.java:588)
	at org.apache.tomcat.util.net.JIoEndpoint$Worker.run(JIoEndpoint.java:489)
	at java.lang.Thread.run(Thread.java:722)

Sep 06, 2012 1:44:16 PM org.apache.catalina.core.StandardWrapperValve invoke
SEVERE: Servlet.service() for servlet jsp threw exception
org.apache.jasper.JasperException: /SaveName.jsp(1,1) The value for the useBean class attribute user.UserData is invalid.
	at org.apache.jasper.compiler.DefaultErrorHandler.jspError(DefaultErrorHandler.java:40)
	at org.apache.jasper.compiler.ErrorDispatcher.dispatch(ErrorDispatcher.java:407)
	at org.apache.jasper.compiler.ErrorDispatcher.jspError(ErrorDispatcher.java:148)
	at org.apache.jasper.compiler.Generator$GenerateVisitor.visit(Generator.java:1229)
	at org.apache.jasper.compiler.Node$UseBean.accept(Node.java:1178)
	at org.apache.jasper.compiler.Node$Nodes.visit(Node.java:2361)
	at org.apache.jasper.compiler.Node$Visitor.visitBody(Node.java:2411)
	at org.apache.jasper.compiler.Node$Visitor.visit(Node.java:2417)
	at org.apache.jasper.compiler.Node$Root.accept(Node.java:495)
	at org.apache.jasper.compiler.Node$Nodes.visit(Node.java:2361)
	at org.apache.jasper.compiler.Generator.generate(Generator.java:3440)
	at org.apache.jasper.compiler.Compiler.generateJava(Compiler.java:231)
	at org.apache.jasper.compiler.Compiler.compile(Compiler.java:347)
	at org.apache.jasper.compiler.Compiler.compile(Compiler.java:327)
	at org.apache.jasper.compiler.Compiler.compile(Compiler.java:314)
	at org.apache.jasper.JspCompilationContext.compile(JspCompilationContext.java:592)
	at org.apache.jasper.servlet.JspServletWrapper.service(JspServletWrapper.java:317)
	at org.apache.jasper.servlet.JspServlet.serviceJspFile(JspServlet.java:313)
	at org.apache.jasper.servlet.JspServlet.service(JspServlet.java:260)
	at javax.servlet.http.HttpServlet.service(HttpServlet.java:717)
	at org.apache.catalina.core.ApplicationFilterChain.internalDoFilter(ApplicationFilterChain.java:290)
	at org.apache.catalina.core.ApplicationFilterChain.doFilter(ApplicationFilterChain.java:206)
	at org.apache.catalina.core.StandardWrapperValve.invoke(StandardWrapperValve.java:233)
	at org.apache.catalina.core.StandardContextValve.invoke(StandardContextValve.java:191)
	at org.apache.catalina.core.StandardHostValve.invoke(StandardHostValve.java:127)
	at org.apache.catalina.valves.ErrorReportValve.invoke(ErrorReportValve.java:102)
	at org.apache.catalina.core.StandardEngineValve.invoke(StandardEngineValve.java:109)
	at org.apache.catalina.connector.CoyoteAdapter.service(CoyoteAdapter.java:298)
	at org.apache.coyote.http11.Http11Processor.process(Http11Processor.java:857)
	at org.apache.coyote.http11.Http11Protocol$Http11ConnectionHandler.process(Http11Protocol.java:588)
	at org.apache.tomcat.util.net.JIoEndpoint$Worker.run(JIoEndpoint.java:489)
	at java.lang.Thread.run(Thread.java:722)

Sep 06, 2012 1:51:00 PM org.apache.catalina.core.ApplicationContext log
INFO: ContextListener: contextInitialized()
Sep 06, 2012 1:51:00 PM org.apache.catalina.core.ApplicationContext log
INFO: SessionListener: contextInitialized()
Sep 06, 2012 1:51:00 PM org.apache.catalina.core.ApplicationContext log
INFO: ContextListener: attributeAdded('org.apache.catalina.Registry', 'org.apache.tomcat.util.modeler.Registry@ed5732')
Sep 06, 2012 1:51:00 PM org.apache.catalina.core.ApplicationContext log
INFO: ContextListener: attributeAdded('org.apache.catalina.MBeanServer', 'com.sun.jmx.mbeanserver.JmxMBeanServer@2a2cc')
Sep 06, 2012 1:51:01 PM org.apache.catalina.core.ApplicationContext log
INFO: SessionListener: contextDestroyed()
Sep 06, 2012 1:51:01 PM org.apache.catalina.core.ApplicationContext log
INFO: ContextListener: contextDestroyed()
Sep 06, 2012 1:54:33 PM org.apache.catalina.core.ApplicationContext log
INFO: ContextListener: contextInitialized()
Sep 06, 2012 1:54:33 PM org.apache.catalina.core.ApplicationContext log
INFO: SessionListener: contextInitialized()
Sep 06, 2012 1:54:33 PM org.apache.catalina.core.ApplicationContext log
INFO: ContextListener: attributeAdded('org.apache.catalina.Registry', 'org.apache.tomcat.util.modeler.Registry@fba1ac')
Sep 06, 2012 1:54:33 PM org.apache.catalina.core.ApplicationContext log
INFO: ContextListener: attributeAdded('org.apache.catalina.MBeanServer', 'com.sun.jmx.mbeanserver.JmxMBeanServer@2a2cc')
Sep 06, 2012 1:54:35 PM org.apache.catalina.core.ApplicationContext log
INFO: SessionListener: contextDestroyed()
Sep 06, 2012 1:54:35 PM org.apache.catalina.core.ApplicationContext log
INFO: ContextListener: contextDestroyed()
Sep 06, 2012 2:08:26 PM org.apache.catalina.core.ApplicationContext log
INFO: ContextListener: contextInitialized()
Sep 06, 2012 2:08:26 PM org.apache.catalina.core.ApplicationContext log
INFO: SessionListener: contextInitialized()
Sep 06, 2012 2:08:26 PM org.apache.catalina.core.ApplicationContext log
INFO: ContextListener: attributeAdded('org.apache.catalina.Registry', 'org.apache.tomcat.util.modeler.Registry@c14a61')
Sep 06, 2012 2:08:26 PM org.apache.catalina.core.ApplicationContext log
INFO: ContextListener: attributeAdded('org.apache.catalina.MBeanServer', 'com.sun.jmx.mbeanserver.JmxMBeanServer@2a2cc')
Sep 06, 2012 2:16:21 PM org.apache.catalina.core.ApplicationContext log
INFO: SessionListener: contextDestroyed()
Sep 06, 2012 2:16:21 PM org.apache.catalina.core.ApplicationContext log
INFO: ContextListener: contextDestroyed()
Sep 06, 2012 2:16:30 PM org.apache.catalina.core.ApplicationContext log
INFO: ContextListener: contextInitialized()
Sep 06, 2012 2:16:30 PM org.apache.catalina.core.ApplicationContext log
INFO: SessionListener: contextInitialized()
Sep 06, 2012 2:16:30 PM org.apache.catalina.core.ApplicationContext log
INFO: ContextListener: attributeAdded('org.apache.catalina.Registry', 'org.apache.tomcat.util.modeler.Registry@1fa425c')
Sep 06, 2012 2:16:30 PM org.apache.catalina.core.ApplicationContext log
INFO: ContextListener: attributeAdded('org.apache.catalina.MBeanServer', 'com.sun.jmx.mbeanserver.JmxMBeanServer@2a2cc')
Sep 06, 2012 2:23:38 PM org.apache.catalina.core.ApplicationContext log
INFO: SessionListener: contextDestroyed()
Sep 06, 2012 2:23:38 PM org.apache.catalina.core.ApplicationContext log
INFO: ContextListener: contextDestroyed()
Sep 06, 2012 3:12:33 PM org.apache.catalina.core.ApplicationContext log
INFO: ContextListener: contextInitialized()
Sep 06, 2012 3:12:33 PM org.apache.catalina.core.ApplicationContext log
INFO: SessionListener: contextInitialized()
Sep 06, 2012 3:12:33 PM org.apache.catalina.core.ApplicationContext log
INFO: ContextListener: attributeAdded('org.apache.catalina.Registry', 'org.apache.tomcat.util.modeler.Registry@c7d45e')
Sep 06, 2012 3:12:33 PM org.apache.catalina.core.ApplicationContext log
INFO: ContextListener: attributeAdded('org.apache.catalina.MBeanServer', 'com.sun.jmx.mbeanserver.JmxMBeanServer@2a2cc')
Sep 06, 2012 3:14:43 PM org.apache.catalina.core.ApplicationContext log
INFO: SessionListener: contextDestroyed()
Sep 06, 2012 3:14:43 PM org.apache.catalina.core.ApplicationContext log
INFO: ContextListener: contextDestroyed()
Sep 06, 2012 3:14:48 PM org.apache.catalina.core.ApplicationContext log
INFO: ContextListener: contextInitialized()
Sep 06, 2012 3:14:48 PM org.apache.catalina.core.ApplicationContext log
INFO: SessionListener: contextInitialized()
Sep 06, 2012 3:14:48 PM org.apache.catalina.core.ApplicationContext log
INFO: ContextListener: attributeAdded('org.apache.catalina.Registry', 'org.apache.tomcat.util.modeler.Registry@1fa425c')
Sep 06, 2012 3:14:48 PM org.apache.catalina.core.ApplicationContext log
INFO: ContextListener: attributeAdded('org.apache.catalina.MBeanServer', 'com.sun.jmx.mbeanserver.JmxMBeanServer@2a2cc')
Sep 06, 2012 3:32:15 PM org.apache.catalina.core.ApplicationContext log
INFO: ContextListener: contextInitialized()
Sep 06, 2012 3:32:15 PM org.apache.catalina.core.ApplicationContext log
INFO: SessionListener: contextInitialized()
Sep 06, 2012 3:32:15 PM org.apache.catalina.core.ApplicationContext log
INFO: ContextListener: attributeAdded('org.apache.catalina.Registry', 'org.apache.tomcat.util.modeler.Registry@101044')
Sep 06, 2012 3:32:15 PM org.apache.catalina.core.ApplicationContext log
INFO: ContextListener: attributeAdded('org.apache.catalina.MBeanServer', 'com.sun.jmx.mbeanserver.JmxMBeanServer@18c458')
Sep 06, 2012 3:32:16 PM org.apache.catalina.core.ApplicationContext log
INFO: SessionListener: contextDestroyed()
Sep 06, 2012 3:32:16 PM org.apache.catalina.core.ApplicationContext log
INFO: ContextListener: contextDestroyed()
Sep 06, 2012 3:32:25 PM org.apache.catalina.core.ApplicationContext log
INFO: ContextListener: contextInitialized()
Sep 06, 2012 3:32:25 PM org.apache.catalina.core.ApplicationContext log
INFO: SessionListener: contextInitialized()
Sep 06, 2012 3:32:25 PM org.apache.catalina.core.ApplicationContext log
INFO: ContextListener: attributeAdded('org.apache.catalina.Registry', 'org.apache.tomcat.util.modeler.Registry@19ebfd1')
Sep 06, 2012 3:32:25 PM org.apache.catalina.core.ApplicationContext log
INFO: ContextListener: attributeAdded('org.apache.catalina.MBeanServer', 'com.sun.jmx.mbeanserver.JmxMBeanServer@18c458')
Sep 06, 2012 3:32:26 PM org.apache.catalina.core.ApplicationContext log
INFO: SessionListener: contextDestroyed()
Sep 06, 2012 3:32:26 PM org.apache.catalina.core.ApplicationContext log
INFO: ContextListener: contextDestroyed()
Sep 06, 2012 3:32:39 PM org.apache.catalina.core.ApplicationContext log
INFO: SessionListener: contextDestroyed()
Sep 06, 2012 3:32:39 PM org.apache.catalina.core.ApplicationContext log
INFO: ContextListener: contextDestroyed()
Sep 06, 2012 3:32:42 PM org.apache.catalina.core.ApplicationContext log
INFO: ContextListener: contextInitialized()
Sep 06, 2012 3:32:42 PM org.apache.catalina.core.ApplicationContext log
INFO: SessionListener: contextInitialized()
Sep 06, 2012 3:32:42 PM org.apache.catalina.core.ApplicationContext log
INFO: ContextListener: attributeAdded('org.apache.catalina.Registry', 'org.apache.tomcat.util.modeler.Registry@c7d45e')
Sep 06, 2012 3:32:42 PM org.apache.catalina.core.ApplicationContext log
INFO: ContextListener: attributeAdded('org.apache.catalina.MBeanServer', 'com.sun.jmx.mbeanserver.JmxMBeanServer@2a2cc')
Sep 06, 2012 3:36:55 PM org.apache.catalina.core.ApplicationContext log
INFO: ContextListener: contextInitialized()
Sep 06, 2012 3:36:55 PM org.apache.catalina.core.ApplicationContext log
INFO: SessionListener: contextInitialized()
Sep 06, 2012 3:36:55 PM org.apache.catalina.core.ApplicationContext log
INFO: ContextListener: attributeAdded('org.apache.catalina.Registry', 'org.apache.tomcat.util.modeler.Registry@145c108')
Sep 06, 2012 3:36:55 PM org.apache.catalina.core.ApplicationContext log
INFO: ContextListener: attributeAdded('org.apache.catalina.MBeanServer', 'com.sun.jmx.mbeanserver.JmxMBeanServer@18c458')
Sep 06, 2012 3:50:37 PM org.apache.catalina.core.ApplicationContext log
INFO: SessionListener: contextDestroyed()
Sep 06, 2012 3:50:37 PM org.apache.catalina.core.ApplicationContext log
INFO: ContextListener: contextDestroyed()
Sep 06, 2012 3:51:13 PM org.apache.catalina.core.ApplicationContext log
INFO: ContextListener: contextInitialized()
Sep 06, 2012 3:51:13 PM org.apache.catalina.core.ApplicationContext log
INFO: SessionListener: contextInitialized()
Sep 06, 2012 3:51:13 PM org.apache.catalina.core.ApplicationContext log
INFO: ContextListener: attributeAdded('org.apache.catalina.Registry', 'org.apache.tomcat.util.modeler.Registry@c14a61')
Sep 06, 2012 3:51:13 PM org.apache.catalina.core.ApplicationContext log
INFO: ContextListener: attributeAdded('org.apache.catalina.MBeanServer', 'com.sun.jmx.mbeanserver.JmxMBeanServer@2a2cc')
Sep 06, 2012 4:46:39 PM org.apache.catalina.core.ApplicationContext log
INFO: ContextListener: contextInitialized()
Sep 06, 2012 4:46:39 PM org.apache.catalina.core.ApplicationContext log
INFO: SessionListener: contextInitialized()
Sep 06, 2012 4:46:39 PM org.apache.catalina.core.ApplicationContext log
INFO: ContextListener: attributeAdded('org.apache.catalina.Registry', 'org.apache.tomcat.util.modeler.Registry@12023ff')
Sep 06, 2012 4:46:39 PM org.apache.catalina.core.ApplicationContext log
INFO: ContextListener: attributeAdded('org.apache.catalina.MBeanServer', 'com.sun.jmx.mbeanserver.JmxMBeanServer@1b7edd3')
Sep 06, 2012 4:46:58 PM org.apache.catalina.core.StandardWrapperValve invoke
SEVERE: Servlet.service() for servlet jsp threw exception
java.security.AccessControlException: access denied ("java.io.FilePermission" "Users" "write")
	at java.security.AccessControlContext.checkPermission(AccessControlContext.java:366)
	at java.security.AccessController.checkPermission(AccessController.java:555)
	at java.lang.SecurityManager.checkPermission(SecurityManager.java:549)
	at java.lang.SecurityManager.checkWrite(SecurityManager.java:979)
	at java.io.File.mkdir(File.java:1237)
	at user.UserData.setUsername(Userdata.java:26)
	at sun.reflect.NativeMethodAccessorImpl.invoke0(Native Method)
	at sun.reflect.NativeMethodAccessorImpl.invoke(NativeMethodAccessorImpl.java:57)
	at sun.reflect.DelegatingMethodAccessorImpl.invoke(DelegatingMethodAccessorImpl.java:43)
	at java.lang.reflect.Method.invoke(Method.java:601)
	at org.apache.jasper.runtime.JspRuntimeLibrary.internalIntrospecthelper(JspRuntimeLibrary.java:357)
	at org.apache.jasper.runtime.JspRuntimeLibrary.access$000(JspRuntimeLibrary.java:56)
	at org.apache.jasper.runtime.JspRuntimeLibrary$PrivilegedIntrospectHelper.run(JspRuntimeLibrary.java:86)
	at java.security.AccessController.doPrivileged(Native Method)
	at org.apache.jasper.runtime.JspRuntimeLibrary.introspecthelper(JspRuntimeLibrary.java:302)
	at org.apache.jasper.runtime.JspRuntimeLibrary.introspect(JspRuntimeLibrary.java:286)
	at org.apache.jsp.SaveName_jsp._jspService(SaveName_jsp.java:63)
	at org.apache.jasper.runtime.HttpJspBase.service(HttpJspBase.java:70)
	at javax.servlet.http.HttpServlet.service(HttpServlet.java:717)
	at org.apache.jasper.servlet.JspServletWrapper.service(JspServletWrapper.java:377)
	at org.apache.jasper.servlet.JspServlet.serviceJspFile(JspServlet.java:313)
	at org.apache.jasper.servlet.JspServlet.service(JspServlet.java:260)
	at javax.servlet.http.HttpServlet.service(HttpServlet.java:717)
	at sun.reflect.NativeMethodAccessorImpl.invoke0(Native Method)
	at sun.reflect.NativeMethodAccessorImpl.invoke(NativeMethodAccessorImpl.java:57)
	at sun.reflect.DelegatingMethodAccessorImpl.invoke(DelegatingMethodAccessorImpl.java:43)
	at java.lang.reflect.Method.invoke(Method.java:601)
	at org.apache.catalina.security.SecurityUtil$1.run(SecurityUtil.java:269)
	at java.security.AccessController.doPrivileged(Native Method)
	at javax.security.auth.Subject.doAsPrivileged(Subject.java:536)
	at org.apache.catalina.security.SecurityUtil.execute(SecurityUtil.java:301)
	at org.apache.catalina.security.SecurityUtil.doAsPrivilege(SecurityUtil.java:162)
	at org.apache.catalina.core.ApplicationFilterChain.internalDoFilter(ApplicationFilterChain.java:283)
	at org.apache.catalina.core.ApplicationFilterChain.access$000(ApplicationFilterChain.java:56)
	at org.apache.catalina.core.ApplicationFilterChain$1.run(ApplicationFilterChain.java:189)
	at java.security.AccessController.doPrivileged(Native Method)
	at org.apache.catalina.core.ApplicationFilterChain.doFilter(ApplicationFilterChain.java:185)
	at org.apache.catalina.core.StandardWrapperValve.invoke(StandardWrapperValve.java:233)
	at org.apache.catalina.core.StandardContextValve.invoke(StandardContextValve.java:191)
	at org.apache.catalina.core.StandardHostValve.invoke(StandardHostValve.java:127)
	at org.apache.catalina.valves.ErrorReportValve.invoke(ErrorReportValve.java:102)
	at org.apache.catalina.core.StandardEngineValve.invoke(StandardEngineValve.java:109)
	at org.apache.catalina.connector.CoyoteAdapter.service(CoyoteAdapter.java:298)
	at org.apache.coyote.http11.Http11Processor.process(Http11Processor.java:857)
	at org.apache.coyote.http11.Http11Protocol$Http11ConnectionHandler.process(Http11Protocol.java:588)
	at org.apache.tomcat.util.net.JIoEndpoint$Worker.run(JIoEndpoint.java:489)
	at java.lang.Thread.run(Thread.java:722)

Sep 06, 2012 4:47:17 PM org.apache.catalina.core.StandardWrapperValve invoke
SEVERE: Servlet.service() for servlet jsp threw exception
java.security.AccessControlException: access denied ("java.io.FilePermission" "Users" "write")
	at java.security.AccessControlContext.checkPermission(AccessControlContext.java:366)
	at java.security.AccessController.checkPermission(AccessController.java:555)
	at java.lang.SecurityManager.checkPermission(SecurityManager.java:549)
	at java.lang.SecurityManager.checkWrite(SecurityManager.java:979)
	at java.io.File.mkdir(File.java:1237)
	at user.UserData.setUsername(Userdata.java:26)
	at sun.reflect.NativeMethodAccessorImpl.invoke0(Native Method)
	at sun.reflect.NativeMethodAccessorImpl.invoke(NativeMethodAccessorImpl.java:57)
	at sun.reflect.DelegatingMethodAccessorImpl.invoke(DelegatingMethodAccessorImpl.java:43)
	at java.lang.reflect.Method.invoke(Method.java:601)
	at org.apache.jasper.runtime.JspRuntimeLibrary.internalIntrospecthelper(JspRuntimeLibrary.java:357)
	at org.apache.jasper.runtime.JspRuntimeLibrary.access$000(JspRuntimeLibrary.java:56)
	at org.apache.jasper.runtime.JspRuntimeLibrary$PrivilegedIntrospectHelper.run(JspRuntimeLibrary.java:86)
	at java.security.AccessController.doPrivileged(Native Method)
	at org.apache.jasper.runtime.JspRuntimeLibrary.introspecthelper(JspRuntimeLibrary.java:302)
	at org.apache.jasper.runtime.JspRuntimeLibrary.introspect(JspRuntimeLibrary.java:286)
	at org.apache.jsp.SaveName_jsp._jspService(SaveName_jsp.java:63)
	at org.apache.jasper.runtime.HttpJspBase.service(HttpJspBase.java:70)
	at javax.servlet.http.HttpServlet.service(HttpServlet.java:717)
	at org.apache.jasper.servlet.JspServletWrapper.service(JspServletWrapper.java:377)
	at org.apache.jasper.servlet.JspServlet.serviceJspFile(JspServlet.java:313)
	at org.apache.jasper.servlet.JspServlet.service(JspServlet.java:260)
	at javax.servlet.http.HttpServlet.service(HttpServlet.java:717)
	at sun.reflect.NativeMethodAccessorImpl.invoke0(Native Method)
	at sun.reflect.NativeMethodAccessorImpl.invoke(NativeMethodAccessorImpl.java:57)
	at sun.reflect.DelegatingMethodAccessorImpl.invoke(DelegatingMethodAccessorImpl.java:43)
	at java.lang.reflect.Method.invoke(Method.java:601)
	at org.apache.catalina.security.SecurityUtil$1.run(SecurityUtil.java:269)
	at java.security.AccessController.doPrivileged(Native Method)
	at javax.security.auth.Subject.doAsPrivileged(Subject.java:536)
	at org.apache.catalina.security.SecurityUtil.execute(SecurityUtil.java:301)
	at org.apache.catalina.security.SecurityUtil.doAsPrivilege(SecurityUtil.java:162)
	at org.apache.catalina.core.ApplicationFilterChain.internalDoFilter(ApplicationFilterChain.java:283)
	at org.apache.catalina.core.ApplicationFilterChain.access$000(ApplicationFilterChain.java:56)
	at org.apache.catalina.core.ApplicationFilterChain$1.run(ApplicationFilterChain.java:189)
	at java.security.AccessController.doPrivileged(Native Method)
	at org.apache.catalina.core.ApplicationFilterChain.doFilter(ApplicationFilterChain.java:185)
	at org.apache.catalina.core.StandardWrapperValve.invoke(StandardWrapperValve.java:233)
	at org.apache.catalina.core.StandardContextValve.invoke(StandardContextValve.java:191)
	at org.apache.catalina.core.StandardHostValve.invoke(StandardHostValve.java:127)
	at org.apache.catalina.valves.ErrorReportValve.invoke(ErrorReportValve.java:102)
	at org.apache.catalina.core.StandardEngineValve.invoke(StandardEngineValve.java:109)
	at org.apache.catalina.connector.CoyoteAdapter.service(CoyoteAdapter.java:298)
	at org.apache.coyote.http11.Http11Processor.process(Http11Processor.java:857)
	at org.apache.coyote.http11.Http11Protocol$Http11ConnectionHandler.process(Http11Protocol.java:588)
	at org.apache.tomcat.util.net.JIoEndpoint$Worker.run(JIoEndpoint.java:489)
	at java.lang.Thread.run(Thread.java:722)

Sep 06, 2012 4:48:03 PM org.apache.catalina.core.ApplicationContext log
INFO: ContextListener: contextInitialized()
Sep 06, 2012 4:48:03 PM org.apache.catalina.core.ApplicationContext log
INFO: SessionListener: contextInitialized()
Sep 06, 2012 4:48:03 PM org.apache.catalina.core.ApplicationContext log
INFO: ContextListener: attributeAdded('org.apache.catalina.Registry', 'org.apache.tomcat.util.modeler.Registry@145c108')
Sep 06, 2012 4:48:03 PM org.apache.catalina.core.ApplicationContext log
INFO: ContextListener: attributeAdded('org.apache.catalina.MBeanServer', 'com.sun.jmx.mbeanserver.JmxMBeanServer@2a2cc')
